2022-11-27 01:24:07 - ClockModel: reading 'bc_MPS'='infinite'
2022-11-27 01:24:07 - ClockModel: reading 'conserve'=None
2022-11-27 01:24:07 - ClockModel: reading 'N'=3
2022-11-27 01:24:07 - ClockModel: reading 'L'=2
2022-11-27 01:24:07 - ClockModel: reading 'J'=1.0
2022-11-27 01:24:07 - ClockModel: reading 'g'=2
2022-11-27 01:24:07 - TEBDEngine: subconfig 'trunc_params'=Config(<2 options>, 'trunc_params')
2022-11-27 01:24:07 - TEBDEngine: reading 'dt'=0.05
2022-11-27 01:24:07 - TEBDEngine: reading 'N_steps'=1
2022-11-27 01:24:07 - TEBDEngine: reading 'order'=2
2022-11-27 01:24:07 - Calculate U for {'order': 2, 'delta_t': 0.05, 'type_evo': 'real', 'E_offset': None, 'tau': 0.05}
2022-11-27 01:24:07 - trunc_params: reading 'chi_max'=4096
2022-11-27 01:24:07 - trunc_params: reading 'svd_min'=1e-14
2022-11-27 01:24:07 - --> time=0.050, max(chi)=9, max(S)=0.00005, avg DeltaS=3.5350e-05, since last update: 0.3s
2022-11-27 01:24:07 - svd, N=3, n=  1, chi=    9, S_vN=[2.36972834e-05 4.70023632e-05], err=5.590999092701963e-15, time: 0:00:00
2022-11-27 01:24:07 - --> time=0.100, max(chi)=11, max(S)=0.00153, avg DeltaS=1.3931e-03, since last update: 0.1s
2022-11-27 01:24:07 - svd, N=3, n=  2, chi=   11, S_vN=[0.00132517 0.00153174], err=1.8195898884486328e-14, time: 0:00:00
2022-11-27 01:24:07 - --> time=0.150, max(chi)=15, max(S)=0.01100, avg DeltaS=9.3040e-03, since last update: 0.1s
2022-11-27 01:24:07 - svd, N=3, n=  3, chi=   15, S_vN=[0.01046942 0.01099541], err=2.071782993705408e-14, time: 0:00:00
2022-11-27 01:24:07 - --> time=0.200, max(chi)=21, max(S)=0.03945, avg DeltaS=2.8377e-02, since last update: 0.1s
2022-11-27 01:24:07 - svd, N=3, n=  4, chi=   21, S_vN=[0.03877218 0.03944754], err=2.6496933636360906e-14, time: 0:00:00
2022-11-27 01:24:07 - --> time=0.250, max(chi)=28, max(S)=0.09470, avg DeltaS=5.5396e-02, since last update: 0.1s
2022-11-27 01:24:07 - svd, N=3, n=  5, chi=   28, S_vN=[0.09431553 0.09469589], err=3.606396992749188e-14, time: 0:00:00
2022-11-27 01:24:08 - --> time=0.300, max(chi)=35, max(S)=0.17524, avg DeltaS=8.0564e-02, since last update: 0.4s
2022-11-27 01:24:08 - svd, N=3, n=  6, chi=   35, S_vN=[0.17523702 0.17490155], err=3.8052003312160614e-14, time: 0:00:01
2022-11-27 01:24:08 - --> time=0.350, max(chi)=40, max(S)=0.27036, avg DeltaS=9.4694e-02, since last update: 0.1s
2022-11-27 01:24:08 - svd, N=3, n=  7, chi=   40, S_vN=[0.27035682 0.26916896], err=4.574205213900866e-14, time: 0:00:01
2022-11-27 01:24:08 - --> time=0.400, max(chi)=45, max(S)=0.36519, avg DeltaS=9.4506e-02, since last update: 0.4s
2022-11-27 01:24:08 - svd, N=3, n=  8, chi=   45, S_vN=[0.36519238 0.36334623], err=5.235207388855896e-14, time: 0:00:01
2022-11-27 01:24:09 - --> time=0.450, max(chi)=54, max(S)=0.44834, avg DeltaS=8.3014e-02, since last update: 0.6s
2022-11-27 01:24:09 - svd, N=3, n=  9, chi=   54, S_vN=[0.44834154 0.44622497], err=6.394068910082165e-14, time: 0:00:02
2022-11-27 01:24:09 - --> time=0.500, max(chi)=66, max(S)=0.51497, avg DeltaS=6.6688e-02, since last update: 0.7s
2022-11-27 01:24:10 - svd, N=3, n= 10, chi=   66, S_vN=[0.51497088 0.51297143], err=7.41225733689102e-14, time: 0:00:02
2022-11-27 01:24:10 - --> time=0.550, max(chi)=79, max(S)=0.56688, avg DeltaS=5.2084e-02, since last update: 0.9s
2022-11-27 01:24:10 - svd, N=3, n= 11, chi=   79, S_vN=[0.56687585 0.56523361], err=8.421437260285505e-14, time: 0:00:03
2022-11-27 01:24:12 - --> time=0.600, max(chi)=93, max(S)=0.61010, avg DeltaS=4.3422e-02, since last update: 1.3s
2022-11-27 01:24:12 - svd, N=3, n= 12, chi=   93, S_vN=[0.61010156 0.608852  ], err=9.106044812023528e-14, time: 0:00:05
2022-11-27 01:24:13 - --> time=0.650, max(chi)=108, max(S)=0.65144, avg DeltaS=4.1466e-02, since last update: 1.5s
2022-11-27 01:24:13 - svd, N=3, n= 13, chi=  108, S_vN=[0.65143827 0.65044716], err=1.0141746050494276e-13, time: 0:00:06
2022-11-27 01:24:15 - --> time=0.700, max(chi)=123, max(S)=0.69522, avg DeltaS=4.3809e-02, since last update: 1.7s
2022-11-27 01:24:15 - svd, N=3, n= 14, chi=  123, S_vN=[0.69521925 0.69428438], err=1.1175108242130244e-13, time: 0:00:08
2022-11-27 01:24:17 - --> time=0.750, max(chi)=141, max(S)=0.74185, avg DeltaS=4.6581e-02, since last update: 2.1s
2022-11-27 01:24:17 - svd, N=3, n= 15, chi=  141, S_vN=[0.74184986 0.74081483], err=1.2153296712123754e-13, time: 0:00:10
2022-11-27 01:24:19 - --> time=0.800, max(chi)=162, max(S)=0.78862, avg DeltaS=4.6697e-02, since last update: 2.2s
2022-11-27 01:24:19 - svd, N=3, n= 16, chi=  162, S_vN=[0.78861893 0.78744041], err=1.3408643528600416e-13, time: 0:00:12
2022-11-27 01:24:22 - --> time=0.850, max(chi)=186, max(S)=0.83195, avg DeltaS=4.3296e-02, since last update: 2.2s
2022-11-27 01:24:22 - svd, N=3, n= 17, chi=  186, S_vN=[0.83195143 0.83069921], err=1.4707552652763233e-13, time: 0:00:14
2022-11-27 01:24:24 - --> time=0.900, max(chi)=214, max(S)=0.86966, avg DeltaS=3.7740e-02, since last update: 2.7s
2022-11-27 01:24:24 - svd, N=3, n= 18, chi=  214, S_vN=[0.86966116 0.86846856], err=1.6176635795562897e-13, time: 0:00:17
2022-11-27 01:24:28 - --> time=0.950, max(chi)=245, max(S)=0.90216, avg DeltaS=3.2590e-02, since last update: 3.4s
2022-11-27 01:24:28 - svd, N=3, n= 19, chi=  245, S_vN=[0.90215743 0.90115135], err=1.761857644723565e-13, time: 0:00:21
2022-11-27 01:24:33 - --> time=1.000, max(chi)=279, max(S)=0.93220, avg DeltaS=3.0163e-02, since last update: 5.4s
2022-11-27 01:24:33 - svd, N=3, n= 20, chi=  279, S_vN=[0.93219768 0.93143642], err=1.9235489985598937e-13, time: 0:00:26
2022-11-27 01:24:40 - --> time=1.050, max(chi)=320, max(S)=0.96341, avg DeltaS=3.1319e-02, since last update: 6.4s
2022-11-27 01:24:40 - svd, N=3, n= 21, chi=  320, S_vN=[0.96341199 0.96285987], err=2.0848551253613108e-13, time: 0:00:32
2022-11-27 01:24:48 - --> time=1.100, max(chi)=362, max(S)=0.99850, avg DeltaS=3.5137e-02, since last update: 8.8s
2022-11-27 01:24:48 - svd, N=3, n= 22, chi=  362, S_vN=[0.99849624 0.99804889], err=2.2640383706114402e-13, time: 0:00:41
2022-11-27 01:24:58 - --> time=1.150, max(chi)=407, max(S)=1.03812, avg DeltaS=3.9623e-02, since last update: 9.2s
2022-11-27 01:24:58 - svd, N=3, n= 23, chi=  407, S_vN=[1.03812353 1.03766713], err=2.4267659721288393e-13, time: 0:00:51
2022-11-27 01:25:09 - --> time=1.200, max(chi)=459, max(S)=1.08105, avg DeltaS=4.2889e-02, since last update: 10.9s
2022-11-27 01:25:09 - svd, N=3, n= 24, chi=  459, S_vN=[1.08105028 1.08051923], err=2.629929803373644e-13, time: 0:01:01
2022-11-27 01:25:22 - --> time=1.250, max(chi)=520, max(S)=1.12518, avg DeltaS=4.4093e-02, since last update: 13.2s
2022-11-27 01:25:22 - svd, N=3, n= 25, chi=  520, S_vN=[1.12517622 1.12457838], err=2.8323418432604497e-13, time: 0:01:15
2022-11-27 01:25:36 - --> time=1.300, max(chi)=584, max(S)=1.16888, avg DeltaS=4.3703e-02, since last update: 14.4s
2022-11-27 01:25:36 - svd, N=3, n= 26, chi=  584, S_vN=[1.16888067 1.16828085], err=3.056207147901891e-13, time: 0:01:29
2022-11-27 01:26:00 - --> time=1.350, max(chi)=660, max(S)=1.21193, avg DeltaS=4.3082e-02, since last update: 23.4s
2022-11-27 01:26:00 - svd, N=3, n= 27, chi=  660, S_vN=[1.21192502 1.21140002], err=3.2963646782134757e-13, time: 0:01:53
2022-11-27 01:26:33 - --> time=1.400, max(chi)=742, max(S)=1.25552, avg DeltaS=4.3658e-02, since last update: 32.8s
2022-11-27 01:26:33 - svd, N=3, n= 28, chi=  742, S_vN=[1.25552478 1.25511604], err=3.548700584310004e-13, time: 0:02:26
2022-11-27 01:27:11 - --> time=1.450, max(chi)=837, max(S)=1.30163, avg DeltaS=4.6149e-02, since last update: 38.3s
2022-11-27 01:27:11 - svd, N=3, n= 29, chi=  837, S_vN=[1.30162504 1.30131344], err=3.8165705642894246e-13, time: 0:03:04
2022-11-27 01:28:01 - --> time=1.500, max(chi)=939, max(S)=1.35179, avg DeltaS=5.0182e-02, since last update: 49.3s
2022-11-27 01:28:01 - svd, N=3, n= 30, chi=  939, S_vN=[1.35179335 1.35150856], err=4.0933890715270984e-13, time: 0:03:54
2022-11-27 01:29:09 - --> time=1.550, max(chi)=1052, max(S)=1.40634, avg DeltaS=5.4522e-02, since last update: 68.1s
2022-11-27 01:29:10 - svd, N=3, n= 31, chi= 1052, S_vN=[1.40634402 1.40600184], err=4.3788347827212535e-13, time: 0:05:02
2022-11-27 01:30:51 - --> time=1.600, max(chi)=1175, max(S)=1.46417, avg DeltaS=5.7768e-02, since last update: 101.4s
2022-11-27 01:30:51 - svd, N=3, n= 32, chi= 1175, S_vN=[1.46416811 1.4637133 ], err=4.685422083763259e-13, time: 0:06:44
2022-11-27 01:33:15 - --> time=1.650, max(chi)=1317, max(S)=1.52332, avg DeltaS=5.9091e-02, since last update: 143.4s
2022-11-27 01:33:17 - svd, N=3, n= 33, chi= 1317, S_vN=[1.52331618 1.522747  ], err=5.010073340461578e-13, time: 0:09:09
2022-11-27 01:36:29 - --> time=1.700, max(chi)=1474, max(S)=1.58196, avg DeltaS=5.8611e-02, since last update: 192.4s
2022-11-27 01:36:31 - svd, N=3, n= 34, chi= 1474, S_vN=[1.58196106 1.58132394], err=5.350895427716108e-13, time: 0:12:24
2022-11-27 01:40:04 - --> time=1.750, max(chi)=1647, max(S)=1.63920, avg DeltaS=5.7241e-02, since last update: 212.8s
2022-11-27 01:40:06 - svd, N=3, n= 35, chi= 1647, S_vN=[1.63920381 1.63856357], err=5.706487062405708e-13, time: 0:15:59
2022-11-27 01:44:28 - --> time=1.800, max(chi)=1837, max(S)=1.69531, avg DeltaS=5.6131e-02, since last update: 261.8s
2022-11-27 01:44:30 - svd, N=3, n= 36, chi= 1837, S_vN=[1.69531343 1.69471633], err=6.095335345225952e-13, time: 0:20:23
2022-11-27 01:49:48 - --> time=1.850, max(chi)=2052, max(S)=1.75132, avg DeltaS=5.6026e-02, since last update: 318.5s
2022-11-27 01:49:50 - svd, N=3, n= 37, chi= 2052, S_vN=[1.751316  1.7507659], err=6.502674434737858e-13, time: 0:25:43
2022-11-27 01:57:25 - --> time=1.900, max(chi)=2288, max(S)=1.80821, avg DeltaS=5.6898e-02, since last update: 454.4s
2022-11-27 01:57:27 - svd, N=3, n= 38, chi= 2288, S_vN=[1.80820932 1.80766926], err=6.923884654480765e-13, time: 0:33:20
2022-11-27 02:06:00 - --> time=1.950, max(chi)=2549, max(S)=1.86627, avg DeltaS=5.8043e-02, since last update: 512.8s
2022-11-27 02:06:04 - svd, N=3, n= 39, chi= 2549, S_vN=[1.86627374 1.86569035], err=7.366347679977127e-13, time: 0:41:57
2022-11-27 02:21:05 - --> time=2.000, max(chi)=2830, max(S)=1.92486, avg DeltaS=5.8544e-02, since last update: 901.1s
2022-11-27 02:21:10 - svd, N=3, n= 40, chi= 2830, S_vN=[1.9248584  1.92419349], err=7.832615389702444e-13, time: 0:57:03
2022-11-27 02:36:13 - --> time=2.050, max(chi)=3143, max(S)=1.98272, avg DeltaS=5.7818e-02, since last update: 903.3s
2022-11-27 02:36:19 - svd, N=3, n= 41, chi= 3143, S_vN=[1.98271803 1.98196926], err=8.329708431017864e-13, time: 1:12:12
2022-11-27 02:57:01 - --> time=2.100, max(chi)=3493, max(S)=2.03866, avg DeltaS=5.5920e-02, since last update: 1241.3s
2022-11-27 02:57:06 - svd, N=3, n= 42, chi= 3493, S_vN=[2.03866362 2.03786399], err=8.849704267417729e-13, time: 1:32:59
2022-11-27 03:22:46 - --> time=2.150, max(chi)=3874, max(S)=2.09215, avg DeltaS=5.3481e-02, since last update: 1540.3s
2022-11-27 03:22:51 - svd, N=3, n= 43, chi= 3874, S_vN=[2.09214549 2.09134402], err=9.398585598593555e-13, time: 1:58:44
2022-11-27 03:51:01 - --> time=2.200, max(chi)=4096, max(S)=2.14346, avg DeltaS=5.1335e-02, since last update: 1690.0s
2022-11-27 03:51:07 - svd, N=3, n= 44, chi= 4096, S_vN=[2.14346232 2.1426979 ], err=1.056543128051722e-12, time: 2:27:00
2022-11-27 04:26:49 - --> time=2.250, max(chi)=4096, max(S)=2.19351, avg DeltaS=5.0076e-02, since last update: 2141.4s
2022-11-27 04:26:52 - svd, N=3, n= 45, chi= 4096, S_vN=[2.19351455 2.19279758], err=1.7627983313319018e-12, time: 3:02:45
2022-11-27 04:59:06 - --> time=2.300, max(chi)=4096, max(S)=2.24327, avg DeltaS=4.9769e-02, since last update: 1933.5s
2022-11-27 04:59:10 - svd, N=3, n= 46, chi= 4096, S_vN=[2.24326931 2.24258053], err=4.505227777990209e-12, time: 3:35:03
2022-11-27 05:36:29 - --> time=2.350, max(chi)=4096, max(S)=2.29325, avg DeltaS=4.9979e-02, since last update: 2238.5s
2022-11-27 05:36:38 - svd, N=3, n= 47, chi= 4096, S_vN=[2.29325067 2.29255623], err=1.2271057972689328e-11, time: 4:12:31
2022-11-27 06:10:47 - --> time=2.400, max(chi)=4096, max(S)=2.34333, avg DeltaS=5.0066e-02, since last update: 2048.8s
2022-11-27 06:10:54 - svd, N=3, n= 48, chi= 4096, S_vN=[2.34333253 2.34260555], err=3.19944721260155e-11, time: 4:46:47
2022-11-27 06:44:40 - --> time=2.450, max(chi)=4096, max(S)=2.39292, avg DeltaS=4.9568e-02, since last update: 2025.5s
2022-11-27 06:44:50 - svd, N=3, n= 49, chi= 4096, S_vN=[2.39291892 2.39215515], err=7.942412538358582e-11, time: 5:20:43
2022-11-27 07:17:35 - --> time=2.500, max(chi)=4096, max(S)=2.44137, avg DeltaS=4.8448e-02, since last update: 1965.4s
2022-11-27 07:17:44 - svd, N=3, n= 50, chi= 4096, S_vN=[2.44137479 2.44059441], err=1.8858621607228957e-10, time: 5:53:37
2022-11-27 07:53:35 - --> time=2.550, max(chi)=4096, max(S)=2.48845, avg DeltaS=4.7082e-02, since last update: 2150.4s
2022-11-27 07:53:43 - svd, N=3, n= 51, chi= 4096, S_vN=[2.4884485  2.48768443], err=4.3080361176157273e-10, time: 6:29:36
2022-11-27 08:28:43 - --> time=2.600, max(chi)=4096, max(S)=2.53445, avg DeltaS=4.6028e-02, since last update: 2100.0s
2022-11-27 08:28:52 - svd, N=3, n= 52, chi= 4096, S_vN=[2.53445459 2.53373458], err=9.498198146139797e-10, time: 7:04:44
2022-11-27 09:06:29 - --> time=2.650, max(chi)=4096, max(S)=2.58013, avg DeltaS=4.5702e-02, since last update: 2257.1s
2022-11-27 09:06:33 - svd, N=3, n= 53, chi= 4096, S_vN=[2.58013059 2.57946313], err=2.0252806020969682e-09, time: 7:42:26
2022-11-27 09:38:45 - --> time=2.700, max(chi)=4096, max(S)=2.62627, avg DeltaS=4.6155e-02, since last update: 1931.3s
2022-11-27 09:38:50 - svd, N=3, n= 54, chi= 4096, S_vN=[2.62626616 2.6256378 ], err=4.170118051150184e-09, time: 8:14:43
2022-11-27 10:15:23 - --> time=2.750, max(chi)=4096, max(S)=2.67333, avg DeltaS=4.7067e-02, since last update: 2193.0s
2022-11-27 10:15:28 - svd, N=3, n= 55, chi= 4096, S_vN=[2.67332699 2.6727117 ], err=8.28082469255453e-09, time: 8:51:21
2022-11-27 10:51:16 - --> time=2.800, max(chi)=4096, max(S)=2.72128, avg DeltaS=4.7952e-02, since last update: 2148.2s
2022-11-27 10:51:22 - svd, N=3, n= 56, chi= 4096, S_vN=[2.72128417 2.72065892], err=1.5900341052620896e-08, time: 9:27:15
2022-11-27 11:25:05 - --> time=2.850, max(chi)=4096, max(S)=2.76973, avg DeltaS=4.8434e-02, since last update: 2022.2s
2022-11-27 11:25:08 - svd, N=3, n= 57, chi= 4096, S_vN=[2.76972701 2.76908436], err=2.957203248804482e-08, time: 10:01:01
2022-11-27 12:00:42 - --> time=2.900, max(chi)=4096, max(S)=2.81817, avg DeltaS=4.8443e-02, since last update: 2133.6s
2022-11-27 12:01:05 - svd, N=3, n= 58, chi= 4096, S_vN=[2.81817274 2.81752383], err=5.3272171179148183e-08, time: 10:36:57
2022-11-27 12:38:30 - --> time=2.950, max(chi)=4096, max(S)=2.86639, avg DeltaS=4.8222e-02, since last update: 2245.4s
2022-11-27 12:38:39 - svd, N=3, n= 59, chi= 4096, S_vN=[2.8663865  2.86575328], err=9.293303860271502e-08, time: 11:14:32
2022-11-27 13:14:40 - --> time=3.000, max(chi)=4096, max(S)=2.91453, avg DeltaS=4.8165e-02, since last update: 2161.0s
2022-11-27 13:14:49 - svd, N=3, n= 60, chi= 4096, S_vN=[2.91453446 2.91393617], err=1.5695044935723353e-07, time: 11:50:42
2022-11-27 13:51:06 - --> time=3.050, max(chi)=4096, max(S)=2.96310, avg DeltaS=4.8582e-02, since last update: 2176.3s
2022-11-27 13:51:13 - svd, N=3, n= 61, chi= 4096, S_vN=[2.96309656 2.96253809], err=2.5759455638869005e-07, time: 12:27:06
2022-11-27 14:25:01 - --> time=3.100, max(chi)=4096, max(S)=3.01260, avg DeltaS=4.9518e-02, since last update: 2027.4s
2022-11-27 14:25:06 - svd, N=3, n= 62, chi= 4096, S_vN=[3.01260059 3.01206931], err=4.131771401395341e-07, time: 13:00:59
2022-11-27 15:01:51 - --> time=3.150, max(chi)=4096, max(S)=3.06333, avg DeltaS=5.0736e-02, since last update: 2205.2s
2022-11-27 15:01:57 - svd, N=3, n= 63, chi= 4096, S_vN=[3.06333433 3.06280686], err=6.494786217102786e-07, time: 13:37:50
2022-11-27 15:39:03 - --> time=3.200, max(chi)=4096, max(S)=3.11520, avg DeltaS=5.1853e-02, since last update: 2226.7s
2022-11-27 15:39:12 - svd, N=3, n= 64, chi= 4096, S_vN=[3.11519634 3.11465093], err=1.00297784518589e-06, time: 14:15:05
2022-11-27 16:14:02 - --> time=3.250, max(chi)=4096, max(S)=3.16776, avg DeltaS=5.2551e-02, since last update: 2090.0s
2022-11-27 16:14:12 - svd, N=3, n= 65, chi= 4096, S_vN=[3.16776112 3.1671886 ], err=1.5236845957902022e-06, time: 14:50:05
2022-11-27 16:47:35 - --> time=3.300, max(chi)=4096, max(S)=3.22051, avg DeltaS=5.2742e-02, since last update: 2003.2s
2022-11-27 16:47:44 - svd, N=3, n= 66, chi= 4096, S_vN=[3.2205128  3.21991998], err=2.2759270487849856e-06, time: 15:23:37
2022-11-27 17:25:23 - --> time=3.350, max(chi)=4096, max(S)=3.27311, avg DeltaS=5.2597e-02, since last update: 2259.0s
2022-11-27 17:25:28 - svd, N=3, n= 67, chi= 4096, S_vN=[3.2731113 3.2725153], err=3.342093807277673e-06, time: 16:01:21
2022-11-27 17:58:10 - --> time=3.400, max(chi)=4096, max(S)=3.32554, avg DeltaS=5.2439e-02, since last update: 1962.3s
2022-11-27 17:58:35 - svd, N=3, n= 68, chi= 4096, S_vN=[3.3255434  3.32496065], err=4.836749434929883e-06, time: 16:34:28
2022-11-27 18:32:32 - --> time=3.450, max(chi)=4096, max(S)=3.37808, avg DeltaS=5.2546e-02, since last update: 2037.0s
2022-11-27 18:32:36 - svd, N=3, n= 69, chi= 4096, S_vN=[3.37808045 3.37751649], err=6.9085320054930096e-06, time: 17:08:28
2022-11-27 19:07:40 - --> time=3.500, max(chi)=4096, max(S)=3.43107, avg DeltaS=5.2999e-02, since last update: 2104.7s
2022-11-27 19:07:44 - svd, N=3, n= 70, chi= 4096, S_vN=[3.43107401 3.43052005], err=9.729866975122276e-06, time: 17:43:37
2022-11-27 19:45:20 - --> time=3.550, max(chi)=4096, max(S)=3.48471, avg DeltaS=5.3633e-02, since last update: 2256.2s
2022-11-27 19:45:30 - svd, N=3, n= 71, chi= 4096, S_vN=[3.48471161 3.48414941], err=1.3511377550038382e-05, time: 18:21:23
2022-11-27 20:19:40 - --> time=3.600, max(chi)=4096, max(S)=3.53887, avg DeltaS=5.4148e-02, since last update: 2050.0s
2022-11-27 20:19:50 - svd, N=3, n= 72, chi= 4096, S_vN=[3.53887271 3.53828471], err=1.853644860129481e-05, time: 18:55:43
2022-11-27 20:53:09 - --> time=3.650, max(chi)=4096, max(S)=3.59316, avg DeltaS=5.4274e-02, since last update: 1998.6s
2022-11-27 20:53:18 - svd, N=3, n= 73, chi= 4096, S_vN=[3.59316313 3.59254191], err=2.5174885692419023e-05, time: 19:29:11
2022-11-27 21:29:34 - --> time=3.700, max(chi)=4096, max(S)=3.64710, avg DeltaS=5.3925e-02, since last update: 2175.8s
2022-11-27 21:29:41 - svd, N=3, n= 74, chi= 4096, S_vN=[3.64710176 3.64645354], err=3.3896116880546734e-05, time: 20:05:34
2022-11-27 22:03:44 - --> time=3.750, max(chi)=4096, max(S)=3.70035, avg DeltaS=5.3242e-02, since last update: 2042.5s
2022-11-27 22:03:51 - svd, N=3, n= 75, chi= 4096, S_vN=[3.70034915 3.69968972], err=4.5290168613747275e-05, time: 20:39:44
2022-11-27 22:37:46 - --> time=3.800, max(chi)=4096, max(S)=3.75285, avg DeltaS=5.2503e-02, since last update: 2034.8s
2022-11-27 22:37:53 - svd, N=3, n= 76, chi= 4096, S_vN=[3.75285006 3.75219578], err=6.005931903793553e-05, time: 21:13:45
2022-11-27 23:12:56 - --> time=3.850, max(chi)=4096, max(S)=3.80482, avg DeltaS=5.1973e-02, since last update: 2102.9s
2022-11-27 23:13:02 - svd, N=3, n= 77, chi= 4096, S_vN=[3.80481621 3.80417528], err=7.901883859465273e-05, time: 21:48:55
2022-11-27 23:47:45 - --> time=3.900, max(chi)=4096, max(S)=3.85657, avg DeltaS=5.1757e-02, since last update: 2083.0s
2022-11-27 23:47:55 - svd, N=3, n= 78, chi= 4096, S_vN=[3.85656786 3.8559367 ], err=0.00010314047631205493, time: 22:23:48
2022-11-28 00:24:15 - --> time=3.950, max(chi)=4096, max(S)=3.90833, avg DeltaS=5.1761e-02, since last update: 2179.4s
2022-11-28 00:24:23 - svd, N=3, n= 79, chi= 4096, S_vN=[3.90833025 3.90769673], err=0.0001335482508453742, time: 23:00:15
2022-11-28 01:03:39 - --> time=4.000, max(chi)=4096, max(S)=3.96010, avg DeltaS=5.1764e-02, since last update: 2356.6s
2022-11-28 01:03:43 - svd, N=3, n= 80, chi= 4096, S_vN=[3.96010139 3.95945272], err=0.000171503592831472, time: 23:39:35
2022-11-28 01:39:40 - --> time=4.050, max(chi)=4096, max(S)=4.01166, avg DeltaS=5.1549e-02, since last update: 2157.1s
2022-11-28 01:39:49 - svd, N=3, n= 81, chi= 4096, S_vN=[4.01166107 4.01099167], err=0.00021833851801096208, time: 24:15:42
2022-11-28 02:14:47 - --> time=4.100, max(chi)=4096, max(S)=4.06271, avg DeltaS=5.1039e-02, since last update: 2098.4s
2022-11-28 02:14:54 - svd, N=3, n= 82, chi= 4096, S_vN=[4.06270789 4.06202285], err=0.0002755329577463174, time: 24:50:47
2022-11-28 02:50:50 - --> time=4.150, max(chi)=4096, max(S)=4.11304, avg DeltaS=5.0331e-02, since last update: 2156.6s
2022-11-28 02:50:58 - svd, N=3, n= 83, chi= 4096, S_vN=[4.11304062 4.11235304], err=0.00034503972799772943, time: 25:26:51
2022-11-28 03:24:32 - --> time=4.200, max(chi)=4096, max(S)=4.16268, avg DeltaS=4.9646e-02, since last update: 2014.0s
2022-11-28 03:24:40 - svd, N=3, n= 84, chi= 4096, S_vN=[4.16268048 4.16200451], err=0.0004294167837794266, time: 26:00:33
2022-11-28 04:06:52 - --> time=4.250, max(chi)=4096, max(S)=4.21187, avg DeltaS=4.9198e-02, since last update: 2531.4s
2022-11-28 04:07:00 - svd, N=3, n= 85, chi= 4096, S_vN=[4.21186913 4.21121272], err=0.0005319768507762402, time: 26:42:53
2022-11-28 04:43:56 - --> time=4.300, max(chi)=4096, max(S)=4.26095, avg DeltaS=4.9089e-02, since last update: 2216.2s
2022-11-28 04:44:03 - svd, N=3, n= 86, chi= 4096, S_vN=[4.26094899 4.26031032], err=0.0006564917688161637, time: 27:19:56
2022-11-28 05:21:12 - --> time=4.350, max(chi)=4096, max(S)=4.31020, avg DeltaS=4.9253e-02, since last update: 2229.5s
2022-11-28 05:21:20 - svd, N=3, n= 87, chi= 4096, S_vN=[4.31019769 4.30956715], err=0.0008062952365171015, time: 27:57:13
2022-11-28 05:56:49 - --> time=4.400, max(chi)=4096, max(S)=4.35971, avg DeltaS=4.9511e-02, since last update: 2129.0s
2022-11-28 05:56:57 - svd, N=3, n= 88, chi= 4096, S_vN=[4.35971036 4.3590766 ], err=0.0009841231875297506, time: 28:32:49
2022-11-28 06:30:09 - --> time=4.450, max(chi)=4096, max(S)=4.40939, avg DeltaS=4.9676e-02, since last update: 1992.3s
2022-11-28 06:30:16 - svd, N=3, n= 89, chi= 4096, S_vN=[4.40939133 4.40874778], err=0.0011923979000144284, time: 29:06:09
2022-11-28 07:08:54 - --> time=4.500, max(chi)=4096, max(S)=4.45905, avg DeltaS=4.9657e-02, since last update: 2318.6s
2022-11-28 07:09:00 - svd, N=3, n= 90, chi= 4096, S_vN=[4.45905244 4.45840069], err=0.0014339302110120166, time: 29:44:53
2022-11-28 07:47:50 - --> time=4.550, max(chi)=4096, max(S)=4.50856, avg DeltaS=4.9504e-02, since last update: 2329.8s
2022-11-28 07:48:01 - svd, N=3, n= 91, chi= 4096, S_vN=[4.50855629 4.50790447], err=0.0017123712275060631, time: 30:23:54
2022-11-28 08:20:29 - --> time=4.600, max(chi)=4096, max(S)=4.55792, avg DeltaS=4.9369e-02, since last update: 1948.5s
2022-11-28 08:20:38 - svd, N=3, n= 92, chi= 4096, S_vN=[4.55792101 4.55727837], err=0.0020323259188162034, time: 30:56:31
2022-11-28 08:55:22 - --> time=4.650, max(chi)=4096, max(S)=4.60733, avg DeltaS=4.9414e-02, since last update: 2084.2s
2022-11-28 08:55:33 - svd, N=3, n= 93, chi= 4096, S_vN=[4.60732863 4.60669946], err=0.002398603244948019, time: 31:31:25
2022-11-28 09:29:11 - --> time=4.700, max(chi)=4096, max(S)=4.65704, avg DeltaS=4.9712e-02, since last update: 2018.9s
2022-11-28 09:29:21 - svd, N=3, n= 94, chi= 4096, S_vN=[4.65703635 4.65641668], err=0.0028168117110497154, time: 32:05:14
2022-11-28 10:05:03 - --> time=4.750, max(chi)=4096, max(S)=4.70724, avg DeltaS=5.0207e-02, since last update: 2141.9s
2022-11-28 10:05:11 - svd, N=3, n= 95, chi= 4096, S_vN=[4.70724449 4.70662328], err=0.0032942957248261492, time: 32:41:04
2022-11-28 10:39:02 - --> time=4.800, max(chi)=4096, max(S)=4.75800, avg DeltaS=5.0745e-02, since last update: 2030.7s
2022-11-28 10:39:09 - svd, N=3, n= 96, chi= 4096, S_vN=[4.75799723 4.75736117], err=0.0038397256250772994, time: 33:15:02
2022-11-28 11:16:06 - --> time=4.850, max(chi)=4096, max(S)=4.80917, avg DeltaS=5.1161e-02, since last update: 2216.9s
2022-11-28 11:16:12 - svd, N=3, n= 97, chi= 4096, S_vN=[4.80917033 4.80850929], err=0.004461997851052476, time: 33:52:04
2022-11-28 11:53:30 - --> time=4.900, max(chi)=4096, max(S)=4.86055, avg DeltaS=5.1364e-02, since last update: 2238.3s
2022-11-28 11:53:36 - svd, N=3, n= 98, chi= 4096, S_vN=[4.86054841 4.85985853], err=0.0051683405578716824, time: 34:29:29
