2022-11-26 14:40:27 - ClockModel: reading 'bc_MPS'='infinite'
2022-11-26 14:40:27 - ClockModel: reading 'conserve'=None
2022-11-26 14:40:27 - ClockModel: reading 'N'=7
2022-11-26 14:40:27 - ClockModel: reading 'L'=2
2022-11-26 14:40:27 - ClockModel: reading 'J'=1.0
2022-11-26 14:40:27 - ClockModel: reading 'g'=2
2022-11-26 14:40:27 - TEBDEngine: subconfig 'trunc_params'=Config(<2 options>, 'trunc_params')
2022-11-26 14:40:27 - TEBDEngine: reading 'dt'=0.05
2022-11-26 14:40:27 - TEBDEngine: reading 'N_steps'=1
2022-11-26 14:40:27 - TEBDEngine: reading 'order'=2
2022-11-26 14:40:27 - Calculate U for {'order': 2, 'delta_t': 0.05, 'type_evo': 'real', 'E_offset': None, 'tau': 0.05}
2022-11-26 14:40:27 - trunc_params: reading 'chi_max'=2048
2022-11-26 14:40:27 - trunc_params: reading 'svd_min'=1e-14
2022-11-26 14:40:27 - --> time=0.050, max(chi)=11, max(S)=0.00000, avg DeltaS=2.9942e-06, since last update: 0.7s
2022-11-26 14:40:27 - svd, N=7, n=  1, chi=   11, S_vN=[1.97544022e-06 4.01289787e-06], err=1.579946494464776e-14, time: 0:00:00
2022-11-26 14:40:27 - --> time=0.100, max(chi)=16, max(S)=0.00015, avg DeltaS=1.3426e-04, since last update: 0.1s
2022-11-26 14:40:27 - svd, N=7, n=  2, chi=   16, S_vN=[0.00012586 0.00014866], err=2.998053668810311e-14, time: 0:00:00
2022-11-26 14:40:28 - --> time=0.150, max(chi)=26, max(S)=0.00126, avg DeltaS=1.0787e-03, since last update: 0.7s
2022-11-26 14:40:28 - svd, N=7, n=  3, chi=   26, S_vN=[0.00117417 0.00125782], err=3.622774484924808e-14, time: 0:00:01
2022-11-26 14:40:29 - --> time=0.200, max(chi)=30, max(S)=0.00550, avg DeltaS=4.1871e-03, since last update: 0.9s
2022-11-26 14:40:29 - svd, N=7, n=  4, chi=   30, S_vN=[0.00530824 0.00549798], err=4.0981578519084043e-14, time: 0:00:02
2022-11-26 14:40:30 - --> time=0.250, max(chi)=40, max(S)=0.01649, avg DeltaS=1.0922e-02, since last update: 1.1s
2022-11-26 14:40:30 - svd, N=7, n=  5, chi=   40, S_vN=[0.0161636  0.01648677], err=5.066517749543163e-14, time: 0:00:03
2022-11-26 14:40:31 - --> time=0.300, max(chi)=49, max(S)=0.03864, avg DeltaS=2.2091e-02, since last update: 1.4s
2022-11-26 14:40:31 - svd, N=7, n=  6, chi=   49, S_vN=[0.03819191 0.03864085], err=5.915388945154328e-14, time: 0:00:04
2022-11-26 14:40:33 - --> time=0.350, max(chi)=56, max(S)=0.07598, avg DeltaS=3.7298e-02, since last update: 1.6s
2022-11-26 14:40:33 - svd, N=7, n=  7, chi=   56, S_vN=[0.07545034 0.07597918], err=6.710706200578584e-14, time: 0:00:06
2022-11-26 14:40:35 - --> time=0.400, max(chi)=69, max(S)=0.13085, avg DeltaS=5.4870e-02, since last update: 1.8s
2022-11-26 14:40:35 - svd, N=7, n=  8, chi=   69, S_vN=[0.13031621 0.1308525 ], err=8.154571279708097e-14, time: 0:00:08
2022-11-26 14:40:37 - --> time=0.450, max(chi)=83, max(S)=0.20309, avg DeltaS=7.2269e-02, since last update: 2.4s
2022-11-26 14:40:37 - svd, N=7, n=  9, chi=   83, S_vN=[0.20262075 0.20308597], err=9.336545695833997e-14, time: 0:00:10
2022-11-26 14:40:40 - --> time=0.500, max(chi)=98, max(S)=0.28983, avg DeltaS=8.6813e-02, since last update: 2.2s
2022-11-26 14:40:40 - svd, N=7, n= 10, chi=   98, S_vN=[0.28950114 0.28983188], err=1.062592841164146e-13, time: 0:00:13
2022-11-26 14:40:45 - --> time=0.550, max(chi)=118, max(S)=0.38616, avg DeltaS=9.6409e-02, since last update: 5.0s
2022-11-26 14:40:45 - svd, N=7, n= 11, chi=  118, S_vN=[0.38599351 0.3861565 ], err=1.2008077789399696e-13, time: 0:00:18
2022-11-26 14:40:57 - --> time=0.600, max(chi)=138, max(S)=0.48617, avg DeltaS=1.0009e-01, since last update: 12.7s
2022-11-26 14:40:57 - svd, N=7, n= 12, chi=  138, S_vN=[0.48616584 0.48616383], err=1.3219700271260679e-13, time: 0:00:30
2022-11-26 14:41:10 - --> time=0.650, max(chi)=160, max(S)=0.58448, avg DeltaS=9.8248e-02, since last update: 12.8s
2022-11-26 14:41:10 - svd, N=7, n= 13, chi=  160, S_vN=[0.58447832 0.58434647], err=1.4639980757068995e-13, time: 0:00:43
2022-11-26 14:41:20 - --> time=0.700, max(chi)=185, max(S)=0.67702, avg DeltaS=9.2501e-02, since last update: 10.2s
2022-11-26 14:41:20 - svd, N=7, n= 14, chi=  185, S_vN=[0.67701671 0.67680947], err=1.6152860203963803e-13, time: 0:00:53
2022-11-26 14:41:50 - --> time=0.750, max(chi)=214, max(S)=0.76220, avg DeltaS=8.5169e-02, since last update: 29.5s
2022-11-26 14:41:50 - svd, N=7, n= 15, chi=  214, S_vN=[0.76219605 0.76196765], err=1.764620614137929e-13, time: 0:01:23
2022-11-26 14:42:21 - --> time=0.800, max(chi)=246, max(S)=0.84066, avg DeltaS=7.8472e-02, since last update: 31.0s
2022-11-26 14:42:21 - svd, N=7, n= 16, chi=  246, S_vN=[0.84066003 0.84044763], err=1.931450787236933e-13, time: 0:01:54
2022-11-26 14:42:47 - --> time=0.850, max(chi)=281, max(S)=0.91448, avg DeltaS=7.3829e-02, since last update: 25.6s
2022-11-26 14:42:47 - svd, N=7, n= 17, chi=  281, S_vN=[0.91447516 0.9142908 ], err=2.1113857195387292e-13, time: 0:02:20
2022-11-26 14:43:07 - --> time=0.900, max(chi)=319, max(S)=0.98596, avg DeltaS=7.1491e-02, since last update: 20.8s
2022-11-26 14:43:08 - svd, N=7, n= 18, chi=  319, S_vN=[0.98595734 0.98579084], err=2.2857730577360665e-13, time: 0:02:41
2022-11-26 14:43:46 - --> time=0.950, max(chi)=361, max(S)=1.05661, avg DeltaS=7.0650e-02, since last update: 38.8s
2022-11-26 14:43:47 - svd, N=7, n= 19, chi=  361, S_vN=[1.05660877 1.05643974], err=2.4670290018876127e-13, time: 0:03:19
2022-11-26 14:44:47 - --> time=1.000, max(chi)=409, max(S)=1.12664, avg DeltaS=7.0024e-02, since last update: 60.9s
2022-11-26 14:44:48 - svd, N=7, n= 20, chi=  409, S_vN=[1.12664239 1.12645488], err=2.6647411064664926e-13, time: 0:04:20
2022-11-26 14:45:48 - --> time=1.050, max(chi)=461, max(S)=1.19526, avg DeltaS=6.8610e-02, since last update: 60.8s
2022-11-26 14:45:48 - svd, N=7, n= 21, chi=  461, S_vN=[1.19526236 1.19505397], err=2.8871551576135585e-13, time: 0:05:21
2022-11-26 14:47:37 - --> time=1.100, max(chi)=525, max(S)=1.26143, avg DeltaS=6.6167e-02, since last update: 108.3s
2022-11-26 14:47:37 - svd, N=7, n= 22, chi=  525, S_vN=[1.26143441 1.26121636], err=3.119859661693722e-13, time: 0:07:10
2022-11-26 14:48:49 - --> time=1.150, max(chi)=593, max(S)=1.32466, avg DeltaS=6.3225e-02, since last update: 72.0s
2022-11-26 14:48:49 - svd, N=7, n= 23, chi=  593, S_vN=[1.32465509 1.3244448 ], err=3.3646483187808017e-13, time: 0:08:22
2022-11-26 14:50:34 - --> time=1.200, max(chi)=670, max(S)=1.38532, avg DeltaS=6.0675e-02, since last update: 105.0s
2022-11-26 14:50:34 - svd, N=7, n= 24, chi=  670, S_vN=[1.38531906 1.38513035], err=3.625381607275111e-13, time: 0:10:07
2022-11-26 14:54:08 - --> time=1.250, max(chi)=758, max(S)=1.44455, avg DeltaS=5.9247e-02, since last update: 213.3s
2022-11-26 14:54:08 - svd, N=7, n= 25, chi=  758, S_vN=[1.44455356 1.44438966], err=3.898922168173136e-13, time: 0:13:41
2022-11-26 14:57:56 - --> time=1.300, max(chi)=851, max(S)=1.50367, avg DeltaS=5.9128e-02, since last update: 227.6s
2022-11-26 14:57:56 - svd, N=7, n= 26, chi=  851, S_vN=[1.50367356 1.50352629], err=4.199575749205124e-13, time: 0:17:29
2022-11-26 15:03:34 - --> time=1.350, max(chi)=959, max(S)=1.56359, avg DeltaS=5.9916e-02, since last update: 338.2s
2022-11-26 15:03:35 - svd, N=7, n= 27, chi=  959, S_vN=[1.56358901 1.56344372], err=4.5113545636367113e-13, time: 0:23:08
2022-11-26 15:12:39 - --> time=1.400, max(chi)=1076, max(S)=1.62447, avg DeltaS=6.0874e-02, since last update: 543.9s
2022-11-26 15:12:41 - svd, N=7, n= 28, chi= 1076, S_vN=[1.62446913 1.62431186], err=4.837941874886994e-13, time: 0:32:14
2022-11-26 15:23:40 - --> time=1.450, max(chi)=1207, max(S)=1.68577, avg DeltaS=6.1290e-02, since last update: 659.1s
2022-11-26 15:23:41 - svd, N=7, n= 29, chi= 1207, S_vN=[1.68576866 1.68559149], err=5.182489111642255e-13, time: 0:43:14
2022-11-26 15:40:47 - --> time=1.500, max(chi)=1354, max(S)=1.74652, avg DeltaS=6.0745e-02, since last update: 1025.7s
2022-11-26 15:40:49 - svd, N=7, n= 30, chi= 1354, S_vN=[1.74652389 1.74632663], err=5.535457338990343e-13, time: 1:00:21
2022-11-26 15:59:09 - --> time=1.550, max(chi)=1511, max(S)=1.80575, avg DeltaS=5.9217e-02, since last update: 1100.0s
2022-11-26 15:59:10 - svd, N=7, n= 31, chi= 1511, S_vN=[1.80574748 1.80553609], err=5.912639442235893e-13, time: 1:18:43
2022-11-26 16:24:45 - --> time=1.600, max(chi)=1688, max(S)=1.86277, avg DeltaS=5.7021e-02, since last update: 1534.7s
2022-11-26 16:24:47 - svd, N=7, n= 32, chi= 1688, S_vN=[1.8627709  1.86255425], err=6.310177728993085e-13, time: 1:44:20
2022-11-26 16:58:33 - --> time=1.650, max(chi)=1887, max(S)=1.91744, avg DeltaS=5.4670e-02, since last update: 2026.2s
2022-11-26 16:58:36 - svd, N=7, n= 33, chi= 1887, S_vN=[1.91743979 1.91722627], err=6.730557658329364e-13, time: 2:18:08
2022-11-26 17:41:34 - --> time=1.700, max(chi)=2048, max(S)=1.97013, avg DeltaS=5.2694e-02, since last update: 2578.0s
2022-11-26 17:41:37 - svd, N=7, n= 34, chi= 2048, S_vN=[1.97012999 1.96992488], err=7.295041207947108e-13, time: 3:01:10
2022-11-26 18:30:46 - --> time=1.750, max(chi)=2048, max(S)=2.02160, avg DeltaS=5.1478e-02, since last update: 2948.9s
2022-11-26 18:30:58 - svd, N=7, n= 35, chi= 2048, S_vN=[2.02160337 2.0214076 ], err=1.0470529783065242e-12, time: 3:50:31
2022-11-26 19:18:40 - --> time=1.800, max(chi)=2048, max(S)=2.07276, avg DeltaS=5.1159e-02, since last update: 2861.8s
2022-11-26 19:18:42 - svd, N=7, n= 36, chi= 2048, S_vN=[2.07275931 2.07256969], err=2.357302613580369e-12, time: 4:38:15
2022-11-26 20:07:04 - --> time=1.850, max(chi)=2048, max(S)=2.12437, avg DeltaS=5.1609e-02, since last update: 2901.2s
2022-11-26 20:07:07 - svd, N=7, n= 37, chi= 2048, S_vN=[2.12436805 2.12417897], err=6.068387775857605e-12, time: 5:26:40
2022-11-26 20:53:40 - --> time=1.900, max(chi)=2048, max(S)=2.17689, avg DeltaS=5.2515e-02, since last update: 2793.2s
2022-11-26 20:53:43 - svd, N=7, n= 38, chi= 2048, S_vN=[2.17688548 2.17669133], err=1.531216972502592e-11, time: 6:13:16
2022-11-26 21:38:54 - --> time=1.950, max(chi)=2048, max(S)=2.23041, avg DeltaS=5.3525e-02, since last update: 2710.9s
2022-11-26 21:38:56 - svd, N=7, n= 39, chi= 2048, S_vN=[2.23041446 2.23021181], err=3.7237392519009705e-11, time: 6:58:29
2022-11-26 22:25:05 - --> time=2.000, max(chi)=2048, max(S)=2.28481, avg DeltaS=5.4390e-02, since last update: 2768.3s
2022-11-26 22:25:07 - svd, N=7, n= 40, chi= 2048, S_vN=[2.28480848 2.28459691], err=8.753074210281132e-11, time: 7:44:40
2022-11-26 23:12:16 - --> time=2.050, max(chi)=2048, max(S)=2.33984, avg DeltaS=5.5033e-02, since last update: 2828.5s
2022-11-26 23:12:18 - svd, N=7, n= 41, chi= 2048, S_vN=[2.33984467 2.33962611], err=1.996794483945135e-10, time: 8:31:51
2022-11-26 23:57:08 - --> time=2.100, max(chi)=2048, max(S)=2.39537, avg DeltaS=5.5520e-02, since last update: 2689.8s
2022-11-26 23:57:11 - svd, N=7, n= 42, chi= 2048, S_vN=[2.39536639 2.39514356], err=4.4199718390529816e-10, time: 9:16:44
2022-11-27 00:45:46 - --> time=2.150, max(chi)=2048, max(S)=2.45132, avg DeltaS=5.5957e-02, since last update: 2914.7s
2022-11-27 00:45:49 - svd, N=7, n= 43, chi= 2048, S_vN=[2.45132464 2.45109948], err=9.506479987418405e-10, time: 10:05:22
2022-11-27 01:30:32 - --> time=2.200, max(chi)=2048, max(S)=2.50771, avg DeltaS=5.6389e-02, since last update: 2682.5s
2022-11-27 01:30:34 - svd, N=7, n= 44, chi= 2048, S_vN=[2.50771421 2.50748723], err=1.985430837841546e-09, time: 10:50:07
2022-11-27 02:19:07 - --> time=2.250, max(chi)=2048, max(S)=2.56446, avg DeltaS=5.6748e-02, since last update: 2912.7s
2022-11-27 02:19:10 - svd, N=7, n= 45, chi= 2048, S_vN=[2.56446321 2.56423396], err=4.0357394412163074e-09, time: 11:38:43
2022-11-27 03:07:21 - --> time=2.300, max(chi)=2048, max(S)=2.62136, avg DeltaS=5.6892e-02, since last update: 2890.5s
2022-11-27 03:07:25 - svd, N=7, n= 46, chi= 2048, S_vN=[2.62135687 2.62112506], err=8.013394455874032e-09, time: 12:26:58
2022-11-27 03:56:38 - --> time=2.350, max(chi)=2048, max(S)=2.67805, avg DeltaS=5.6690e-02, since last update: 2953.5s
2022-11-27 03:56:43 - svd, N=7, n= 47, chi= 2048, S_vN=[2.67804767 2.67781423], err=1.5555392695096533e-08, time: 13:16:16
2022-11-27 04:43:41 - --> time=2.400, max(chi)=2048, max(S)=2.73415, avg DeltaS=5.6101e-02, since last update: 2818.1s
2022-11-27 04:43:44 - svd, N=7, n= 48, chi= 2048, S_vN=[2.73414787 2.73391525], err=2.9525145238978664e-08, time: 14:03:17
2022-11-27 05:33:30 - --> time=2.450, max(chi)=2048, max(S)=2.78936, avg DeltaS=5.5209e-02, since last update: 2985.1s
2022-11-27 05:33:32 - svd, N=7, n= 49, chi= 2048, S_vN=[2.78935521 2.7891269 ], err=5.4759882203877426e-08, time: 14:53:05
2022-11-27 06:23:59 - --> time=2.500, max(chi)=2048, max(S)=2.84355, avg DeltaS=5.4201e-02, since last update: 3026.6s
2022-11-27 06:24:03 - svd, N=7, n= 50, chi= 2048, S_vN=[2.84355202 2.84333153], err=9.941630966148586e-08, time: 15:43:36
2022-11-27 07:14:13 - --> time=2.550, max(chi)=2048, max(S)=2.89684, avg DeltaS=5.3291e-02, since last update: 3009.7s
2022-11-27 07:14:16 - svd, N=7, n= 51, chi= 2048, S_vN=[2.89683841 2.89662813], err=1.766476841916914e-07, time: 16:33:49
2022-11-27 08:06:47 - --> time=2.600, max(chi)=2048, max(S)=2.94949, avg DeltaS=5.2660e-02, since last update: 3151.3s
2022-11-27 08:06:51 - svd, N=7, n= 52, chi= 2048, S_vN=[2.9494931 2.9492935], err=3.073799789837924e-07, time: 17:26:24
2022-11-27 08:52:32 - --> time=2.650, max(chi)=2048, max(S)=3.00188, avg DeltaS=5.2395e-02, since last update: 2740.9s
2022-11-27 08:52:35 - svd, N=7, n= 53, chi= 2048, S_vN=[3.00188369 3.00169323], err=5.246221610814119e-07, time: 18:12:08
2022-11-27 09:43:38 - --> time=2.700, max(chi)=2048, max(S)=3.05436, avg DeltaS=5.2483e-02, since last update: 3062.9s
2022-11-27 09:43:42 - svd, N=7, n= 54, chi= 2048, S_vN=[3.05436407 3.0541797 ], err=8.792176568452851e-07, time: 19:03:15
2022-11-27 10:36:03 - --> time=2.750, max(chi)=2048, max(S)=3.10720, avg DeltaS=5.2833e-02, since last update: 3141.8s
2022-11-27 10:36:06 - svd, N=7, n= 55, chi= 2048, S_vN=[3.10719566 3.10701368], err=1.4462873938216414e-06, time: 19:55:39
2022-11-27 11:27:19 - --> time=2.800, max(chi)=2048, max(S)=3.16051, avg DeltaS=5.3317e-02, since last update: 3073.5s
2022-11-27 11:27:23 - svd, N=7, n= 56, chi= 2048, S_vN=[3.16051307 3.16033008], err=2.3363726364146324e-06, time: 20:46:56
2022-11-27 12:18:20 - --> time=2.850, max(chi)=2048, max(S)=3.21433, avg DeltaS=5.3819e-02, since last update: 3057.4s
2022-11-27 12:18:24 - svd, N=7, n= 57, chi= 2048, S_vN=[3.21433366 3.2141471 ], err=3.7102311647273345e-06, time: 21:37:57
2022-11-27 13:09:15 - --> time=2.900, max(chi)=2048, max(S)=3.26859, avg DeltaS=5.4257e-02, since last update: 3050.7s
2022-11-27 13:09:19 - svd, N=7, n= 58, chi= 2048, S_vN=[3.26859358 3.26840189], err=5.79701353030944e-06, time: 22:28:52
2022-11-27 13:59:22 - --> time=2.950, max(chi)=2048, max(S)=3.32319, avg DeltaS=5.4591e-02, since last update: 3002.3s
2022-11-27 13:59:25 - svd, N=7, n= 59, chi= 2048, S_vN=[3.323188  3.3229904], err=8.918907326825743e-06, time: 23:18:58
2022-11-27 14:51:27 - --> time=3.000, max(chi)=2048, max(S)=3.37800, avg DeltaS=5.4807e-02, since last update: 3121.6s
2022-11-27 14:51:31 - svd, N=7, n= 60, chi= 2048, S_vN=[3.37799811 3.37779421], err=1.3518726979285767e-05, time: 24:11:04
2022-11-27 15:37:16 - --> time=3.050, max(chi)=2048, max(S)=3.43290, avg DeltaS=5.4899e-02, since last update: 2745.6s
2022-11-27 15:37:19 - svd, N=7, n= 61, chi= 2048, S_vN=[3.43290078 3.43269046], err=2.018909278550185e-05, time: 24:56:52
2022-11-27 16:24:24 - --> time=3.100, max(chi)=2048, max(S)=3.48777, avg DeltaS=5.4865e-02, since last update: 2825.3s
2022-11-27 16:24:26 - svd, N=7, n= 62, chi= 2048, S_vN=[3.48776937 3.48755276], err=2.970960823461847e-05, time: 25:43:59
2022-11-27 17:11:46 - --> time=3.150, max(chi)=2048, max(S)=3.54248, avg DeltaS=5.4706e-02, since last update: 2839.6s
2022-11-27 17:11:50 - svd, N=7, n= 63, chi= 2048, S_vN=[3.54247799 3.54225575], err=4.310644609703256e-05, time: 26:31:23
2022-11-27 17:59:11 - --> time=3.200, max(chi)=2048, max(S)=3.59692, avg DeltaS=5.4436e-02, since last update: 2841.4s
2022-11-27 17:59:17 - svd, N=7, n= 64, chi= 2048, S_vN=[3.59691597 3.59668932], err=6.170426112686005e-05, time: 27:18:50
2022-11-27 18:50:28 - --> time=3.250, max(chi)=2048, max(S)=3.65101, avg DeltaS=5.4091e-02, since last update: 3071.0s
2022-11-27 18:50:32 - svd, N=7, n= 65, chi= 2048, S_vN=[3.65100842 3.65077903], err=8.714050711499679e-05, time: 28:10:05
2022-11-27 19:44:28 - --> time=3.300, max(chi)=2048, max(S)=3.70473, avg DeltaS=5.3724e-02, since last update: 3235.1s
2022-11-27 19:44:44 - svd, N=7, n= 66, chi= 2048, S_vN=[3.70473336 3.70450302], err=0.00012145173094976994, time: 29:04:17
2022-11-27 20:31:50 - --> time=3.350, max(chi)=2048, max(S)=3.75813, avg DeltaS=5.3394e-02, since last update: 2825.8s
2022-11-27 20:31:52 - svd, N=7, n= 67, chi= 2048, S_vN=[3.75812731 3.75789754], err=0.00016715014221519817, time: 29:51:25
2022-11-27 21:25:45 - --> time=3.400, max(chi)=2048, max(S)=3.81128, avg DeltaS=5.3151e-02, since last update: 3232.9s
2022-11-27 21:25:49 - svd, N=7, n= 68, chi= 2048, S_vN=[3.81127735 3.81104908], err=0.00022725212276093, time: 30:45:22
2022-11-27 22:14:44 - --> time=3.450, max(chi)=2048, max(S)=3.86430, avg DeltaS=5.3027e-02, since last update: 2935.6s
2022-11-27 22:14:47 - svd, N=7, n= 69, chi= 2048, S_vN=[3.86430299 3.86407646], err=0.0003053644127958603, time: 31:34:20
2022-11-27 23:05:36 - --> time=3.500, max(chi)=2048, max(S)=3.91733, avg DeltaS=5.3031e-02, since last update: 3049.6s
2022-11-27 23:05:41 - svd, N=7, n= 70, chi= 2048, S_vN=[3.91733285 3.91710765], err=0.0004057876805614421, time: 32:25:14
2022-11-27 23:57:17 - --> time=3.550, max(chi)=2048, max(S)=3.97048, avg DeltaS=5.3148e-02, since last update: 3096.6s
2022-11-27 23:57:21 - svd, N=7, n= 71, chi= 2048, S_vN=[3.97048072 3.97025592], err=0.00053350114551271, time: 33:16:54
2022-11-28 00:48:34 - --> time=3.600, max(chi)=2048, max(S)=4.02383, avg DeltaS=5.3344e-02, since last update: 3073.8s
2022-11-28 00:48:38 - svd, N=7, n= 72, chi= 2048, S_vN=[4.02382523 4.02359959], err=0.0006941140311342878, time: 34:08:11
2022-11-28 01:35:55 - --> time=3.650, max(chi)=2048, max(S)=4.07740, avg DeltaS=5.3571e-02, since last update: 2837.5s
2022-11-28 01:35:58 - svd, N=7, n= 73, chi= 2048, S_vN=[4.07739774 4.07716994], err=0.0008938685940808446, time: 34:55:31
2022-11-28 02:26:30 - --> time=3.700, max(chi)=2048, max(S)=4.13118, avg DeltaS=5.3782e-02, since last update: 3031.8s
2022-11-28 02:26:36 - svd, N=7, n= 74, chi= 2048, S_vN=[4.1311813  4.13095013], err=0.0011398029051662903, time: 35:46:09
2022-11-28 03:16:33 - --> time=3.750, max(chi)=2048, max(S)=4.18512, avg DeltaS=5.3937e-02, since last update: 2996.5s
2022-11-28 03:16:38 - svd, N=7, n= 75, chi= 2048, S_vN=[4.1851201  4.18488454], err=0.0014398459824281546, time: 36:36:11
2022-11-28 04:04:24 - --> time=3.800, max(chi)=2048, max(S)=4.23914, avg DeltaS=5.4012e-02, since last update: 2866.6s
2022-11-28 04:04:28 - svd, N=7, n= 76, chi= 2048, S_vN=[4.23913511 4.23889438], err=0.0018025966954044047, time: 37:24:01
2022-11-28 04:55:29 - --> time=3.850, max(chi)=2048, max(S)=4.29314, avg DeltaS=5.4003e-02, since last update: 3061.0s
2022-11-28 04:55:32 - svd, N=7, n= 77, chi= 2048, S_vN=[4.293141   4.29289445], err=0.002236941800384924, time: 38:15:05
2022-11-28 05:47:29 - --> time=3.900, max(chi)=2048, max(S)=4.34706, avg DeltaS=5.3917e-02, since last update: 3116.5s
2022-11-28 05:47:34 - svd, N=7, n= 78, chi= 2048, S_vN=[4.34706102 4.34680798], err=0.002752000346905135, time: 39:07:07
2022-11-28 06:38:52 - --> time=3.950, max(chi)=2048, max(S)=4.40084, avg DeltaS=5.3774e-02, since last update: 3077.9s
2022-11-28 06:38:55 - svd, N=7, n= 79, chi= 2048, S_vN=[4.40083854 4.40057813], err=0.003357289275516566, time: 39:58:28
2022-11-28 07:31:23 - --> time=4.000, max(chi)=2048, max(S)=4.45444, avg DeltaS=5.3602e-02, since last update: 3148.0s
2022-11-28 07:31:26 - svd, N=7, n= 80, chi= 2048, S_vN=[4.45444448 4.45417531], err=0.004062506847077214, time: 40:50:59
2022-11-28 08:20:12 - --> time=4.050, max(chi)=2048, max(S)=4.50788, avg DeltaS=5.3429e-02, since last update: 2925.7s
2022-11-28 08:20:15 - svd, N=7, n= 81, chi= 2048, S_vN=[4.507879   4.50759892], err=0.0048774353546414875, time: 41:39:48
2022-11-28 09:11:24 - --> time=4.100, max(chi)=2048, max(S)=4.56117, avg DeltaS=5.3280e-02, since last update: 3069.5s
2022-11-28 09:11:29 - svd, N=7, n= 82, chi= 2048, S_vN=[4.56116634 4.5608722 ], err=0.005812153576797612, time: 42:31:02
2022-11-28 10:00:20 - --> time=4.150, max(chi)=2048, max(S)=4.61434, avg DeltaS=5.3168e-02, since last update: 2930.4s
2022-11-28 10:00:23 - svd, N=7, n= 83, chi= 2048, S_vN=[4.61434372 4.61403123], err=0.006876926904787323, time: 43:19:56
2022-11-28 10:51:02 - --> time=4.200, max(chi)=2048, max(S)=4.66745, avg DeltaS=5.3092e-02, since last update: 3038.6s
2022-11-28 10:51:07 - svd, N=7, n= 84, chi= 2048, S_vN=[4.66744756 4.66711129], err=0.008081903571745647, time: 44:10:40
2022-11-28 11:42:37 - --> time=4.250, max(chi)=2048, max(S)=4.72050, avg DeltaS=5.3039e-02, since last update: 3089.8s
2022-11-28 11:42:39 - svd, N=7, n= 85, chi= 2048, S_vN=[4.72050138 4.72013478], err=0.009436800591477303, time: 45:02:12
