2022-11-28 12:20:41 - ClockModel: reading 'bc_MPS'='infinite'
2022-11-28 12:20:41 - ClockModel: reading 'conserve'=None
2022-11-28 12:20:41 - ClockModel: reading 'N'=5
2022-11-28 12:20:41 - ClockModel: reading 'L'=2
2022-11-28 12:20:41 - ClockModel: reading 'J'=1.0
2022-11-28 12:20:41 - ClockModel: reading 'g'=2
2022-11-28 12:20:41 - TEBDEngine: subconfig 'trunc_params'=Config(<2 options>, 'trunc_params')
2022-11-28 12:20:41 - TEBDEngine: reading 'dt'=0.05
2022-11-28 12:20:41 - TEBDEngine: reading 'N_steps'=1
2022-11-28 12:20:41 - TEBDEngine: reading 'order'=2
2022-11-28 12:20:41 - Calculate U for {'order': 2, 'delta_t': 0.05, 'type_evo': 'real', 'E_offset': None, 'tau': 0.05}
2022-11-28 12:20:41 - trunc_params: reading 'chi_max'=4096
2022-11-28 12:20:41 - trunc_params: reading 'svd_min'=1e-14
2022-11-28 12:20:41 - --> time=0.050, max(chi)=11, max(S)=0.00001, avg DeltaS=7.5955e-06, since last update: 0.3s
2022-11-28 12:20:41 - svd, N=5, n=  1, chi=   11, S_vN=[5.03050218e-06 1.01604405e-05], err=1.1090982798594636e-14, time: 0:00:00
2022-11-28 12:20:41 - --> time=0.100, max(chi)=17, max(S)=0.00036, avg DeltaS=3.3026e-04, since last update: 0.1s
2022-11-28 12:20:41 - svd, N=5, n=  2, chi=   17, S_vN=[0.00031072 0.00036499], err=1.9285183577299747e-14, time: 0:00:00
2022-11-28 12:20:41 - --> time=0.150, max(chi)=25, max(S)=0.00297, avg DeltaS=2.5376e-03, since last update: 0.1s
2022-11-28 12:20:41 - svd, N=5, n=  3, chi=   25, S_vN=[0.00278402 0.0029669 ], err=2.5883287580084074e-14, time: 0:00:00
2022-11-28 12:20:42 - --> time=0.200, max(chi)=29, max(S)=0.01234, avg DeltaS=9.2830e-03, since last update: 0.4s
2022-11-28 12:20:42 - svd, N=5, n=  4, chi=   29, S_vN=[0.01197408 0.01234279], err=3.1513566065936514e-14, time: 0:00:00
2022-11-28 12:20:42 - --> time=0.250, max(chi)=38, max(S)=0.03494, avg DeltaS=2.2515e-02, since last update: 0.7s
2022-11-28 12:20:42 - svd, N=5, n=  5, chi=   38, S_vN=[0.0344053  0.03494109], err=4.2508397368313254e-14, time: 0:00:01
2022-11-28 12:20:43 - --> time=0.300, max(chi)=48, max(S)=0.07682, avg DeltaS=4.1849e-02, since last update: 0.8s
2022-11-28 12:20:43 - svd, N=5, n=  6, chi=   48, S_vN=[0.07622291 0.07682083], err=5.543978062788456e-14, time: 0:00:02
2022-11-28 12:20:44 - --> time=0.350, max(chi)=61, max(S)=0.14108, avg DeltaS=6.4306e-02, since last update: 0.9s
2022-11-28 12:20:44 - svd, N=5, n=  7, chi=   61, S_vN=[0.14057549 0.1410801 ], err=6.85561858568393e-14, time: 0:00:03
2022-11-28 12:20:46 - --> time=0.400, max(chi)=75, max(S)=0.22639, avg DeltaS=8.5428e-02, since last update: 1.5s
2022-11-28 12:20:46 - svd, N=5, n=  8, chi=   75, S_vN=[0.22612457 0.22638644], err=7.667506572650468e-14, time: 0:00:04
2022-11-28 12:20:47 - --> time=0.450, max(chi)=87, max(S)=0.32725, avg DeltaS=1.0096e-01, since last update: 0.8s
2022-11-28 12:20:47 - svd, N=5, n=  9, chi=   87, S_vN=[0.32725429 0.32717809], err=8.832480197562425e-14, time: 0:00:05
2022-11-28 12:20:47 - --> time=0.500, max(chi)=105, max(S)=0.43568, avg DeltaS=1.0825e-01, since last update: 0.9s
2022-11-28 12:20:47 - svd, N=5, n= 10, chi=  105, S_vN=[0.43568026 0.43524846], err=9.975571686790916e-14, time: 0:00:06
2022-11-28 12:20:48 - --> time=0.550, max(chi)=125, max(S)=0.54270, avg DeltaS=1.0687e-01, since last update: 1.1s
2022-11-28 12:20:48 - svd, N=5, n= 11, chi=  125, S_vN=[0.54270241 0.54197277], err=1.1108295605569142e-13, time: 0:00:07
2022-11-28 12:20:50 - --> time=0.600, max(chi)=142, max(S)=0.64132, avg DeltaS=9.8521e-02, since last update: 1.7s
2022-11-28 12:20:50 - svd, N=5, n= 12, chi=  142, S_vN=[0.64131732 0.64040046], err=1.237678049952468e-13, time: 0:00:09
2022-11-28 12:20:53 - --> time=0.650, max(chi)=167, max(S)=0.72761, avg DeltaS=8.6267e-02, since last update: 2.9s
2022-11-28 12:20:53 - svd, N=5, n= 13, chi=  167, S_vN=[0.7276125  0.72663858], err=1.3738738885375803e-13, time: 0:00:12
