2022-11-28 16:44:50 - ClockModel: reading 'bc_MPS'='infinite'
2022-11-28 16:44:50 - ClockModel: reading 'conserve'=None
2022-11-28 16:44:50 - ClockModel: reading 'N'=5
2022-11-28 16:44:50 - ClockModel: reading 'L'=2
2022-11-28 16:44:50 - ClockModel: reading 'J'=1.0
2022-11-28 16:44:50 - ClockModel: reading 'g'=2
2022-11-28 16:44:50 - TEBDEngine: subconfig 'trunc_params'=Config(<2 options>, 'trunc_params')
2022-11-28 16:44:50 - TEBDEngine: reading 'dt'=0.05
2022-11-28 16:44:50 - TEBDEngine: reading 'N_steps'=1
2022-11-28 16:44:50 - TEBDEngine: reading 'order'=2
2022-11-28 16:44:50 - Calculate U for {'order': 2, 'delta_t': 0.05, 'type_evo': 'real', 'E_offset': None, 'tau': 0.05}
2022-11-28 16:44:50 - trunc_params: reading 'chi_max'=1024
2022-11-28 16:44:50 - trunc_params: reading 'svd_min'=1e-14
2022-11-28 16:44:50 - --> time=0.050, max(chi)=11, max(S)=0.00001, avg DeltaS=7.5955e-06, since last update: 0.0s
2022-11-28 16:44:50 - svd, N=5, n=  1, chi=   11, S_vN=[5.03050218e-06 1.01604405e-05], err=1.1090982798594636e-14, time: 0:00:00
2022-11-28 16:44:50 - --> time=0.100, max(chi)=17, max(S)=0.00036, avg DeltaS=3.3026e-04, since last update: 0.0s
2022-11-28 16:44:50 - svd, N=5, n=  2, chi=   17, S_vN=[0.00031072 0.00036499], err=1.9285158304361145e-14, time: 0:00:00
2022-11-28 16:44:50 - --> time=0.150, max(chi)=25, max(S)=0.00297, avg DeltaS=2.5376e-03, since last update: 0.0s
2022-11-28 16:44:50 - svd, N=5, n=  3, chi=   25, S_vN=[0.00278402 0.0029669 ], err=2.5883502836043824e-14, time: 0:00:00
2022-11-28 16:44:50 - --> time=0.200, max(chi)=29, max(S)=0.01234, avg DeltaS=9.2830e-03, since last update: 0.1s
2022-11-28 16:44:50 - svd, N=5, n=  4, chi=   29, S_vN=[0.01197408 0.01234279], err=3.151390471235471e-14, time: 0:00:00
2022-11-28 16:44:50 - --> time=0.250, max(chi)=38, max(S)=0.03494, avg DeltaS=2.2515e-02, since last update: 0.1s
2022-11-28 16:44:50 - svd, N=5, n=  5, chi=   38, S_vN=[0.0344053  0.03494109], err=4.25087537899407e-14, time: 0:00:00
2022-11-28 16:44:51 - --> time=0.300, max(chi)=48, max(S)=0.07682, avg DeltaS=4.1849e-02, since last update: 0.2s
2022-11-28 16:44:51 - svd, N=5, n=  6, chi=   48, S_vN=[0.07622291 0.07682083], err=5.543994677928543e-14, time: 0:00:00
2022-11-28 16:44:51 - --> time=0.350, max(chi)=61, max(S)=0.14108, avg DeltaS=6.4306e-02, since last update: 0.1s
2022-11-28 16:44:51 - svd, N=5, n=  7, chi=   61, S_vN=[0.14057549 0.1410801 ], err=6.85559025457748e-14, time: 0:00:00
2022-11-28 16:44:51 - --> time=0.400, max(chi)=75, max(S)=0.22639, avg DeltaS=8.5428e-02, since last update: 0.1s
2022-11-28 16:44:51 - svd, N=5, n=  8, chi=   75, S_vN=[0.22612457 0.22638644], err=7.667484944575964e-14, time: 0:00:00
2022-11-28 16:44:51 - --> time=0.450, max(chi)=87, max(S)=0.32725, avg DeltaS=1.0096e-01, since last update: 0.2s
2022-11-28 16:44:51 - svd, N=5, n=  9, chi=   87, S_vN=[0.32725429 0.32717809], err=8.832666893406988e-14, time: 0:00:00
2022-11-28 16:44:51 - --> time=0.500, max(chi)=105, max(S)=0.43568, avg DeltaS=1.0825e-01, since last update: 0.3s
2022-11-28 16:44:51 - svd, N=5, n= 10, chi=  105, S_vN=[0.43568026 0.43524846], err=9.975945240373576e-14, time: 0:00:01
2022-11-28 16:44:52 - --> time=0.550, max(chi)=125, max(S)=0.54270, avg DeltaS=1.0687e-01, since last update: 0.4s
2022-11-28 16:44:52 - svd, N=5, n= 11, chi=  125, S_vN=[0.54270241 0.54197277], err=1.1108661196094733e-13, time: 0:00:01
2022-11-28 16:44:52 - --> time=0.600, max(chi)=142, max(S)=0.64132, avg DeltaS=9.8521e-02, since last update: 0.5s
2022-11-28 16:44:52 - svd, N=5, n= 12, chi=  142, S_vN=[0.64131732 0.64040046], err=1.237716659821437e-13, time: 0:00:02
2022-11-28 16:44:53 - --> time=0.650, max(chi)=167, max(S)=0.72761, avg DeltaS=8.6267e-02, since last update: 0.6s
2022-11-28 16:44:53 - svd, N=5, n= 13, chi=  167, S_vN=[0.7276125  0.72663858], err=1.3739281546404586e-13, time: 0:00:02
2022-11-28 16:44:54 - --> time=0.700, max(chi)=195, max(S)=0.80115, avg DeltaS=7.3569e-02, since last update: 0.8s
2022-11-28 16:44:54 - svd, N=5, n= 14, chi=  195, S_vN=[0.80115212 0.80023614], err=1.5349729486844255e-13, time: 0:00:03
2022-11-28 16:44:55 - --> time=0.750, max(chi)=227, max(S)=0.86433, avg DeltaS=6.3248e-02, since last update: 1.2s
2022-11-28 16:44:55 - svd, N=5, n= 15, chi=  227, S_vN=[0.86433489 0.86354967], err=1.7096442587012566e-13, time: 0:00:04
2022-11-28 16:44:56 - --> time=0.800, max(chi)=266, max(S)=0.92096, avg DeltaS=5.6702e-02, since last update: 1.6s
2022-11-28 16:44:56 - svd, N=5, n= 16, chi=  266, S_vN=[0.9209609  0.92032765], err=1.9020465946482642e-13, time: 0:00:06
2022-11-28 16:44:59 - --> time=0.850, max(chi)=311, max(S)=0.97464, avg DeltaS=5.3750e-02, since last update: 2.4s
2022-11-28 16:44:59 - svd, N=5, n= 17, chi=  311, S_vN=[0.97464341 0.97414515], err=2.0859615395202255e-13, time: 0:00:08
2022-11-28 16:45:02 - --> time=0.900, max(chi)=355, max(S)=1.02794, avg DeltaS=5.3345e-02, since last update: 3.3s
2022-11-28 16:45:02 - svd, N=5, n= 18, chi=  355, S_vN=[1.02793673 1.02754183], err=2.288103493281547e-13, time: 0:00:12
2022-11-28 16:45:06 - --> time=0.950, max(chi)=406, max(S)=1.08241, avg DeltaS=5.4508e-02, since last update: 4.2s
2022-11-28 16:45:06 - svd, N=5, n= 19, chi=  406, S_vN=[1.08240907 1.08208558], err=2.4966614150928276e-13, time: 0:00:16
2022-11-28 16:45:12 - --> time=1.000, max(chi)=465, max(S)=1.13907, avg DeltaS=5.6677e-02, since last update: 5.8s
2022-11-28 16:45:12 - svd, N=5, n= 20, chi=  465, S_vN=[1.13906562 1.13878276], err=2.712706513609635e-13, time: 0:00:22
2022-11-28 16:45:20 - --> time=1.050, max(chi)=530, max(S)=1.19852, avg DeltaS=5.9463e-02, since last update: 7.3s
2022-11-28 16:45:20 - svd, N=5, n= 21, chi=  530, S_vN=[1.19852416 1.19825038], err=2.9454827954425317e-13, time: 0:00:29
2022-11-28 16:45:29 - --> time=1.100, max(chi)=605, max(S)=1.26086, avg DeltaS=6.2329e-02, since last update: 9.2s
2022-11-28 16:45:29 - svd, N=5, n= 22, chi=  605, S_vN=[1.26086354 1.26056945], err=3.204532902813914e-13, time: 0:00:38
2022-11-28 16:45:42 - --> time=1.150, max(chi)=692, max(S)=1.32544, avg DeltaS=6.4560e-02, since last update: 13.0s
2022-11-28 16:45:42 - svd, N=5, n= 23, chi=  692, S_vN=[1.32544385 1.32510936], err=3.4633850415276405e-13, time: 0:00:51
2022-11-28 16:46:00 - --> time=1.200, max(chi)=786, max(S)=1.39097, avg DeltaS=6.5507e-02, since last update: 18.3s
2022-11-28 16:46:00 - svd, N=5, n= 24, chi=  786, S_vN=[1.39097293 1.39059332], err=3.740591347003273e-13, time: 0:01:10
2022-11-28 16:46:27 - --> time=1.250, max(chi)=893, max(S)=1.45586, avg DeltaS=6.4871e-02, since last update: 26.6s
2022-11-28 16:46:27 - svd, N=5, n= 25, chi=  893, S_vN=[1.45586118 1.45544777], err=4.042331482880863e-13, time: 0:01:36
2022-11-28 16:47:07 - --> time=1.300, max(chi)=1015, max(S)=1.51871, avg DeltaS=6.2848e-02, since last update: 39.7s
2022-11-28 16:47:07 - svd, N=5, n= 26, chi= 1015, S_vN=[1.51871459 1.51828979], err=4.3694545160002027e-13, time: 0:02:16
2022-11-28 16:48:02 - --> time=1.350, max(chi)=1024, max(S)=1.57874, avg DeltaS=6.0035e-02, since last update: 54.5s
2022-11-28 16:48:02 - svd, N=5, n= 27, chi= 1024, S_vN=[1.57874232 1.57833132], err=6.646444774824068e-13, time: 0:03:11
2022-11-28 16:49:00 - --> time=1.400, max(chi)=1024, max(S)=1.63591, avg DeltaS=5.7189e-02, since last update: 58.1s
2022-11-28 16:49:00 - svd, N=5, n= 28, chi= 1024, S_vN=[1.63591436 1.63553718], err=1.9338627847284772e-12, time: 0:04:10
2022-11-28 16:49:58 - --> time=1.450, max(chi)=1024, max(S)=1.69086, avg DeltaS=5.4967e-02, since last update: 57.3s
2022-11-28 16:49:58 - svd, N=5, n= 29, chi= 1024, S_vN=[1.69085887 1.69052596], err=6.399662539107436e-12, time: 0:05:07
2022-11-28 16:50:56 - --> time=1.500, max(chi)=1024, max(S)=1.74462, avg DeltaS=5.3782e-02, since last update: 58.4s
2022-11-28 16:50:57 - svd, N=5, n= 30, chi= 1024, S_vN=[1.74461914 1.74433063], err=2.015530299223456e-11, time: 0:06:06
2022-11-28 16:51:54 - --> time=1.550, max(chi)=1024, max(S)=1.79839, avg DeltaS=5.3789e-02, since last update: 57.7s
2022-11-28 16:51:55 - svd, N=5, n= 31, chi= 1024, S_vN=[1.79839083 1.79813777], err=5.938570400998738e-11, time: 0:07:04
2022-11-28 16:52:53 - --> time=1.600, max(chi)=1024, max(S)=1.85327, avg DeltaS=5.4892e-02, since last update: 58.2s
2022-11-28 16:52:53 - svd, N=5, n= 32, chi= 1024, S_vN=[1.85327332 1.85303972], err=1.6504966053102578e-10, time: 0:08:02
2022-11-28 16:53:56 - --> time=1.650, max(chi)=1024, max(S)=1.91003, avg DeltaS=5.6759e-02, since last update: 62.9s
2022-11-28 16:53:56 - svd, N=5, n= 33, chi= 1024, S_vN=[1.9100324  1.90979859], err=4.381216701521309e-10, time: 0:09:06
2022-11-28 16:54:55 - --> time=1.700, max(chi)=1024, max(S)=1.96892, avg DeltaS=5.8882e-02, since last update: 58.4s
2022-11-28 16:54:55 - svd, N=5, n= 34, chi= 1024, S_vN=[1.96892398 1.96867152], err=1.1079576286601667e-09, time: 0:10:04
2022-11-28 16:56:00 - --> time=1.750, max(chi)=1024, max(S)=2.02966, avg DeltaS=6.0723e-02, since last update: 65.1s
2022-11-28 16:56:00 - svd, N=5, n= 35, chi= 1024, S_vN=[2.02966242 2.0293791 ], err=2.6856386303811323e-09, time: 0:11:10
2022-11-28 16:57:01 - --> time=1.800, max(chi)=1024, max(S)=2.09156, avg DeltaS=6.1884e-02, since last update: 60.5s
2022-11-28 16:57:01 - svd, N=5, n= 36, chi= 1024, S_vN=[2.09156372 2.09124628], err=6.271593677683276e-09, time: 0:12:10
2022-11-28 16:57:59 - --> time=1.850, max(chi)=1024, max(S)=2.15379, avg DeltaS=6.2216e-02, since last update: 58.1s
2022-11-28 16:58:00 - svd, N=5, n= 37, chi= 1024, S_vN=[2.1537948  2.15344819], err=1.4103778197370031e-08, time: 0:13:09
2022-11-28 16:59:02 - --> time=1.900, max(chi)=1024, max(S)=2.21561, avg DeltaS=6.1803e-02, since last update: 62.6s
2022-11-28 16:59:02 - svd, N=5, n= 38, chi= 1024, S_vN=[2.21560745 2.21524146], err=3.0526302861424105e-08, time: 0:14:12
2022-11-28 17:00:03 - --> time=1.950, max(chi)=1024, max(S)=2.27647, avg DeltaS=6.0862e-02, since last update: 60.7s
2022-11-28 17:00:03 - svd, N=5, n= 39, chi= 1024, S_vN=[2.27647375 2.2760991 ], err=6.377848587560436e-08, time: 0:15:13
2022-11-28 17:01:05 - --> time=2.000, max(chi)=1024, max(S)=2.33612, avg DeltaS=5.9644e-02, since last update: 61.8s
2022-11-28 17:01:06 - svd, N=5, n= 40, chi= 1024, S_vN=[2.33611734 2.33574289], err=1.2868914754637855e-07, time: 0:16:15
2022-11-28 17:02:07 - --> time=2.050, max(chi)=1024, max(S)=2.39448, avg DeltaS=5.8366e-02, since last update: 61.1s
2022-11-28 17:02:07 - svd, N=5, n= 41, chi= 1024, S_vN=[2.39448075 2.39411228], err=2.507568026910594e-07, time: 0:17:16
2022-11-28 17:03:07 - --> time=2.100, max(chi)=1024, max(S)=2.45168, avg DeltaS=5.7199e-02, since last update: 59.7s
2022-11-28 17:03:07 - svd, N=5, n= 42, chi= 1024, S_vN=[2.45167512 2.45131566], err=4.7537591909161766e-07, time: 0:18:16
2022-11-28 17:04:08 - --> time=2.150, max(chi)=1024, max(S)=2.50794, avg DeltaS=5.6275e-02, since last update: 61.4s
2022-11-28 17:04:09 - svd, N=5, n= 43, chi= 1024, S_vN=[2.50794473 2.50759534], err=8.767286234161932e-07, time: 0:19:18
2022-11-28 17:05:15 - --> time=2.200, max(chi)=1024, max(S)=2.56364, avg DeltaS=5.5705e-02, since last update: 66.4s
2022-11-28 17:05:15 - svd, N=5, n= 44, chi= 1024, S_vN=[2.56364454 2.56330474], err=1.5693485146435142e-06, time: 0:20:25
2022-11-28 17:06:18 - --> time=2.250, max(chi)=1024, max(S)=2.61920, avg DeltaS=5.5556e-02, since last update: 62.3s
2022-11-28 17:06:18 - svd, N=5, n= 45, chi= 1024, S_vN=[2.61919698 2.61886452], err=2.729785396189724e-06, time: 0:21:27
2022-11-28 17:07:21 - --> time=2.300, max(chi)=1024, max(S)=2.67500, avg DeltaS=5.5808e-02, since last update: 63.2s
2022-11-28 17:07:21 - svd, N=5, n= 46, chi= 1024, S_vN=[2.67500376 2.67467458], err=4.6267421276768565e-06, time: 0:22:31
2022-11-28 17:08:22 - --> time=2.350, max(chi)=1024, max(S)=2.73134, avg DeltaS=5.6333e-02, since last update: 60.3s
2022-11-28 17:08:22 - svd, N=5, n= 47, chi= 1024, S_vN=[2.73133722 2.73100623], err=7.660655955479532e-06, time: 0:23:31
2022-11-28 17:09:25 - --> time=2.400, max(chi)=1024, max(S)=2.78827, avg DeltaS=5.6928e-02, since last update: 63.0s
2022-11-28 17:09:25 - svd, N=5, n= 48, chi= 1024, S_vN=[2.78826808 2.78793058], err=1.2403192168669911e-05, time: 0:24:35
2022-11-28 17:10:26 - --> time=2.450, max(chi)=1024, max(S)=2.84567, avg DeltaS=5.7393e-02, since last update: 61.0s
2022-11-28 17:10:27 - svd, N=5, n= 49, chi= 1024, S_vN=[2.84566614 2.845319  ], err=1.9677798274276554e-05, time: 0:25:36
2022-11-28 17:11:28 - --> time=2.500, max(chi)=1024, max(S)=2.90326, avg DeltaS=5.7591e-02, since last update: 61.6s
2022-11-28 17:11:29 - svd, N=5, n= 50, chi= 1024, S_vN=[2.90326303 2.90290506], err=3.061870708912665e-05, time: 0:26:38
2022-11-28 17:12:32 - --> time=2.550, max(chi)=1024, max(S)=2.96074, avg DeltaS=5.7470e-02, since last update: 63.8s
2022-11-28 17:12:33 - svd, N=5, n= 51, chi= 1024, S_vN=[2.96073852 2.96037051], err=4.669425703803895e-05, time: 0:27:42
2022-11-28 17:13:33 - --> time=2.600, max(chi)=1024, max(S)=3.01780, avg DeltaS=5.7059e-02, since last update: 60.3s
2022-11-28 17:13:33 - svd, N=5, n= 52, chi= 1024, S_vN=[3.01780118 3.01742573], err=6.981569735131838e-05, time: 0:28:43
2022-11-28 17:14:43 - --> time=2.650, max(chi)=1024, max(S)=3.07425, avg DeltaS=5.6451e-02, since last update: 70.0s
2022-11-28 17:14:44 - svd, N=5, n= 53, chi= 1024, S_vN=[3.07425392 3.07387511], err=0.0001024550748976167, time: 0:29:53
2022-11-28 17:15:45 - --> time=2.700, max(chi)=1024, max(S)=3.13004, avg DeltaS=5.5785e-02, since last update: 61.6s
2022-11-28 17:15:46 - svd, N=5, n= 54, chi= 1024, S_vN=[3.13003854 3.12966108], err=0.0001475761553977366, time: 0:30:55
2022-11-28 17:16:49 - --> time=2.750, max(chi)=1024, max(S)=3.18525, avg DeltaS=5.5209e-02, since last update: 63.6s
2022-11-28 17:16:49 - svd, N=5, n= 55, chi= 1024, S_vN=[3.18524521 3.1848731 ], err=0.0002087339045866335, time: 0:31:59
2022-11-28 17:17:51 - --> time=2.800, max(chi)=1024, max(S)=3.24008, avg DeltaS=5.4834e-02, since last update: 61.7s
2022-11-28 17:17:52 - svd, N=5, n= 56, chi= 1024, S_vN=[3.24007572 3.23971091], err=0.00029028841492820067, time: 0:33:01
2022-11-28 17:18:52 - --> time=2.850, max(chi)=1024, max(S)=3.29477, avg DeltaS=5.4697e-02, since last update: 60.3s
2022-11-28 17:18:52 - svd, N=5, n= 57, chi= 1024, S_vN=[3.29476901 3.2944109 ], err=0.00039751320174525527, time: 0:34:02
2022-11-28 17:19:53 - --> time=2.900, max(chi)=1024, max(S)=3.34952, avg DeltaS=5.4749e-02, since last update: 60.8s
2022-11-28 17:19:53 - svd, N=5, n= 58, chi= 1024, S_vN=[3.34951633 3.34916213], err=0.0005369242241761005, time: 0:35:03
2022-11-28 17:20:54 - --> time=2.950, max(chi)=1024, max(S)=3.40440, avg DeltaS=5.4881e-02, since last update: 60.6s
2022-11-28 17:20:54 - svd, N=5, n= 59, chi= 1024, S_vN=[3.40439725 3.40404318], err=0.0007162000342707774, time: 0:36:04
2022-11-28 17:21:56 - --> time=3.000, max(chi)=1024, max(S)=3.45936, avg DeltaS=5.4961e-02, since last update: 61.6s
2022-11-28 17:21:56 - svd, N=5, n= 60, chi= 1024, S_vN=[3.45935966 3.45900238], err=0.0009435229979246338, time: 0:37:05
2022-11-28 17:22:56 - --> time=3.050, max(chi)=1024, max(S)=3.51425, avg DeltaS=5.4890e-02, since last update: 60.0s
2022-11-28 17:22:56 - svd, N=5, n= 61, chi= 1024, S_vN=[3.51425214 3.51388988], err=0.001227243087915093, time: 0:38:06
2022-11-28 17:24:00 - --> time=3.100, max(chi)=1024, max(S)=3.56890, avg DeltaS=5.4642e-02, since last update: 63.2s
2022-11-28 17:24:00 - svd, N=5, n= 62, chi= 1024, S_vN=[3.56889632 3.56852894], err=0.0015761594289155044, time: 0:39:09
2022-11-28 17:25:00 - --> time=3.150, max(chi)=1024, max(S)=3.62317, avg DeltaS=5.4267e-02, since last update: 60.2s
2022-11-28 17:25:00 - svd, N=5, n= 63, chi= 1024, S_vN=[3.62316558 3.62279373], err=0.0020003270664157445, time: 0:40:10
2022-11-28 17:26:01 - --> time=3.200, max(chi)=1024, max(S)=3.67703, avg DeltaS=5.3864e-02, since last update: 60.9s
2022-11-28 17:26:02 - svd, N=5, n= 64, chi= 1024, S_vN=[3.67703201 3.67665582], err=0.0025111897238321358, time: 0:41:11
2022-11-28 17:27:03 - --> time=3.250, max(chi)=1024, max(S)=3.73056, avg DeltaS=5.3527e-02, since last update: 61.0s
2022-11-28 17:27:03 - svd, N=5, n= 65, chi= 1024, S_vN=[3.73056233 3.7301803 ], err=0.003120497220160625, time: 0:42:12
2022-11-28 17:28:04 - --> time=3.300, max(chi)=1024, max(S)=3.78387, avg DeltaS=5.3308e-02, since last update: 60.5s
2022-11-28 17:28:04 - svd, N=5, n= 66, chi= 1024, S_vN=[3.78387444 3.78348329], err=0.0038387371594715606, time: 0:43:13
2022-11-28 17:29:06 - --> time=3.350, max(chi)=1024, max(S)=3.83709, avg DeltaS=5.3205e-02, since last update: 62.6s
2022-11-28 17:29:07 - svd, N=5, n= 67, chi= 1024, S_vN=[3.83708678 3.83668186], err=0.004674979523387268, time: 0:44:16
2022-11-28 17:30:08 - --> time=3.400, max(chi)=1024, max(S)=3.89029, avg DeltaS=5.3191e-02, since last update: 60.8s
2022-11-28 17:30:08 - svd, N=5, n= 68, chi= 1024, S_vN=[3.89028738 3.88986309], err=0.0056402498183457704, time: 0:45:17
2022-11-28 17:31:12 - --> time=3.450, max(chi)=1024, max(S)=3.94353, avg DeltaS=5.3228e-02, since last update: 64.5s
2022-11-28 17:31:13 - svd, N=5, n= 69, chi= 1024, S_vN=[3.94352853 3.94307833], err=0.006748964915179399, time: 0:46:22
2022-11-28 17:32:15 - --> time=3.500, max(chi)=1024, max(S)=3.99683, avg DeltaS=5.3289e-02, since last update: 62.4s
2022-11-28 17:32:15 - svd, N=5, n= 70, chi= 1024, S_vN=[3.99683479 3.99635074], err=0.008016810530038113, time: 0:47:25
2022-11-28 17:33:17 - --> time=3.550, max(chi)=1024, max(S)=4.05021, avg DeltaS=5.3352e-02, since last update: 61.5s
2022-11-28 17:33:17 - svd, N=5, n= 71, chi= 1024, S_vN=[4.05020849 4.04968082], err=0.009457958322654267, time: 0:48:27
2022-11-28 17:34:19 - --> time=3.600, max(chi)=1024, max(S)=4.10363, avg DeltaS=5.3390e-02, since last update: 61.9s
2022-11-28 17:34:19 - svd, N=5, n= 72, chi= 1024, S_vN=[4.10362594 4.10304291], err=0.011083382609584072, time: 0:49:29
2022-11-28 17:35:20 - --> time=3.650, max(chi)=1024, max(S)=4.15703, avg DeltaS=5.3368e-02, since last update: 60.5s
2022-11-28 17:35:20 - svd, N=5, n= 73, chi= 1024, S_vN=[4.15702843 4.15637661], err=0.012901321427069033, time: 0:50:30
2022-11-28 17:36:24 - --> time=3.700, max(chi)=1024, max(S)=4.21032, avg DeltaS=5.3248e-02, since last update: 63.8s
2022-11-28 17:36:24 - svd, N=5, n= 74, chi= 1024, S_vN=[4.2103178  4.20958277], err=0.014918926952011894, time: 0:51:34
2022-11-28 17:37:25 - --> time=3.750, max(chi)=1024, max(S)=4.26336, avg DeltaS=5.2997e-02, since last update: 60.9s
2022-11-28 17:37:26 - svd, N=5, n= 75, chi= 1024, S_vN=[4.26336392 4.26253093], err=0.01714191782098767, time: 0:52:35
2022-11-28 17:38:29 - --> time=3.800, max(chi)=1024, max(S)=4.31602, avg DeltaS=5.2605e-02, since last update: 63.2s
2022-11-28 17:38:29 - svd, N=5, n= 76, chi= 1024, S_vN=[4.3160248 4.3150793], err=0.01957293323584026, time: 0:53:38
2022-11-28 17:39:29 - --> time=3.850, max(chi)=1024, max(S)=4.36817, avg DeltaS=5.2086e-02, since last update: 60.2s
2022-11-28 17:39:29 - svd, N=5, n= 77, chi= 1024, S_vN=[4.36817423 4.36710187], err=0.022212330375191075, time: 0:54:39
2022-11-28 17:40:30 - --> time=3.900, max(chi)=1024, max(S)=4.41973, avg DeltaS=5.1483e-02, since last update: 60.7s
2022-11-28 17:40:30 - svd, N=5, n= 78, chi= 1024, S_vN=[4.41972833 4.41851454], err=0.025059810303525592, time: 0:55:40
2022-11-28 17:41:33 - --> time=3.950, max(chi)=1024, max(S)=4.47066, avg DeltaS=5.0855e-02, since last update: 62.7s
2022-11-28 17:41:33 - svd, N=5, n= 79, chi= 1024, S_vN=[4.47066168 4.46929104], err=0.028115212036555204, time: 0:56:43
2022-11-28 17:42:34 - --> time=4.000, max(chi)=1024, max(S)=4.52100, avg DeltaS=5.0256e-02, since last update: 60.1s
2022-11-28 17:42:34 - svd, N=5, n= 80, chi= 1024, S_vN=[4.52100468 4.51946058], err=0.03137810744230205, time: 0:57:43
2022-11-28 17:43:35 - --> time=4.050, max(chi)=1024, max(S)=4.57082, avg DeltaS=4.9720e-02, since last update: 61.5s
2022-11-28 17:43:36 - svd, N=5, n= 81, chi= 1024, S_vN=[4.57082048 4.56908539], err=0.03484712466048287, time: 0:58:45
2022-11-28 17:44:36 - --> time=4.100, max(chi)=1024, max(S)=4.62017, avg DeltaS=4.9244e-02, since last update: 60.0s
2022-11-28 17:44:36 - svd, N=5, n= 82, chi= 1024, S_vN=[4.62016908 4.6182251 ], err=0.038520704514049944, time: 0:59:45
2022-11-28 17:45:43 - --> time=4.150, max(chi)=1024, max(S)=4.66907, avg DeltaS=4.8790e-02, since last update: 67.2s
2022-11-28 17:45:43 - svd, N=5, n= 83, chi= 1024, S_vN=[4.66907253 4.66690197], err=0.04239684716996699, time: 1:00:53
2022-11-28 17:46:46 - --> time=4.200, max(chi)=1024, max(S)=4.71750, avg DeltaS=4.8302e-02, since last update: 62.9s
2022-11-28 17:46:47 - svd, N=5, n= 84, chi= 1024, S_vN=[4.71749607 4.71508188], err=0.046471281108962564, time: 1:01:56
2022-11-28 17:47:48 - --> time=4.250, max(chi)=1024, max(S)=4.76535, avg DeltaS=4.7725e-02, since last update: 61.3s
2022-11-28 17:47:48 - svd, N=5, n= 85, chi= 1024, S_vN=[4.76535085 4.76267728], err=0.05073810888576824, time: 1:02:58
2022-11-28 17:48:49 - --> time=4.300, max(chi)=1024, max(S)=4.81251, avg DeltaS=4.7027e-02, since last update: 61.0s
2022-11-28 17:48:50 - svd, N=5, n= 86, chi= 1024, S_vN=[4.81251448 4.80956757], err=0.0551922167258541, time: 1:03:59
2022-11-28 17:49:50 - --> time=4.350, max(chi)=1024, max(S)=4.85886, avg DeltaS=4.6203e-02, since last update: 60.4s
2022-11-28 17:49:50 - svd, N=5, n= 87, chi= 1024, S_vN=[4.85886056 4.85562826], err=0.05982995164554041, time: 1:05:00
2022-11-28 17:50:52 - --> time=4.400, max(chi)=1024, max(S)=4.90429, avg DeltaS=4.5279e-02, since last update: 62.1s
2022-11-28 17:50:53 - svd, N=5, n= 88, chi= 1024, S_vN=[4.90428706 4.90075885], err=0.0646480335089007, time: 1:06:02
2022-11-28 17:51:53 - --> time=4.450, max(chi)=1024, max(S)=4.94873, avg DeltaS=4.4295e-02, since last update: 60.0s
2022-11-28 17:51:53 - svd, N=5, n= 89, chi= 1024, S_vN=[4.94873478 4.94490112], err=0.06964189930344011, time: 1:07:02
2022-11-28 17:52:57 - --> time=4.500, max(chi)=1024, max(S)=4.99219, avg DeltaS=4.3300e-02, since last update: 64.2s
2022-11-28 17:52:57 - svd, N=5, n= 90, chi= 1024, S_vN=[4.99219172 4.98804405], err=0.07480437061880307, time: 1:08:07
2022-11-28 17:53:58 - --> time=4.550, max(chi)=1024, max(S)=5.03468, avg DeltaS=4.2332e-02, since last update: 60.3s
2022-11-28 17:53:58 - svd, N=5, n= 91, chi= 1024, S_vN=[5.03468472 5.03021595], err=0.08012536056352136, time: 1:09:07
2022-11-28 17:54:59 - --> time=4.600, max(chi)=1024, max(S)=5.07626, avg DeltaS=4.1415e-02, since last update: 60.7s
2022-11-28 17:54:59 - svd, N=5, n= 92, chi= 1024, S_vN=[5.0762625  5.07146747], err=0.08559268343213397, time: 1:10:08
2022-11-28 17:56:00 - --> time=4.650, max(chi)=1024, max(S)=5.11698, avg DeltaS=4.0549e-02, since last update: 61.1s
2022-11-28 17:56:01 - svd, N=5, n= 93, chi= 1024, S_vN=[5.11697615 5.11185203], err=0.09119274825083182, time: 1:11:10
2022-11-28 17:57:02 - --> time=4.700, max(chi)=1024, max(S)=5.15686, avg DeltaS=3.9722e-02, since last update: 61.1s
2022-11-28 17:57:02 - svd, N=5, n= 94, chi= 1024, S_vN=[5.15686314 5.15141   ], err=0.09691092096786626, time: 1:12:11
2022-11-28 17:58:06 - --> time=4.750, max(chi)=1024, max(S)=5.19594, avg DeltaS=3.8913e-02, since last update: 63.6s
2022-11-28 17:58:06 - svd, N=5, n= 95, chi= 1024, S_vN=[5.19593853 5.19015997], err=0.10273243941021763, time: 1:13:15
2022-11-28 17:59:06 - --> time=4.800, max(chi)=1024, max(S)=5.23419, avg DeltaS=3.8097e-02, since last update: 59.8s
2022-11-28 17:59:06 - svd, N=5, n= 96, chi= 1024, S_vN=[5.23419455 5.22809794], err=0.10864396754133925, time: 1:14:15
2022-11-28 18:00:08 - --> time=4.850, max(chi)=1024, max(S)=5.27161, avg DeltaS=3.7259e-02, since last update: 62.2s
2022-11-28 18:00:08 - svd, N=5, n= 97, chi= 1024, S_vN=[5.27160764 5.26520359], err=0.114635146328026, time: 1:15:18
2022-11-28 18:01:09 - --> time=4.900, max(chi)=1024, max(S)=5.30815, avg DeltaS=3.6394e-02, since last update: 60.1s
2022-11-28 18:01:09 - svd, N=5, n= 98, chi= 1024, S_vN=[5.30814953 5.30145051], err=0.12069921115494188, time: 1:16:18
2022-11-28 18:02:10 - --> time=4.950, max(chi)=1024, max(S)=5.34380, avg DeltaS=3.5507e-02, since last update: 60.7s
2022-11-28 18:02:10 - svd, N=5, n= 99, chi= 1024, S_vN=[5.3437973  5.33681578], err=0.1268322811572812, time: 1:17:19
2022-11-28 18:03:12 - --> time=5.000, max(chi)=1024, max(S)=5.37854, avg DeltaS=3.4605e-02, since last update: 62.0s
2022-11-28 18:03:12 - svd, N=5, n=100, chi= 1024, S_vN=[5.37853808 5.37128478], err=0.13303184730801446, time: 1:18:22
2022-11-28 18:04:13 - --> time=5.050, max(chi)=1024, max(S)=5.41237, avg DeltaS=3.3697e-02, since last update: 60.7s
2022-11-28 18:04:13 - svd, N=5, n=101, chi= 1024, S_vN=[5.41236703 5.4048501 ], err=0.13929551706055934, time: 1:19:23
2022-11-28 18:05:17 - --> time=5.100, max(chi)=1024, max(S)=5.44528, avg DeltaS=3.2786e-02, since last update: 63.4s
2022-11-28 18:05:17 - svd, N=5, n=102, chi= 1024, S_vN=[5.44528228 5.43750766], err=0.1456206914874383, time: 1:20:26
2022-11-28 18:06:18 - --> time=5.150, max(chi)=1024, max(S)=5.47728, avg DeltaS=3.1873e-02, since last update: 60.7s
2022-11-28 18:06:18 - svd, N=5, n=103, chi= 1024, S_vN=[5.47728174 5.46925441], err=0.15200479100766576, time: 1:21:27
2022-11-28 18:07:20 - --> time=5.200, max(chi)=1024, max(S)=5.50836, avg DeltaS=3.0959e-02, since last update: 62.0s
2022-11-28 18:07:20 - svd, N=5, n=104, chi= 1024, S_vN=[5.50836467 5.50009024], err=0.15844532844843978, time: 1:22:29
2022-11-28 18:08:21 - --> time=5.250, max(chi)=1024, max(S)=5.53854, avg DeltaS=3.0052e-02, since last update: 60.6s
2022-11-28 18:08:21 - svd, N=5, n=105, chi= 1024, S_vN=[5.53853638 5.53002229], err=0.164939723142697, time: 1:23:30
2022-11-28 18:09:22 - --> time=5.300, max(chi)=1024, max(S)=5.56781, avg DeltaS=2.9161e-02, since last update: 60.8s
2022-11-28 18:09:22 - svd, N=5, n=106, chi= 1024, S_vN=[5.56781209 5.55906814], err=0.17148504342194482, time: 1:24:32
2022-11-28 18:10:32 - --> time=5.350, max(chi)=1024, max(S)=5.59622, avg DeltaS=2.8296e-02, since last update: 69.7s
2022-11-28 18:10:32 - svd, N=5, n=107, chi= 1024, S_vN=[5.59621727 5.5872554 ], err=0.1780775599459, time: 1:25:42
2022-11-28 18:11:33 - --> time=5.400, max(chi)=1024, max(S)=5.62379, avg DeltaS=2.7465e-02, since last update: 61.1s
2022-11-28 18:11:34 - svd, N=5, n=108, chi= 1024, S_vN=[5.62378508 5.61461853], err=0.1847120445105581, time: 1:26:43
2022-11-28 18:12:37 - --> time=5.450, max(chi)=1024, max(S)=5.65055, avg DeltaS=2.6672e-02, since last update: 63.7s
2022-11-28 18:12:38 - svd, N=5, n=109, chi= 1024, S_vN=[5.65055309 5.64119541], err=0.19138118008947558, time: 1:27:47
2022-11-28 18:13:39 - --> time=5.500, max(chi)=1024, max(S)=5.67656, avg DeltaS=2.5919e-02, since last update: 61.3s
2022-11-28 18:13:39 - svd, N=5, n=110, chi= 1024, S_vN=[5.67656122 5.6670253 ], err=0.19807537253835802, time: 1:28:49
2022-11-28 18:14:44 - --> time=5.550, max(chi)=1024, max(S)=5.70185, avg DeltaS=2.5206e-02, since last update: 65.0s
2022-11-28 18:14:44 - svd, N=5, n=111, chi= 1024, S_vN=[5.70185047 5.69214809], err=0.20478320078814452, time: 1:29:54
2022-11-28 18:15:46 - --> time=5.600, max(chi)=1024, max(S)=5.72646, avg DeltaS=2.4533e-02, since last update: 61.8s
2022-11-28 18:15:47 - svd, N=5, n=112, chi= 1024, S_vN=[5.72646092 5.71660288], err=0.21149288432880886, time: 1:30:56
2022-11-28 18:16:49 - --> time=5.650, max(chi)=1024, max(S)=5.75043, avg DeltaS=2.3894e-02, since last update: 62.9s
2022-11-28 18:16:50 - svd, N=5, n=113, chi= 1024, S_vN=[5.75042725 5.74042436], err=0.21819450897953496, time: 1:31:59
2022-11-28 18:17:52 - --> time=5.700, max(chi)=1024, max(S)=5.77377, avg DeltaS=2.3280e-02, since last update: 61.8s
2022-11-28 18:17:52 - svd, N=5, n=114, chi= 1024, S_vN=[5.77377322 5.76363757], err=0.22488185251224682, time: 1:33:01
2022-11-28 18:18:53 - --> time=5.750, max(chi)=1024, max(S)=5.79651, avg DeltaS=2.2676e-02, since last update: 61.2s
2022-11-28 18:18:53 - svd, N=5, n=115, chi= 1024, S_vN=[5.79650792 5.78625404], err=0.23155283381463396, time: 1:34:03
2022-11-28 18:19:55 - --> time=5.800, max(chi)=1024, max(S)=5.81863, avg DeltaS=2.2068e-02, since last update: 61.4s
2022-11-28 18:19:55 - svd, N=5, n=116, chi= 1024, S_vN=[5.81862665 5.80827161], err=0.2382086487775501, time: 1:35:04
2022-11-28 18:20:55 - --> time=5.850, max(chi)=1024, max(S)=5.84012, avg DeltaS=2.1448e-02, since last update: 60.2s
2022-11-28 18:20:55 - svd, N=5, n=117, chi= 1024, S_vN=[5.84011591 5.82967784], err=0.24485223771397832, time: 1:36:05
2022-11-28 18:21:58 - --> time=5.900, max(chi)=1024, max(S)=5.86096, avg DeltaS=2.0811e-02, since last update: 62.4s
2022-11-28 18:21:58 - svd, N=5, n=118, chi= 1024, S_vN=[5.86096047 5.8504558 ], err=0.2514865895904592, time: 1:37:08
2022-11-28 18:22:59 - --> time=5.950, max(chi)=1024, max(S)=5.88115, avg DeltaS=2.0163e-02, since last update: 60.8s
2022-11-28 18:22:59 - svd, N=5, n=119, chi= 1024, S_vN=[5.88115022 5.87059106], err=0.2581133515801678, time: 1:38:09
2022-11-28 18:24:00 - --> time=6.000, max(chi)=1024, max(S)=5.90069, avg DeltaS=1.9511e-02, since last update: 60.9s
2022-11-28 18:24:01 - svd, N=5, n=120, chi= 1024, S_vN=[5.9006852  5.89007832], err=0.26473221744997355, time: 1:39:10
2022-11-28 18:25:19 - --> time=6.050, max(chi)=1024, max(S)=5.91958, avg DeltaS=1.8870e-02, since last update: 78.7s
2022-11-28 18:25:19 - svd, N=5, n=121, chi= 1024, S_vN=[5.919578   5.90892582], err=0.27134126784492363, time: 1:40:29
2022-11-28 18:26:20 - --> time=6.100, max(chi)=1024, max(S)=5.93785, avg DeltaS=1.8253e-02, since last update: 60.1s
2022-11-28 18:26:20 - svd, N=5, n=122, chi= 1024, S_vN=[5.93785332 5.92715616], err=0.2779379341960621, time: 1:41:29
2022-11-28 18:27:38 - --> time=6.150, max(chi)=1024, max(S)=5.95555, avg DeltaS=1.7669e-02, since last update: 77.9s
2022-11-28 18:27:38 - svd, N=5, n=123, chi= 1024, S_vN=[5.9555451  5.94480328], err=0.28451976960029324, time: 1:42:47
2022-11-28 18:28:42 - --> time=6.200, max(chi)=1024, max(S)=5.97269, avg DeltaS=1.7126e-02, since last update: 64.0s
2022-11-28 18:28:42 - svd, N=5, n=124, chi= 1024, S_vN=[5.97269278 5.96190762], err=0.291084401493778, time: 1:43:52
2022-11-28 18:29:46 - --> time=6.250, max(chi)=1024, max(S)=5.98934, avg DeltaS=1.6624e-02, since last update: 63.4s
2022-11-28 18:29:46 - svd, N=5, n=125, chi= 1024, S_vN=[5.98933748 5.97851126], err=0.2976289211845618, time: 1:44:55
2022-11-28 18:30:47 - --> time=6.300, max(chi)=1024, max(S)=6.00552, avg DeltaS=1.6162e-02, since last update: 60.8s
2022-11-28 18:30:47 - svd, N=5, n=126, chi= 1024, S_vN=[6.00551823 5.99465395], err=0.3041494980743672, time: 1:45:57
2022-11-28 18:31:54 - --> time=6.350, max(chi)=1024, max(S)=6.02127, avg DeltaS=1.5733e-02, since last update: 66.8s
2022-11-28 18:31:54 - svd, N=5, n=127, chi= 1024, S_vN=[6.021268   6.01036943], err=0.31064175880973083, time: 1:47:04
2022-11-28 18:32:56 - --> time=6.400, max(chi)=1024, max(S)=6.03661, avg DeltaS=1.5327e-02, since last update: 61.3s
2022-11-28 18:32:56 - svd, N=5, n=128, chi= 1024, S_vN=[6.03660941 6.02568173], err=0.3171018040317509, time: 1:48:05
2022-11-28 18:33:58 - --> time=6.450, max(chi)=1024, max(S)=6.05155, avg DeltaS=1.4931e-02, since last update: 61.9s
2022-11-28 18:33:58 - svd, N=5, n=129, chi= 1024, S_vN=[6.05155177 6.04060215], err=0.3235271795692643, time: 1:49:07
2022-11-28 18:35:03 - --> time=6.500, max(chi)=1024, max(S)=6.06609, avg DeltaS=1.4533e-02, since last update: 64.9s
2022-11-28 18:35:03 - svd, N=5, n=130, chi= 1024, S_vN=[6.06609083 6.05512854], err=0.329917227096139, time: 1:50:13
2022-11-28 18:36:04 - --> time=6.550, max(chi)=1024, max(S)=6.08021, avg DeltaS=1.4120e-02, since last update: 60.9s
2022-11-28 18:36:04 - svd, N=5, n=131, chi= 1024, S_vN=[6.08021223 6.06924811], err=0.3362728357035364, time: 1:51:14
2022-11-28 18:37:20 - --> time=6.600, max(chi)=1024, max(S)=6.09390, avg DeltaS=1.3690e-02, since last update: 75.4s
2022-11-28 18:37:20 - svd, N=5, n=132, chi= 1024, S_vN=[6.09389759 6.08294291], err=0.34259589360347437, time: 1:52:30
2022-11-28 18:38:22 - --> time=6.650, max(chi)=1024, max(S)=6.10713, avg DeltaS=1.3243e-02, since last update: 61.5s
2022-11-28 18:38:22 - svd, N=5, n=133, chi= 1024, S_vN=[6.10713101 6.09619605], err=0.34888857007710017, time: 1:53:31
2022-11-28 18:39:47 - --> time=6.700, max(chi)=1024, max(S)=6.11990, avg DeltaS=1.2787e-02, since last update: 84.8s
2022-11-28 18:39:47 - svd, N=5, n=134, chi= 1024, S_vN=[6.11990447 6.10899712], err=0.35515251732132636, time: 1:54:57
2022-11-28 18:40:50 - --> time=6.750, max(chi)=1024, max(S)=6.13222, avg DeltaS=1.2333e-02, since last update: 62.8s
2022-11-28 18:40:50 - svd, N=5, n=135, chi= 1024, S_vN=[6.13222118 6.12134628], err=0.36138827736834817, time: 1:56:00
2022-11-28 18:41:55 - --> time=6.800, max(chi)=1024, max(S)=6.14410, avg DeltaS=1.1894e-02, since last update: 65.2s
2022-11-28 18:41:56 - svd, N=5, n=136, chi= 1024, S_vN=[6.14409741 6.13325713], err=0.36759517938993524, time: 1:57:05
2022-11-28 18:42:57 - --> time=6.850, max(chi)=1024, max(S)=6.15556, avg DeltaS=1.1483e-02, since last update: 61.0s
2022-11-28 18:42:57 - svd, N=5, n=137, chi= 1024, S_vN=[6.15556289 6.14475805], err=0.37377170915448843, time: 1:58:06
2022-11-28 18:43:58 - --> time=6.900, max(chi)=1024, max(S)=6.16666, avg DeltaS=1.1115e-02, since last update: 60.6s
2022-11-28 18:43:58 - svd, N=5, n=138, chi= 1024, S_vN=[6.16665972 6.15589154], err=0.3799160376577876, time: 1:59:07
2022-11-28 18:45:01 - --> time=6.950, max(chi)=1024, max(S)=6.17744, avg DeltaS=1.0800e-02, since last update: 62.7s
2022-11-28 18:45:01 - svd, N=5, n=139, chi= 1024, S_vN=[6.17743952 6.1667109 ], err=0.38602634889720644, time: 2:00:10
2022-11-28 18:46:03 - --> time=7.000, max(chi)=1024, max(S)=6.18796, avg DeltaS=1.0541e-02, since last update: 61.6s
2022-11-28 18:46:03 - svd, N=5, n=140, chi= 1024, S_vN=[6.18795825 6.17727436], err=0.39210083858155487, time: 2:01:12
2022-11-28 18:47:08 - --> time=7.050, max(chi)=1024, max(S)=6.19827, avg DeltaS=1.0337e-02, since last update: 64.6s
2022-11-28 18:47:08 - svd, N=5, n=141, chi= 1024, S_vN=[6.19826926 6.18763724], err=0.39813758915189656, time: 2:02:17
2022-11-28 18:48:09 - --> time=7.100, max(chi)=1024, max(S)=6.20842, avg DeltaS=1.0176e-02, since last update: 61.4s
2022-11-28 18:48:09 - svd, N=5, n=142, chi= 1024, S_vN=[6.20841521 6.1978434 ], err=0.4041346084068637, time: 2:03:19
2022-11-28 18:49:12 - --> time=7.150, max(chi)=1024, max(S)=6.21842, avg DeltaS=1.0040e-02, since last update: 62.6s
2022-11-28 18:49:12 - svd, N=5, n=143, chi= 1024, S_vN=[6.2184212  6.20791782], err=0.4100900825861725, time: 2:04:22
2022-11-28 18:50:14 - --> time=7.200, max(chi)=1024, max(S)=6.22829, avg DeltaS=9.9075e-03, since last update: 61.7s
2022-11-28 18:50:14 - svd, N=5, n=144, chi= 1024, S_vN=[6.22829109 6.21786285], err=0.41600270357325736, time: 2:05:24
2022-11-28 18:51:17 - --> time=7.250, max(chi)=1024, max(S)=6.23801, avg DeltaS=9.7570e-03, since last update: 62.9s
2022-11-28 18:51:18 - svd, N=5, n=145, chi= 1024, S_vN=[6.23800859 6.22765941], err=0.42187197395885606, time: 2:06:27
2022-11-28 18:52:22 - --> time=7.300, max(chi)=1024, max(S)=6.24754, avg DeltaS=9.5738e-03, since last update: 64.6s
2022-11-28 18:52:23 - svd, N=5, n=146, chi= 1024, S_vN=[6.24754266 6.23727285], err=0.42769844265924906, time: 2:07:32
2022-11-28 18:53:26 - --> time=7.350, max(chi)=1024, max(S)=6.25686, avg DeltaS=9.3508e-03, since last update: 63.4s
2022-11-28 18:53:26 - svd, N=5, n=147, chi= 1024, S_vN=[6.25685548 6.2466617 ], err=0.4334837516473929, time: 2:08:36
2022-11-28 18:54:30 - --> time=7.400, max(chi)=1024, max(S)=6.26591, avg DeltaS=9.0905e-03, since last update: 63.8s
2022-11-28 18:54:30 - svd, N=5, n=148, chi= 1024, S_vN=[6.26591119 6.25578705], err=0.4392303730785573, time: 2:09:40
2022-11-28 18:55:32 - --> time=7.450, max(chi)=1024, max(S)=6.27468, avg DeltaS=8.8035e-03, since last update: 61.8s
2022-11-28 18:55:32 - svd, N=5, n=149, chi= 1024, S_vN=[6.27468418 6.26462109], err=0.4449410869412536, time: 2:10:42
2022-11-28 18:56:39 - --> time=7.500, max(chi)=1024, max(S)=6.28317, avg DeltaS=8.5067e-03, since last update: 66.2s
2022-11-28 18:56:39 - svd, N=5, n=150, chi= 1024, S_vN=[6.28316528 6.27315329], err=0.4506184412129064, time: 2:11:48
2022-11-28 18:57:41 - --> time=7.550, max(chi)=1024, max(S)=6.29136, avg DeltaS=8.2196e-03, since last update: 61.9s
2022-11-28 18:57:41 - svd, N=5, n=151, chi= 1024, S_vN=[6.2913646  6.28139317], err=0.45626445898830753, time: 2:12:50
2022-11-28 18:58:46 - --> time=7.600, max(chi)=1024, max(S)=6.29931, avg DeltaS=7.9602e-03, since last update: 65.3s
2022-11-28 18:58:47 - svd, N=5, n=152, chi= 1024, S_vN=[6.29930964 6.28936857], err=0.46188067379177533, time: 2:13:56
2022-11-28 18:59:59 - --> time=7.650, max(chi)=1024, max(S)=6.30704, avg DeltaS=7.7404e-03, since last update: 72.4s
2022-11-28 18:59:59 - svd, N=5, n=153, chi= 1024, S_vN=[6.30703906 6.29711985], err=0.4674683424107332, time: 2:15:09
2022-11-28 19:01:02 - --> time=7.700, max(chi)=1024, max(S)=6.31459, avg DeltaS=7.5631e-03, since last update: 62.5s
2022-11-28 19:01:02 - svd, N=5, n=154, chi= 1024, S_vN=[6.31459391 6.30469131], err=0.47302858558132654, time: 2:16:12
2022-11-28 19:02:06 - --> time=7.750, max(chi)=1024, max(S)=6.32201, avg DeltaS=7.4231e-03, since last update: 63.5s
2022-11-28 19:02:06 - svd, N=5, n=155, chi= 1024, S_vN=[6.32200906 6.31212231], err=0.4785622952711859, time: 2:17:15
2022-11-28 19:03:07 - --> time=7.800, max(chi)=1024, max(S)=6.32931, avg DeltaS=7.3085e-03, since last update: 61.4s
2022-11-28 19:03:08 - svd, N=5, n=156, chi= 1024, S_vN=[6.32930762 6.3194408 ], err=0.4840698643096684, time: 2:18:17
2022-11-28 19:04:13 - --> time=7.850, max(chi)=1024, max(S)=6.33650, avg DeltaS=7.2056e-03, since last update: 65.7s
2022-11-28 19:04:14 - svd, N=5, n=157, chi= 1024, S_vN=[6.33649913 6.32666048], err=0.48955098085791926, time: 2:19:23
2022-11-28 19:05:16 - --> time=7.900, max(chi)=1024, max(S)=6.34358, avg DeltaS=7.1014e-03, since last update: 62.3s
2022-11-28 19:05:16 - svd, N=5, n=158, chi= 1024, S_vN=[6.34358117 6.3337813 ], err=0.4950046991376483, time: 2:20:26
2022-11-28 19:06:20 - --> time=7.950, max(chi)=1024, max(S)=6.35054, avg DeltaS=6.9859e-03, since last update: 63.4s
2022-11-28 19:06:20 - svd, N=5, n=159, chi= 1024, S_vN=[6.35054236 6.34079189], err=0.5004297735618591, time: 2:21:29
2022-11-28 19:07:21 - --> time=8.000, max(chi)=1024, max(S)=6.35737, avg DeltaS=6.8516e-03, since last update: 61.5s
2022-11-28 19:07:22 - svd, N=5, n=160, chi= 1024, S_vN=[6.35736509 6.34767228], err=0.5058250669518971, time: 2:22:31
2022-11-28 19:08:24 - --> time=8.050, max(chi)=1024, max(S)=6.36403, avg DeltaS=6.6935e-03, since last update: 62.2s
2022-11-28 19:08:24 - svd, N=5, n=161, chi= 1024, S_vN=[6.36402749 6.35439693], err=0.5111898390822112, time: 2:23:34
2022-11-28 19:09:28 - --> time=8.100, max(chi)=1024, max(S)=6.37051, avg DeltaS=6.5096e-03, since last update: 63.8s
2022-11-28 19:09:28 - svd, N=5, n=162, chi= 1024, S_vN=[6.37050543 6.36093825], err=0.5165238089285443, time: 2:24:38
2022-11-28 19:10:30 - --> time=8.150, max(chi)=1024, max(S)=6.37678, avg DeltaS=6.3016e-03, since last update: 61.2s
2022-11-28 19:10:30 - svd, N=5, n=163, chi= 1024, S_vN=[6.37677568 6.36727115], err=0.5218269989314065, time: 2:25:39
2022-11-28 19:11:35 - --> time=8.200, max(chi)=1024, max(S)=6.38282, avg DeltaS=6.0758e-03, since last update: 65.4s
2022-11-28 19:11:36 - svd, N=5, n=164, chi= 1024, S_vN=[6.38282056 6.37337788], err=0.5270995104496317, time: 2:26:45
2022-11-28 19:12:37 - --> time=8.250, max(chi)=1024, max(S)=6.38863, avg DeltaS=5.8432e-03, since last update: 61.2s
2022-11-28 19:12:37 - svd, N=5, n=165, chi= 1024, S_vN=[6.38863275 6.37925213], err=0.5323414503028219, time: 2:27:47
2022-11-28 19:13:41 - --> time=8.300, max(chi)=1024, max(S)=6.39422, avg DeltaS=5.6173e-03, since last update: 63.6s
2022-11-28 19:13:41 - svd, N=5, n=166, chi= 1024, S_vN=[6.39421831 6.38490114], err=0.537553103548742, time: 2:28:50
2022-11-28 19:14:44 - --> time=8.350, max(chi)=1024, max(S)=6.39960, avg DeltaS=5.4112e-03, since last update: 63.1s
2022-11-28 19:14:44 - svd, N=5, n=167, chi= 1024, S_vN=[6.39959669 6.39034513], err=0.5427351943937048, time: 2:29:54
2022-11-28 19:15:46 - --> time=8.400, max(chi)=1024, max(S)=6.40480, avg DeltaS=5.2350e-03, since last update: 61.6s
2022-11-28 19:15:46 - svd, N=5, n=168, chi= 1024, S_vN=[6.40479758 6.39561423], err=0.5478889425652476, time: 2:30:56
2022-11-28 19:16:50 - --> time=8.450, max(chi)=1024, max(S)=6.40986, avg DeltaS=5.0937e-03, since last update: 63.7s
2022-11-28 19:16:50 - svd, N=5, n=169, chi= 1024, S_vN=[6.40985566 6.4007435 ], err=0.5530157747168516, time: 2:32:00
2022-11-28 19:17:51 - --> time=8.500, max(chi)=1024, max(S)=6.41480, avg DeltaS=4.9862e-03, since last update: 61.0s
2022-11-28 19:17:52 - svd, N=5, n=170, chi= 1024, S_vN=[6.41480461 6.40576703], err=0.5581168513665308, time: 2:33:01
2022-11-28 19:18:56 - --> time=8.550, max(chi)=1024, max(S)=6.41967, avg DeltaS=4.9060e-03, since last update: 64.3s
2022-11-28 19:18:56 - svd, N=5, n=171, chi= 1024, S_vN=[6.41967152 6.4107122 ], err=0.5631927163627203, time: 2:34:06
2022-11-28 19:19:57 - --> time=8.600, max(chi)=1024, max(S)=6.42447, avg DeltaS=4.8423e-03, since last update: 61.1s
2022-11-28 19:19:58 - svd, N=5, n=172, chi= 1024, S_vN=[6.42447294 6.41559536], err=0.5682432616239838, time: 2:35:07
2022-11-28 19:21:01 - --> time=8.650, max(chi)=1024, max(S)=6.42921, avg DeltaS=4.7825e-03, since last update: 63.1s
2022-11-28 19:21:01 - svd, N=5, n=173, chi= 1024, S_vN=[6.42921334 6.42041998], err=0.5732679750276181, time: 2:36:11
2022-11-28 19:22:05 - --> time=8.700, max(chi)=1024, max(S)=6.43389, avg DeltaS=4.7155e-03, since last update: 63.4s
2022-11-28 19:22:05 - svd, N=5, n=174, chi= 1024, S_vN=[6.43388637 6.42517789], err=0.5782662887935767, time: 2:37:14
2022-11-28 19:23:06 - --> time=8.750, max(chi)=1024, max(S)=6.43848, avg DeltaS=4.6334e-03, since last update: 61.6s
2022-11-28 19:23:07 - svd, N=5, n=175, chi= 1024, S_vN=[6.43847802 6.42985294], err=0.583237842607812, time: 2:38:16
2022-11-28 19:24:12 - --> time=8.800, max(chi)=1024, max(S)=6.44297, avg DeltaS=4.5326e-03, since last update: 65.2s
2022-11-28 19:24:12 - svd, N=5, n=176, chi= 1024, S_vN=[6.44297062 6.43442555], err=0.5881825809980628, time: 2:39:22
2022-11-28 19:25:13 - --> time=8.850, max(chi)=1024, max(S)=6.44735, avg DeltaS=4.4133e-03, since last update: 61.2s
2022-11-28 19:25:14 - svd, N=5, n=177, chi= 1024, S_vN=[6.44734601 6.43887675], err=0.5931007266182783, time: 2:40:23
2022-11-28 19:26:21 - --> time=8.900, max(chi)=1024, max(S)=6.45159, avg DeltaS=4.2781e-03, since last update: 66.8s
2022-11-28 19:26:21 - svd, N=5, n=178, chi= 1024, S_vN=[6.45158797 6.4431909 ], err=0.5979927287335074, time: 2:41:30
2022-11-28 19:27:26 - --> time=8.950, max(chi)=1024, max(S)=6.45568, avg DeltaS=4.1312e-03, since last update: 65.3s
2022-11-28 19:27:27 - svd, N=5, n=179, chi= 1024, S_vN=[6.45568395 6.44735732], err=0.6028592509585681, time: 2:42:36
2022-11-28 19:28:28 - --> time=9.000, max(chi)=1024, max(S)=6.45963, avg DeltaS=3.9786e-03, since last update: 61.8s
2022-11-28 19:28:29 - svd, N=5, n=180, chi= 1024, S_vN=[6.45962708 6.4513713 ], err=0.6077011719953094, time: 2:43:38
2022-11-28 19:29:32 - --> time=9.050, max(chi)=1024, max(S)=6.46342, avg DeltaS=3.8274e-03, since last update: 63.6s
2022-11-28 19:29:33 - svd, N=5, n=181, chi= 1024, S_vN=[6.46341825 6.45523491], err=0.6125195183353317, time: 2:44:42
2022-11-28 19:30:35 - --> time=9.100, max(chi)=1024, max(S)=6.46707, avg DeltaS=3.6857e-03, since last update: 62.7s
2022-11-28 19:30:36 - svd, N=5, n=182, chi= 1024, S_vN=[6.46706723 6.45895741], err=0.6173152924351617, time: 2:45:45
2022-11-28 19:31:40 - --> time=9.150, max(chi)=1024, max(S)=6.47059, avg DeltaS=3.5608e-03, since last update: 64.7s
2022-11-28 19:31:41 - svd, N=5, n=183, chi= 1024, S_vN=[6.47059186 6.46255442], err=0.6220892443080696, time: 2:46:50
2022-11-28 19:32:43 - --> time=9.200, max(chi)=1024, max(S)=6.47401, avg DeltaS=3.4568e-03, since last update: 62.0s
2022-11-28 19:32:43 - svd, N=5, n=184, chi= 1024, S_vN=[6.47401468 6.46604526], err=0.6268416697161903, time: 2:47:52
2022-11-28 19:33:49 - --> time=9.250, max(chi)=1024, max(S)=6.47736, avg DeltaS=3.3735e-03, since last update: 65.7s
2022-11-28 19:33:49 - svd, N=5, n=185, chi= 1024, S_vN=[6.47735794 6.46944905], err=0.6315723193869188, time: 2:48:58
2022-11-28 19:34:51 - --> time=9.300, max(chi)=1024, max(S)=6.48064, avg DeltaS=3.3062e-03, since last update: 61.7s
2022-11-28 19:34:51 - svd, N=5, n=186, chi= 1024, S_vN=[6.48063866 6.47278073], err=0.6362804886665918, time: 2:50:00
2022-11-28 19:35:53 - --> time=9.350, max(chi)=1024, max(S)=6.48387, avg DeltaS=3.2471e-03, since last update: 62.5s
2022-11-28 19:35:54 - svd, N=5, n=187, chi= 1024, S_vN=[6.4838653  6.47604823], err=0.6409652747324432, time: 2:51:03
2022-11-28 19:36:57 - --> time=9.400, max(chi)=1024, max(S)=6.48704, avg DeltaS=3.1874e-03, since last update: 63.5s
2022-11-28 19:36:58 - svd, N=5, n=188, chi= 1024, S_vN=[6.48703666 6.4792516 ], err=0.6456258657536597, time: 2:52:07
2022-11-28 19:38:01 - --> time=9.450, max(chi)=1024, max(S)=6.49014, avg DeltaS=3.1193e-03, since last update: 63.7s
2022-11-28 19:38:02 - svd, N=5, n=189, chi= 1024, S_vN=[6.49014318 6.48238367], err=0.6502617099670526, time: 2:53:11
2022-11-28 19:39:06 - --> time=9.500, max(chi)=1024, max(S)=6.49317, avg DeltaS=3.0377e-03, since last update: 64.2s
2022-11-28 19:39:06 - svd, N=5, n=190, chi= 1024, S_vN=[6.49317002 6.48543229], err=0.6548725529514368, time: 2:54:16
2022-11-28 19:40:07 - --> time=9.550, max(chi)=1024, max(S)=6.49610, avg DeltaS=2.9410e-03, since last update: 60.9s
2022-11-28 19:40:07 - svd, N=5, n=191, chi= 1024, S_vN=[6.49610103 6.48838325], err=0.6594584564607131, time: 2:55:17
2022-11-28 19:41:10 - --> time=9.600, max(chi)=1024, max(S)=6.49892, avg DeltaS=2.8307e-03, since last update: 62.1s
2022-11-28 19:41:10 - svd, N=5, n=192, chi= 1024, S_vN=[6.49892215 6.4912236 ], err=0.6640198549077393, time: 2:56:19
2022-11-28 19:42:11 - --> time=9.650, max(chi)=1024, max(S)=6.50162, avg DeltaS=2.7112e-03, since last update: 60.8s
2022-11-28 19:42:11 - svd, N=5, n=193, chi= 1024, S_vN=[6.50162363 6.49394453], err=0.6685575524434675, time: 2:57:20
2022-11-28 19:43:12 - --> time=9.700, max(chi)=1024, max(S)=6.50420, avg DeltaS=2.5881e-03, since last update: 60.8s
2022-11-28 19:43:12 - svd, N=5, n=194, chi= 1024, S_vN=[6.50420114 6.49654323], err=0.673072540191999, time: 2:58:21
2022-11-28 19:44:14 - --> time=9.750, max(chi)=1024, max(S)=6.50666, avg DeltaS=2.4676e-03, since last update: 61.6s
2022-11-28 19:44:14 - svd, N=5, n=195, chi= 1024, S_vN=[6.50665612 6.49902351], err=0.6775656789869738, time: 2:59:23
2022-11-28 19:45:15 - --> time=9.800, max(chi)=1024, max(S)=6.50900, avg DeltaS=2.3556e-03, since last update: 60.7s
2022-11-28 19:45:15 - svd, N=5, n=196, chi= 1024, S_vN=[6.50899571 6.50139521], err=0.6820374567442333, time: 3:00:24
2022-11-28 19:46:20 - --> time=9.850, max(chi)=1024, max(S)=6.51123, avg DeltaS=2.2571e-03, since last update: 64.5s
2022-11-28 19:46:20 - svd, N=5, n=197, chi= 1024, S_vN=[6.51123234 6.50367273], err=0.6864879915222454, time: 3:01:29
2022-11-28 19:47:21 - --> time=9.900, max(chi)=1024, max(S)=6.51338, avg DeltaS=2.1752e-03, since last update: 60.7s
2022-11-28 19:47:21 - svd, N=5, n=198, chi= 1024, S_vN=[6.51338254 6.50587286], err=0.6909172364584039, time: 3:02:30
2022-11-28 19:48:22 - --> time=9.950, max(chi)=1024, max(S)=6.51546, avg DeltaS=2.1108e-03, since last update: 61.2s
2022-11-28 19:48:22 - svd, N=5, n=199, chi= 1024, S_vN=[6.51546479 6.50801211], err=0.6953251714229616, time: 3:03:32
2022-11-28 19:49:24 - --> time=10.000, max(chi)=1024, max(S)=6.51750, avg DeltaS=2.0618e-03, since last update: 62.1s
2022-11-28 19:49:25 - svd, N=5, n=200, chi= 1024, S_vN=[6.51749655 6.51010387], err=0.6997118225338859, time: 3:04:34
