2022-11-25 14:52:14 - ClockModel: reading 'bc_MPS'='infinite'
2022-11-25 14:52:14 - ClockModel: reading 'conserve'=None
2022-11-25 14:52:14 - ClockModel: reading 'N'=2
2022-11-25 14:52:14 - ClockModel: reading 'L'=2
2022-11-25 14:52:14 - ClockModel: reading 'J'=1.0
2022-11-25 14:52:14 - ClockModel: reading 'g'=2
2022-11-25 14:52:14 - TEBDEngine: subconfig 'trunc_params'=Config(<2 options>, 'trunc_params')
2022-11-25 14:52:14 - TEBDEngine: reading 'dt'=0.05
2022-11-25 14:52:14 - TEBDEngine: reading 'N_steps'=1
2022-11-25 14:52:14 - TEBDEngine: reading 'order'=2
2022-11-25 14:52:14 - Calculate U for {'order': 2, 'delta_t': 0.05, 'type_evo': 'real', 'E_offset': None, 'tau': 0.05}
2022-11-25 14:52:14 - trunc_params: reading 'chi_max'=4096
2022-11-25 14:52:14 - trunc_params: reading 'svd_min'=1e-14
2022-11-25 14:52:14 - --> time=0.050, max(chi)=4, max(S)=0.00041, avg DeltaS=3.0963e-04, since last update: 0.0s
2022-11-25 14:52:14 - svd, N=2, n=  1, chi=    4, S_vN=[0.00021331 0.00040594], err=2.437262223032919e-15, time: 0:00:00
2022-11-25 14:52:14 - --> time=0.100, max(chi)=6, max(S)=0.01065, avg DeltaS=9.7923e-03, since last update: 0.0s
2022-11-25 14:52:14 - svd, N=2, n=  2, chi=    6, S_vN=[0.00955289 0.0106509 ], err=3.559472909800665e-15, time: 0:00:00
2022-11-25 14:52:14 - --> time=0.150, max(chi)=9, max(S)=0.05801, avg DeltaS=4.7341e-02, since last update: 0.0s
2022-11-25 14:52:14 - svd, N=2, n=  3, chi=    9, S_vN=[0.05687598 0.05801061], err=1.443980187955795e-14, time: 0:00:00
2022-11-25 14:52:15 - --> time=0.200, max(chi)=11, max(S)=0.15238, avg DeltaS=9.4586e-02, since last update: 0.3s
2022-11-25 14:52:15 - svd, N=2, n=  4, chi=   11, S_vN=[0.1523786  0.15168058], err=1.5343988854031222e-14, time: 0:00:00
2022-11-25 14:52:15 - --> time=0.250, max(chi)=13, max(S)=0.26355, avg DeltaS=1.1017e-01, since last update: 0.1s
2022-11-25 14:52:15 - svd, N=2, n=  5, chi=   13, S_vN=[0.26354924 0.2608421 ], err=1.9431394181260326e-14, time: 0:00:00
2022-11-25 14:52:15 - --> time=0.300, max(chi)=16, max(S)=0.35036, avg DeltaS=8.6619e-02, since last update: 0.1s
2022-11-25 14:52:15 - svd, N=2, n=  6, chi=   16, S_vN=[0.35036406 0.3472648 ], err=2.438220517213044e-14, time: 0:00:00
2022-11-25 14:52:15 - --> time=0.350, max(chi)=20, max(S)=0.40120, avg DeltaS=5.1453e-02, since last update: 0.0s
2022-11-25 14:52:15 - svd, N=2, n=  7, chi=   20, S_vN=[0.40119892 0.39933562], err=3.0918692151223586e-14, time: 0:00:00
2022-11-25 14:52:15 - --> time=0.400, max(chi)=23, max(S)=0.43372, avg DeltaS=3.3295e-02, since last update: 0.1s
2022-11-25 14:52:15 - svd, N=2, n=  8, chi=   23, S_vN=[0.43371835 0.43340651], err=3.4644025313978264e-14, time: 0:00:00
2022-11-25 14:52:15 - --> time=0.450, max(chi)=28, max(S)=0.47240, avg DeltaS=3.8693e-02, since last update: 0.1s
2022-11-25 14:52:15 - svd, N=2, n=  9, chi=   28, S_vN=[0.47210626 0.47240419], err=3.695990401692679e-14, time: 0:00:00
2022-11-25 14:52:15 - --> time=0.500, max(chi)=33, max(S)=0.52541, avg DeltaS=5.3095e-02, since last update: 0.1s
2022-11-25 14:52:15 - svd, N=2, n= 10, chi=   33, S_vN=[0.52541446 0.52528588], err=4.1261449587388194e-14, time: 0:00:00
2022-11-25 14:52:15 - --> time=0.550, max(chi)=38, max(S)=0.58579, avg DeltaS=6.0086e-02, since last update: 0.1s
2022-11-25 14:52:15 - svd, N=2, n= 11, chi=   38, S_vN=[0.58578694 0.58508506], err=4.836655360047271e-14, time: 0:00:00
2022-11-25 14:52:15 - --> time=0.600, max(chi)=45, max(S)=0.64327, avg DeltaS=5.7494e-02, since last update: 0.1s
2022-11-25 14:52:15 - svd, N=2, n= 12, chi=   45, S_vN=[0.64327496 0.64258408], err=5.501288859223354e-14, time: 0:00:01
2022-11-25 14:52:16 - --> time=0.650, max(chi)=52, max(S)=0.69787, avg DeltaS=5.4834e-02, since last update: 0.1s
2022-11-25 14:52:16 - svd, N=2, n= 13, chi=   52, S_vN=[0.69787066 0.69765729], err=6.106135920498341e-14, time: 0:00:01
2022-11-25 14:52:16 - --> time=0.700, max(chi)=58, max(S)=0.75759, avg DeltaS=5.9791e-02, since last update: 0.2s
2022-11-25 14:52:16 - svd, N=2, n= 14, chi=   58, S_vN=[0.75751803 0.75759235], err=6.57865227583606e-14, time: 0:00:01
2022-11-25 14:52:16 - --> time=0.750, max(chi)=68, max(S)=0.82728, avg DeltaS=6.9617e-02, since last update: 0.3s
2022-11-25 14:52:16 - svd, N=2, n= 15, chi=   68, S_vN=[0.82727744 0.82706721], err=7.309056760874984e-14, time: 0:00:01
2022-11-25 14:52:17 - --> time=0.800, max(chi)=81, max(S)=0.90297, avg DeltaS=7.5417e-02, since last update: 0.5s
2022-11-25 14:52:17 - svd, N=2, n= 16, chi=   81, S_vN=[0.90297422 0.90220481], err=8.178396736585915e-14, time: 0:00:02
2022-11-25 14:52:17 - --> time=0.850, max(chi)=92, max(S)=0.97607, avg DeltaS=7.2954e-02, since last update: 0.7s
2022-11-25 14:52:17 - svd, N=2, n= 17, chi=   92, S_vN=[0.97606728 0.97502014], err=8.78905381177822e-14, time: 0:00:02
2022-11-25 14:52:18 - --> time=0.900, max(chi)=103, max(S)=1.04268, avg DeltaS=6.6700e-02, since last update: 0.8s
2022-11-25 14:52:18 - svd, N=2, n= 18, chi=  103, S_vN=[1.04268151 1.04180618], err=9.504520396343703e-14, time: 0:00:03
2022-11-25 14:52:19 - --> time=0.950, max(chi)=120, max(S)=1.10614, avg DeltaS=6.3600e-02, since last update: 0.9s
2022-11-25 14:52:19 - svd, N=2, n= 19, chi=  120, S_vN=[1.10614168 1.10554641], err=1.0416261966982545e-13, time: 0:00:04
2022-11-25 14:52:20 - --> time=1.000, max(chi)=134, max(S)=1.17119, avg DeltaS=6.5049e-02, since last update: 1.2s
2022-11-25 14:52:20 - svd, N=2, n= 20, chi=  134, S_vN=[1.17119042 1.17059664], err=1.13089555346139e-13, time: 0:00:05
2022-11-25 14:52:22 - --> time=1.050, max(chi)=156, max(S)=1.23772, avg DeltaS=6.6401e-02, since last update: 1.4s
2022-11-25 14:52:22 - svd, N=2, n= 21, chi=  156, S_vN=[1.23771619 1.23687278], err=1.2290759868181944e-13, time: 0:00:07
2022-11-25 14:52:23 - --> time=1.100, max(chi)=175, max(S)=1.30148, avg DeltaS=6.3686e-02, since last update: 1.6s
2022-11-25 14:52:23 - svd, N=2, n= 22, chi=  175, S_vN=[1.30147696 1.30048364], err=1.331710274702742e-13, time: 0:00:08
2022-11-25 14:52:25 - --> time=1.150, max(chi)=200, max(S)=1.35996, avg DeltaS=5.8568e-02, since last update: 2.0s
2022-11-25 14:52:25 - svd, N=2, n= 23, chi=  200, S_vN=[1.35996364 1.35913324], err=1.4333711879161015e-13, time: 0:00:10
2022-11-25 14:52:28 - --> time=1.200, max(chi)=225, max(S)=1.41572, avg DeltaS=5.5915e-02, since last update: 2.5s
2022-11-25 14:52:28 - svd, N=2, n= 24, chi=  225, S_vN=[1.41572279 1.41520342], err=1.563612098652801e-13, time: 0:00:13
2022-11-25 14:52:30 - --> time=1.250, max(chi)=259, max(S)=1.47349, avg DeltaS=5.7844e-02, since last update: 2.4s
2022-11-25 14:52:30 - svd, N=2, n= 25, chi=  259, S_vN=[1.47349484 1.47311893], err=1.6844201629801542e-13, time: 0:00:15
2022-11-25 14:52:34 - --> time=1.300, max(chi)=288, max(S)=1.53513, avg DeltaS=6.1585e-02, since last update: 3.8s
2022-11-25 14:52:34 - svd, N=2, n= 26, chi=  288, S_vN=[1.53513477 1.5346484 ], err=1.8002513306678903e-13, time: 0:00:19
2022-11-25 14:52:40 - --> time=1.350, max(chi)=325, max(S)=1.59846, avg DeltaS=6.3244e-02, since last update: 5.6s
2022-11-25 14:52:40 - svd, N=2, n= 27, chi=  325, S_vN=[1.59845579 1.59781543], err=1.9236178372137158e-13, time: 0:00:25
2022-11-25 14:52:51 - --> time=1.400, max(chi)=367, max(S)=1.66081, avg DeltaS=6.2366e-02, since last update: 10.8s
2022-11-25 14:52:51 - svd, N=2, n= 28, chi=  367, S_vN=[1.66081126 1.66019134], err=2.083499340777504e-13, time: 0:00:36
2022-11-25 14:53:04 - --> time=1.450, max(chi)=412, max(S)=1.72257, avg DeltaS=6.1840e-02, since last update: 13.5s
2022-11-25 14:53:04 - svd, N=2, n= 29, chi=  412, S_vN=[1.72257197 1.72211144], err=2.2558039157774882e-13, time: 0:00:49
2022-11-25 14:53:25 - --> time=1.500, max(chi)=466, max(S)=1.78640, avg DeltaS=6.3868e-02, since last update: 20.8s
2022-11-25 14:53:25 - svd, N=2, n= 30, chi=  466, S_vN=[1.78640156 1.78601788], err=2.4216582180635903e-13, time: 0:01:10
2022-11-25 14:53:52 - --> time=1.550, max(chi)=525, max(S)=1.85361, avg DeltaS=6.7143e-02, since last update: 26.7s
2022-11-25 14:53:52 - svd, N=2, n= 31, chi=  525, S_vN=[1.85360754 1.85309746], err=2.576638475203962e-13, time: 0:01:37
2022-11-25 14:54:24 - --> time=1.600, max(chi)=582, max(S)=1.92225, avg DeltaS=6.8545e-02, since last update: 32.6s
2022-11-25 14:54:24 - svd, N=2, n= 32, chi=  582, S_vN=[1.92225487 1.92153996], err=2.7417268041916096e-13, time: 0:02:09
2022-11-25 14:54:55 - --> time=1.650, max(chi)=648, max(S)=1.98926, avg DeltaS=6.6965e-02, since last update: 30.4s
2022-11-25 14:54:55 - svd, N=2, n= 33, chi=  648, S_vN=[1.98925792 1.98846651], err=2.944572220437732e-13, time: 0:02:40
2022-11-25 14:55:33 - --> time=1.700, max(chi)=732, max(S)=2.05367, avg DeltaS=6.4456e-02, since last update: 37.9s
2022-11-25 14:55:33 - svd, N=2, n= 34, chi=  732, S_vN=[2.05366789 2.05296855], err=3.1399450087466325e-13, time: 0:03:18
2022-11-25 14:55:51 - --> time=1.750, max(chi)=813, max(S)=2.11717, avg DeltaS=6.3557e-02, since last update: 17.9s
2022-11-25 14:55:51 - svd, N=2, n= 35, chi=  813, S_vN=[2.11717263 2.11657716], err=3.3699479966703537e-13, time: 0:03:36
2022-11-25 14:56:46 - --> time=1.800, max(chi)=907, max(S)=2.18148, avg DeltaS=6.4295e-02, since last update: 55.1s
2022-11-25 14:56:46 - svd, N=2, n= 36, chi=  907, S_vN=[2.18148216 2.18085699], err=3.621374929406646e-13, time: 0:04:31
2022-11-25 14:57:32 - --> time=1.850, max(chi)=1020, max(S)=2.24606, avg DeltaS=6.4518e-02, since last update: 46.2s
2022-11-25 14:57:32 - svd, N=2, n= 37, chi= 1020, S_vN=[2.24605962 2.24531513], err=3.8689162423707443e-13, time: 0:05:18
2022-11-25 14:58:19 - --> time=1.900, max(chi)=1134, max(S)=2.30897, avg DeltaS=6.2884e-02, since last update: 46.6s
2022-11-25 14:58:19 - svd, N=2, n= 38, chi= 1134, S_vN=[2.30896581 2.30817661], err=4.1226581318544427e-13, time: 0:06:04
2022-11-25 14:58:51 - --> time=1.950, max(chi)=1260, max(S)=2.36952, avg DeltaS=6.0602e-02, since last update: 32.1s
2022-11-25 14:58:51 - svd, N=2, n= 39, chi= 1260, S_vN=[2.36951628 2.36883004], err=4.3794298479118207e-13, time: 0:06:37
2022-11-25 14:59:23 - --> time=2.000, max(chi)=1401, max(S)=2.42933, avg DeltaS=5.9889e-02, since last update: 32.1s
2022-11-25 14:59:24 - svd, N=2, n= 40, chi= 1401, S_vN=[2.42933209 2.42879266], err=4.664304528503216e-13, time: 0:07:09
2022-11-25 15:00:10 - --> time=2.050, max(chi)=1558, max(S)=2.49058, avg DeltaS=6.1268e-02, since last update: 45.9s
2022-11-25 15:00:10 - svd, N=2, n= 41, chi= 1558, S_vN=[2.49057841 2.49008292], err=4.963535002032591e-13, time: 0:07:55
2022-11-25 15:01:12 - --> time=2.100, max(chi)=1724, max(S)=2.55368, avg DeltaS=6.3064e-02, since last update: 62.1s
2022-11-25 15:01:13 - svd, N=2, n= 42, chi= 1724, S_vN=[2.55367889 2.55311127], err=5.275219750571421e-13, time: 0:08:58
2022-11-25 15:02:28 - --> time=2.150, max(chi)=1913, max(S)=2.61727, avg DeltaS=6.3562e-02, since last update: 75.2s
2022-11-25 15:02:29 - svd, N=2, n= 43, chi= 1913, S_vN=[2.61727453 2.61664008], err=5.61225971743657e-13, time: 0:10:14
2022-11-25 15:04:18 - --> time=2.200, max(chi)=2120, max(S)=2.68026, avg DeltaS=6.3002e-02, since last update: 109.3s
2022-11-25 15:04:19 - svd, N=2, n= 44, chi= 2120, S_vN=[2.68025954 2.67965816], err=5.95757715986207e-13, time: 0:12:04
2022-11-25 15:06:23 - --> time=2.250, max(chi)=2341, max(S)=2.74323, avg DeltaS=6.3017e-02, since last update: 123.7s
2022-11-25 15:06:23 - svd, N=2, n= 45, chi= 2341, S_vN=[2.74323347 2.74271826], err=6.322233558048824e-13, time: 0:14:09
2022-11-25 15:09:01 - --> time=2.300, max(chi)=2577, max(S)=2.80763, avg DeltaS=6.4410e-02, since last update: 157.7s
2022-11-25 15:09:02 - svd, N=2, n= 46, chi= 2577, S_vN=[2.80763391 2.80713689], err=6.708204905384273e-13, time: 0:16:47
2022-11-25 15:12:30 - --> time=2.350, max(chi)=2849, max(S)=2.87376, avg DeltaS=6.6084e-02, since last update: 208.2s
2022-11-25 15:12:32 - svd, N=2, n= 47, chi= 2849, S_vN=[2.87376248 2.87317657], err=7.124389390925043e-13, time: 0:20:17
2022-11-25 15:17:49 - --> time=2.400, max(chi)=3136, max(S)=2.94023, avg DeltaS=6.6411e-02, since last update: 317.1s
2022-11-25 15:17:51 - svd, N=2, n= 48, chi= 3136, S_vN=[2.94022636 2.93953466], err=7.559700486880095e-13, time: 0:25:36
2022-11-25 15:23:53 - --> time=2.450, max(chi)=3453, max(S)=3.00545, avg DeltaS=6.5211e-02, since last update: 362.7s
2022-11-25 15:23:56 - svd, N=2, n= 49, chi= 3453, S_vN=[3.00544619 3.00473684], err=8.02139115594659e-13, time: 0:31:41
2022-11-25 15:32:30 - --> time=2.500, max(chi)=3807, max(S)=3.06930, avg DeltaS=6.3889e-02, since last update: 514.4s
2022-11-25 15:32:32 - svd, N=2, n= 50, chi= 3807, S_vN=[3.06930314 3.06865777], err=8.498680579647275e-13, time: 0:40:17
2022-11-25 15:45:20 - --> time=2.550, max(chi)=4096, max(S)=3.13294, avg DeltaS=6.3657e-02, since last update: 768.2s
2022-11-25 15:45:23 - svd, N=2, n= 51, chi= 4096, S_vN=[3.13293811 3.13233718], err=9.210131027086725e-13, time: 0:53:08
2022-11-25 15:58:42 - --> time=2.600, max(chi)=4096, max(S)=3.19709, avg DeltaS=6.4128e-02, since last update: 798.3s
2022-11-25 15:58:44 - svd, N=2, n= 52, chi= 4096, S_vN=[3.19708558 3.1964459 ], err=1.5403963114550636e-12, time: 1:06:29
2022-11-25 16:12:07 - --> time=2.650, max(chi)=4096, max(S)=3.26111, avg DeltaS=6.3986e-02, since last update: 802.7s
2022-11-25 16:12:10 - svd, N=2, n= 53, chi= 4096, S_vN=[3.26110632 3.26039673], err=4.402472951153624e-12, time: 1:19:55
2022-11-25 16:26:34 - --> time=2.700, max(chi)=4096, max(S)=3.32389, avg DeltaS=6.2779e-02, since last update: 864.0s
2022-11-25 16:26:37 - svd, N=2, n= 54, chi= 4096, S_vN=[3.32388715 3.32317338], err=1.3440516262516488e-11, time: 1:34:22
2022-11-25 16:40:59 - --> time=2.750, max(chi)=4096, max(S)=3.38538, avg DeltaS=6.1529e-02, since last update: 861.7s
2022-11-25 16:41:02 - svd, N=2, n= 55, chi= 4096, S_vN=[3.38537585 3.38474197], err=3.8072363032212414e-11, time: 1:48:47
2022-11-25 16:55:00 - --> time=2.800, max(chi)=4096, max(S)=3.44680, avg DeltaS=6.1462e-02, since last update: 838.4s
2022-11-25 16:55:02 - svd, N=2, n= 56, chi= 4096, S_vN=[3.44679673 3.44624525], err=1.010976567932444e-10, time: 2:02:48
2022-11-25 17:07:56 - --> time=2.850, max(chi)=4096, max(S)=3.50932, avg DeltaS=6.2524e-02, since last update: 773.2s
2022-11-25 17:07:58 - svd, N=2, n= 57, chi= 4096, S_vN=[3.50931782 3.50877191], err=2.6343511812445125e-10, time: 2:15:44
2022-11-25 17:20:01 - --> time=2.900, max(chi)=4096, max(S)=3.57286, avg DeltaS=6.3513e-02, since last update: 722.9s
2022-11-25 17:20:04 - svd, N=2, n= 58, chi= 4096, S_vN=[3.57285831 3.57225822], err=6.191496645807876e-10, time: 2:27:49
2022-11-25 17:34:34 - --> time=2.950, max(chi)=4096, max(S)=3.63647, avg DeltaS=6.3592e-02, since last update: 869.7s
2022-11-25 17:34:37 - svd, N=2, n= 59, chi= 4096, S_vN=[3.63646531 3.63583531], err=1.3741466251048454e-09, time: 2:42:22
2022-11-25 17:48:20 - --> time=3.000, max(chi)=4096, max(S)=3.69968, avg DeltaS=6.3231e-02, since last update: 823.0s
2022-11-25 17:48:23 - svd, N=2, n= 60, chi= 4096, S_vN=[3.69967833 3.69908481], err=3.181868208293882e-09, time: 2:56:08
2022-11-25 18:01:34 - --> time=3.050, max(chi)=4096, max(S)=3.76313, avg DeltaS=6.3477e-02, since last update: 791.7s
2022-11-25 18:01:37 - svd, N=2, n= 61, chi= 4096, S_vN=[3.76312931 3.76258864], err=7.53631085665108e-09, time: 3:09:22
2022-11-25 18:14:33 - --> time=3.100, max(chi)=4096, max(S)=3.82767, avg DeltaS=6.4539e-02, since last update: 775.7s
2022-11-25 18:14:35 - svd, N=2, n= 62, chi= 4096, S_vN=[3.82767128 3.82712475], err=1.629524101580488e-08, time: 3:22:20
2022-11-25 18:29:37 - --> time=3.150, max(chi)=4096, max(S)=3.89319, avg DeltaS=6.5484e-02, since last update: 902.0s
2022-11-25 18:29:39 - svd, N=2, n= 63, chi= 4096, S_vN=[3.8931898  3.89257462], err=3.396132299431301e-08, time: 3:37:25
2022-11-25 18:42:06 - --> time=3.200, max(chi)=4096, max(S)=3.95861, avg DeltaS=6.5389e-02, since last update: 746.6s
2022-11-25 18:42:09 - svd, N=2, n= 64, chi= 4096, S_vN=[3.95860913 3.95793354], err=7.104328433636775e-08, time: 3:49:54
2022-11-25 18:56:32 - --> time=3.250, max(chi)=4096, max(S)=4.02306, avg DeltaS=6.4456e-02, since last update: 863.4s
2022-11-25 18:56:35 - svd, N=2, n= 65, chi= 4096, S_vN=[4.02306263 4.02239198], err=1.39472888638209e-07, time: 4:04:20
2022-11-25 19:10:59 - --> time=3.300, max(chi)=4096, max(S)=4.08676, avg DeltaS=6.3716e-02, since last update: 864.5s
2022-11-25 19:11:02 - svd, N=2, n= 66, chi= 4096, S_vN=[4.08675612 4.08613115], err=2.6688987588535743e-07, time: 4:18:47
2022-11-25 19:24:11 - --> time=3.350, max(chi)=4096, max(S)=4.15050, avg DeltaS=6.3748e-02, since last update: 788.9s
2022-11-25 19:24:13 - svd, N=2, n= 67, chi= 4096, S_vN=[4.15049605 4.14988745], err=5.019489808440776e-07, time: 4:31:58
2022-11-25 19:38:44 - --> time=3.400, max(chi)=4096, max(S)=4.21455, avg DeltaS=6.4033e-02, since last update: 870.6s
2022-11-25 19:38:47 - svd, N=2, n= 68, chi= 4096, S_vN=[4.21454814 4.21390201], err=9.271324238120116e-07, time: 4:46:32
2022-11-25 19:53:03 - --> time=3.450, max(chi)=4096, max(S)=4.27829, avg DeltaS=6.3724e-02, since last update: 856.0s
2022-11-25 19:53:06 - svd, N=2, n= 69, chi= 4096, S_vN=[4.27829246 4.27760532], err=1.7823583875945496e-06, time: 5:00:51
2022-11-25 20:07:47 - --> time=3.500, max(chi)=4096, max(S)=4.34107, avg DeltaS=6.2788e-02, since last update: 881.1s
2022-11-25 20:07:51 - svd, N=2, n= 70, chi= 4096, S_vN=[4.3410735  4.34040095], err=3.354227562981436e-06, time: 5:15:36
2022-11-25 20:20:46 - --> time=3.550, max(chi)=4096, max(S)=4.40312, avg DeltaS=6.2082e-02, since last update: 775.0s
2022-11-25 20:20:48 - svd, N=2, n= 71, chi= 4096, S_vN=[4.40312446 4.40251446], err=5.682535007878094e-06, time: 5:28:34
2022-11-25 20:35:00 - --> time=3.600, max(chi)=4096, max(S)=4.46539, avg DeltaS=6.2293e-02, since last update: 851.1s
2022-11-25 20:35:02 - svd, N=2, n= 72, chi= 4096, S_vN=[4.46539482 4.46483089], err=9.176149021263235e-06, time: 5:42:48
2022-11-25 20:50:55 - --> time=3.650, max(chi)=4096, max(S)=4.52852, avg DeltaS=6.3116e-02, since last update: 952.6s
2022-11-25 20:50:58 - svd, N=2, n= 73, chi= 4096, S_vN=[4.52851623 4.52794056], err=1.526702854083133e-05, time: 5:58:43
2022-11-25 21:06:19 - --> time=3.700, max(chi)=4096, max(S)=4.59220, avg DeltaS=6.3665e-02, since last update: 921.0s
2022-11-25 21:06:22 - svd, N=2, n= 74, chi= 4096, S_vN=[4.59220142 4.59158612], err=2.555840333402337e-05, time: 6:14:07
2022-11-25 21:20:06 - --> time=3.750, max(chi)=4096, max(S)=4.65578, avg DeltaS=6.3574e-02, since last update: 823.8s
2022-11-25 21:20:08 - svd, N=2, n= 75, chi= 4096, S_vN=[4.65577954 4.6551559 ], err=4.207468259653705e-05, time: 6:27:53
2022-11-25 21:33:11 - --> time=3.800, max(chi)=4096, max(S)=4.71913, avg DeltaS=6.3372e-02, since last update: 783.0s
2022-11-25 21:33:14 - svd, N=2, n= 76, chi= 4096, S_vN=[4.7191337  4.71854568], err=6.666022529266659e-05, time: 6:40:59
2022-11-25 21:45:03 - --> time=3.850, max(chi)=4096, max(S)=4.78285, avg DeltaS=6.3731e-02, since last update: 709.1s
2022-11-25 21:45:06 - svd, N=2, n= 77, chi= 4096, S_vN=[4.78284879 4.78229231], err=0.00010468961901651836, time: 6:52:51
2022-11-25 21:57:44 - --> time=3.900, max(chi)=4096, max(S)=4.84741, avg DeltaS=6.4556e-02, since last update: 758.4s
2022-11-25 21:57:47 - svd, N=2, n= 78, chi= 4096, S_vN=[4.84741451 4.8468392 ], err=0.00016654974800338527, time: 7:05:32
2022-11-25 22:10:21 - --> time=3.950, max(chi)=4096, max(S)=4.91252, avg DeltaS=6.5077e-02, since last update: 754.1s
2022-11-25 22:10:24 - svd, N=2, n= 79, chi= 4096, S_vN=[4.91251912 4.91188893], err=0.0002515042022874, time: 7:18:09
2022-11-25 22:23:57 - --> time=4.000, max(chi)=4096, max(S)=4.97733, avg DeltaS=6.4794e-02, since last update: 812.6s
2022-11-25 22:23:59 - svd, N=2, n= 80, chi= 4096, S_vN=[4.97732982 4.97666525], err=0.00035300045046600474, time: 7:31:44
2022-11-25 22:35:33 - --> time=4.050, max(chi)=4096, max(S)=5.04140, avg DeltaS=6.4074e-02, since last update: 694.3s
2022-11-25 22:35:37 - svd, N=2, n= 81, chi= 4096, S_vN=[5.04139673 5.04074698], err=0.0004873707430298725, time: 7:43:22
2022-11-25 22:46:58 - --> time=4.100, max(chi)=4096, max(S)=5.10505, avg DeltaS=6.3673e-02, since last update: 681.0s
2022-11-25 22:47:01 - svd, N=2, n= 82, chi= 4096, S_vN=[5.10505419 5.10443617], err=0.0006996840254821329, time: 7:54:46
2022-11-25 22:58:27 - --> time=4.150, max(chi)=4096, max(S)=5.16886, avg DeltaS=6.3802e-02, since last update: 685.8s
2022-11-25 22:58:30 - svd, N=2, n= 83, chi= 4096, S_vN=[5.16885652 5.16823749], err=0.0010297198065708595, time: 8:06:15
2022-11-25 23:11:17 - --> time=4.200, max(chi)=4096, max(S)=5.23280, avg DeltaS=6.3928e-02, since last update: 767.8s
2022-11-25 23:11:20 - svd, N=2, n= 84, chi= 4096, S_vN=[5.2328034  5.23214709], err=0.0014519183823373044, time: 8:19:06
2022-11-25 23:23:56 - --> time=4.250, max(chi)=4096, max(S)=5.29634, avg DeltaS=6.3525e-02, since last update: 755.2s
2022-11-25 23:23:59 - svd, N=2, n= 85, chi= 4096, S_vN=[5.29634268 5.2956586 ], err=0.0019194194500450578, time: 8:31:44
2022-11-25 23:36:51 - --> time=4.300, max(chi)=4096, max(S)=5.35912, avg DeltaS=6.2781e-02, since last update: 772.4s
2022-11-25 23:36:54 - svd, N=2, n= 86, chi= 4096, S_vN=[5.35911611 5.35844714], err=0.002502287621446717, time: 8:44:40
2022-11-25 23:49:54 - --> time=4.350, max(chi)=4096, max(S)=5.42147, avg DeltaS=6.2376e-02, since last update: 779.3s
2022-11-25 23:49:57 - svd, N=2, n= 87, chi= 4096, S_vN=[5.42147407 5.42084156], err=0.0032842384593339624, time: 8:57:42
2022-11-26 00:02:40 - --> time=4.400, max(chi)=4096, max(S)=5.48412, avg DeltaS=6.2655e-02, since last update: 763.6s
2022-11-26 00:02:43 - svd, N=2, n= 88, chi= 4096, S_vN=[5.48412376 5.4835026 ], err=0.004191063208028799, time: 9:10:28
2022-11-26 00:15:35 - --> time=4.450, max(chi)=4096, max(S)=5.54736, avg DeltaS=6.3221e-02, since last update: 771.4s
2022-11-26 00:15:38 - svd, N=2, n= 89, chi= 4096, S_vN=[5.54736237 5.54670597], err=0.005237526652817312, time: 9:23:23
2022-11-26 00:29:18 - --> time=4.500, max(chi)=4096, max(S)=5.61080, avg DeltaS=6.3407e-02, since last update: 819.9s
2022-11-26 00:29:22 - svd, N=2, n= 90, chi= 4096, S_vN=[5.6108041  5.61007821], err=0.006701983465110954, time: 9:37:07
2022-11-26 00:43:22 - --> time=4.550, max(chi)=4096, max(S)=5.67390, avg DeltaS=6.3060e-02, since last update: 840.3s
2022-11-26 00:43:25 - svd, N=2, n= 91, chi= 4096, S_vN=[5.67390389 5.67309782], err=0.008731301519565285, time: 9:51:10
2022-11-26 00:56:30 - --> time=4.600, max(chi)=4096, max(S)=5.73661, avg DeltaS=6.2664e-02, since last update: 785.0s
2022-11-26 00:56:34 - svd, N=2, n= 92, chi= 4096, S_vN=[5.73661386 5.73571577], err=0.011164233437484272, time: 10:04:19
2022-11-26 01:08:51 - --> time=4.650, max(chi)=4096, max(S)=5.79937, avg DeltaS=6.2700e-02, since last update: 736.9s
2022-11-26 01:08:54 - svd, N=2, n= 93, chi= 4096, S_vN=[5.79937062 5.79835848], err=0.013654086006440922, time: 10:16:39
2022-11-26 01:21:29 - --> time=4.700, max(chi)=4096, max(S)=5.86240, avg DeltaS=6.2960e-02, since last update: 755.3s
2022-11-26 01:21:32 - svd, N=2, n= 94, chi= 4096, S_vN=[5.86240418 5.86124446], err=0.01624082849035917, time: 10:29:17
2022-11-26 01:36:15 - --> time=4.750, max(chi)=4096, max(S)=5.92519, avg DeltaS=6.2692e-02, since last update: 883.0s
2022-11-26 01:36:19 - svd, N=2, n= 95, chi= 4096, S_vN=[5.92518715 5.92384609], err=0.01929155651505688, time: 10:44:04
2022-11-26 01:48:00 - --> time=4.800, max(chi)=4096, max(S)=5.98696, avg DeltaS=6.1696e-02, since last update: 701.0s
2022-11-26 01:48:04 - svd, N=2, n= 96, chi= 4096, S_vN=[5.98696103 5.98546466], err=0.02259274529754269, time: 10:55:49
2022-11-26 02:00:53 - --> time=4.850, max(chi)=4096, max(S)=6.04772, avg DeltaS=6.0703e-02, since last update: 769.4s
2022-11-26 02:00:56 - svd, N=2, n= 97, chi= 4096, S_vN=[6.04772354 6.04610754], err=0.025846035900207384, time: 11:08:41
2022-11-26 02:14:50 - --> time=4.900, max(chi)=4096, max(S)=6.10792, avg DeltaS=6.0051e-02, since last update: 834.1s
2022-11-26 02:14:53 - svd, N=2, n= 98, chi= 4096, S_vN=[6.107923   6.10600988], err=0.029688343586894952, time: 11:22:38
2022-11-26 02:27:37 - --> time=4.950, max(chi)=4096, max(S)=6.16730, avg DeltaS=5.9089e-02, since last update: 763.9s
2022-11-26 02:27:40 - svd, N=2, n= 99, chi= 4096, S_vN=[6.1672982  6.16481174], err=0.034494005357941324, time: 11:35:26
2022-11-26 02:43:59 - --> time=5.000, max(chi)=4096, max(S)=6.22486, avg DeltaS=5.7205e-02, since last update: 979.0s
2022-11-26 02:44:03 - svd, N=2, n=100, chi= 4096, S_vN=[6.22485686 6.22166234], err=0.03985270369238928, time: 11:51:48
2022-11-26 02:55:40 - --> time=5.050, max(chi)=4096, max(S)=6.27971, avg DeltaS=5.4527e-02, since last update: 696.6s
2022-11-26 02:55:43 - svd, N=2, n=101, chi= 4096, S_vN=[6.2797147  6.27585813], err=0.04552895547925215, time: 12:03:28
2022-11-26 03:09:37 - --> time=5.100, max(chi)=4096, max(S)=6.33161, avg DeltaS=5.1592e-02, since last update: 834.4s
2022-11-26 03:09:45 - svd, N=2, n=102, chi= 4096, S_vN=[6.33161317 6.32714333], err=0.05192973057366162, time: 12:17:30
2022-11-26 03:20:46 - --> time=5.150, max(chi)=4096, max(S)=6.38100, avg DeltaS=4.9040e-02, since last update: 661.6s
2022-11-26 03:20:49 - svd, N=2, n=103, chi= 4096, S_vN=[6.3809968  6.37583948], err=0.05899738232033278, time: 12:28:35
2022-11-26 03:32:17 - --> time=5.200, max(chi)=4096, max(S)=6.42911, avg DeltaS=4.7736e-02, since last update: 687.5s
2022-11-26 03:32:20 - svd, N=2, n=104, chi= 4096, S_vN=[6.42910615 6.42320163], err=0.06557748305000317, time: 12:40:06
2022-11-26 03:44:41 - --> time=5.250, max(chi)=4096, max(S)=6.47740, avg DeltaS=4.7955e-02, since last update: 740.9s
2022-11-26 03:44:45 - svd, N=2, n=105, chi= 4096, S_vN=[6.4773977 6.4708203], err=0.07090875430640171, time: 12:52:30
2022-11-26 04:00:49 - --> time=5.300, max(chi)=4096, max(S)=6.52587, avg DeltaS=4.8072e-02, since last update: 964.4s
2022-11-26 04:00:52 - svd, N=2, n=106, chi= 4096, S_vN=[6.52586832 6.51849384], err=0.0758971411886839, time: 13:08:37
2022-11-26 04:12:25 - --> time=5.350, max(chi)=4096, max(S)=6.57255, avg DeltaS=4.6133e-02, since last update: 692.7s
2022-11-26 04:12:28 - svd, N=2, n=107, chi= 4096, S_vN=[6.57254911 6.56408005], err=0.08157229349136258, time: 13:20:13
2022-11-26 04:26:03 - --> time=5.400, max(chi)=4096, max(S)=6.61598, avg DeltaS=4.2847e-02, since last update: 814.2s
2022-11-26 04:26:05 - svd, N=2, n=108, chi= 4096, S_vN=[6.61597591 6.60634722], err=0.08767133357945273, time: 13:33:50
2022-11-26 04:39:05 - --> time=5.450, max(chi)=4096, max(S)=6.65678, avg DeltaS=4.0226e-02, since last update: 779.7s
2022-11-26 04:39:08 - svd, N=2, n=109, chi= 4096, S_vN=[6.65677786 6.64599821], err=0.0941157227829524, time: 13:46:53
2022-11-26 04:50:43 - --> time=5.500, max(chi)=4096, max(S)=6.69605, avg DeltaS=3.8554e-02, since last update: 695.5s
2022-11-26 04:50:46 - svd, N=2, n=110, chi= 4096, S_vN=[6.69604777 6.68383563], err=0.10158407034761599, time: 13:58:31
2022-11-26 05:03:36 - --> time=5.550, max(chi)=4096, max(S)=6.73347, avg DeltaS=3.6565e-02, since last update: 769.6s
2022-11-26 05:03:45 - svd, N=2, n=111, chi= 4096, S_vN=[6.73347084 6.71954232], err=0.10982793506698796, time: 14:11:30
2022-11-26 05:16:58 - --> time=5.600, max(chi)=4096, max(S)=6.76801, avg DeltaS=3.3775e-02, since last update: 793.2s
2022-11-26 05:17:00 - svd, N=2, n=112, chi= 4096, S_vN=[6.768009   6.75255492], err=0.1173792859761042, time: 14:24:45
2022-11-26 05:29:49 - --> time=5.650, max(chi)=4096, max(S)=6.79921, avg DeltaS=3.0717e-02, since last update: 768.9s
2022-11-26 05:29:52 - svd, N=2, n=113, chi= 4096, S_vN=[6.79920859 6.78278966], err=0.12367752199388334, time: 14:37:37
2022-11-26 05:42:09 - --> time=5.700, max(chi)=4096, max(S)=6.82750, avg DeltaS=2.7995e-02, since last update: 736.7s
2022-11-26 05:42:12 - svd, N=2, n=114, chi= 4096, S_vN=[6.8274958  6.81049248], err=0.12958080028209948, time: 14:49:57
2022-11-26 05:54:52 - --> time=5.750, max(chi)=4096, max(S)=6.85393, avg DeltaS=2.6135e-02, since last update: 759.5s
2022-11-26 05:54:56 - svd, N=2, n=115, chi= 4096, S_vN=[6.85392659 6.83633231], err=0.13571042839499872, time: 15:02:41
2022-11-26 06:07:23 - --> time=5.800, max(chi)=4096, max(S)=6.87971, avg DeltaS=2.5462e-02, since last update: 747.3s
2022-11-26 06:07:26 - svd, N=2, n=116, chi= 4096, S_vN=[6.87970626 6.86147585], err=0.14172346805107106, time: 15:15:11
2022-11-26 06:19:46 - --> time=5.850, max(chi)=4096, max(S)=6.90532, avg DeltaS=2.5326e-02, since last update: 740.9s
2022-11-26 06:19:50 - svd, N=2, n=117, chi= 4096, S_vN=[6.90532373 6.88651099], err=0.14747934251488473, time: 15:27:35
2022-11-26 06:33:20 - --> time=5.900, max(chi)=4096, max(S)=6.93019, avg DeltaS=2.4565e-02, since last update: 809.4s
2022-11-26 06:33:23 - svd, N=2, n=118, chi= 4096, S_vN=[6.93019306 6.91077198], err=0.153505030342044, time: 15:41:08
2022-11-26 06:46:33 - --> time=5.950, max(chi)=4096, max(S)=6.95330, avg DeltaS=2.2778e-02, since last update: 790.3s
2022-11-26 06:46:36 - svd, N=2, n=119, chi= 4096, S_vN=[6.95329709 6.93322462], err=0.1600125464786023, time: 15:54:21
2022-11-26 07:00:26 - --> time=6.000, max(chi)=4096, max(S)=6.97442, avg DeltaS=2.0912e-02, since last update: 830.6s
2022-11-26 07:00:30 - svd, N=2, n=120, chi= 4096, S_vN=[6.97441798 6.95392864], err=0.16635895501565012, time: 16:08:15
2022-11-26 07:12:07 - --> time=6.050, max(chi)=4096, max(S)=6.99455, avg DeltaS=2.0132e-02, since last update: 697.6s
2022-11-26 07:12:10 - svd, N=2, n=121, chi= 4096, S_vN=[6.99455464 6.97405508], err=0.17210153766971883, time: 16:19:55
2022-11-26 07:25:50 - --> time=6.100, max(chi)=4096, max(S)=7.01476, avg DeltaS=2.0297e-02, since last update: 820.2s
2022-11-26 07:25:53 - svd, N=2, n=122, chi= 4096, S_vN=[7.01476013 6.9944434 ], err=0.17754767690369863, time: 16:33:38
2022-11-26 07:38:18 - --> time=6.150, max(chi)=4096, max(S)=7.03479, avg DeltaS=2.0099e-02, since last update: 744.6s
2022-11-26 07:38:20 - svd, N=2, n=123, chi= 4096, S_vN=[7.03479045 7.01461057], err=0.18300730357811543, time: 16:46:05
2022-11-26 07:50:31 - --> time=6.200, max(chi)=4096, max(S)=7.05325, avg DeltaS=1.8516e-02, since last update: 730.6s
2022-11-26 07:50:33 - svd, N=2, n=124, chi= 4096, S_vN=[7.0532485  7.03318444], err=0.18837567558554885, time: 16:58:19
2022-11-26 08:03:08 - --> time=6.250, max(chi)=4096, max(S)=7.06887, avg DeltaS=1.5731e-02, since last update: 754.6s
2022-11-26 08:03:11 - svd, N=2, n=125, chi= 4096, S_vN=[7.06887344 7.04902194], err=0.19360846580171426, time: 17:10:57
2022-11-26 08:15:28 - --> time=6.300, max(chi)=4096, max(S)=7.08174, avg DeltaS=1.3005e-02, since last update: 736.4s
2022-11-26 08:15:31 - svd, N=2, n=126, chi= 4096, S_vN=[7.08173755 7.06216733], err=0.19891908055754973, time: 17:23:17
2022-11-26 08:28:14 - --> time=6.350, max(chi)=4096, max(S)=7.09322, avg DeltaS=1.1600e-02, since last update: 763.0s
2022-11-26 08:28:18 - svd, N=2, n=127, chi= 4096, S_vN=[7.09322099 7.07388483], err=0.2043685572499496, time: 17:36:03
2022-11-26 08:41:44 - --> time=6.400, max(chi)=4096, max(S)=7.10479, avg DeltaS=1.1672e-02, since last update: 806.0s
2022-11-26 08:41:47 - svd, N=2, n=128, chi= 4096, S_vN=[7.10479241 7.08565788], err=0.2096805479012126, time: 17:49:32
2022-11-26 08:55:39 - --> time=6.450, max(chi)=4096, max(S)=7.11687, avg DeltaS=1.2208e-02, since last update: 832.4s
2022-11-26 08:55:42 - svd, N=2, n=129, chi= 4096, S_vN=[7.11686725 7.09799906], err=0.2146018323620657, time: 18:03:27
2022-11-26 09:07:24 - --> time=6.500, max(chi)=4096, max(S)=7.12884, avg DeltaS=1.2136e-02, since last update: 701.7s
2022-11-26 09:07:27 - svd, N=2, n=130, chi= 4096, S_vN=[7.12884461 7.11029272], err=0.2191795326366582, time: 18:15:12
2022-11-26 09:22:53 - --> time=6.550, max(chi)=4096, max(S)=7.14000, avg DeltaS=1.1278e-02, since last update: 925.9s
2022-11-26 09:22:56 - svd, N=2, n=131, chi= 4096, S_vN=[7.13999875 7.12169408], err=0.22362781324912542, time: 18:30:41
2022-11-26 09:36:59 - --> time=6.600, max(chi)=4096, max(S)=7.15031, avg DeltaS=1.0377e-02, since last update: 843.1s
2022-11-26 09:37:01 - svd, N=2, n=132, chi= 4096, S_vN=[7.15031261 7.13213371], err=0.22804244156120274, time: 18:44:46
2022-11-26 09:50:08 - --> time=6.650, max(chi)=4096, max(S)=7.16053, avg DeltaS=1.0241e-02, since last update: 786.6s
2022-11-26 09:50:11 - svd, N=2, n=133, chi= 4096, S_vN=[7.16053461 7.14239441], err=0.23242329082195973, time: 18:57:56
2022-11-26 10:02:44 - --> time=6.700, max(chi)=4096, max(S)=7.17132, avg DeltaS=1.0782e-02, since last update: 753.0s
2022-11-26 10:02:47 - svd, N=2, n=134, chi= 4096, S_vN=[7.17132189 7.15317207], err=0.2368044698950982, time: 19:10:32
2022-11-26 10:16:30 - --> time=6.750, max(chi)=4096, max(S)=7.18235, avg DeltaS=1.1021e-02, since last update: 823.0s
2022-11-26 10:16:33 - svd, N=2, n=135, chi= 4096, S_vN=[7.1823476  7.16418855], err=0.24118618467031494, time: 19:24:18
2022-11-26 10:28:56 - --> time=6.800, max(chi)=4096, max(S)=7.19247, avg DeltaS=1.0148e-02, since last update: 743.8s
2022-11-26 10:28:59 - svd, N=2, n=136, chi= 4096, S_vN=[7.19246982 7.17436216], err=0.2454813323111953, time: 19:36:44
2022-11-26 10:41:12 - --> time=6.850, max(chi)=4096, max(S)=7.20074, avg DeltaS=8.3271e-03, since last update: 733.2s
2022-11-26 10:41:15 - svd, N=2, n=137, chi= 4096, S_vN=[7.20073895 7.1827473 ], err=0.24964169218815968, time: 19:49:01
2022-11-26 10:54:36 - --> time=6.900, max(chi)=4096, max(S)=7.20718, avg DeltaS=6.4977e-03, since last update: 800.9s
2022-11-26 10:54:39 - svd, N=2, n=138, chi= 4096, S_vN=[7.20718172 7.18929986], err=0.253703050009299, time: 20:02:24
2022-11-26 11:09:21 - --> time=6.950, max(chi)=4096, max(S)=7.21266, avg DeltaS=5.4890e-03, since last update: 881.8s
2022-11-26 11:09:25 - svd, N=2, n=139, chi= 4096, S_vN=[7.21265579 7.19480383], err=0.25767883157360794, time: 20:17:10
2022-11-26 11:23:20 - --> time=7.000, max(chi)=4096, max(S)=7.21801, avg DeltaS=5.3364e-03, since last update: 835.2s
2022-11-26 11:23:23 - svd, N=2, n=140, chi= 4096, S_vN=[7.2180082  7.20012424], err=0.26152803281088427, time: 20:31:08
2022-11-26 11:35:16 - --> time=7.050, max(chi)=4096, max(S)=7.22342, avg DeltaS=5.4202e-03, since last update: 713.4s
2022-11-26 11:35:19 - svd, N=2, n=141, chi= 4096, S_vN=[7.22342353 7.20554924], err=0.26522949920860067, time: 20:43:04
2022-11-26 11:46:41 - --> time=7.100, max(chi)=4096, max(S)=7.22860, avg DeltaS=5.2525e-03, since last update: 681.8s
2022-11-26 11:46:43 - svd, N=2, n=142, chi= 4096, S_vN=[7.22860308 7.21087468], err=0.26880018261878486, time: 20:54:29
2022-11-26 11:58:53 - --> time=7.150, max(chi)=4096, max(S)=7.23341, avg DeltaS=4.9517e-03, since last update: 729.3s
2022-11-26 11:58:56 - svd, N=2, n=143, chi= 4096, S_vN=[7.23341212 7.21596909], err=0.27226475156090246, time: 21:06:41
2022-11-26 12:11:52 - --> time=7.200, max(chi)=4096, max(S)=7.23820, avg DeltaS=4.9568e-03, since last update: 776.6s
2022-11-26 12:11:55 - svd, N=2, n=144, chi= 4096, S_vN=[7.23819858 7.22109626], err=0.27564107339113536, time: 21:19:40
2022-11-26 12:25:31 - --> time=7.250, max(chi)=4096, max(S)=7.24349, avg DeltaS=5.4404e-03, since last update: 815.7s
2022-11-26 12:25:34 - svd, N=2, n=145, chi= 4096, S_vN=[7.24349313 7.22668251], err=0.27895209575377, time: 21:33:19
2022-11-26 12:39:03 - --> time=7.300, max(chi)=4096, max(S)=7.24943, avg DeltaS=6.0302e-03, since last update: 809.3s
2022-11-26 12:39:06 - svd, N=2, n=146, chi= 4096, S_vN=[7.24943312 7.23280285], err=0.28222889607862545, time: 21:46:52
2022-11-26 12:52:15 - --> time=7.350, max(chi)=4096, max(S)=7.25548, avg DeltaS=6.0939e-03, since last update: 788.9s
2022-11-26 12:52:19 - svd, N=2, n=147, chi= 4096, S_vN=[7.25548333 7.2389405 ], err=0.2854867753480309, time: 22:00:04
2022-11-26 13:05:18 - --> time=7.400, max(chi)=4096, max(S)=7.26079, avg DeltaS=5.3478e-03, since last update: 778.7s
2022-11-26 13:05:20 - svd, N=2, n=148, chi= 4096, S_vN=[7.26079481 7.24432458], err=0.2887186998792691, time: 22:13:05
2022-11-26 13:16:52 - --> time=7.450, max(chi)=4096, max(S)=7.26487, avg DeltaS=4.1340e-03, since last update: 691.9s
2022-11-26 13:16:55 - svd, N=2, n=149, chi= 4096, S_vN=[7.26486537 7.24852211], err=0.2919180081534699, time: 22:24:40
2022-11-26 13:27:54 - --> time=7.500, max(chi)=4096, max(S)=7.26787, avg DeltaS=3.1034e-03, since last update: 659.5s
2022-11-26 13:27:58 - svd, N=2, n=150, chi= 4096, S_vN=[7.26786785 7.25172639], err=0.29506830669372797, time: 22:35:43
2022-11-26 13:41:52 - --> time=7.550, max(chi)=4096, max(S)=7.27039, avg DeltaS=2.6483e-03, since last update: 833.8s
2022-11-26 13:41:55 - svd, N=2, n=151, chi= 4096, S_vN=[7.27038873 7.25450201], err=0.2981200593541224, time: 22:49:40
2022-11-26 13:54:50 - --> time=7.600, max(chi)=4096, max(S)=7.27288, avg DeltaS=2.6276e-03, since last update: 774.8s
2022-11-26 13:54:53 - svd, N=2, n=152, chi= 4096, S_vN=[7.27288353 7.25726237], err=0.3010319169319086, time: 23:02:39
2022-11-26 14:06:10 - --> time=7.650, max(chi)=4096, max(S)=7.27537, avg DeltaS=2.6021e-03, since last update: 676.7s
2022-11-26 14:06:13 - svd, N=2, n=153, chi= 4096, S_vN=[7.27536837 7.25998165], err=0.30382489302330934, time: 23:13:59
2022-11-26 14:20:44 - --> time=7.700, max(chi)=4096, max(S)=7.27763, avg DeltaS=2.3497e-03, since last update: 870.3s
2022-11-26 14:20:47 - svd, N=2, n=154, chi= 4096, S_vN=[7.27762817 7.26242132], err=0.3065555663827374, time: 23:28:32
2022-11-26 14:33:31 - --> time=7.750, max(chi)=4096, max(S)=7.27965, avg DeltaS=2.0857e-03, since last update: 764.2s
2022-11-26 14:33:34 - svd, N=2, n=155, chi= 4096, S_vN=[7.27964989 7.26457092], err=0.3092580896618444, time: 23:41:19
2022-11-26 14:47:25 - --> time=7.800, max(chi)=4096, max(S)=7.28175, avg DeltaS=2.1511e-03, since last update: 830.4s
2022-11-26 14:47:28 - svd, N=2, n=156, chi= 4096, S_vN=[7.28174984 7.26677319], err=0.3119344755475676, time: 23:55:13
2022-11-26 14:59:42 - --> time=7.850, max(chi)=4096, max(S)=7.28429, avg DeltaS=2.5929e-03, since last update: 734.5s
2022-11-26 14:59:45 - svd, N=2, n=157, chi= 4096, S_vN=[7.28428549 7.26942328], err=0.3145728713685895, time: 24:07:30
2022-11-26 15:14:37 - --> time=7.900, max(chi)=4096, max(S)=7.28731, avg DeltaS=3.1025e-03, since last update: 892.5s
2022-11-26 15:14:41 - svd, N=2, n=158, chi= 4096, S_vN=[7.28731012 7.27260363], err=0.31715839888285674, time: 24:22:26
2022-11-26 15:26:26 - --> time=7.950, max(chi)=4096, max(S)=7.29050, avg DeltaS=3.2932e-03, since last update: 705.3s
2022-11-26 15:26:30 - svd, N=2, n=159, chi= 4096, S_vN=[7.29050239 7.27599774], err=0.3196834782602297, time: 24:34:15
2022-11-26 15:39:59 - --> time=8.000, max(chi)=4096, max(S)=7.29342, avg DeltaS=3.0310e-03, since last update: 809.3s
2022-11-26 15:40:03 - svd, N=2, n=160, chi= 4096, S_vN=[7.29342187 7.27914033], err=0.32215904236957504, time: 24:47:48
2022-11-26 15:53:32 - --> time=8.050, max(chi)=4096, max(S)=7.29584, avg DeltaS=2.5152e-03, since last update: 809.0s
2022-11-26 15:53:37 - svd, N=2, n=161, chi= 4096, S_vN=[7.29583738 7.2817553 ], err=0.3246133983140829, time: 25:01:23
2022-11-26 16:05:09 - --> time=8.100, max(chi)=4096, max(S)=7.29782, avg DeltaS=2.0497e-03, since last update: 691.1s
2022-11-26 16:05:12 - svd, N=2, n=162, chi= 4096, S_vN=[7.29781613 7.28387591], err=0.3270667133616826, time: 25:12:57
2022-11-26 16:19:08 - --> time=8.150, max(chi)=4096, max(S)=7.29954, avg DeltaS=1.7718e-03, since last update: 836.5s
2022-11-26 16:19:12 - svd, N=2, n=163, chi= 4096, S_vN=[7.29954033 7.28569525], err=0.32950216764294754, time: 25:26:58
2022-11-26 16:31:28 - --> time=8.200, max(chi)=4096, max(S)=7.30109, avg DeltaS=1.5992e-03, since last update: 735.6s
2022-11-26 16:31:32 - svd, N=2, n=164, chi= 4096, S_vN=[7.30108929 7.28734475], err=0.3318779136690107, time: 25:39:18
2022-11-26 16:44:32 - --> time=8.250, max(chi)=4096, max(S)=7.30239, avg DeltaS=1.3826e-03, since last update: 780.0s
2022-11-26 16:44:36 - svd, N=2, n=165, chi= 4096, S_vN=[7.30239319 7.28880608], err=0.3341678341102988, time: 25:52:21
2022-11-26 17:00:53 - --> time=8.300, max(chi)=4096, max(S)=7.30339, avg DeltaS=1.1102e-03, since last update: 977.3s
2022-11-26 17:00:59 - svd, N=2, n=166, chi= 4096, S_vN=[7.30338976 7.29002996], err=0.33637601164958514, time: 26:08:44
2022-11-26 17:17:57 - --> time=8.350, max(chi)=4096, max(S)=7.30420, avg DeltaS=9.4653e-04, since last update: 1017.5s
2022-11-26 17:18:02 - svd, N=2, n=167, chi= 4096, S_vN=[7.30420488 7.29110789], err=0.33852249901597514, time: 26:25:47
2022-11-26 17:32:04 - --> time=8.400, max(chi)=4096, max(S)=7.30513, avg DeltaS=1.0438e-03, since last update: 841.9s
2022-11-26 17:32:09 - svd, N=2, n=168, chi= 4096, S_vN=[7.30512926 7.29227102], err=0.3406316906786342, time: 26:39:54
2022-11-26 17:45:02 - --> time=8.450, max(chi)=4096, max(S)=7.30640, avg DeltaS=1.3541e-03, since last update: 773.2s
2022-11-26 17:45:10 - svd, N=2, n=169, chi= 4096, S_vN=[7.30640022 7.2937083 ], err=0.3427263607301673, time: 26:52:55
2022-11-26 17:58:21 - --> time=8.500, max(chi)=4096, max(S)=7.30802, avg DeltaS=1.6623e-03, since last update: 791.3s
2022-11-26 17:58:26 - svd, N=2, n=170, chi= 4096, S_vN=[7.30801977 7.29541338], err=0.3448181076270755, time: 27:06:11
2022-11-26 18:15:51 - --> time=8.550, max(chi)=4096, max(S)=7.30978, avg DeltaS=1.7822e-03, since last update: 1044.8s
2022-11-26 18:15:58 - svd, N=2, n=171, chi= 4096, S_vN=[7.30978073 7.29721674], err=0.34690094674937744, time: 27:23:43
2022-11-26 18:31:09 - --> time=8.600, max(chi)=4096, max(S)=7.31146, avg DeltaS=1.7055e-03, since last update: 910.9s
2022-11-26 18:31:12 - svd, N=2, n=172, chi= 4096, S_vN=[7.31145603 7.29895238], err=0.348957047685068, time: 27:38:57
2022-11-26 18:46:46 - --> time=8.650, max(chi)=4096, max(S)=7.31296, avg DeltaS=1.5656e-03, since last update: 933.9s
2022-11-26 18:46:48 - svd, N=2, n=173, chi= 4096, S_vN=[7.31296003 7.30057956], err=0.3509716954210777, time: 27:54:33
2022-11-26 18:59:28 - --> time=8.700, max(chi)=4096, max(S)=7.31434, avg DeltaS=1.4740e-03, since last update: 759.8s
2022-11-26 18:59:30 - svd, N=2, n=174, chi= 4096, S_vN=[7.31434098 7.30214661], err=0.35294198504399416, time: 28:07:15
2022-11-26 19:14:42 - --> time=8.750, max(chi)=4096, max(S)=7.31565, avg DeltaS=1.4165e-03, since last update: 911.7s
2022-11-26 19:14:46 - svd, N=2, n=175, chi= 4096, S_vN=[7.31565253 7.30366803], err=0.35487146155564037, time: 28:22:31
2022-11-26 19:29:30 - --> time=8.800, max(chi)=4096, max(S)=7.31686, avg DeltaS=1.2966e-03, since last update: 883.7s
2022-11-26 19:29:34 - svd, N=2, n=176, chi= 4096, S_vN=[7.31685685 7.30505682], err=0.35676568446873635, time: 28:37:19
2022-11-26 19:44:26 - --> time=8.850, max(chi)=4096, max(S)=7.31785, avg DeltaS=1.0558e-03, since last update: 892.5s
2022-11-26 19:44:31 - svd, N=2, n=177, chi= 4096, S_vN=[7.31784828 7.30617701], err=0.3586337798986269, time: 28:52:16
2022-11-26 19:59:48 - --> time=8.900, max(chi)=4096, max(S)=7.31857, avg DeltaS=7.5864e-04, since last update: 917.3s
2022-11-26 19:59:54 - svd, N=2, n=178, chi= 4096, S_vN=[7.31856801 7.30697456], err=0.36048389073339276, time: 29:07:39
2022-11-26 20:13:21 - --> time=8.950, max(chi)=4096, max(S)=7.31909, avg DeltaS=5.5469e-04, since last update: 807.2s
2022-11-26 20:13:27 - svd, N=2, n=179, chi= 4096, S_vN=[7.31909178 7.30756018], err=0.36231520295238023, time: 29:21:12
2022-11-26 20:28:57 - --> time=9.000, max(chi)=4096, max(S)=7.31959, avg DeltaS=5.4223e-04, since last update: 929.7s
2022-11-26 20:29:02 - svd, N=2, n=180, chi= 4096, S_vN=[7.31958957 7.30814685], err=0.3641197955826706, time: 29:36:47
2022-11-26 20:45:00 - --> time=9.050, max(chi)=4096, max(S)=7.32020, avg DeltaS=6.7855e-04, since last update: 957.7s
2022-11-26 20:45:06 - svd, N=2, n=181, chi= 4096, S_vN=[7.32019812 7.30889539], err=0.36589076452375785, time: 29:52:51
2022-11-26 21:01:16 - --> time=9.100, max(chi)=4096, max(S)=7.32094, avg DeltaS=8.3497e-04, since last update: 970.7s
2022-11-26 21:01:21 - svd, N=2, n=182, chi= 4096, S_vN=[7.32094349 7.30981996], err=0.3676265763245378, time: 30:09:07
2022-11-26 21:14:47 - --> time=9.150, max(chi)=4096, max(S)=7.32178, avg DeltaS=9.2502e-04, since last update: 805.3s
2022-11-26 21:14:52 - svd, N=2, n=183, chi= 4096, S_vN=[7.32178059 7.31083291], err=0.36933104621733226, time: 30:22:37
2022-11-26 21:28:36 - --> time=9.200, max(chi)=4096, max(S)=7.32268, avg DeltaS=9.6319e-04, since last update: 824.3s
2022-11-26 21:28:42 - svd, N=2, n=184, chi= 4096, S_vN=[7.32267989 7.31185998], err=0.37101162950290745, time: 30:36:27
2022-11-26 21:43:29 - --> time=9.250, max(chi)=4096, max(S)=7.32365, avg DeltaS=1.0045e-03, since last update: 887.0s
2022-11-26 21:43:34 - svd, N=2, n=185, chi= 4096, S_vN=[7.32365214 7.31289678], err=0.37267649780126466, time: 30:51:20
2022-11-26 21:56:28 - --> time=9.300, max(chi)=4096, max(S)=7.32469, avg DeltaS=1.0555e-03, since last update: 773.2s
2022-11-26 21:56:34 - svd, N=2, n=186, chi= 4096, S_vN=[7.32469386 7.31396608], err=0.3743301457091257, time: 31:04:19
2022-11-26 22:12:07 - --> time=9.350, max(chi)=4096, max(S)=7.32573, avg DeltaS=1.0595e-03, since last update: 933.3s
2022-11-26 22:12:14 - svd, N=2, n=187, chi= 4096, S_vN=[7.3257331  7.31504579], err=0.37597138626422244, time: 31:19:59
2022-11-26 22:27:13 - --> time=9.400, max(chi)=4096, max(S)=7.32664, avg DeltaS=9.5623e-04, since last update: 898.9s
2022-11-26 22:27:20 - svd, N=2, n=188, chi= 4096, S_vN=[7.32664405 7.31604729], err=0.3775961055666815, time: 31:35:05
2022-11-26 22:43:21 - --> time=9.450, max(chi)=4096, max(S)=7.32732, avg DeltaS=7.4826e-04, since last update: 960.8s
2022-11-26 22:43:27 - svd, N=2, n=189, chi= 4096, S_vN=[7.32732343 7.31686442], err=0.3792010188203227, time: 31:51:13
2022-11-26 22:59:23 - --> time=9.500, max(chi)=4096, max(S)=7.32776, avg DeltaS=5.1318e-04, since last update: 956.1s
2022-11-26 22:59:30 - svd, N=2, n=190, chi= 4096, S_vN=[7.32776428 7.31744993], err=0.3807840563442175, time: 32:07:15
2022-11-26 23:14:44 - --> time=9.550, max(chi)=4096, max(S)=7.32806, avg DeltaS=3.4361e-04, since last update: 914.3s
2022-11-26 23:14:50 - svd, N=2, n=191, chi= 4096, S_vN=[7.32805584 7.31784559], err=0.3823436679323917, time: 32:22:35
2022-11-26 23:29:33 - --> time=9.600, max(chi)=4096, max(S)=7.32830, avg DeltaS=2.6942e-04, since last update: 882.8s
2022-11-26 23:29:39 - svd, N=2, n=192, chi= 4096, S_vN=[7.32830248 7.31813779], err=0.3838792627546509, time: 32:37:25
2022-11-26 23:44:37 - --> time=9.650, max(chi)=4096, max(S)=7.32855, avg DeltaS=2.5014e-04, since last update: 897.8s
2022-11-26 23:44:44 - svd, N=2, n=193, chi= 4096, S_vN=[7.32854593 7.31839462], err=0.38539115794373824, time: 32:52:29
2022-11-26 23:59:17 - --> time=9.700, max(chi)=4096, max(S)=7.32877, avg DeltaS=2.3961e-04, since last update: 872.9s
2022-11-26 23:59:23 - svd, N=2, n=194, chi= 4096, S_vN=[7.32877013 7.31864965], err=0.38688067097095263, time: 33:07:08
2022-11-27 00:12:23 - --> time=9.750, max(chi)=4096, max(S)=7.32897, avg DeltaS=2.3938e-04, since last update: 779.5s
2022-11-27 00:12:26 - svd, N=2, n=195, chi= 4096, S_vN=[7.32896867 7.31892986], err=0.3883502328852784, time: 33:20:12
2022-11-27 00:26:18 - --> time=9.800, max(chi)=4096, max(S)=7.32919, avg DeltaS=2.8157e-04, since last update: 832.0s
2022-11-27 00:26:22 - svd, N=2, n=196, chi= 4096, S_vN=[7.32918719 7.31927449], err=0.3898029131904172, time: 33:34:07
2022-11-27 00:38:48 - --> time=9.850, max(chi)=4096, max(S)=7.32949, avg DeltaS=3.7217e-04, since last update: 746.0s
2022-11-27 00:38:53 - svd, N=2, n=197, chi= 4096, S_vN=[7.32949319 7.31971282], err=0.39124131064648976, time: 33:46:38
2022-11-27 00:54:19 - --> time=9.900, max(chi)=4096, max(S)=7.32991, avg DeltaS=4.6605e-04, since last update: 926.4s
2022-11-27 00:54:25 - svd, N=2, n=198, chi= 4096, S_vN=[7.32991023 7.32022787], err=0.3926668136646953, time: 34:02:10
2022-11-27 01:07:34 - --> time=9.950, max(chi)=4096, max(S)=7.33039, avg DeltaS=5.0081e-04, since last update: 789.4s
2022-11-27 01:07:39 - svd, N=2, n=199, chi= 4096, S_vN=[7.33038591 7.32075383], err=0.3940797526749288, time: 34:15:25
2022-11-27 01:23:59 - --> time=10.000, max(chi)=4096, max(S)=7.33082, avg DeltaS=4.4614e-04, since last update: 979.9s
2022-11-27 01:24:05 - svd, N=2, n=200, chi= 4096, S_vN=[7.33082031 7.32121172], err=0.39548017489812787, time: 34:31:50
