2022-11-25 14:50:44 - ClockModel: reading 'bc_MPS'='infinite'
2022-11-25 14:50:44 - ClockModel: reading 'conserve'=None
2022-11-25 14:50:44 - ClockModel: reading 'N'=2
2022-11-25 14:50:44 - ClockModel: reading 'L'=2
2022-11-25 14:50:44 - ClockModel: reading 'J'=1.0
2022-11-25 14:50:44 - ClockModel: reading 'g'=2
2022-11-25 14:50:44 - TEBDEngine: subconfig 'trunc_params'=Config(<2 options>, 'trunc_params')
2022-11-25 14:50:44 - TEBDEngine: reading 'dt'=0.05
2022-11-25 14:50:44 - TEBDEngine: reading 'N_steps'=1
2022-11-25 14:50:44 - TEBDEngine: reading 'order'=2
2022-11-25 14:50:44 - Calculate U for {'order': 2, 'delta_t': 0.05, 'type_evo': 'real', 'E_offset': None, 'tau': 0.05}
2022-11-25 14:50:44 - trunc_params: reading 'chi_max'=2048
2022-11-25 14:50:44 - trunc_params: reading 'svd_min'=1e-14
2022-11-25 14:50:44 - --> time=0.050, max(chi)=4, max(S)=0.00041, avg DeltaS=3.0963e-04, since last update: 0.0s
2022-11-25 14:50:44 - svd, N=2, n=  1, chi=    4, S_vN=[0.00021331 0.00040594], err=2.437262223032919e-15, time: 0:00:00
2022-11-25 14:50:44 - --> time=0.100, max(chi)=6, max(S)=0.01065, avg DeltaS=9.7923e-03, since last update: 0.0s
2022-11-25 14:50:44 - svd, N=2, n=  2, chi=    6, S_vN=[0.00955289 0.0106509 ], err=3.559472909800665e-15, time: 0:00:00
2022-11-25 14:50:44 - --> time=0.150, max(chi)=9, max(S)=0.05801, avg DeltaS=4.7341e-02, since last update: 0.0s
2022-11-25 14:50:44 - svd, N=2, n=  3, chi=    9, S_vN=[0.05687598 0.05801061], err=1.443980187955795e-14, time: 0:00:00
2022-11-25 14:50:44 - --> time=0.200, max(chi)=11, max(S)=0.15238, avg DeltaS=9.4586e-02, since last update: 0.2s
2022-11-25 14:50:44 - svd, N=2, n=  4, chi=   11, S_vN=[0.1523786  0.15168058], err=1.5343988854031222e-14, time: 0:00:00
2022-11-25 14:50:44 - --> time=0.250, max(chi)=13, max(S)=0.26355, avg DeltaS=1.1017e-01, since last update: 0.0s
2022-11-25 14:50:44 - svd, N=2, n=  5, chi=   13, S_vN=[0.26354924 0.2608421 ], err=1.9431394181260326e-14, time: 0:00:00
2022-11-25 14:50:44 - --> time=0.300, max(chi)=16, max(S)=0.35036, avg DeltaS=8.6619e-02, since last update: 0.0s
2022-11-25 14:50:44 - svd, N=2, n=  6, chi=   16, S_vN=[0.35036406 0.3472648 ], err=2.438220517213044e-14, time: 0:00:00
2022-11-25 14:50:44 - --> time=0.350, max(chi)=20, max(S)=0.40120, avg DeltaS=5.1453e-02, since last update: 0.0s
2022-11-25 14:50:44 - svd, N=2, n=  7, chi=   20, S_vN=[0.40119892 0.39933562], err=3.0918692151223586e-14, time: 0:00:00
2022-11-25 14:50:44 - --> time=0.400, max(chi)=23, max(S)=0.43372, avg DeltaS=3.3295e-02, since last update: 0.0s
2022-11-25 14:50:44 - svd, N=2, n=  8, chi=   23, S_vN=[0.43371835 0.43340651], err=3.4644025313978264e-14, time: 0:00:00
2022-11-25 14:50:44 - --> time=0.450, max(chi)=28, max(S)=0.47240, avg DeltaS=3.8693e-02, since last update: 0.0s
2022-11-25 14:50:44 - svd, N=2, n=  9, chi=   28, S_vN=[0.47210626 0.47240419], err=3.695990401692679e-14, time: 0:00:00
2022-11-25 14:50:44 - --> time=0.500, max(chi)=33, max(S)=0.52541, avg DeltaS=5.3095e-02, since last update: 0.0s
2022-11-25 14:50:44 - svd, N=2, n= 10, chi=   33, S_vN=[0.52541446 0.52528588], err=4.1261449587388194e-14, time: 0:00:00
2022-11-25 14:50:44 - --> time=0.550, max(chi)=38, max(S)=0.58579, avg DeltaS=6.0086e-02, since last update: 0.0s
2022-11-25 14:50:44 - svd, N=2, n= 11, chi=   38, S_vN=[0.58578694 0.58508506], err=4.836655360047271e-14, time: 0:00:00
2022-11-25 14:50:44 - --> time=0.600, max(chi)=45, max(S)=0.64327, avg DeltaS=5.7494e-02, since last update: 0.0s
2022-11-25 14:50:44 - svd, N=2, n= 12, chi=   45, S_vN=[0.64327496 0.64258408], err=5.501288859223354e-14, time: 0:00:00
2022-11-25 14:50:44 - --> time=0.650, max(chi)=52, max(S)=0.69787, avg DeltaS=5.4834e-02, since last update: 0.0s
2022-11-25 14:50:44 - svd, N=2, n= 13, chi=   52, S_vN=[0.69787066 0.69765729], err=6.106135920498341e-14, time: 0:00:00
2022-11-25 14:50:44 - --> time=0.700, max(chi)=58, max(S)=0.75759, avg DeltaS=5.9791e-02, since last update: 0.0s
2022-11-25 14:50:44 - svd, N=2, n= 14, chi=   58, S_vN=[0.75751803 0.75759235], err=6.57865227583606e-14, time: 0:00:00
2022-11-25 14:50:44 - --> time=0.750, max(chi)=68, max(S)=0.82728, avg DeltaS=6.9617e-02, since last update: 0.1s
2022-11-25 14:50:44 - svd, N=2, n= 15, chi=   68, S_vN=[0.82727744 0.82706721], err=7.309056760874984e-14, time: 0:00:00
2022-11-25 14:50:45 - --> time=0.800, max(chi)=81, max(S)=0.90297, avg DeltaS=7.5417e-02, since last update: 0.4s
2022-11-25 14:50:45 - svd, N=2, n= 16, chi=   81, S_vN=[0.90297422 0.90220481], err=8.178396736585915e-14, time: 0:00:01
2022-11-25 14:50:45 - --> time=0.850, max(chi)=92, max(S)=0.97607, avg DeltaS=7.2954e-02, since last update: 0.4s
2022-11-25 14:50:45 - svd, N=2, n= 17, chi=   92, S_vN=[0.97606728 0.97502014], err=8.78905381177822e-14, time: 0:00:01
2022-11-25 14:50:46 - --> time=0.900, max(chi)=103, max(S)=1.04268, avg DeltaS=6.6700e-02, since last update: 0.4s
2022-11-25 14:50:46 - svd, N=2, n= 18, chi=  103, S_vN=[1.04268151 1.04180618], err=9.504520396343703e-14, time: 0:00:01
2022-11-25 14:50:46 - --> time=0.950, max(chi)=120, max(S)=1.10614, avg DeltaS=6.3600e-02, since last update: 0.4s
2022-11-25 14:50:46 - svd, N=2, n= 19, chi=  120, S_vN=[1.10614168 1.10554641], err=1.0416261966982545e-13, time: 0:00:02
2022-11-25 14:50:47 - --> time=1.000, max(chi)=134, max(S)=1.17119, avg DeltaS=6.5049e-02, since last update: 0.4s
2022-11-25 14:50:47 - svd, N=2, n= 20, chi=  134, S_vN=[1.17119042 1.17059664], err=1.13089555346139e-13, time: 0:00:02
2022-11-25 14:50:47 - --> time=1.050, max(chi)=156, max(S)=1.23772, avg DeltaS=6.6401e-02, since last update: 0.4s
2022-11-25 14:50:47 - svd, N=2, n= 21, chi=  156, S_vN=[1.23771619 1.23687278], err=1.2290759868181944e-13, time: 0:00:03
2022-11-25 14:50:47 - --> time=1.100, max(chi)=175, max(S)=1.30148, avg DeltaS=6.3686e-02, since last update: 0.2s
2022-11-25 14:50:47 - svd, N=2, n= 22, chi=  175, S_vN=[1.30147696 1.30048364], err=1.331710274702742e-13, time: 0:00:03
2022-11-25 14:50:48 - --> time=1.150, max(chi)=200, max(S)=1.35996, avg DeltaS=5.8568e-02, since last update: 0.4s
2022-11-25 14:50:48 - svd, N=2, n= 23, chi=  200, S_vN=[1.35996364 1.35913324], err=1.4333711879161015e-13, time: 0:00:03
2022-11-25 14:50:48 - --> time=1.200, max(chi)=225, max(S)=1.41572, avg DeltaS=5.5915e-02, since last update: 0.4s
2022-11-25 14:50:48 - svd, N=2, n= 24, chi=  225, S_vN=[1.41572279 1.41520342], err=1.563612098652801e-13, time: 0:00:04
2022-11-25 14:50:49 - --> time=1.250, max(chi)=259, max(S)=1.47349, avg DeltaS=5.7844e-02, since last update: 0.5s
2022-11-25 14:50:49 - svd, N=2, n= 25, chi=  259, S_vN=[1.47349484 1.47311893], err=1.6844201629801542e-13, time: 0:00:04
2022-11-25 14:50:50 - --> time=1.300, max(chi)=288, max(S)=1.53513, avg DeltaS=6.1585e-02, since last update: 1.1s
2022-11-25 14:50:50 - svd, N=2, n= 26, chi=  288, S_vN=[1.53513477 1.5346484 ], err=1.8002513306678903e-13, time: 0:00:05
2022-11-25 14:50:51 - --> time=1.350, max(chi)=325, max(S)=1.59846, avg DeltaS=6.3244e-02, since last update: 1.2s
2022-11-25 14:50:51 - svd, N=2, n= 27, chi=  325, S_vN=[1.59845579 1.59781543], err=1.9236178372137158e-13, time: 0:00:07
2022-11-25 14:50:53 - --> time=1.400, max(chi)=367, max(S)=1.66081, avg DeltaS=6.2366e-02, since last update: 1.9s
2022-11-25 14:50:53 - svd, N=2, n= 28, chi=  367, S_vN=[1.66081126 1.66019134], err=2.083499340777504e-13, time: 0:00:08
2022-11-25 14:50:55 - --> time=1.450, max(chi)=412, max(S)=1.72257, avg DeltaS=6.1840e-02, since last update: 2.6s
2022-11-25 14:50:55 - svd, N=2, n= 29, chi=  412, S_vN=[1.72257197 1.72211144], err=2.2558039157774882e-13, time: 0:00:11
2022-11-25 14:51:01 - --> time=1.500, max(chi)=466, max(S)=1.78640, avg DeltaS=6.3868e-02, since last update: 5.9s
2022-11-25 14:51:01 - svd, N=2, n= 30, chi=  466, S_vN=[1.78640156 1.78601788], err=2.4216582180635903e-13, time: 0:00:17
2022-11-25 14:51:07 - --> time=1.550, max(chi)=525, max(S)=1.85361, avg DeltaS=6.7143e-02, since last update: 6.0s
2022-11-25 14:51:07 - svd, N=2, n= 31, chi=  525, S_vN=[1.85360754 1.85309746], err=2.576638475203962e-13, time: 0:00:23
2022-11-25 14:51:11 - --> time=1.600, max(chi)=582, max(S)=1.92225, avg DeltaS=6.8545e-02, since last update: 3.3s
2022-11-25 14:51:11 - svd, N=2, n= 32, chi=  582, S_vN=[1.92225487 1.92153996], err=2.7417268041916096e-13, time: 0:00:26
2022-11-25 14:51:17 - --> time=1.650, max(chi)=648, max(S)=1.98926, avg DeltaS=6.6965e-02, since last update: 5.9s
2022-11-25 14:51:17 - svd, N=2, n= 33, chi=  648, S_vN=[1.98925792 1.98846651], err=2.944572220437732e-13, time: 0:00:32
2022-11-25 14:51:23 - --> time=1.700, max(chi)=732, max(S)=2.05367, avg DeltaS=6.4456e-02, since last update: 6.1s
2022-11-25 14:51:23 - svd, N=2, n= 34, chi=  732, S_vN=[2.05366789 2.05296855], err=3.1399450087466325e-13, time: 0:00:38
2022-11-25 14:51:29 - --> time=1.750, max(chi)=813, max(S)=2.11717, avg DeltaS=6.3557e-02, since last update: 6.0s
2022-11-25 14:51:29 - svd, N=2, n= 35, chi=  813, S_vN=[2.11717263 2.11657716], err=3.3699479966703537e-13, time: 0:00:45
2022-11-25 14:51:37 - --> time=1.800, max(chi)=907, max(S)=2.18148, avg DeltaS=6.4295e-02, since last update: 7.8s
2022-11-25 14:51:37 - svd, N=2, n= 36, chi=  907, S_vN=[2.18148216 2.18085699], err=3.621374929406646e-13, time: 0:00:52
2022-11-25 14:51:49 - --> time=1.850, max(chi)=1020, max(S)=2.24606, avg DeltaS=6.4518e-02, since last update: 12.6s
2022-11-25 14:51:49 - svd, N=2, n= 37, chi= 1020, S_vN=[2.24605962 2.24531513], err=3.8689162423707443e-13, time: 0:01:05
2022-11-25 14:52:02 - --> time=1.900, max(chi)=1134, max(S)=2.30897, avg DeltaS=6.2884e-02, since last update: 12.8s
2022-11-25 14:52:02 - svd, N=2, n= 38, chi= 1134, S_vN=[2.30896581 2.30817661], err=4.1226581318544427e-13, time: 0:01:18
2022-11-25 14:52:27 - --> time=1.950, max(chi)=1260, max(S)=2.36952, avg DeltaS=6.0602e-02, since last update: 25.2s
2022-11-25 14:52:28 - svd, N=2, n= 39, chi= 1260, S_vN=[2.36951628 2.36883004], err=4.3794298479118207e-13, time: 0:01:43
2022-11-25 14:54:16 - --> time=2.000, max(chi)=1401, max(S)=2.42933, avg DeltaS=5.9889e-02, since last update: 108.3s
2022-11-25 14:54:17 - svd, N=2, n= 40, chi= 1401, S_vN=[2.42933209 2.42879266], err=4.664304528503216e-13, time: 0:03:32
2022-11-25 14:55:27 - --> time=2.050, max(chi)=1558, max(S)=2.49058, avg DeltaS=6.1268e-02, since last update: 70.0s
2022-11-25 14:55:27 - svd, N=2, n= 41, chi= 1558, S_vN=[2.49057841 2.49008292], err=4.963535002032591e-13, time: 0:04:43
2022-11-25 14:57:36 - --> time=2.100, max(chi)=1724, max(S)=2.55368, avg DeltaS=6.3064e-02, since last update: 129.0s
2022-11-25 14:57:37 - svd, N=2, n= 42, chi= 1724, S_vN=[2.55367889 2.55311127], err=5.275219750571421e-13, time: 0:06:52
2022-11-25 14:58:45 - --> time=2.150, max(chi)=1913, max(S)=2.61727, avg DeltaS=6.3562e-02, since last update: 68.7s
2022-11-25 14:58:46 - svd, N=2, n= 43, chi= 1913, S_vN=[2.61727453 2.61664008], err=5.61225971743657e-13, time: 0:08:02
2022-11-25 15:00:53 - --> time=2.200, max(chi)=2048, max(S)=2.68026, avg DeltaS=6.3002e-02, since last update: 126.5s
2022-11-25 15:00:53 - svd, N=2, n= 44, chi= 2048, S_vN=[2.68025954 2.67965816], err=6.315019991546762e-13, time: 0:10:09
2022-11-25 15:03:06 - --> time=2.250, max(chi)=2048, max(S)=2.74323, avg DeltaS=6.3017e-02, since last update: 132.7s
2022-11-25 15:03:07 - svd, N=2, n= 45, chi= 2048, S_vN=[2.74323347 2.74271826], err=1.31042278605169e-12, time: 0:12:22
2022-11-25 15:04:58 - --> time=2.300, max(chi)=2048, max(S)=2.80763, avg DeltaS=6.4410e-02, since last update: 111.6s
2022-11-25 15:04:59 - svd, N=2, n= 46, chi= 2048, S_vN=[2.80763391 2.80713689], err=4.333151103578901e-12, time: 0:14:15
2022-11-25 15:07:23 - --> time=2.350, max(chi)=2048, max(S)=2.87376, avg DeltaS=6.6084e-02, since last update: 143.8s
2022-11-25 15:07:23 - svd, N=2, n= 47, chi= 2048, S_vN=[2.87376248 2.87317657], err=1.376826267479377e-11, time: 0:16:39
2022-11-25 15:09:31 - --> time=2.400, max(chi)=2048, max(S)=2.94023, avg DeltaS=6.6411e-02, since last update: 127.4s
2022-11-25 15:09:31 - svd, N=2, n= 48, chi= 2048, S_vN=[2.94022636 2.93953466], err=4.2591083870105616e-11, time: 0:18:47
2022-11-25 15:11:27 - --> time=2.450, max(chi)=2048, max(S)=3.00545, avg DeltaS=6.5211e-02, since last update: 115.6s
2022-11-25 15:11:27 - svd, N=2, n= 49, chi= 2048, S_vN=[3.00544619 3.00473684], err=1.1975905785878095e-10, time: 0:20:43
2022-11-25 15:13:23 - --> time=2.500, max(chi)=2048, max(S)=3.06930, avg DeltaS=6.3889e-02, since last update: 115.6s
2022-11-25 15:13:24 - svd, N=2, n= 50, chi= 2048, S_vN=[3.06930314 3.06865777], err=3.177741173900716e-10, time: 0:22:39
2022-11-25 15:15:21 - --> time=2.550, max(chi)=2048, max(S)=3.13294, avg DeltaS=6.3657e-02, since last update: 117.2s
2022-11-25 15:15:21 - svd, N=2, n= 51, chi= 2048, S_vN=[3.13293811 3.13233718], err=8.394540319533627e-10, time: 0:24:37
2022-11-25 15:17:23 - --> time=2.600, max(chi)=2048, max(S)=3.19709, avg DeltaS=6.4128e-02, since last update: 122.1s
2022-11-25 15:17:24 - svd, N=2, n= 52, chi= 2048, S_vN=[3.19708558 3.1964459 ], err=2.026272279353189e-09, time: 0:26:40
2022-11-25 15:19:23 - --> time=2.650, max(chi)=2048, max(S)=3.26111, avg DeltaS=6.3986e-02, since last update: 118.2s
2022-11-25 15:19:23 - svd, N=2, n= 53, chi= 2048, S_vN=[3.26110632 3.26039673], err=4.5823862102318875e-09, time: 0:28:39
2022-11-25 15:21:10 - --> time=2.700, max(chi)=2048, max(S)=3.32389, avg DeltaS=6.2779e-02, since last update: 107.0s
2022-11-25 15:21:11 - svd, N=2, n= 54, chi= 2048, S_vN=[3.32388715 3.32317338], err=1.0095108767841187e-08, time: 0:30:26
2022-11-25 15:23:13 - --> time=2.750, max(chi)=2048, max(S)=3.38538, avg DeltaS=6.1529e-02, since last update: 122.8s
2022-11-25 15:23:14 - svd, N=2, n= 55, chi= 2048, S_vN=[3.38537585 3.38474197], err=2.116515794738268e-08, time: 0:32:29
2022-11-25 15:25:14 - --> time=2.800, max(chi)=2048, max(S)=3.44680, avg DeltaS=6.1462e-02, since last update: 119.7s
2022-11-25 15:25:14 - svd, N=2, n= 56, chi= 2048, S_vN=[3.44679673 3.44624525], err=4.656436725085553e-08, time: 0:34:30
2022-11-25 15:27:37 - --> time=2.850, max(chi)=2048, max(S)=3.50932, avg DeltaS=6.2524e-02, since last update: 142.9s
2022-11-25 15:27:38 - svd, N=2, n= 57, chi= 2048, S_vN=[3.50931782 3.50877191], err=1.0507194620659896e-07, time: 0:36:54
2022-11-25 15:29:42 - --> time=2.900, max(chi)=2048, max(S)=3.57286, avg DeltaS=6.3513e-02, since last update: 124.2s
2022-11-25 15:29:43 - svd, N=2, n= 58, chi= 2048, S_vN=[3.57285831 3.57225822], err=2.158747016646632e-07, time: 0:38:58
2022-11-25 15:31:16 - --> time=2.950, max(chi)=2048, max(S)=3.63647, avg DeltaS=6.3592e-02, since last update: 93.5s
2022-11-25 15:31:17 - svd, N=2, n= 59, chi= 2048, S_vN=[3.63646531 3.63583531], err=3.989139822105567e-07, time: 0:40:33
2022-11-25 15:33:19 - --> time=3.000, max(chi)=2048, max(S)=3.69968, avg DeltaS=6.3231e-02, since last update: 121.7s
2022-11-25 15:33:19 - svd, N=2, n= 60, chi= 2048, S_vN=[3.69967833 3.69908481], err=7.519983031018792e-07, time: 0:42:35
2022-11-25 15:35:47 - --> time=3.050, max(chi)=2048, max(S)=3.76313, avg DeltaS=6.3477e-02, since last update: 148.1s
2022-11-25 15:35:48 - svd, N=2, n= 61, chi= 2048, S_vN=[3.76312931 3.76258864], err=1.4153608503117516e-06, time: 0:45:03
2022-11-25 15:37:59 - --> time=3.100, max(chi)=2048, max(S)=3.82767, avg DeltaS=6.4539e-02, since last update: 131.1s
2022-11-25 15:38:00 - svd, N=2, n= 62, chi= 2048, S_vN=[3.82767128 3.82712475], err=2.5796897883677583e-06, time: 0:47:15
2022-11-25 15:40:11 - --> time=3.150, max(chi)=2048, max(S)=3.89319, avg DeltaS=6.5484e-02, since last update: 131.7s
2022-11-25 15:40:12 - svd, N=2, n= 63, chi= 2048, S_vN=[3.8931898  3.89257462], err=4.6761911286644315e-06, time: 0:49:28
2022-11-25 15:42:44 - --> time=3.200, max(chi)=2048, max(S)=3.95861, avg DeltaS=6.5389e-02, since last update: 151.4s
2022-11-25 15:42:45 - svd, N=2, n= 64, chi= 2048, S_vN=[3.95860913 3.95793354], err=8.27146268193968e-06, time: 0:52:00
2022-11-25 15:44:34 - --> time=3.250, max(chi)=2048, max(S)=4.02306, avg DeltaS=6.4456e-02, since last update: 109.1s
2022-11-25 15:44:34 - svd, N=2, n= 65, chi= 2048, S_vN=[4.02306263 4.02239197], err=1.4864949463820925e-05, time: 0:53:50
2022-11-25 15:47:20 - --> time=3.300, max(chi)=2048, max(S)=4.08676, avg DeltaS=6.3716e-02, since last update: 166.1s
2022-11-25 15:47:22 - svd, N=2, n= 66, chi= 2048, S_vN=[4.0867561  4.08613113], err=2.6188396151390596e-05, time: 0:56:37
2022-11-25 15:49:48 - --> time=3.350, max(chi)=2048, max(S)=4.15050, avg DeltaS=6.3748e-02, since last update: 146.4s
2022-11-25 15:49:49 - svd, N=2, n= 67, chi= 2048, S_vN=[4.15049601 4.14988739], err=4.258013600097441e-05, time: 0:59:05
2022-11-25 15:51:42 - --> time=3.400, max(chi)=2048, max(S)=4.21455, avg DeltaS=6.4033e-02, since last update: 112.7s
2022-11-25 15:51:43 - svd, N=2, n= 68, chi= 2048, S_vN=[4.21454804 4.21390188], err=6.389732755070706e-05, time: 1:00:59
2022-11-25 15:53:46 - --> time=3.450, max(chi)=2048, max(S)=4.27829, avg DeltaS=6.3724e-02, since last update: 122.5s
2022-11-25 15:53:47 - svd, N=2, n= 69, chi= 2048, S_vN=[4.27829223 4.27760505], err=9.705639912128316e-05, time: 1:03:03
2022-11-25 15:55:36 - --> time=3.500, max(chi)=2048, max(S)=4.34107, avg DeltaS=6.2788e-02, since last update: 109.1s
2022-11-25 15:55:37 - svd, N=2, n= 70, chi= 2048, S_vN=[4.34107302 4.34040036], err=0.00015402654498918505, time: 1:04:53
2022-11-25 15:57:27 - --> time=3.550, max(chi)=2048, max(S)=4.40312, avg DeltaS=6.2082e-02, since last update: 109.7s
2022-11-25 15:57:28 - svd, N=2, n= 71, chi= 2048, S_vN=[4.40312336 4.40251306], err=0.0002436905943256486, time: 1:06:44
2022-11-25 15:59:59 - --> time=3.600, max(chi)=2048, max(S)=4.46539, avg DeltaS=6.2292e-02, since last update: 151.0s
2022-11-25 16:00:01 - svd, N=2, n= 72, chi= 2048, S_vN=[4.46539224 4.46482767], err=0.0003678506663674127, time: 1:09:16
2022-11-25 16:01:46 - --> time=3.650, max(chi)=2048, max(S)=4.52851, avg DeltaS=6.3112e-02, since last update: 105.5s
2022-11-25 16:01:47 - svd, N=2, n= 73, chi= 2048, S_vN=[4.52851065 4.52793381], err=0.0005272547889946013, time: 1:11:03
2022-11-25 16:04:27 - --> time=3.700, max(chi)=2048, max(S)=4.59219, avg DeltaS=6.3659e-02, since last update: 160.3s
2022-11-25 16:04:28 - svd, N=2, n= 74, chi= 2048, S_vN=[4.59219007 4.59157252], err=0.0007631315902619907, time: 1:13:44
2022-11-25 16:06:31 - --> time=3.750, max(chi)=2048, max(S)=4.65576, avg DeltaS=6.3561e-02, since last update: 122.5s
2022-11-25 16:06:32 - svd, N=2, n= 75, chi= 2048, S_vN=[4.65575648 4.65512863], err=0.0010978858427862785, time: 1:15:48
2022-11-25 16:08:57 - --> time=3.800, max(chi)=2048, max(S)=4.71909, avg DeltaS=6.3350e-02, since last update: 145.5s
2022-11-25 16:08:59 - svd, N=2, n= 76, chi= 2048, S_vN=[4.71908963 4.71849517], err=0.0014816710478839099, time: 1:18:15
2022-11-25 16:11:41 - --> time=3.850, max(chi)=2048, max(S)=4.78277, avg DeltaS=6.3698e-02, since last update: 161.6s
2022-11-25 16:11:43 - svd, N=2, n= 77, chi= 2048, S_vN=[4.78277355 4.78220756], err=0.0019330108411345893, time: 1:20:58
2022-11-25 16:14:44 - --> time=3.900, max(chi)=2048, max(S)=4.84729, avg DeltaS=6.4505e-02, since last update: 180.9s
2022-11-25 16:14:45 - svd, N=2, n= 78, chi= 2048, S_vN=[4.84729208 4.84669949], err=0.0025961517939414084, time: 1:24:01
2022-11-25 16:17:06 - --> time=3.950, max(chi)=2048, max(S)=4.91231, avg DeltaS=6.4981e-02, since last update: 141.1s
2022-11-25 16:17:07 - svd, N=2, n= 79, chi= 2048, S_vN=[4.91230899 4.91164395], err=0.0036071165287689423, time: 1:26:23
2022-11-25 16:19:33 - --> time=4.000, max(chi)=2048, max(S)=4.97695, avg DeltaS=6.4608e-02, since last update: 146.2s
2022-11-25 16:19:35 - svd, N=2, n= 80, chi= 2048, S_vN=[4.97694915 4.97622   ], err=0.004927747447612345, time: 1:28:51
2022-11-25 16:21:42 - --> time=4.050, max(chi)=2048, max(S)=5.04074, avg DeltaS=6.3779e-02, since last update: 127.3s
2022-11-25 16:21:43 - svd, N=2, n= 81, chi= 2048, S_vN=[5.04073738 5.03999004], err=0.0062955542944941765, time: 1:30:59
2022-11-25 16:24:16 - --> time=4.100, max(chi)=2048, max(S)=5.10401, avg DeltaS=6.3270e-02, since last update: 153.2s
2022-11-25 16:24:18 - svd, N=2, n= 82, chi= 2048, S_vN=[5.10400912 5.10325889], err=0.007718486807775893, time: 1:33:34
2022-11-25 16:26:55 - --> time=4.150, max(chi)=2048, max(S)=5.16727, avg DeltaS=6.3237e-02, since last update: 156.7s
2022-11-25 16:26:56 - svd, N=2, n= 83, chi= 2048, S_vN=[5.16727011 5.16647266], err=0.009467453155940735, time: 1:36:12
2022-11-25 16:29:07 - --> time=4.200, max(chi)=2048, max(S)=5.23043, avg DeltaS=6.3121e-02, since last update: 130.7s
2022-11-25 16:29:09 - svd, N=2, n= 84, chi= 2048, S_vN=[5.23043232 5.22955147], err=0.011500219506183022, time: 1:38:24
2022-11-25 16:31:32 - --> time=4.250, max(chi)=2048, max(S)=5.29295, avg DeltaS=6.2480e-02, since last update: 143.7s
2022-11-25 16:31:33 - svd, N=2, n= 85, chi= 2048, S_vN=[5.29294852 5.29199458], err=0.01371623183437878, time: 1:40:49
2022-11-25 16:34:19 - --> time=4.300, max(chi)=2048, max(S)=5.35443, avg DeltaS=6.1422e-02, since last update: 166.3s
2022-11-25 16:34:20 - svd, N=2, n= 86, chi= 2048, S_vN=[5.35442921 5.35335771], err=0.01667113487299815, time: 1:43:36
2022-11-25 16:36:38 - --> time=4.350, max(chi)=2048, max(S)=5.41491, avg DeltaS=6.0361e-02, since last update: 138.1s
2022-11-25 16:36:40 - svd, N=2, n= 87, chi= 2048, S_vN=[5.41490831 5.41360078], err=0.020677088082280217, time: 1:45:55
2022-11-25 16:38:19 - --> time=4.400, max(chi)=2048, max(S)=5.47467, avg DeltaS=5.9578e-02, since last update: 99.1s
2022-11-25 16:38:20 - svd, N=2, n= 88, chi= 2048, S_vN=[5.47466711 5.47299712], err=0.025325653661944, time: 1:47:36
2022-11-25 16:40:35 - --> time=4.450, max(chi)=2048, max(S)=5.53378, avg DeltaS=5.8911e-02, since last update: 134.9s
2022-11-25 16:40:41 - svd, N=2, n= 89, chi= 2048, S_vN=[5.53378043 5.53170676], err=0.030058648018224533, time: 1:49:56
2022-11-25 16:43:38 - --> time=4.500, max(chi)=2048, max(S)=5.59188, avg DeltaS=5.7927e-02, since last update: 177.1s
2022-11-25 16:43:39 - svd, N=2, n= 90, chi= 2048, S_vN=[5.59187977 5.58946047], err=0.03491322148862628, time: 1:52:54
2022-11-25 16:46:44 - --> time=4.550, max(chi)=2048, max(S)=5.64834, avg DeltaS=5.6311e-02, since last update: 185.8s
2022-11-25 16:46:46 - svd, N=2, n= 91, chi= 2048, S_vN=[5.64834219 5.64561945], err=0.0404070204132089, time: 1:56:02
2022-11-25 16:48:47 - --> time=4.600, max(chi)=2048, max(S)=5.70327, avg DeltaS=5.4798e-02, since last update: 121.2s
2022-11-25 16:48:48 - svd, N=2, n= 92, chi= 2048, S_vN=[5.70327475 5.70028212], err=0.046008521480064714, time: 1:58:04
2022-11-25 16:51:27 - --> time=4.650, max(chi)=2048, max(S)=5.75809, avg DeltaS=5.4697e-02, since last update: 158.8s
2022-11-25 16:51:28 - svd, N=2, n= 93, chi= 2048, S_vN=[5.75809197 5.75485849], err=0.05088787902832209, time: 2:00:44
2022-11-25 16:53:54 - --> time=4.700, max(chi)=2048, max(S)=5.81375, avg DeltaS=5.5387e-02, since last update: 146.0s
2022-11-25 16:53:56 - svd, N=2, n= 94, chi= 2048, S_vN=[5.81375218 5.80997156], err=0.05576430919800756, time: 2:03:11
2022-11-25 16:56:26 - --> time=4.750, max(chi)=2048, max(S)=5.86854, avg DeltaS=5.4280e-02, since last update: 150.3s
2022-11-25 16:56:27 - svd, N=2, n= 95, chi= 2048, S_vN=[5.86853895 5.86374531], err=0.06170195066204513, time: 2:05:43
2022-11-25 16:58:52 - --> time=4.800, max(chi)=2048, max(S)=5.91961, avg DeltaS=5.0483e-02, since last update: 144.6s
2022-11-25 16:58:53 - svd, N=2, n= 96, chi= 2048, S_vN=[5.91960548 5.91364468], err=0.06843837337780122, time: 2:08:08
2022-11-25 17:01:25 - --> time=4.850, max(chi)=2048, max(S)=5.96573, avg DeltaS=4.5588e-02, since last update: 151.8s
2022-11-25 17:01:26 - svd, N=2, n= 97, chi= 2048, S_vN=[5.96572888 5.95869811], err=0.07568436017268271, time: 2:10:42
2022-11-25 17:03:54 - --> time=4.900, max(chi)=2048, max(S)=6.00763, avg DeltaS=4.1351e-02, since last update: 148.0s
2022-11-25 17:03:55 - svd, N=2, n= 98, chi= 2048, S_vN=[6.00763499 5.9994935 ], err=0.08401895794621234, time: 2:13:11
2022-11-25 17:06:02 - --> time=4.950, max(chi)=2048, max(S)=6.04657, avg DeltaS=3.8273e-02, since last update: 126.9s
2022-11-25 17:06:03 - svd, N=2, n= 99, chi= 2048, S_vN=[6.04656769 6.03710632], err=0.09331983620969395, time: 2:15:19
2022-11-25 17:08:18 - --> time=5.000, max(chi)=2048, max(S)=6.08380, avg DeltaS=3.6565e-02, since last update: 134.8s
2022-11-25 17:08:19 - svd, N=2, n=100, chi= 2048, S_vN=[6.0837998  6.07300386], err=0.10182660464594434, time: 2:17:35
2022-11-25 17:10:33 - --> time=5.050, max(chi)=2048, max(S)=6.12033, avg DeltaS=3.6045e-02, since last update: 134.0s
2022-11-25 17:10:34 - svd, N=2, n=101, chi= 2048, S_vN=[6.12033424 6.10855877], err=0.10842756037012866, time: 2:19:50
2022-11-25 17:13:18 - --> time=5.100, max(chi)=2048, max(S)=6.15597, avg DeltaS=3.5265e-02, since last update: 163.2s
2022-11-25 17:13:19 - svd, N=2, n=102, chi= 2048, S_vN=[6.15596577 6.14345636], err=0.11407055758488417, time: 2:22:35
2022-11-25 17:15:46 - --> time=5.150, max(chi)=2048, max(S)=6.18937, avg DeltaS=3.2961e-02, since last update: 146.5s
2022-11-25 17:15:47 - svd, N=2, n=103, chi= 2048, S_vN=[6.1893656  6.17597861], err=0.12012343333266515, time: 2:25:02
2022-11-25 17:18:06 - --> time=5.200, max(chi)=2048, max(S)=6.22014, avg DeltaS=3.0277e-02, since last update: 139.1s
2022-11-25 17:18:07 - svd, N=2, n=104, chi= 2048, S_vN=[6.22014266 6.20575647], err=0.12655874226672126, time: 2:27:23
2022-11-25 17:20:43 - --> time=5.250, max(chi)=2048, max(S)=6.24960, avg DeltaS=2.8934e-02, since last update: 156.2s
2022-11-25 17:20:45 - svd, N=2, n=105, chi= 2048, S_vN=[6.2495959  6.23417198], err=0.13316205244403745, time: 2:30:01
2022-11-25 17:23:40 - --> time=5.300, max(chi)=2048, max(S)=6.27892, avg DeltaS=2.8684e-02, since last update: 174.9s
2022-11-25 17:23:41 - svd, N=2, n=106, chi= 2048, S_vN=[6.27891625 6.26221939], err=0.14052662740804103, time: 2:32:57
2022-11-25 17:26:26 - --> time=5.350, max(chi)=2048, max(S)=6.30746, avg DeltaS=2.7798e-02, since last update: 164.9s
2022-11-25 17:26:28 - svd, N=2, n=107, chi= 2048, S_vN=[6.30746441 6.28926792], err=0.14870365835443808, time: 2:35:43
2022-11-25 17:28:48 - --> time=5.400, max(chi)=2048, max(S)=6.33352, avg DeltaS=2.5442e-02, since last update: 140.2s
2022-11-25 17:28:50 - svd, N=2, n=108, chi= 2048, S_vN=[6.33351871 6.31409705], err=0.15646443209466818, time: 2:38:05
2022-11-25 17:31:31 - --> time=5.450, max(chi)=2048, max(S)=6.35610, avg DeltaS=2.2311e-02, since last update: 161.2s
2022-11-25 17:31:32 - svd, N=2, n=109, chi= 2048, S_vN=[6.35610189 6.33613545], err=0.16306300442166222, time: 2:40:48
2022-11-25 17:33:29 - --> time=5.500, max(chi)=2048, max(S)=6.37574, avg DeltaS=1.9614e-02, since last update: 116.5s
2022-11-25 17:33:30 - svd, N=2, n=110, chi= 2048, S_vN=[6.37573527 6.35572993], err=0.1690752925707815, time: 2:42:46
2022-11-25 17:35:54 - --> time=5.550, max(chi)=2048, max(S)=6.39381, avg DeltaS=1.8078e-02, since last update: 143.7s
2022-11-25 17:35:55 - svd, N=2, n=111, chi= 2048, S_vN=[6.39380534 6.37381578], err=0.1751560530968426, time: 2:45:11
2022-11-25 17:37:42 - --> time=5.600, max(chi)=2048, max(S)=6.41130, avg DeltaS=1.7451e-02, since last update: 106.3s
2022-11-25 17:37:43 - svd, N=2, n=112, chi= 2048, S_vN=[6.41130313 6.39121899], err=0.18120477066894014, time: 2:46:59
2022-11-25 17:40:34 - --> time=5.650, max(chi)=2048, max(S)=6.42810, avg DeltaS=1.6753e-02, since last update: 171.1s
2022-11-25 17:40:36 - svd, N=2, n=113, chi= 2048, S_vN=[6.42810183 6.40792544], err=0.18700389359318148, time: 2:49:52
2022-11-25 17:43:17 - --> time=5.700, max(chi)=2048, max(S)=6.44350, avg DeltaS=1.5369e-02, since last update: 161.1s
2022-11-25 17:43:18 - svd, N=2, n=114, chi= 2048, S_vN=[6.44349574 6.42326985], err=0.19281043171768622, time: 2:52:34
2022-11-25 17:46:09 - --> time=5.750, max(chi)=2048, max(S)=6.45722, avg DeltaS=1.3704e-02, since last update: 170.9s
2022-11-25 17:46:10 - svd, N=2, n=115, chi= 2048, S_vN=[6.45721974 6.43695357], err=0.1988913598112483, time: 2:55:26
2022-11-25 17:48:51 - --> time=5.800, max(chi)=2048, max(S)=6.46998, avg DeltaS=1.2809e-02, since last update: 160.4s
2022-11-25 17:48:53 - svd, N=2, n=116, chi= 2048, S_vN=[6.46998343 6.44980715], err=0.20492695891884807, time: 2:58:08
2022-11-25 17:51:33 - --> time=5.850, max(chi)=2048, max(S)=6.48301, avg DeltaS=1.3208e-02, since last update: 159.9s
2022-11-25 17:51:34 - svd, N=2, n=117, chi= 2048, S_vN=[6.48301449 6.46319194], err=0.21049274408607765, time: 3:00:50
2022-11-25 17:54:00 - --> time=5.900, max(chi)=2048, max(S)=6.49695, avg DeltaS=1.4175e-02, since last update: 145.3s
2022-11-25 17:54:01 - svd, N=2, n=118, chi= 2048, S_vN=[6.49694748 6.47760916], err=0.21564431399358927, time: 3:03:17
2022-11-25 17:56:28 - --> time=5.950, max(chi)=2048, max(S)=6.51109, avg DeltaS=1.4326e-02, since last update: 146.5s
2022-11-25 17:56:31 - svd, N=2, n=119, chi= 2048, S_vN=[6.5110887  6.49211973], err=0.22068519869497125, time: 3:05:46
2022-11-25 17:59:10 - --> time=6.000, max(chi)=2048, max(S)=6.52395, avg DeltaS=1.2968e-02, since last update: 159.7s
2022-11-25 17:59:11 - svd, N=2, n=120, chi= 2048, S_vN=[6.52395397 6.505191  ], err=0.22569802332564323, time: 3:08:27
2022-11-25 18:01:04 - --> time=6.050, max(chi)=2048, max(S)=6.53458, avg DeltaS=1.0696e-02, since last update: 112.2s
2022-11-25 18:01:04 - svd, N=2, n=121, chi= 2048, S_vN=[6.53457759 6.51595954], err=0.23065526949460216, time: 3:10:20
2022-11-25 18:03:11 - --> time=6.100, max(chi)=2048, max(S)=6.54327, avg DeltaS=8.7780e-03, since last update: 126.2s
2022-11-25 18:03:12 - svd, N=2, n=122, chi= 2048, S_vN=[6.54327468 6.52481851], err=0.2356252878867197, time: 3:12:28
2022-11-25 18:04:58 - --> time=6.150, max(chi)=2048, max(S)=6.55116, avg DeltaS=7.9773e-03, since last update: 106.0s
2022-11-25 18:04:59 - svd, N=2, n=123, chi= 2048, S_vN=[6.55116097 6.53288679], err=0.240628693646578, time: 3:14:15
2022-11-25 18:07:51 - --> time=6.200, max(chi)=2048, max(S)=6.55899, avg DeltaS=7.9387e-03, since last update: 172.2s
2022-11-25 18:07:53 - svd, N=2, n=124, chi= 2048, S_vN=[6.55899459 6.54093065], err=0.24551251916712452, time: 3:17:09
2022-11-25 18:10:49 - --> time=6.250, max(chi)=2048, max(S)=6.56658, avg DeltaS=7.7192e-03, since last update: 175.8s
2022-11-25 18:10:51 - svd, N=2, n=125, chi= 2048, S_vN=[6.56658453 6.54877915], err=0.2501141776190742, time: 3:20:07
2022-11-25 18:12:39 - --> time=6.300, max(chi)=2048, max(S)=6.57330, avg DeltaS=6.8369e-03, since last update: 107.7s
2022-11-25 18:12:40 - svd, N=2, n=126, chi= 2048, S_vN=[6.57329645 6.55574107], err=0.2544335682740429, time: 3:21:56
2022-11-25 18:15:07 - --> time=6.350, max(chi)=2048, max(S)=6.57895, avg DeltaS=5.7071e-03, since last update: 147.5s
2022-11-25 18:15:09 - svd, N=2, n=127, chi= 2048, S_vN=[6.5789467  6.56150508], err=0.25859561648400226, time: 3:24:25
2022-11-25 18:17:22 - --> time=6.400, max(chi)=2048, max(S)=6.58412, avg DeltaS=5.1469e-03, since last update: 133.6s
2022-11-25 18:17:24 - svd, N=2, n=128, chi= 2048, S_vN=[6.58412442 6.56662119], err=0.2626894516329448, time: 3:26:40
2022-11-25 18:19:55 - --> time=6.450, max(chi)=2048, max(S)=6.58973, avg DeltaS=5.5379e-03, since last update: 151.5s
2022-11-25 18:19:56 - svd, N=2, n=129, chi= 2048, S_vN=[6.58972537 6.57209608], err=0.26671619390312745, time: 3:29:12
2022-11-25 18:22:34 - --> time=6.500, max(chi)=2048, max(S)=6.59620, avg DeltaS=6.4589e-03, since last update: 157.4s
2022-11-25 18:22:35 - svd, N=2, n=130, chi= 2048, S_vN=[6.59620332 6.57853585], err=0.27064913662885354, time: 3:31:51
2022-11-25 18:25:10 - --> time=6.550, max(chi)=2048, max(S)=6.60319, avg DeltaS=7.0486e-03, since last update: 154.7s
2022-11-25 18:25:10 - svd, N=2, n=131, chi= 2048, S_vN=[6.60318526 6.58565103], err=0.27447792515468034, time: 3:34:26
2022-11-25 18:27:28 - --> time=6.600, max(chi)=2048, max(S)=6.60980, avg DeltaS=6.7552e-03, since last update: 137.7s
2022-11-25 18:27:29 - svd, N=2, n=132, chi= 2048, S_vN=[6.60979923 6.59254749], err=0.2782029839433934, time: 3:36:45
2022-11-25 18:30:20 - --> time=6.650, max(chi)=2048, max(S)=6.61541, avg DeltaS=5.7703e-03, since last update: 170.9s
2022-11-25 18:30:22 - svd, N=2, n=133, chi= 2048, S_vN=[6.61540946 6.59847776], err=0.2818507108263858, time: 3:39:38
2022-11-25 18:32:14 - --> time=6.700, max(chi)=2048, max(S)=6.62001, avg DeltaS=4.7192e-03, since last update: 112.3s
2022-11-25 18:32:16 - svd, N=2, n=134, chi= 2048, S_vN=[6.62001439 6.60331114], err=0.2854688581121849, time: 3:41:31
2022-11-25 18:34:58 - --> time=6.750, max(chi)=2048, max(S)=6.62396, avg DeltaS=3.9899e-03, since last update: 162.6s
2022-11-25 18:35:00 - svd, N=2, n=135, chi= 2048, S_vN=[6.62396374 6.60734163], err=0.2890667405936828, time: 3:44:15
2022-11-25 18:37:03 - --> time=6.800, max(chi)=2048, max(S)=6.62744, avg DeltaS=3.4711e-03, since last update: 123.0s
2022-11-25 18:37:04 - svd, N=2, n=136, chi= 2048, S_vN=[6.62743687 6.6108108 ], err=0.29259919686957725, time: 3:46:20
2022-11-25 18:39:30 - --> time=6.850, max(chi)=2048, max(S)=6.63026, avg DeltaS=2.8502e-03, since last update: 145.9s
2022-11-25 18:39:32 - svd, N=2, n=137, chi= 2048, S_vN=[6.63026138 6.61368669], err=0.2960256673639695, time: 3:48:48
2022-11-25 18:41:20 - --> time=6.900, max(chi)=2048, max(S)=6.63224, avg DeltaS=2.0973e-03, since last update: 108.4s
2022-11-25 18:41:21 - svd, N=2, n=138, chi= 2048, S_vN=[6.63224403 6.61589856], err=0.2993274466704674, time: 3:50:37
2022-11-25 18:43:38 - --> time=6.950, max(chi)=2048, max(S)=6.63363, avg DeltaS=1.5921e-03, since last update: 137.2s
2022-11-25 18:43:39 - svd, N=2, n=139, chi= 2048, S_vN=[6.63362926 6.61769747], err=0.3024883245218443, time: 3:52:55
2022-11-25 18:45:47 - --> time=7.000, max(chi)=2048, max(S)=6.63510, avg DeltaS=1.7088e-03, since last update: 127.3s
2022-11-25 18:45:48 - svd, N=2, n=140, chi= 2048, S_vN=[6.63510024 6.61964415], err=0.3055096084437009, time: 3:55:03
2022-11-25 18:48:21 - --> time=7.050, max(chi)=2048, max(S)=6.63726, avg DeltaS=2.3521e-03, since last update: 153.8s
2022-11-25 18:48:23 - svd, N=2, n=141, chi= 2048, S_vN=[6.63726284 6.62218579], err=0.30843177365391966, time: 3:57:39
2022-11-25 18:50:52 - --> time=7.100, max(chi)=2048, max(S)=6.64019, avg DeltaS=3.0212e-03, since last update: 149.0s
2022-11-25 18:50:53 - svd, N=2, n=142, chi= 2048, S_vN=[6.64018522 6.62530573], err=0.31130965387231235, time: 4:00:09
2022-11-25 18:53:47 - --> time=7.150, max(chi)=2048, max(S)=6.64342, avg DeltaS=3.2547e-03, since last update: 173.6s
2022-11-25 18:53:48 - svd, N=2, n=143, chi= 2048, S_vN=[6.64341665 6.62858362], err=0.31417955307513545, time: 4:03:04
2022-11-25 18:56:48 - --> time=7.200, max(chi)=2048, max(S)=6.64639, avg DeltaS=2.9741e-03, since last update: 179.5s
2022-11-25 18:56:49 - svd, N=2, n=144, chi= 2048, S_vN=[6.64638721 6.63156123], err=0.3170480772387803, time: 4:06:05
2022-11-25 18:59:46 - --> time=7.250, max(chi)=2048, max(S)=6.64882, avg DeltaS=2.4695e-03, since last update: 177.2s
2022-11-25 18:59:48 - svd, N=2, n=145, chi= 2048, S_vN=[6.648817   6.63407043], err=0.31989997105793583, time: 4:09:04
2022-11-25 19:02:20 - --> time=7.300, max(chi)=2048, max(S)=6.65079, avg DeltaS=2.0686e-03, since last update: 151.8s
2022-11-25 19:02:21 - svd, N=2, n=146, chi= 2048, S_vN=[6.65078836 6.63623633], err=0.3227091339347226, time: 4:11:37
2022-11-25 19:05:06 - --> time=7.350, max(chi)=2048, max(S)=6.65248, avg DeltaS=1.8252e-03, since last update: 165.3s
2022-11-25 19:05:08 - svd, N=2, n=147, chi= 2048, S_vN=[6.65247806 6.63819704], err=0.3254422149874216, time: 4:14:24
2022-11-25 19:08:08 - --> time=7.400, max(chi)=2048, max(S)=6.65389, avg DeltaS=1.5475e-03, since last update: 179.6s
2022-11-25 19:08:09 - svd, N=2, n=148, chi= 2048, S_vN=[6.65389343 6.6398767 ], err=0.32807871940228533, time: 4:17:25
2022-11-25 19:10:22 - --> time=7.450, max(chi)=2048, max(S)=6.65486, avg DeltaS=1.0587e-03, since last update: 132.1s
2022-11-25 19:10:22 - svd, N=2, n=149, chi= 2048, S_vN=[6.65486083 6.64102674], err=0.3306384716406176, time: 4:19:38
2022-11-25 19:12:51 - --> time=7.500, max(chi)=2048, max(S)=6.65525, avg DeltaS=4.3198e-04, since last update: 148.7s
2022-11-25 19:12:52 - svd, N=2, n=150, chi= 2048, S_vN=[6.65525214 6.64149938], err=0.33316112590844704, time: 4:22:08
2022-11-25 19:15:21 - --> time=7.550, max(chi)=2048, max(S)=6.65523, avg DeltaS=-1.2094e-05, since last update: 148.3s
2022-11-25 19:15:21 - svd, N=2, n=151, chi= 2048, S_vN=[6.65522564 6.64150169], err=0.33565731084467926, time: 4:24:37
2022-11-25 19:17:47 - --> time=7.600, max(chi)=2048, max(S)=6.65520, avg DeltaS=6.0227e-06, since last update: 145.7s
2022-11-25 19:17:49 - svd, N=2, n=152, chi= 2048, S_vN=[6.65519895 6.64154042], err=0.33810034326592514, time: 4:27:05
2022-11-25 19:20:34 - --> time=7.650, max(chi)=2048, max(S)=6.65555, avg DeltaS=4.3824e-04, since last update: 164.7s
2022-11-25 19:20:36 - svd, N=2, n=153, chi= 2048, S_vN=[6.65554997 6.64206588], err=0.34046083728716026, time: 4:29:51
2022-11-25 19:23:17 - --> time=7.700, max(chi)=2048, max(S)=6.65637, avg DeltaS=9.6018e-04, since last update: 160.9s
2022-11-25 19:23:18 - svd, N=2, n=154, chi= 2048, S_vN=[6.65636767 6.64316854], err=0.34273185562940434, time: 4:32:34
2022-11-25 19:25:45 - --> time=7.750, max(chi)=2048, max(S)=6.65747, avg DeltaS=1.2661e-03, since last update: 146.8s
2022-11-25 19:25:47 - svd, N=2, n=155, chi= 2048, S_vN=[6.65747332 6.64459515], err=0.34493370589692496, time: 4:35:03
2022-11-25 19:28:05 - --> time=7.800, max(chi)=2048, max(S)=6.65863, avg DeltaS=1.2881e-03, since last update: 137.6s
2022-11-25 19:28:06 - svd, N=2, n=156, chi= 2048, S_vN=[6.65862927 6.64601544], err=0.34710470313127223, time: 4:37:21
2022-11-25 19:30:13 - --> time=7.850, max(chi)=2048, max(S)=6.65972, avg DeltaS=1.1671e-03, since last update: 127.2s
2022-11-25 19:30:15 - svd, N=2, n=157, chi= 2048, S_vN=[6.6597168  6.64726218], err=0.3492827884203893, time: 4:39:30
2022-11-25 19:32:21 - --> time=7.900, max(chi)=2048, max(S)=6.66073, avg DeltaS=1.0486e-03, since last update: 125.9s
2022-11-25 19:32:22 - svd, N=2, n=158, chi= 2048, S_vN=[6.66072969 6.64834654], err=0.3514849386947993, time: 4:41:38
2022-11-25 19:34:46 - --> time=7.950, max(chi)=2048, max(S)=6.66164, avg DeltaS=9.3335e-04, since last update: 143.8s
2022-11-25 19:34:48 - svd, N=2, n=159, chi= 2048, S_vN=[6.66163673 6.64930621], err=0.3536925051747098, time: 4:44:04
2022-11-25 19:37:40 - --> time=8.000, max(chi)=2048, max(S)=6.66231, avg DeltaS=7.2640e-04, since last update: 172.1s
2022-11-25 19:37:42 - svd, N=2, n=160, chi= 2048, S_vN=[6.66230674 6.650089  ], err=0.3558601832967622, time: 4:46:57
2022-11-25 19:39:54 - --> time=8.050, max(chi)=2048, max(S)=6.66259, avg DeltaS=3.8329e-04, since last update: 132.2s
2022-11-25 19:39:55 - svd, N=2, n=161, chi= 2048, S_vN=[6.66258546 6.65057686], err=0.35794981909630486, time: 4:49:11
2022-11-25 19:42:33 - --> time=8.100, max(chi)=2048, max(S)=6.66245, avg DeltaS=2.5070e-06, since last update: 157.7s
2022-11-25 19:42:34 - svd, N=2, n=162, chi= 2048, S_vN=[6.66244909 6.65071824], err=0.35995395131264246, time: 4:51:50
2022-11-25 19:44:46 - --> time=8.150, max(chi)=2048, max(S)=6.66209, avg DeltaS=-2.2438e-04, since last update: 131.0s
2022-11-25 19:44:47 - svd, N=2, n=163, chi= 2048, S_vN=[6.66208627 6.65063231], err=0.3618890194242999, time: 4:54:03
2022-11-25 19:46:58 - --> time=8.200, max(chi)=2048, max(S)=6.66179, avg DeltaS=-1.8758e-04, since last update: 130.6s
2022-11-25 19:46:59 - svd, N=2, n=164, chi= 2048, S_vN=[6.66179374 6.65054968], err=0.3637803126686448, time: 4:56:14
2022-11-25 19:49:58 - --> time=8.250, max(chi)=2048, max(S)=6.66176, avg DeltaS=2.8804e-05, since last update: 179.1s
2022-11-25 19:49:59 - svd, N=2, n=165, chi= 2048, S_vN=[6.66176257 6.65063847], err=0.36565250425350776, time: 4:59:15
2022-11-25 19:52:31 - --> time=8.300, max(chi)=2048, max(S)=6.66197, avg DeltaS=2.3918e-04, since last update: 151.6s
2022-11-25 19:52:32 - svd, N=2, n=166, chi= 2048, S_vN=[6.66197314 6.65090625], err=0.3675196672620567, time: 5:01:47
2022-11-25 19:55:37 - --> time=8.350, max(chi)=2048, max(S)=6.66229, avg DeltaS=3.3949e-04, since last update: 185.3s
2022-11-25 19:55:39 - svd, N=2, n=167, chi= 2048, S_vN=[6.66228795 6.65127042], err=0.3693790006750233, time: 5:04:54
2022-11-25 19:58:20 - --> time=8.400, max(chi)=2048, max(S)=6.66262, avg DeltaS=3.7851e-04, since last update: 161.5s
2022-11-25 19:58:21 - svd, N=2, n=168, chi= 2048, S_vN=[6.66262138 6.65169401], err=0.37121658768155485, time: 5:07:37
2022-11-25 20:00:46 - --> time=8.450, max(chi)=2048, max(S)=6.66301, avg DeltaS=4.6262e-04, since last update: 144.4s
2022-11-25 20:00:47 - svd, N=2, n=169, chi= 2048, S_vN=[6.66301043 6.6522302 ], err=0.373019891878112, time: 5:10:03
2022-11-25 20:03:00 - --> time=8.500, max(chi)=2048, max(S)=6.66353, avg DeltaS=6.1399e-04, since last update: 133.4s
2022-11-25 20:03:01 - svd, N=2, n=170, chi= 2048, S_vN=[6.66353318 6.65293543], err=0.37478461896943716, time: 5:12:17
2022-11-25 20:05:09 - --> time=8.550, max(chi)=2048, max(S)=6.66418, avg DeltaS=7.3050e-04, since last update: 127.3s
2022-11-25 20:05:10 - svd, N=2, n=171, chi= 2048, S_vN=[6.66417631 6.6537533 ], err=0.3765142903356462, time: 5:14:26
2022-11-25 20:07:37 - --> time=8.600, max(chi)=2048, max(S)=6.66479, avg DeltaS=6.8295e-04, since last update: 146.1s
2022-11-25 20:07:37 - svd, N=2, n=172, chi= 2048, S_vN=[6.66479413 6.65450139], err=0.37821772984681096, time: 5:16:53
2022-11-25 20:10:25 - --> time=8.650, max(chi)=2048, max(S)=6.66520, avg DeltaS=4.4505e-04, since last update: 167.7s
2022-11-25 20:10:26 - svd, N=2, n=173, chi= 2048, S_vN=[6.66519941 6.65498622], err=0.379905284082274, time: 5:19:42
2022-11-25 20:12:38 - --> time=8.700, max(chi)=2048, max(S)=6.66530, avg DeltaS=1.3157e-04, since last update: 132.6s
2022-11-25 20:12:40 - svd, N=2, n=174, chi= 2048, S_vN=[6.66530268 6.65514608], err=0.38158161788413125, time: 5:21:56
2022-11-25 20:14:57 - --> time=8.750, max(chi)=2048, max(S)=6.66517, avg DeltaS=-9.6158e-05, since last update: 136.4s
2022-11-25 20:14:58 - svd, N=2, n=175, chi= 2048, S_vN=[6.66517003 6.65508641], err=0.3832423868093997, time: 5:24:14
2022-11-25 20:17:48 - --> time=8.800, max(chi)=2048, max(S)=6.66495, avg DeltaS=-1.6545e-04, since last update: 169.3s
2022-11-25 20:17:49 - svd, N=2, n=176, chi= 2048, S_vN=[6.6649474  6.65497814], err=0.3848774394608203, time: 5:27:05
2022-11-25 20:20:11 - --> time=8.850, max(chi)=2048, max(S)=6.66474, avg DeltaS=-1.2833e-04, since last update: 142.0s
2022-11-25 20:20:14 - svd, N=2, n=177, chi= 2048, S_vN=[6.66474228 6.65492659], err=0.38647653236540663, time: 5:29:30
2022-11-25 20:23:19 - --> time=8.900, max(chi)=2048, max(S)=6.66459, avg DeltaS=-7.3552e-05, since last update: 185.4s
2022-11-25 20:23:21 - svd, N=2, n=178, chi= 2048, S_vN=[6.66458729 6.65493448], err=0.3880363244630923, time: 5:32:37
2022-11-25 20:25:33 - --> time=8.950, max(chi)=2048, max(S)=6.66450, avg DeltaS=-2.7111e-05, since last update: 131.4s
2022-11-25 20:25:35 - svd, N=2, n=179, chi= 2048, S_vN=[6.66449698 6.65497057], err=0.38956399412053916, time: 5:34:50
2022-11-25 20:28:08 - --> time=9.000, max(chi)=2048, max(S)=6.66452, avg DeltaS=5.5179e-05, since last update: 153.7s
2022-11-25 20:28:10 - svd, N=2, n=180, chi= 2048, S_vN=[6.66452311 6.6550548 ], err=0.3910713779171201, time: 5:37:25
2022-11-25 20:30:10 - --> time=9.050, max(chi)=2048, max(S)=6.66473, avg DeltaS=2.0710e-04, since last update: 120.1s
2022-11-25 20:30:11 - svd, N=2, n=181, chi= 2048, S_vN=[6.66473075 6.65526135], err=0.3925667019796915, time: 5:39:27
2022-11-25 20:33:02 - --> time=9.100, max(chi)=2048, max(S)=6.66512, avg DeltaS=3.8390e-04, since last update: 170.4s
2022-11-25 20:33:03 - svd, N=2, n=182, chi= 2048, S_vN=[6.66512162 6.65563829], err=0.3940520840411636, time: 5:42:19
2022-11-25 20:35:44 - --> time=9.150, max(chi)=2048, max(S)=6.66560, avg DeltaS=4.9170e-04, since last update: 161.0s
2022-11-25 20:35:46 - svd, N=2, n=183, chi= 2048, S_vN=[6.6656011 6.6561422], err=0.39552489513751987, time: 5:45:02
2022-11-25 20:38:04 - --> time=9.200, max(chi)=2048, max(S)=6.66603, avg DeltaS=4.7424e-04, since last update: 138.1s
2022-11-25 20:38:06 - svd, N=2, n=184, chi= 2048, S_vN=[6.6660331  6.65665869], err=0.3969809737524086, time: 5:47:22
2022-11-25 20:41:04 - --> time=9.250, max(chi)=2048, max(S)=6.66633, avg DeltaS=3.5650e-04, since last update: 178.6s
2022-11-25 20:41:05 - svd, N=2, n=185, chi= 2048, S_vN=[6.66632779 6.657077  ], err=0.39841834554048744, time: 5:50:21
2022-11-25 20:43:15 - --> time=9.300, max(chi)=2048, max(S)=6.66648, avg DeltaS=2.0795e-04, since last update: 129.5s
2022-11-25 20:43:16 - svd, N=2, n=186, chi= 2048, S_vN=[6.66647886 6.65734182], err=0.39983789742476095, time: 5:52:31
2022-11-25 20:45:24 - --> time=9.350, max(chi)=2048, max(S)=6.66653, avg DeltaS=8.2571e-05, since last update: 128.0s
2022-11-25 20:45:25 - svd, N=2, n=187, chi= 2048, S_vN=[6.66653053 6.6574553 ], err=0.40123953567305953, time: 5:54:40
2022-11-25 20:47:51 - --> time=9.400, max(chi)=2048, max(S)=6.66652, avg DeltaS=-1.1922e-05, since last update: 146.3s
2022-11-25 20:47:52 - svd, N=2, n=188, chi= 2048, S_vN=[6.66651557 6.65744642], err=0.402622195335275, time: 5:57:08
2022-11-25 20:49:54 - --> time=9.450, max(chi)=2048, max(S)=6.66642, avg DeltaS=-1.0040e-04, since last update: 121.5s
2022-11-25 20:49:55 - svd, N=2, n=189, chi= 2048, S_vN=[6.66641877 6.65734241], err=0.40398660263593716, time: 5:59:10
2022-11-25 20:52:48 - --> time=9.500, max(chi)=2048, max(S)=6.66621, avg DeltaS=-1.9150e-04, since last update: 173.2s
2022-11-25 20:52:50 - svd, N=2, n=190, chi= 2048, S_vN=[6.66620687 6.65717132], err=0.40533474275445025, time: 6:02:05
2022-11-25 20:55:02 - --> time=9.550, max(chi)=2048, max(S)=6.66589, avg DeltaS=-2.5173e-04, since last update: 132.0s
2022-11-25 20:55:03 - svd, N=2, n=191, chi= 2048, S_vN=[6.66589498 6.65697974], err=0.40666708023125575, time: 6:04:18
2022-11-25 20:57:40 - --> time=9.600, max(chi)=2048, max(S)=6.66557, avg DeltaS=-2.3573e-04, since last update: 157.2s
2022-11-25 20:57:42 - svd, N=2, n=192, chi= 2048, S_vN=[6.66557259 6.65683066], err=0.40798149561208863, time: 6:06:57
2022-11-25 20:59:58 - --> time=9.650, max(chi)=2048, max(S)=6.66535, avg DeltaS=-1.3792e-04, since last update: 136.8s
2022-11-25 21:00:00 - svd, N=2, n=193, chi= 2048, S_vN=[6.66535421 6.6567732 ], err=0.40927556435661167, time: 6:09:16
2022-11-25 21:02:56 - --> time=9.700, max(chi)=2048, max(S)=6.66530, avg DeltaS=-2.1677e-06, since last update: 176.5s
2022-11-25 21:02:58 - svd, N=2, n=194, chi= 2048, S_vN=[6.66530493 6.65681814], err=0.41054931165612923, time: 6:12:14
2022-11-25 21:05:25 - --> time=9.750, max(chi)=2048, max(S)=6.66541, avg DeltaS=1.1432e-04, since last update: 146.9s
2022-11-25 21:05:27 - svd, N=2, n=195, chi= 2048, S_vN=[6.66540663 6.65694509], err=0.41180652947191076, time: 6:14:42
2022-11-25 21:08:06 - --> time=9.800, max(chi)=2048, max(S)=6.66558, avg DeltaS=1.7727e-04, since last update: 159.8s
2022-11-25 21:08:08 - svd, N=2, n=196, chi= 2048, S_vN=[6.66558062 6.65712563], err=0.41305239306726266, time: 6:17:23
2022-11-25 21:10:38 - --> time=9.850, max(chi)=2048, max(S)=6.66574, avg DeltaS=1.8175e-04, since last update: 150.2s
2022-11-25 21:10:39 - svd, N=2, n=197, chi= 2048, S_vN=[6.66573672 6.65733303], err=0.41429031620595824, time: 6:19:55
2022-11-25 21:13:03 - --> time=9.900, max(chi)=2048, max(S)=6.66581, avg DeltaS=1.3594e-04, since last update: 143.2s
2022-11-25 21:13:04 - svd, N=2, n=198, chi= 2048, S_vN=[6.66581048 6.65753114], err=0.41552081908471494, time: 6:22:19
2022-11-25 21:15:34 - --> time=9.950, max(chi)=2048, max(S)=6.66577, avg DeltaS=4.6517e-05, since last update: 150.7s
2022-11-25 21:15:36 - svd, N=2, n=199, chi= 2048, S_vN=[6.66577276 6.6576619 ], err=0.41674254684894, time: 6:24:52
2022-11-25 21:17:52 - --> time=10.000, max(chi)=2048, max(S)=6.66562, avg DeltaS=-7.8046e-05, since last update: 136.1s
2022-11-25 21:17:54 - svd, N=2, n=200, chi= 2048, S_vN=[6.66562035 6.65765822], err=0.4179529156454964, time: 6:27:09
