2022-11-25 21:17:55 - ClockModel: reading 'bc_MPS'='infinite'
2022-11-25 21:17:55 - ClockModel: reading 'conserve'=None
2022-11-25 21:17:55 - ClockModel: reading 'N'=3
2022-11-25 21:17:55 - ClockModel: reading 'L'=2
2022-11-25 21:17:55 - ClockModel: reading 'J'=1.0
2022-11-25 21:17:55 - ClockModel: reading 'g'=2
2022-11-25 21:17:55 - TEBDEngine: subconfig 'trunc_params'=Config(<2 options>, 'trunc_params')
2022-11-25 21:17:55 - TEBDEngine: reading 'dt'=0.05
2022-11-25 21:17:55 - TEBDEngine: reading 'N_steps'=1
2022-11-25 21:17:55 - TEBDEngine: reading 'order'=2
2022-11-25 21:17:55 - Calculate U for {'order': 2, 'delta_t': 0.05, 'type_evo': 'real', 'E_offset': None, 'tau': 0.05}
2022-11-25 21:17:55 - trunc_params: reading 'chi_max'=2048
2022-11-25 21:17:55 - trunc_params: reading 'svd_min'=1e-14
2022-11-25 21:17:55 - --> time=0.050, max(chi)=9, max(S)=0.00005, avg DeltaS=3.5350e-05, since last update: 0.8s
2022-11-25 21:17:55 - svd, N=3, n=  1, chi=    9, S_vN=[2.36972834e-05 4.70023632e-05], err=5.590999092701963e-15, time: 0:00:00
2022-11-25 21:17:56 - --> time=0.100, max(chi)=11, max(S)=0.00153, avg DeltaS=1.3931e-03, since last update: 0.1s
2022-11-25 21:17:56 - svd, N=3, n=  2, chi=   11, S_vN=[0.00132517 0.00153174], err=1.8195898884486328e-14, time: 0:00:00
2022-11-25 21:17:56 - --> time=0.150, max(chi)=15, max(S)=0.01100, avg DeltaS=9.3040e-03, since last update: 0.0s
2022-11-25 21:17:56 - svd, N=3, n=  3, chi=   15, S_vN=[0.01046942 0.01099541], err=2.071782993705408e-14, time: 0:00:00
2022-11-25 21:17:56 - --> time=0.200, max(chi)=21, max(S)=0.03945, avg DeltaS=2.8377e-02, since last update: 0.1s
2022-11-25 21:17:56 - svd, N=3, n=  4, chi=   21, S_vN=[0.03877218 0.03944754], err=2.6496933636360906e-14, time: 0:00:01
2022-11-25 21:17:56 - --> time=0.250, max(chi)=28, max(S)=0.09470, avg DeltaS=5.5396e-02, since last update: 0.1s
2022-11-25 21:17:56 - svd, N=3, n=  5, chi=   28, S_vN=[0.09431553 0.09469589], err=3.606396992749188e-14, time: 0:00:01
2022-11-25 21:17:56 - --> time=0.300, max(chi)=35, max(S)=0.17524, avg DeltaS=8.0564e-02, since last update: 0.4s
2022-11-25 21:17:56 - svd, N=3, n=  6, chi=   35, S_vN=[0.17523702 0.17490155], err=3.8052003312160614e-14, time: 0:00:01
2022-11-25 21:17:56 - --> time=0.350, max(chi)=40, max(S)=0.27036, avg DeltaS=9.4694e-02, since last update: 0.2s
2022-11-25 21:17:56 - svd, N=3, n=  7, chi=   40, S_vN=[0.27035682 0.26916896], err=4.574205213900866e-14, time: 0:00:01
2022-11-25 21:17:57 - --> time=0.400, max(chi)=45, max(S)=0.36519, avg DeltaS=9.4506e-02, since last update: 0.4s
2022-11-25 21:17:57 - svd, N=3, n=  8, chi=   45, S_vN=[0.36519238 0.36334623], err=5.235207388855896e-14, time: 0:00:02
2022-11-25 21:17:57 - --> time=0.450, max(chi)=54, max(S)=0.44834, avg DeltaS=8.3014e-02, since last update: 0.6s
2022-11-25 21:17:57 - svd, N=3, n=  9, chi=   54, S_vN=[0.44834154 0.44622497], err=6.394068910082165e-14, time: 0:00:02
2022-11-25 21:17:58 - --> time=0.500, max(chi)=66, max(S)=0.51497, avg DeltaS=6.6688e-02, since last update: 0.8s
2022-11-25 21:17:58 - svd, N=3, n= 10, chi=   66, S_vN=[0.51497088 0.51297143], err=7.41225733689102e-14, time: 0:00:03
2022-11-25 21:17:59 - --> time=0.550, max(chi)=79, max(S)=0.56688, avg DeltaS=5.2084e-02, since last update: 1.0s
2022-11-25 21:17:59 - svd, N=3, n= 11, chi=   79, S_vN=[0.56687585 0.56523361], err=8.421437260285505e-14, time: 0:00:04
2022-11-25 21:18:00 - --> time=0.600, max(chi)=93, max(S)=0.61010, avg DeltaS=4.3422e-02, since last update: 1.2s
2022-11-25 21:18:00 - svd, N=3, n= 12, chi=   93, S_vN=[0.61010156 0.608852  ], err=9.106044812023528e-14, time: 0:00:05
2022-11-25 21:18:02 - --> time=0.650, max(chi)=108, max(S)=0.65144, avg DeltaS=4.1466e-02, since last update: 1.3s
2022-11-25 21:18:02 - svd, N=3, n= 13, chi=  108, S_vN=[0.65143827 0.65044716], err=1.0141746050494276e-13, time: 0:00:07
2022-11-25 21:18:04 - --> time=0.700, max(chi)=123, max(S)=0.69522, avg DeltaS=4.3809e-02, since last update: 1.9s
2022-11-25 21:18:04 - svd, N=3, n= 14, chi=  123, S_vN=[0.69521925 0.69428438], err=1.1175108242130244e-13, time: 0:00:08
2022-11-25 21:18:06 - --> time=0.750, max(chi)=141, max(S)=0.74185, avg DeltaS=4.6581e-02, since last update: 2.0s
2022-11-25 21:18:06 - svd, N=3, n= 15, chi=  141, S_vN=[0.74184986 0.74081483], err=1.2153296712123754e-13, time: 0:00:11
2022-11-25 21:18:07 - --> time=0.800, max(chi)=162, max(S)=0.78862, avg DeltaS=4.6697e-02, since last update: 1.8s
2022-11-25 21:18:07 - svd, N=3, n= 16, chi=  162, S_vN=[0.78861893 0.78744041], err=1.3408643528600416e-13, time: 0:00:12
2022-11-25 21:18:10 - --> time=0.850, max(chi)=186, max(S)=0.83195, avg DeltaS=4.3296e-02, since last update: 2.3s
2022-11-25 21:18:10 - svd, N=3, n= 17, chi=  186, S_vN=[0.83195143 0.83069921], err=1.4707552652763233e-13, time: 0:00:15
2022-11-25 21:18:13 - --> time=0.900, max(chi)=214, max(S)=0.86966, avg DeltaS=3.7740e-02, since last update: 3.3s
2022-11-25 21:18:13 - svd, N=3, n= 18, chi=  214, S_vN=[0.86966116 0.86846856], err=1.6176635795562897e-13, time: 0:00:18
2022-11-25 21:18:17 - --> time=0.950, max(chi)=245, max(S)=0.90216, avg DeltaS=3.2590e-02, since last update: 4.3s
2022-11-25 21:18:17 - svd, N=3, n= 19, chi=  245, S_vN=[0.90215743 0.90115135], err=1.761857644723565e-13, time: 0:00:22
2022-11-25 21:18:23 - --> time=1.000, max(chi)=279, max(S)=0.93220, avg DeltaS=3.0163e-02, since last update: 5.3s
2022-11-25 21:18:23 - svd, N=3, n= 20, chi=  279, S_vN=[0.93219768 0.93143642], err=1.9235489985598937e-13, time: 0:00:28
2022-11-25 21:18:29 - --> time=1.050, max(chi)=320, max(S)=0.96341, avg DeltaS=3.1319e-02, since last update: 6.5s
2022-11-25 21:18:29 - svd, N=3, n= 21, chi=  320, S_vN=[0.96341199 0.96285987], err=2.0848551253613108e-13, time: 0:00:34
2022-11-25 21:18:37 - --> time=1.100, max(chi)=362, max(S)=0.99850, avg DeltaS=3.5137e-02, since last update: 7.9s
2022-11-25 21:18:37 - svd, N=3, n= 22, chi=  362, S_vN=[0.99849624 0.99804889], err=2.2640383706114402e-13, time: 0:00:42
2022-11-25 21:18:55 - --> time=1.150, max(chi)=407, max(S)=1.03812, avg DeltaS=3.9623e-02, since last update: 18.0s
2022-11-25 21:18:55 - svd, N=3, n= 23, chi=  407, S_vN=[1.03812353 1.03766713], err=2.4267659721288393e-13, time: 0:01:00
2022-11-25 21:19:11 - --> time=1.200, max(chi)=459, max(S)=1.08105, avg DeltaS=4.2889e-02, since last update: 16.1s
2022-11-25 21:19:11 - svd, N=3, n= 24, chi=  459, S_vN=[1.08105028 1.08051923], err=2.629929803373644e-13, time: 0:01:16
2022-11-25 21:19:23 - --> time=1.250, max(chi)=520, max(S)=1.12518, avg DeltaS=4.4093e-02, since last update: 11.6s
2022-11-25 21:19:23 - svd, N=3, n= 25, chi=  520, S_vN=[1.12517622 1.12457838], err=2.8323418432604497e-13, time: 0:01:28
2022-11-25 21:19:57 - --> time=1.300, max(chi)=584, max(S)=1.16888, avg DeltaS=4.3703e-02, since last update: 33.8s
2022-11-25 21:19:57 - svd, N=3, n= 26, chi=  584, S_vN=[1.16888067 1.16828085], err=3.056207147901891e-13, time: 0:02:02
2022-11-25 21:20:39 - --> time=1.350, max(chi)=660, max(S)=1.21193, avg DeltaS=4.3082e-02, since last update: 41.6s
2022-11-25 21:20:39 - svd, N=3, n= 27, chi=  660, S_vN=[1.21192502 1.21140002], err=3.2963646782134757e-13, time: 0:02:44
2022-11-25 21:21:11 - --> time=1.400, max(chi)=742, max(S)=1.25552, avg DeltaS=4.3658e-02, since last update: 32.7s
2022-11-25 21:21:12 - svd, N=3, n= 28, chi=  742, S_vN=[1.25552478 1.25511604], err=3.548700584310004e-13, time: 0:03:17
2022-11-25 21:21:42 - --> time=1.450, max(chi)=837, max(S)=1.30163, avg DeltaS=4.6149e-02, since last update: 30.2s
2022-11-25 21:21:42 - svd, N=3, n= 29, chi=  837, S_vN=[1.30162504 1.30131344], err=3.8165705642894246e-13, time: 0:03:47
2022-11-25 21:22:32 - --> time=1.500, max(chi)=939, max(S)=1.35179, avg DeltaS=5.0182e-02, since last update: 50.0s
2022-11-25 21:22:32 - svd, N=3, n= 30, chi=  939, S_vN=[1.35179335 1.35150856], err=4.0933890715270984e-13, time: 0:04:37
2022-11-25 21:23:23 - --> time=1.550, max(chi)=1052, max(S)=1.40634, avg DeltaS=5.4522e-02, since last update: 50.9s
2022-11-25 21:23:23 - svd, N=3, n= 31, chi= 1052, S_vN=[1.40634402 1.40600184], err=4.3788347827212535e-13, time: 0:05:28
2022-11-25 21:24:21 - --> time=1.600, max(chi)=1175, max(S)=1.46417, avg DeltaS=5.7768e-02, since last update: 57.9s
2022-11-25 21:24:21 - svd, N=3, n= 32, chi= 1175, S_vN=[1.46416811 1.4637133 ], err=4.685422083763259e-13, time: 0:06:26
2022-11-25 21:26:02 - --> time=1.650, max(chi)=1317, max(S)=1.52332, avg DeltaS=5.9091e-02, since last update: 100.6s
2022-11-25 21:26:03 - svd, N=3, n= 33, chi= 1317, S_vN=[1.52331618 1.522747  ], err=5.010073340461578e-13, time: 0:08:08
2022-11-25 21:28:11 - --> time=1.700, max(chi)=1474, max(S)=1.58196, avg DeltaS=5.8611e-02, since last update: 128.3s
2022-11-25 21:28:12 - svd, N=3, n= 34, chi= 1474, S_vN=[1.58196106 1.58132394], err=5.350895427716108e-13, time: 0:10:17
2022-11-25 21:30:52 - --> time=1.750, max(chi)=1647, max(S)=1.63920, avg DeltaS=5.7241e-02, since last update: 160.3s
2022-11-25 21:30:54 - svd, N=3, n= 35, chi= 1647, S_vN=[1.63920381 1.63856357], err=5.706487062405708e-13, time: 0:12:59
2022-11-25 21:34:00 - --> time=1.800, max(chi)=1837, max(S)=1.69531, avg DeltaS=5.6131e-02, since last update: 186.4s
2022-11-25 21:34:02 - svd, N=3, n= 36, chi= 1837, S_vN=[1.69531343 1.69471633], err=6.095335345225952e-13, time: 0:16:07
2022-11-25 21:38:51 - --> time=1.850, max(chi)=2048, max(S)=1.75132, avg DeltaS=5.6026e-02, since last update: 288.9s
2022-11-25 21:38:52 - svd, N=3, n= 37, chi= 2048, S_vN=[1.751316  1.7507659], err=6.509017305526022e-13, time: 0:20:57
2022-11-25 21:46:01 - --> time=1.900, max(chi)=2048, max(S)=1.80821, avg DeltaS=5.6898e-02, since last update: 428.6s
2022-11-25 21:46:03 - svd, N=3, n= 38, chi= 2048, S_vN=[1.80820932 1.80766926], err=9.525806216178583e-13, time: 0:28:08
2022-11-25 21:52:03 - --> time=1.950, max(chi)=2048, max(S)=1.86627, avg DeltaS=5.8043e-02, since last update: 360.4s
2022-11-25 21:52:05 - svd, N=3, n= 39, chi= 2048, S_vN=[1.86627374 1.86569035], err=2.490590592507145e-12, time: 0:34:10
2022-11-25 21:57:37 - --> time=2.000, max(chi)=2048, max(S)=1.92486, avg DeltaS=5.8544e-02, since last update: 332.1s
2022-11-25 21:57:39 - svd, N=3, n= 40, chi= 2048, S_vN=[1.9248584  1.92419349], err=7.499932885102451e-12, time: 0:39:43
2022-11-25 22:02:42 - --> time=2.050, max(chi)=2048, max(S)=1.98272, avg DeltaS=5.7818e-02, since last update: 303.1s
2022-11-25 22:02:44 - svd, N=3, n= 41, chi= 2048, S_vN=[1.98271803 1.98196926], err=2.1716322106754017e-11, time: 0:44:49
2022-11-25 22:08:28 - --> time=2.100, max(chi)=2048, max(S)=2.03866, avg DeltaS=5.5920e-02, since last update: 344.5s
2022-11-25 22:08:30 - svd, N=3, n= 42, chi= 2048, S_vN=[2.03866362 2.03786399], err=5.972737210373225e-11, time: 0:50:35
2022-11-25 22:13:44 - --> time=2.150, max(chi)=2048, max(S)=2.09215, avg DeltaS=5.3481e-02, since last update: 314.2s
2022-11-25 22:13:46 - svd, N=3, n= 43, chi= 2048, S_vN=[2.09214549 2.09134402], err=1.566076466610295e-10, time: 0:55:51
2022-11-25 22:19:32 - --> time=2.200, max(chi)=2048, max(S)=2.14346, avg DeltaS=5.1335e-02, since last update: 346.0s
2022-11-25 22:19:33 - svd, N=3, n= 44, chi= 2048, S_vN=[2.14346232 2.1426979 ], err=3.9245827856153586e-10, time: 1:01:38
2022-11-25 22:25:21 - --> time=2.250, max(chi)=2048, max(S)=2.19351, avg DeltaS=5.0076e-02, since last update: 348.3s
2022-11-25 22:25:23 - svd, N=3, n= 45, chi= 2048, S_vN=[2.19351455 2.19279758], err=9.39079909096854e-10, time: 1:07:28
2022-11-25 22:31:04 - --> time=2.300, max(chi)=2048, max(S)=2.24327, avg DeltaS=4.9769e-02, since last update: 340.9s
2022-11-25 22:31:06 - svd, N=3, n= 46, chi= 2048, S_vN=[2.24326931 2.24258053], err=2.1547221071415304e-09, time: 1:13:11
2022-11-25 22:36:51 - --> time=2.350, max(chi)=2048, max(S)=2.29325, avg DeltaS=4.9979e-02, since last update: 345.6s
2022-11-25 22:36:53 - svd, N=3, n= 47, chi= 2048, S_vN=[2.29325067 2.29255623], err=4.761716567121043e-09, time: 1:18:58
2022-11-25 22:43:33 - --> time=2.400, max(chi)=2048, max(S)=2.34333, avg DeltaS=5.0066e-02, since last update: 399.2s
2022-11-25 22:43:35 - svd, N=3, n= 48, chi= 2048, S_vN=[2.34333253 2.34260555], err=1.0103474941117163e-08, time: 1:25:40
2022-11-25 22:48:50 - --> time=2.450, max(chi)=2048, max(S)=2.39292, avg DeltaS=4.9568e-02, since last update: 314.9s
2022-11-25 22:48:52 - svd, N=3, n= 49, chi= 2048, S_vN=[2.39291892 2.39215515], err=2.057450198703664e-08, time: 1:30:57
2022-11-25 22:54:54 - --> time=2.500, max(chi)=2048, max(S)=2.44137, avg DeltaS=4.8448e-02, since last update: 361.7s
2022-11-25 22:54:55 - svd, N=3, n= 50, chi= 2048, S_vN=[2.44137479 2.44059441], err=4.028711425934197e-08, time: 1:37:00
2022-11-25 22:59:49 - --> time=2.550, max(chi)=2048, max(S)=2.48845, avg DeltaS=4.7082e-02, since last update: 294.0s
2022-11-25 22:59:51 - svd, N=3, n= 51, chi= 2048, S_vN=[2.4884485  2.48768443], err=7.61470317718823e-08, time: 1:41:56
2022-11-25 23:05:52 - --> time=2.600, max(chi)=2048, max(S)=2.53445, avg DeltaS=4.6028e-02, since last update: 361.3s
2022-11-25 23:05:54 - svd, N=3, n= 52, chi= 2048, S_vN=[2.53445459 2.53373458], err=1.390423101074351e-07, time: 1:47:59
2022-11-25 23:12:21 - --> time=2.650, max(chi)=2048, max(S)=2.58013, avg DeltaS=4.5702e-02, since last update: 386.7s
2022-11-25 23:12:23 - svd, N=3, n= 53, chi= 2048, S_vN=[2.58013059 2.57946313], err=2.463704548445829e-07, time: 1:54:28
2022-11-25 23:18:33 - --> time=2.700, max(chi)=2048, max(S)=2.62627, avg DeltaS=4.6155e-02, since last update: 370.4s
2022-11-25 23:18:35 - svd, N=3, n= 54, chi= 2048, S_vN=[2.62626616 2.6256378 ], err=4.2405027468031106e-07, time: 2:00:40
2022-11-25 23:25:06 - --> time=2.750, max(chi)=2048, max(S)=2.67333, avg DeltaS=4.7067e-02, since last update: 391.1s
2022-11-25 23:25:09 - svd, N=3, n= 55, chi= 2048, S_vN=[2.67332699 2.6727117 ], err=7.108393079340831e-07, time: 2:07:14
2022-11-25 23:31:15 - --> time=2.800, max(chi)=2048, max(S)=2.72128, avg DeltaS=4.7952e-02, since last update: 366.1s
2022-11-25 23:31:17 - svd, N=3, n= 56, chi= 2048, S_vN=[2.72128417 2.72065892], err=1.1619555954644203e-06, time: 2:13:22
2022-11-25 23:37:21 - --> time=2.850, max(chi)=2048, max(S)=2.76973, avg DeltaS=4.8434e-02, since last update: 364.3s
2022-11-25 23:37:24 - svd, N=3, n= 57, chi= 2048, S_vN=[2.76972701 2.76908436], err=1.8515193787395353e-06, time: 2:19:29
2022-11-25 23:43:15 - --> time=2.900, max(chi)=2048, max(S)=2.81817, avg DeltaS=4.8443e-02, since last update: 351.5s
2022-11-25 23:43:17 - svd, N=3, n= 58, chi= 2048, S_vN=[2.81817274 2.81752383], err=2.8693707970985314e-06, time: 2:25:22
2022-11-25 23:50:54 - --> time=2.950, max(chi)=2048, max(S)=2.86639, avg DeltaS=4.8222e-02, since last update: 456.1s
2022-11-25 23:50:56 - svd, N=3, n= 59, chi= 2048, S_vN=[2.86638649 2.86575328], err=4.332300343760925e-06, time: 2:33:01
2022-11-25 23:56:42 - --> time=3.000, max(chi)=2048, max(S)=2.91453, avg DeltaS=4.8165e-02, since last update: 346.2s
2022-11-25 23:56:45 - svd, N=3, n= 60, chi= 2048, S_vN=[2.91453446 2.91393616], err=6.385233127596442e-06, time: 2:38:50
2022-11-26 00:03:44 - --> time=3.050, max(chi)=2048, max(S)=2.96310, avg DeltaS=4.8582e-02, since last update: 419.6s
2022-11-26 00:03:47 - svd, N=3, n= 61, chi= 2048, S_vN=[2.96309656 2.96253808], err=9.231284513979844e-06, time: 2:45:52
2022-11-26 00:08:52 - --> time=3.100, max(chi)=2048, max(S)=3.01260, avg DeltaS=4.9518e-02, since last update: 305.6s
2022-11-26 00:08:54 - svd, N=3, n= 62, chi= 2048, S_vN=[3.01260058 3.0120693 ], err=1.3133090573229424e-05, time: 2:50:59
2022-11-26 00:14:44 - --> time=3.150, max(chi)=2048, max(S)=3.06333, avg DeltaS=5.0736e-02, since last update: 349.9s
2022-11-26 00:14:45 - svd, N=3, n= 63, chi= 2048, S_vN=[3.06333432 3.06280684], err=1.8406896101696054e-05, time: 2:56:50
2022-11-26 00:21:16 - --> time=3.200, max(chi)=2048, max(S)=3.11520, avg DeltaS=5.1853e-02, since last update: 391.0s
2022-11-26 00:21:19 - svd, N=3, n= 64, chi= 2048, S_vN=[3.11519631 3.11465089], err=2.5427575551731836e-05, time: 3:03:24
2022-11-26 00:27:14 - --> time=3.250, max(chi)=2048, max(S)=3.16776, avg DeltaS=5.2551e-02, since last update: 355.5s
2022-11-26 00:27:16 - svd, N=3, n= 65, chi= 2048, S_vN=[3.16776106 3.16718853], err=3.47139773098505e-05, time: 3:09:21
2022-11-26 00:32:20 - --> time=3.300, max(chi)=2048, max(S)=3.22051, avg DeltaS=5.2741e-02, since last update: 304.6s
2022-11-26 00:32:22 - svd, N=3, n= 66, chi= 2048, S_vN=[3.2205127  3.21991985], err=4.698027333955355e-05, time: 3:14:27
2022-11-26 00:39:35 - --> time=3.350, max(chi)=2048, max(S)=3.27311, avg DeltaS=5.2597e-02, since last update: 433.2s
2022-11-26 00:39:38 - svd, N=3, n= 67, chi= 2048, S_vN=[3.27311112 3.27251509], err=6.311102179654025e-05, time: 3:21:43
2022-11-26 00:46:33 - --> time=3.400, max(chi)=2048, max(S)=3.32554, avg DeltaS=5.2439e-02, since last update: 415.6s
2022-11-26 00:46:35 - svd, N=3, n= 68, chi= 2048, S_vN=[3.32554311 3.3249603 ], err=8.414136373591696e-05, time: 3:28:40
2022-11-26 00:53:13 - --> time=3.450, max(chi)=2048, max(S)=3.37808, avg DeltaS=5.2546e-02, since last update: 397.5s
2022-11-26 00:53:15 - svd, N=3, n= 69, chi= 2048, S_vN=[3.37807996 3.37751591], err=0.00011121988072579143, time: 3:35:20
2022-11-26 00:58:20 - --> time=3.500, max(chi)=2048, max(S)=3.43107, avg DeltaS=5.2998e-02, since last update: 305.0s
2022-11-26 00:58:22 - svd, N=3, n= 70, chi= 2048, S_vN=[3.43107321 3.4305191 ], err=0.00014554514923015494, time: 3:40:27
2022-11-26 01:06:14 - --> time=3.550, max(chi)=2048, max(S)=3.48471, avg DeltaS=5.3633e-02, since last update: 471.4s
2022-11-26 01:06:16 - svd, N=3, n= 71, chi= 2048, S_vN=[3.48471032 3.48414786], err=0.0001885939524384646, time: 3:48:21
2022-11-26 01:12:10 - --> time=3.600, max(chi)=2048, max(S)=3.53887, avg DeltaS=5.4147e-02, since last update: 353.9s
2022-11-26 01:12:13 - svd, N=3, n= 72, chi= 2048, S_vN=[3.53887064 3.53828223], err=0.00024217440259438776, time: 3:54:18
2022-11-26 01:18:12 - --> time=3.650, max(chi)=2048, max(S)=3.59316, avg DeltaS=5.4272e-02, since last update: 359.2s
2022-11-26 01:18:13 - svd, N=3, n= 73, chi= 2048, S_vN=[3.59315986 3.592538  ], err=0.0003084891064350124, time: 4:00:18
2022-11-26 01:24:51 - --> time=3.700, max(chi)=2048, max(S)=3.64710, avg DeltaS=5.3923e-02, since last update: 398.0s
2022-11-26 01:24:54 - svd, N=3, n= 74, chi= 2048, S_vN=[3.64709665 3.64644746], err=0.0003897114237707572, time: 4:06:59
2022-11-26 01:32:09 - --> time=3.750, max(chi)=2048, max(S)=3.70034, avg DeltaS=5.3239e-02, since last update: 435.3s
2022-11-26 01:32:12 - svd, N=3, n= 75, chi= 2048, S_vN=[3.70034132 3.69968045], err=0.0004881893563674686, time: 4:14:17
2022-11-26 01:38:22 - --> time=3.800, max(chi)=2048, max(S)=3.75284, avg DeltaS=5.2499e-02, since last update: 370.5s
2022-11-26 01:38:24 - svd, N=3, n= 76, chi= 2048, S_vN=[3.7528383  3.75218189], err=0.0006071870445439315, time: 4:20:29
2022-11-26 01:44:36 - --> time=3.850, max(chi)=2048, max(S)=3.80480, avg DeltaS=5.1967e-02, since last update: 371.3s
2022-11-26 01:44:38 - svd, N=3, n= 77, chi= 2048, S_vN=[3.80479887 3.80415483], err=0.0007509455352187451, time: 4:26:43
2022-11-26 01:50:05 - --> time=3.900, max(chi)=2048, max(S)=3.85654, avg DeltaS=5.1748e-02, since last update: 326.7s
2022-11-26 01:50:07 - svd, N=3, n= 78, chi= 2048, S_vN=[3.85654269 3.85590705], err=0.0009250123460860988, time: 4:32:12
2022-11-26 01:57:58 - --> time=3.950, max(chi)=2048, max(S)=3.90829, avg DeltaS=5.1749e-02, since last update: 471.1s
2022-11-26 01:58:00 - svd, N=3, n= 79, chi= 2048, S_vN=[3.90829415 3.90765421], err=0.0011354530936561258, time: 4:40:05
2022-11-26 02:03:56 - --> time=4.000, max(chi)=2048, max(S)=3.96005, avg DeltaS=5.1747e-02, since last update: 356.0s
2022-11-26 02:03:58 - svd, N=3, n= 80, chi= 2048, S_vN=[3.96005    3.95939222], err=0.0013878365600387865, time: 4:46:03
2022-11-26 02:10:47 - --> time=4.050, max(chi)=2048, max(S)=4.01159, avg DeltaS=5.1526e-02, since last update: 409.1s
2022-11-26 02:10:49 - svd, N=3, n= 81, chi= 2048, S_vN=[4.01158826 4.01090605], err=0.0016861429001284352, time: 4:52:54
2022-11-26 02:17:28 - --> time=4.100, max(chi)=2048, max(S)=4.06261, avg DeltaS=5.1007e-02, since last update: 398.6s
2022-11-26 02:17:29 - svd, N=3, n= 82, chi= 2048, S_vN=[4.06260517 4.06190237], err=0.002032222766106998, time: 4:59:34
2022-11-26 02:24:45 - --> time=4.150, max(chi)=2048, max(S)=4.11290, avg DeltaS=5.0287e-02, since last update: 435.9s
2022-11-26 02:24:47 - svd, N=3, n= 83, chi= 2048, S_vN=[4.11289662 4.11218483], err=0.0024269969589302194, time: 5:06:52
2022-11-26 02:30:19 - --> time=4.200, max(chi)=2048, max(S)=4.16248, avg DeltaS=4.9586e-02, since last update: 332.0s
2022-11-26 02:30:21 - svd, N=3, n= 84, chi= 2048, S_vN=[4.16248052 4.16177215], err=0.0028729744030682957, time: 5:12:26
2022-11-26 02:36:40 - --> time=4.250, max(chi)=2048, max(S)=4.21159, avg DeltaS=4.9119e-02, since last update: 378.7s
2022-11-26 02:36:41 - svd, N=3, n= 85, chi= 2048, S_vN=[4.21159475 4.21089565], err=0.003376595270385598, time: 5:18:46
2022-11-26 02:42:41 - --> time=4.300, max(chi)=2048, max(S)=4.26058, avg DeltaS=4.8985e-02, since last update: 360.0s
2022-11-26 02:42:43 - svd, N=3, n= 86, chi= 2048, S_vN=[4.26057729 4.25988309], err=0.003947641356954414, time: 5:24:48
2022-11-26 02:49:14 - --> time=4.350, max(chi)=2048, max(S)=4.30970, avg DeltaS=4.9119e-02, since last update: 390.8s
2022-11-26 02:49:16 - svd, N=3, n= 87, chi= 2048, S_vN=[4.30970069 4.3089986 ], err=0.004596773513654779, time: 5:31:21
2022-11-26 02:54:17 - --> time=4.400, max(chi)=2048, max(S)=4.35905, avg DeltaS=4.9342e-02, since last update: 300.6s
2022-11-26 02:54:19 - svd, N=3, n= 88, chi= 2048, S_vN=[4.35905445 4.35832917], err=0.005333374760783437, time: 5:36:24
2022-11-26 03:00:06 - --> time=4.450, max(chi)=2048, max(S)=4.40854, avg DeltaS=4.9465e-02, since last update: 347.8s
2022-11-26 03:00:08 - svd, N=3, n= 89, chi= 2048, S_vN=[4.4085369  4.40777723], err=0.006163352952035638, time: 5:42:13
2022-11-26 03:06:15 - --> time=4.500, max(chi)=2048, max(S)=4.45795, avg DeltaS=4.9397e-02, since last update: 367.2s
2022-11-26 03:06:17 - svd, N=3, n= 90, chi= 2048, S_vN=[4.45795334 4.45715553], err=0.007090826109303464, time: 5:48:22
2022-11-26 03:11:53 - --> time=4.550, max(chi)=2048, max(S)=4.50716, avg DeltaS=4.9187e-02, since last update: 335.5s
2022-11-26 03:11:55 - svd, N=3, n= 91, chi= 2048, S_vN=[4.50715791 4.50632408], err=0.00811982478194676, time: 5:54:00
2022-11-26 03:19:15 - --> time=4.600, max(chi)=2048, max(S)=4.55616, avg DeltaS=4.8982e-02, since last update: 440.6s
2022-11-26 03:19:17 - svd, N=3, n= 92, chi= 2048, S_vN=[4.55615635 4.55528927], err=0.009253033344684497, time: 6:01:22
2022-11-26 03:25:53 - --> time=4.650, max(chi)=2048, max(S)=4.60511, avg DeltaS=4.8939e-02, since last update: 395.7s
2022-11-26 03:25:55 - svd, N=3, n= 93, chi= 2048, S_vN=[4.6051131  4.60421043], err=0.010490804473346677, time: 6:07:59
2022-11-26 03:32:59 - --> time=4.700, max(chi)=2048, max(S)=4.65426, avg DeltaS=4.9126e-02, since last update: 424.9s
2022-11-26 03:33:02 - svd, N=3, n= 94, chi= 2048, S_vN=[4.65426222 4.6533133 ], err=0.011836787080666758, time: 6:15:07
2022-11-26 03:39:01 - --> time=4.750, max(chi)=2048, max(S)=4.70378, avg DeltaS=4.9481e-02, since last update: 359.0s
2022-11-26 03:39:03 - svd, N=3, n= 95, chi= 2048, S_vN=[4.70377577 4.70276225], err=0.013303913867455103, time: 6:21:08
2022-11-26 03:45:52 - --> time=4.800, max(chi)=2048, max(S)=4.75367, avg DeltaS=4.9847e-02, since last update: 408.4s
2022-11-26 03:45:54 - svd, N=3, n= 96, chi= 2048, S_vN=[4.75366613 4.75256584], err=0.01491444674109843, time: 6:27:59
2022-11-26 03:51:23 - --> time=4.850, max(chi)=2048, max(S)=4.80378, avg DeltaS=5.0057e-02, since last update: 329.2s
2022-11-26 03:51:26 - svd, N=3, n= 97, chi= 2048, S_vN=[4.80377676 4.80256837], err=0.016694411348067935, time: 6:33:31
2022-11-26 03:59:34 - --> time=4.900, max(chi)=2048, max(S)=4.85386, avg DeltaS=5.0025e-02, since last update: 488.1s
2022-11-26 03:59:36 - svd, N=3, n= 98, chi= 2048, S_vN=[4.8538643  4.85253031], err=0.01866156759970862, time: 6:41:41
2022-11-26 04:06:11 - --> time=4.950, max(chi)=2048, max(S)=4.90372, avg DeltaS=4.9790e-02, since last update: 395.3s
2022-11-26 04:06:13 - svd, N=3, n= 99, chi= 2048, S_vN=[4.90372387 4.90225111], err=0.02081342584856062, time: 6:48:18
2022-11-26 04:13:32 - --> time=5.000, max(chi)=2048, max(S)=4.95328, avg DeltaS=4.9485e-02, since last update: 438.3s
2022-11-26 04:13:34 - svd, N=3, n=100, chi= 2048, S_vN=[4.95328412 4.95166134], err=0.02312955592613972, time: 6:55:39
2022-11-26 04:20:32 - --> time=5.050, max(chi)=2048, max(S)=5.00262, avg DeltaS=4.9250e-02, since last update: 417.4s
2022-11-26 04:20:33 - svd, N=3, n=101, chi= 2048, S_vN=[5.00261586 5.0008298 ], err=0.025583419023963626, time: 7:02:38
2022-11-26 04:26:27 - --> time=5.100, max(chi)=2048, max(S)=5.05185, avg DeltaS=4.9146e-02, since last update: 353.8s
2022-11-26 04:26:30 - svd, N=3, n=102, chi= 2048, S_vN=[5.05185208 5.04988554], err=0.028149449754777112, time: 7:08:35
2022-11-26 04:31:29 - --> time=5.150, max(chi)=2048, max(S)=5.10107, avg DeltaS=4.9119e-02, since last update: 298.8s
2022-11-26 04:31:31 - svd, N=3, n=103, chi= 2048, S_vN=[5.10107102 5.09890473], err=0.03080681602024147, time: 7:13:36
2022-11-26 04:36:51 - --> time=5.200, max(chi)=2048, max(S)=5.15021, avg DeltaS=4.9032e-02, since last update: 320.4s
2022-11-26 04:36:53 - svd, N=3, n=104, chi= 2048, S_vN=[5.15021165 5.14782817], err=0.033544628529216663, time: 7:18:58
2022-11-26 04:43:26 - --> time=5.250, max(chi)=2048, max(S)=5.19907, avg DeltaS=4.8743e-02, since last update: 392.5s
2022-11-26 04:43:27 - svd, N=3, n=105, chi= 2048, S_vN=[5.19906997 5.19645646], err=0.036367592740688945, time: 7:25:32
2022-11-26 04:48:59 - --> time=5.300, max(chi)=2048, max(S)=5.24738, avg DeltaS=4.8186e-02, since last update: 331.4s
2022-11-26 04:49:01 - svd, N=3, n=106, chi= 2048, S_vN=[5.24737553 5.24452243], err=0.03930026684000226, time: 7:31:06
2022-11-26 04:56:36 - --> time=5.350, max(chi)=2048, max(S)=5.29490, avg DeltaS=4.7401e-02, since last update: 455.2s
2022-11-26 04:56:38 - svd, N=3, n=107, chi= 2048, S_vN=[5.29490244 5.29179831], err=0.042379485964949684, time: 7:38:43
2022-11-26 05:01:42 - --> time=5.400, max(chi)=2048, max(S)=5.34156, avg DeltaS=4.6522e-02, since last update: 304.1s
2022-11-26 05:01:44 - svd, N=3, n=108, chi= 2048, S_vN=[5.34155865 5.33818622], err=0.0456286773237245, time: 7:43:49
2022-11-26 05:08:12 - --> time=5.450, max(chi)=2048, max(S)=5.38741, avg DeltaS=4.5708e-02, since last update: 387.5s
2022-11-26 05:08:14 - svd, N=3, n=109, chi= 2048, S_vN=[5.38741218 5.38374921], err=0.04903419017527241, time: 7:50:19
2022-11-26 05:13:10 - --> time=5.500, max(chi)=2048, max(S)=5.43264, avg DeltaS=4.5066e-02, since last update: 296.4s
2022-11-26 05:13:12 - svd, N=3, n=110, chi= 2048, S_vN=[5.43263505 5.42865902], err=0.052548547925409174, time: 7:55:17
2022-11-26 05:19:17 - --> time=5.550, max(chi)=2048, max(S)=5.47738, avg DeltaS=4.4581e-02, since last update: 364.6s
2022-11-26 05:19:19 - svd, N=3, n=111, chi= 2048, S_vN=[5.47738118 5.47307425], err=0.056120197500123675, time: 8:01:24
2022-11-26 05:25:06 - --> time=5.600, max(chi)=2048, max(S)=5.52166, avg DeltaS=4.4103e-02, since last update: 346.4s
2022-11-26 05:25:07 - svd, N=3, n=112, chi= 2048, S_vN=[5.52165501 5.5170066 ], err=0.05972633533439057, time: 8:07:12
2022-11-26 05:30:46 - --> time=5.650, max(chi)=2048, max(S)=5.56525, avg DeltaS=4.3421e-02, since last update: 339.3s
2022-11-26 05:30:49 - svd, N=3, n=113, chi= 2048, S_vN=[5.56524816 5.56025522], err=0.06338174184545117, time: 8:12:53
2022-11-26 05:36:14 - --> time=5.700, max(chi)=2048, max(S)=5.60780, avg DeltaS=4.2379e-02, since last update: 325.3s
2022-11-26 05:36:16 - svd, N=3, n=114, chi= 2048, S_vN=[5.60779732 5.60246373], err=0.06711984714581584, time: 8:18:20
2022-11-26 05:42:49 - --> time=5.750, max(chi)=2048, max(S)=5.64894, avg DeltaS=4.0979e-02, since last update: 393.9s
2022-11-26 05:42:52 - svd, N=3, n=115, chi= 2048, S_vN=[5.64894254 5.64327691], err=0.07097122709191302, time: 8:24:57
2022-11-26 05:49:14 - --> time=5.800, max(chi)=2048, max(S)=5.68849, avg DeltaS=3.9386e-02, since last update: 382.5s
2022-11-26 05:49:16 - svd, N=3, n=116, chi= 2048, S_vN=[5.68849086 5.68250052], err=0.07496035201726162, time: 8:31:21
2022-11-26 05:54:41 - --> time=5.850, max(chi)=2048, max(S)=5.72648, avg DeltaS=3.7829e-02, since last update: 324.7s
2022-11-26 05:54:42 - svd, N=3, n=117, chi= 2048, S_vN=[5.72648354 5.72016575], err=0.07911279585312303, time: 8:36:47
2022-11-26 05:59:51 - --> time=5.900, max(chi)=2048, max(S)=5.76313, avg DeltaS=3.6476e-02, since last update: 309.2s
2022-11-26 05:59:52 - svd, N=3, n=118, chi= 2048, S_vN=[5.76313261 5.75646836], err=0.083453566171516, time: 8:41:57
2022-11-26 06:05:08 - --> time=5.950, max(chi)=2048, max(S)=5.79868, avg DeltaS=3.5357e-02, since last update: 315.9s
2022-11-26 06:05:10 - svd, N=3, n=119, chi= 2048, S_vN=[5.79867893 5.79163605], err=0.08798747285876127, time: 8:47:15
2022-11-26 06:11:10 - --> time=6.000, max(chi)=2048, max(S)=5.83326, avg DeltaS=3.4380e-02, since last update: 359.5s
2022-11-26 06:11:11 - svd, N=3, n=120, chi= 2048, S_vN=[5.83326379 5.82581111], err=0.09267980528873841, time: 8:53:16
2022-11-26 06:17:14 - --> time=6.050, max(chi)=2048, max(S)=5.86687, avg DeltaS=3.3395e-02, since last update: 362.6s
2022-11-26 06:17:15 - svd, N=3, n=121, chi= 2048, S_vN=[5.86687054 5.8589938 ], err=0.09746705881091752, time: 8:59:20
2022-11-26 06:22:57 - --> time=6.100, max(chi)=2048, max(S)=5.89934, avg DeltaS=3.2263e-02, since last update: 342.4s
2022-11-26 06:22:59 - svd, N=3, n=122, chi= 2048, S_vN=[5.89934054 5.89104975], err=0.10229255571068656, time: 9:05:03
2022-11-26 06:29:38 - --> time=6.150, max(chi)=2048, max(S)=5.93045, avg DeltaS=3.0920e-02, since last update: 399.5s
2022-11-26 06:29:40 - svd, N=3, n=123, chi= 2048, S_vN=[5.93045217 5.9217778 ], err=0.10713274979465803, time: 9:11:45
2022-11-26 06:34:43 - --> time=6.200, max(chi)=2048, max(S)=5.96004, avg DeltaS=2.9421e-02, since last update: 302.6s
2022-11-26 06:34:45 - svd, N=3, n=124, chi= 2048, S_vN=[5.96004497 5.95102698], err=0.11199310074171002, time: 9:16:50
2022-11-26 06:40:31 - --> time=6.250, max(chi)=2048, max(S)=5.98815, avg DeltaS=2.7947e-02, since last update: 345.5s
2022-11-26 06:40:33 - svd, N=3, n=125, chi= 2048, S_vN=[5.98814517 5.97882106], err=0.11688278459531558, time: 9:22:37
2022-11-26 06:47:24 - --> time=6.300, max(chi)=2048, max(S)=6.01503, avg DeltaS=2.6742e-02, since last update: 411.1s
2022-11-26 06:47:26 - svd, N=3, n=126, chi= 2048, S_vN=[6.01502666 6.00542345], err=0.12179369065487969, time: 9:29:31
2022-11-26 06:53:30 - --> time=6.350, max(chi)=2048, max(S)=6.04115, avg DeltaS=2.5995e-02, since last update: 363.6s
2022-11-26 06:53:31 - svd, N=3, n=127, chi= 2048, S_vN=[6.04115435 6.03128558], err=0.12670203183860096, time: 9:35:36
2022-11-26 06:58:59 - --> time=6.400, max(chi)=2048, max(S)=6.06701, avg DeltaS=2.5728e-02, since last update: 327.2s
2022-11-26 06:59:01 - svd, N=3, n=128, chi= 2048, S_vN=[6.06701431 6.05688072], err=0.13158594601036708, time: 9:41:06
2022-11-26 07:04:50 - --> time=6.450, max(chi)=2048, max(S)=6.09291, avg DeltaS=2.5764e-02, since last update: 349.2s
2022-11-26 07:04:51 - svd, N=3, n=129, chi= 2048, S_vN=[6.09291362 6.08250866], err=0.13643280740226943, time: 9:46:56
2022-11-26 07:09:35 - --> time=6.500, max(chi)=2048, max(S)=6.11887, avg DeltaS=2.5816e-02, since last update: 283.9s
2022-11-26 07:09:37 - svd, N=3, n=130, chi= 2048, S_vN=[6.11886663 6.10818835], err=0.14122794291238994, time: 9:51:42
2022-11-26 07:15:36 - --> time=6.550, max(chi)=2048, max(S)=6.14463, avg DeltaS=2.5630e-02, since last update: 358.7s
2022-11-26 07:15:37 - svd, N=3, n=131, chi= 2048, S_vN=[6.1446255  6.13368877], err=0.14594705291549157, time: 9:57:42
2022-11-26 07:22:21 - --> time=6.600, max(chi)=2048, max(S)=6.16982, avg DeltaS=2.5085e-02, since last update: 403.9s
2022-11-26 07:22:23 - svd, N=3, n=132, chi= 2048, S_vN=[6.16982208 6.15866186], err=0.15056848546040394, time: 10:04:28
2022-11-26 07:29:11 - --> time=6.650, max(chi)=2048, max(S)=6.19414, avg DeltaS=2.4231e-02, since last update: 407.6s
2022-11-26 07:29:12 - svd, N=3, n=133, chi= 2048, S_vN=[6.19414199 6.18280438], err=0.15509458776664964, time: 10:11:17
2022-11-26 07:36:03 - --> time=6.700, max(chi)=2048, max(S)=6.21745, avg DeltaS=2.3244e-02, since last update: 411.0s
2022-11-26 07:36:06 - svd, N=3, n=134, chi= 2048, S_vN=[6.21745417 6.20598029], err=0.15955854804989184, time: 10:18:10
2022-11-26 07:43:06 - --> time=6.750, max(chi)=2048, max(S)=6.23985, avg DeltaS=2.2336e-02, since last update: 420.4s
2022-11-26 07:43:08 - svd, N=3, n=135, chi= 2048, S_vN=[6.23984744 6.22825967], err=0.1640045960765293, time: 10:25:13
2022-11-26 07:48:42 - --> time=6.800, max(chi)=2048, max(S)=6.26157, avg DeltaS=2.1665e-02, since last update: 333.6s
2022-11-26 07:48:44 - svd, N=3, n=136, chi= 2048, S_vN=[6.26156893 6.24986789], err=0.16845628582960687, time: 10:30:49
2022-11-26 07:55:49 - --> time=6.850, max(chi)=2048, max(S)=6.28289, avg DeltaS=2.1260e-02, since last update: 424.7s
2022-11-26 07:55:51 - svd, N=3, n=137, chi= 2048, S_vN=[6.28289223 6.27106475], err=0.17290537473152642, time: 10:37:56
2022-11-26 08:02:36 - --> time=6.900, max(chi)=2048, max(S)=6.30396, avg DeltaS=2.1000e-02, since last update: 405.4s
2022-11-26 08:02:37 - svd, N=3, n=138, chi= 2048, S_vN=[6.30396267 6.29199385], err=0.1773304940619163, time: 10:44:42
2022-11-26 08:08:09 - --> time=6.950, max(chi)=2048, max(S)=6.32469, avg DeltaS=2.0654e-02, since last update: 331.7s
2022-11-26 08:08:11 - svd, N=3, n=139, chi= 2048, S_vN=[6.3246903  6.31257348], err=0.18172025479351267, time: 10:50:16
2022-11-26 08:14:54 - --> time=7.000, max(chi)=2048, max(S)=6.34475, avg DeltaS=1.9993e-02, since last update: 402.4s
2022-11-26 08:14:55 - svd, N=3, n=140, chi= 2048, S_vN=[6.34475399 6.33249671], err=0.18607922569939123, time: 10:57:00
2022-11-26 08:20:45 - --> time=7.050, max(chi)=2048, max(S)=6.36372, avg DeltaS=1.8911e-02, since last update: 349.8s
2022-11-26 08:20:47 - svd, N=3, n=141, chi= 2048, S_vN=[6.36372351 6.35134831], err=0.1904194601001799, time: 11:02:52
2022-11-26 08:26:45 - --> time=7.100, max(chi)=2048, max(S)=6.38124, avg DeltaS=1.7476e-02, since last update: 357.6s
2022-11-26 08:26:47 - svd, N=3, n=142, chi= 2048, S_vN=[6.38124208 6.36878131], err=0.19475083671377957, time: 11:08:52
2022-11-26 08:33:38 - --> time=7.150, max(chi)=2048, max(S)=6.39718, avg DeltaS=1.5910e-02, since last update: 411.2s
2022-11-26 08:33:40 - svd, N=3, n=143, chi= 2048, S_vN=[6.39717901 6.38466534], err=0.1990808456907272, time: 11:15:45
2022-11-26 08:40:23 - --> time=7.200, max(chi)=2048, max(S)=6.41167, avg DeltaS=1.4480e-02, since last update: 402.4s
2022-11-26 08:40:25 - svd, N=3, n=144, chi= 2048, S_vN=[6.41167399 6.39913023], err=0.2034219243163099, time: 11:22:30
2022-11-26 08:48:17 - --> time=7.250, max(chi)=2048, max(S)=6.42505, avg DeltaS=1.3368e-02, since last update: 471.7s
2022-11-26 08:48:19 - svd, N=3, n=145, chi= 2048, S_vN=[6.42505422 6.41248691], err=0.2077908219771166, time: 11:30:24
2022-11-26 08:53:47 - --> time=7.300, max(chi)=2048, max(S)=6.43768, avg DeltaS=1.2609e-02, since last update: 328.4s
2022-11-26 08:53:49 - svd, N=3, n=146, chi= 2048, S_vN=[6.4376789  6.42507961], err=0.21219488783451512, time: 11:35:54
2022-11-26 09:00:29 - --> time=7.350, max(chi)=2048, max(S)=6.44979, avg DeltaS=1.2092e-02, since last update: 400.4s
2022-11-26 09:00:31 - svd, N=3, n=147, chi= 2048, S_vN=[6.44979395 6.43714782], err=0.21662014164367288, time: 11:42:36
2022-11-26 09:08:10 - --> time=7.400, max(chi)=2048, max(S)=6.46146, avg DeltaS=1.1633e-02, since last update: 458.7s
2022-11-26 09:08:13 - svd, N=3, n=148, chi= 2048, S_vN=[6.46145562 6.44875246], err=0.22103581452164053, time: 11:50:17
2022-11-26 09:15:17 - --> time=7.450, max(chi)=2048, max(S)=6.47254, avg DeltaS=1.1058e-02, since last update: 424.8s
2022-11-26 09:15:19 - svd, N=3, n=149, chi= 2048, S_vN=[6.47254123 6.4597836 ], err=0.22541243872921746, time: 11:57:24
2022-11-26 09:21:09 - --> time=7.500, max(chi)=2048, max(S)=6.48283, avg DeltaS=1.0275e-02, since last update: 349.8s
2022-11-26 09:21:12 - svd, N=3, n=150, chi= 2048, S_vN=[6.48283461 6.47004001], err=0.229736692942472, time: 12:03:17
2022-11-26 09:28:33 - --> time=7.550, max(chi)=2048, max(S)=6.49215, avg DeltaS=9.3136e-03, since last update: 441.2s
2022-11-26 09:28:36 - svd, N=3, n=151, chi= 2048, S_vN=[6.49215252 6.47934939], err=0.2340106243966246, time: 12:10:41
2022-11-26 09:35:12 - --> time=7.600, max(chi)=2048, max(S)=6.50046, avg DeltaS=8.3205e-03, since last update: 396.4s
2022-11-26 09:35:14 - svd, N=3, n=152, chi= 2048, S_vN=[6.50046165 6.48768123], err=0.2382392599408009, time: 12:17:19
2022-11-26 09:41:32 - --> time=7.650, max(chi)=2048, max(S)=6.50793, avg DeltaS=7.4929e-03, since last update: 378.2s
2022-11-26 09:41:34 - svd, N=3, n=153, chi= 2048, S_vN=[6.50793068 6.49519797], err=0.24242138702943977, time: 12:23:39
2022-11-26 09:48:27 - --> time=7.700, max(chi)=2048, max(S)=6.51489, avg DeltaS=6.9864e-03, since last update: 413.6s
2022-11-26 09:48:29 - svd, N=3, n=154, chi= 2048, S_vN=[6.51488715 6.50221422], err=0.24654940421970886, time: 12:30:34
2022-11-26 09:55:21 - --> time=7.750, max(chi)=2048, max(S)=6.52170, avg DeltaS=6.8418e-03, since last update: 411.2s
2022-11-26 09:55:23 - svd, N=3, n=155, chi= 2048, S_vN=[6.5217002  6.50908484], err=0.2506125976133458, time: 12:37:28
2022-11-26 10:01:32 - --> time=7.800, max(chi)=2048, max(S)=6.52865, avg DeltaS=6.9691e-03, since last update: 368.6s
2022-11-26 10:01:33 - svd, N=3, n=156, chi= 2048, S_vN=[6.52864614 6.51607703], err=0.25459972198075326, time: 12:43:38
2022-11-26 10:08:20 - --> time=7.850, max(chi)=2048, max(S)=6.53582, avg DeltaS=7.1894e-03, since last update: 406.6s
2022-11-26 10:08:22 - svd, N=3, n=157, chi= 2048, S_vN=[6.53581812 6.52328376], err=0.2584997760608665, time: 12:50:27
2022-11-26 10:14:15 - --> time=7.900, max(chi)=2048, max(S)=6.54312, avg DeltaS=7.3143e-03, since last update: 352.7s
2022-11-26 10:14:17 - svd, N=3, n=158, chi= 2048, S_vN=[6.54311709 6.53061346], err=0.2623033731121508, time: 12:56:22
2022-11-26 10:20:52 - --> time=7.950, max(chi)=2048, max(S)=6.55032, avg DeltaS=7.2224e-03, since last update: 395.5s
2022-11-26 10:20:54 - svd, N=3, n=159, chi= 2048, S_vN=[6.55032075 6.53785457], err=0.2660069080351612, time: 13:02:59
2022-11-26 10:27:00 - --> time=8.000, max(chi)=2048, max(S)=6.55719, avg DeltaS=6.9003e-03, since last update: 366.2s
2022-11-26 10:27:02 - svd, N=3, n=160, chi= 2048, S_vN=[6.55719401 6.54478188], err=0.2696160308058307, time: 13:09:07
2022-11-26 10:32:58 - --> time=8.050, max(chi)=2048, max(S)=6.56359, avg DeltaS=6.4367e-03, since last update: 356.6s
2022-11-26 10:32:59 - svd, N=3, n=161, chi= 2048, S_vN=[6.56359243 6.55125689], err=0.27314307368587587, time: 13:15:04
2022-11-26 10:40:01 - --> time=8.100, max(chi)=2048, max(S)=6.56951, avg DeltaS=5.9716e-03, since last update: 421.9s
2022-11-26 10:40:03 - svd, N=3, n=162, chi= 2048, S_vN=[6.56951451 6.55727801], err=0.27659962542200633, time: 13:22:08
2022-11-26 10:46:37 - --> time=8.150, max(chi)=2048, max(S)=6.57508, avg DeltaS=5.6239e-03, since last update: 394.4s
2022-11-26 10:46:40 - svd, N=3, n=163, chi= 2048, S_vN=[6.57508102 6.5629593 ], err=0.2799913189609086, time: 13:28:45
2022-11-26 10:53:17 - --> time=8.200, max(chi)=2048, max(S)=6.58046, avg DeltaS=5.4339e-03, since last update: 397.4s
2022-11-26 10:53:19 - svd, N=3, n=164, chi= 2048, S_vN=[6.58045526 6.56845283], err=0.28331899680731665, time: 13:35:24
2022-11-26 11:00:22 - --> time=8.250, max(chi)=2048, max(S)=6.58575, avg DeltaS=5.3480e-03, since last update: 423.3s
2022-11-26 11:00:25 - svd, N=3, n=165, chi= 2048, S_vN=[6.58574707 6.573857  ], err=0.28658418748353287, time: 13:42:30
2022-11-26 11:06:33 - --> time=8.300, max(chi)=2048, max(S)=6.59095, avg DeltaS=5.2490e-03, since last update: 367.8s
2022-11-26 11:06:35 - svd, N=3, n=166, chi= 2048, S_vN=[6.59094738 6.5791546 ], err=0.289794145123592, time: 13:48:39
2022-11-26 11:12:21 - --> time=8.350, max(chi)=2048, max(S)=6.59592, avg DeltaS=5.0143e-03, since last update: 346.8s
2022-11-26 11:12:23 - svd, N=3, n=167, chi= 2048, S_vN=[6.5959221  6.58420855], err=0.29296276072667077, time: 13:54:28
2022-11-26 11:17:56 - --> time=8.400, max(chi)=2048, max(S)=6.60047, avg DeltaS=4.5763e-03, since last update: 332.8s
2022-11-26 11:17:57 - svd, N=3, n=168, chi= 2048, S_vN=[6.60046698 6.58881631], err=0.29610747935179665, time: 14:00:02
2022-11-26 11:24:37 - --> time=8.450, max(chi)=2048, max(S)=6.60440, avg DeltaS=3.9555e-03, since last update: 399.9s
2022-11-26 11:24:39 - svd, N=3, n=169, chi= 2048, S_vN=[6.60439722 6.59279717], err=0.29924496556529223, time: 14:06:44
2022-11-26 11:31:59 - --> time=8.500, max(chi)=2048, max(S)=6.60763, avg DeltaS=3.2534e-03, since last update: 440.4s
2022-11-26 11:32:02 - svd, N=3, n=170, chi= 2048, S_vN=[6.60762965 6.59607155], err=0.30238737398171295, time: 14:14:07
2022-11-26 11:37:20 - --> time=8.550, max(chi)=2048, max(S)=6.61022, avg DeltaS=2.6070e-03, since last update: 318.7s
2022-11-26 11:37:22 - svd, N=3, n=171, chi= 2048, S_vN=[6.61021916 6.59869605], err=0.30553974252849087, time: 14:19:27
2022-11-26 11:42:13 - --> time=8.600, max(chi)=2048, max(S)=6.61233, avg DeltaS=2.1273e-03, since last update: 291.4s
2022-11-26 11:42:17 - svd, N=3, n=172, chi= 2048, S_vN=[6.61233213 6.6008376 ], err=0.30869865135630553, time: 14:24:22
2022-11-26 11:48:33 - --> time=8.650, max(chi)=2048, max(S)=6.61417, avg DeltaS=1.8510e-03, since last update: 376.2s
2022-11-26 11:48:35 - svd, N=3, n=173, chi= 2048, S_vN=[6.61417165 6.6027001 ], err=0.3118528327042217, time: 14:30:39
2022-11-26 11:55:41 - --> time=8.700, max(chi)=2048, max(S)=6.61589, avg DeltaS=1.7319e-03, since last update: 426.5s
2022-11-26 11:55:43 - svd, N=3, n=174, chi= 2048, S_vN=[6.61589358 6.60444193], err=0.3149864989914136, time: 14:37:48
2022-11-26 12:01:57 - --> time=8.750, max(chi)=2048, max(S)=6.61755, avg DeltaS=1.6710e-03, since last update: 373.3s
2022-11-26 12:01:59 - svd, N=3, n=175, chi= 2048, S_vN=[6.61755377 6.60612379], err=0.3180844448162737, time: 14:44:04
2022-11-26 12:08:07 - --> time=8.800, max(chi)=2048, max(S)=6.61911, avg DeltaS=1.5667e-03, since last update: 368.1s
2022-11-26 12:08:08 - svd, N=3, n=176, chi= 2048, S_vN=[6.6191057  6.60770533], err=0.3211369753302076, time: 14:50:13
2022-11-26 12:14:03 - --> time=8.850, max(chi)=2048, max(S)=6.62044, avg DeltaS=1.3570e-03, since last update: 355.3s
2022-11-26 12:14:05 - svd, N=3, n=177, chi= 2048, S_vN=[6.62044113 6.60908389], err=0.32414262645768027, time: 14:56:10
2022-11-26 12:19:28 - --> time=8.900, max(chi)=2048, max(S)=6.62145, avg DeltaS=1.0404e-03, since last update: 322.7s
2022-11-26 12:19:29 - svd, N=3, n=178, chi= 2048, S_vN=[6.6214517  6.61015415], err=0.3271069693946911, time: 15:01:34
2022-11-26 12:25:29 - --> time=8.950, max(chi)=2048, max(S)=6.62209, avg DeltaS=6.7263e-04, since last update: 359.6s
2022-11-26 12:25:31 - svd, N=3, n=179, chi= 2048, S_vN=[6.62208663 6.61086448], err=0.3300377348857533, time: 15:07:35
2022-11-26 12:31:44 - --> time=9.000, max(chi)=2048, max(S)=6.62238, avg DeltaS=3.4059e-04, since last update: 373.3s
2022-11-26 12:31:47 - svd, N=3, n=180, chi= 2048, S_vN=[6.62238414 6.61124815], err=0.33293938075678264, time: 15:13:51
2022-11-26 12:37:54 - --> time=9.050, max(chi)=2048, max(S)=6.62246, avg DeltaS=1.2277e-04, since last update: 367.4s
2022-11-26 12:37:56 - svd, N=3, n=181, chi= 2048, S_vN=[6.62246225 6.61141558], err=0.3358101675512537, time: 15:20:01
2022-11-26 12:44:33 - --> time=9.100, max(chi)=2048, max(S)=6.62247, avg DeltaS=5.2624e-05, since last update: 397.5s
2022-11-26 12:44:35 - svd, N=3, n=182, chi= 2048, S_vN=[6.62247255 6.61151052], err=0.33864223249714237, time: 15:26:40
2022-11-26 12:50:40 - --> time=9.150, max(chi)=2048, max(S)=6.62254, avg DeltaS=1.0308e-04, since last update: 364.6s
2022-11-26 12:50:42 - svd, N=3, n=183, chi= 2048, S_vN=[6.62253821 6.61165104], err=0.3414241447674812, time: 15:32:47
2022-11-26 12:57:56 - --> time=9.200, max(chi)=2048, max(S)=6.62271, avg DeltaS=1.9932e-04, since last update: 434.3s
2022-11-26 12:57:58 - svd, N=3, n=184, chi= 2048, S_vN=[6.62270532 6.61188256], err=0.3441448676669661, time: 15:40:03
2022-11-26 13:05:22 - --> time=9.250, max(chi)=2048, max(S)=6.62293, avg DeltaS=2.5285e-04, since last update: 443.8s
2022-11-26 13:05:24 - svd, N=3, n=185, chi= 2048, S_vN=[6.62292946 6.61216411], err=0.34679772936356734, time: 15:47:29
2022-11-26 13:10:59 - --> time=9.300, max(chi)=2048, max(S)=6.62310, avg DeltaS=1.9869e-04, since last update: 334.5s
2022-11-26 13:11:00 - svd, N=3, n=186, chi= 2048, S_vN=[6.6231     6.61239096], err=0.3493833406808351, time: 15:53:05
2022-11-26 13:17:27 - --> time=9.350, max(chi)=2048, max(S)=6.62309, avg DeltaS=1.8620e-05, since last update: 386.2s
2022-11-26 13:17:29 - svd, N=3, n=187, chi= 2048, S_vN=[6.62308786 6.61244033], err=0.35191010448417404, time: 15:59:34
2022-11-26 13:23:20 - --> time=9.400, max(chi)=2048, max(S)=6.62280, avg DeltaS=-2.5684e-04, since last update: 350.9s
2022-11-26 13:23:21 - svd, N=3, n=188, chi= 2048, S_vN=[6.62279529 6.61221922], err=0.3543916269478107, time: 16:05:26
2022-11-26 13:30:28 - --> time=9.450, max(chi)=2048, max(S)=6.62219, avg DeltaS=-5.6614e-04, since last update: 426.9s
2022-11-26 13:30:31 - svd, N=3, n=189, chi= 2048, S_vN=[6.62218757 6.61169467], err=0.356842209821532, time: 16:12:36
2022-11-26 13:36:08 - --> time=9.500, max(chi)=2048, max(S)=6.62130, avg DeltaS=-8.4578e-04, since last update: 337.7s
2022-11-26 13:36:10 - svd, N=3, n=190, chi= 2048, S_vN=[6.62129533 6.61089535], err=0.35927274460105846, time: 16:18:15
2022-11-26 13:42:51 - --> time=9.550, max(chi)=2048, max(S)=6.62019, avg DeltaS=-1.0575e-03, since last update: 401.0s
2022-11-26 13:42:54 - svd, N=3, n=191, chi= 2048, S_vN=[6.62018927 6.60988649], err=0.36168872194538476, time: 16:24:59
2022-11-26 13:49:19 - --> time=9.600, max(chi)=2048, max(S)=6.61894, avg DeltaS=-1.2012e-03, since last update: 385.4s
2022-11-26 13:49:21 - svd, N=3, n=192, chi= 2048, S_vN=[6.61894079 6.60873261], err=0.3640907478290638, time: 16:31:26
2022-11-26 13:55:51 - --> time=9.650, max(chi)=2048, max(S)=6.61759, avg DeltaS=-1.3107e-03, since last update: 390.4s
2022-11-26 13:55:53 - svd, N=3, n=193, chi= 2048, S_vN=[6.61758688 6.60746509], err=0.36647669484640893, time: 16:37:58
2022-11-26 14:03:05 - --> time=9.700, max(chi)=2048, max(S)=6.61611, avg DeltaS=-1.4342e-03, since last update: 432.0s
2022-11-26 14:03:08 - svd, N=3, n=194, chi= 2048, S_vN=[6.61611447 6.60606909], err=0.36884369058891325, time: 16:45:13
2022-11-26 14:08:56 - --> time=9.750, max(chi)=2048, max(S)=6.61447, avg DeltaS=-1.6079e-03, since last update: 347.9s
2022-11-26 14:08:58 - svd, N=3, n=195, chi= 2048, S_vN=[6.61447199 6.60449585], err=0.37118892307744644, time: 16:51:03
2022-11-26 14:16:10 - --> time=9.800, max(chi)=2048, max(S)=6.61260, avg DeltaS=-1.8350e-03, since last update: 432.3s
2022-11-26 14:16:19 - svd, N=3, n=196, chi= 2048, S_vN=[6.61260309 6.60269475], err=0.37350970532686445, time: 16:58:24
2022-11-26 14:22:51 - --> time=9.850, max(chi)=2048, max(S)=6.61049, avg DeltaS=-2.0813e-03, since last update: 391.6s
2022-11-26 14:22:53 - svd, N=3, n=197, chi= 2048, S_vN=[6.61048561 6.60064962], err=0.37580348532913604, time: 17:04:58
2022-11-26 14:28:30 - --> time=9.900, max(chi)=2048, max(S)=6.60816, avg DeltaS=-2.2893e-03, since last update: 336.5s
2022-11-26 14:28:31 - svd, N=3, n=198, chi= 2048, S_vN=[6.60815579 6.59840086], err=0.37806814426719043, time: 17:10:36
2022-11-26 14:34:47 - --> time=9.950, max(chi)=2048, max(S)=6.60570, avg DeltaS=-2.4056e-03, since last update: 376.3s
2022-11-26 14:34:49 - svd, N=3, n=199, chi= 2048, S_vN=[6.60570449 6.596041  ], err=0.38030237152636925, time: 17:16:54
2022-11-26 14:40:24 - --> time=10.000, max(chi)=2048, max(S)=6.60325, avg DeltaS=-2.4069e-03, since last update: 334.1s
2022-11-26 14:40:25 - svd, N=3, n=200, chi= 2048, S_vN=[6.60324696 6.59368481], err=0.382505648431939, time: 17:22:30
