2022-11-28 16:44:30 - ClockModel: reading 'bc_MPS'='infinite'
2022-11-28 16:44:30 - ClockModel: reading 'conserve'=None
2022-11-28 16:44:30 - ClockModel: reading 'N'=5
2022-11-28 16:44:30 - ClockModel: reading 'L'=2
2022-11-28 16:44:30 - ClockModel: reading 'J'=1.0
2022-11-28 16:44:30 - ClockModel: reading 'g'=2
2022-11-28 16:44:30 - TEBDEngine: subconfig 'trunc_params'=Config(<2 options>, 'trunc_params')
2022-11-28 16:44:30 - TEBDEngine: reading 'dt'=0.05
2022-11-28 16:44:30 - TEBDEngine: reading 'N_steps'=1
2022-11-28 16:44:30 - TEBDEngine: reading 'order'=2
2022-11-28 16:44:30 - Calculate U for {'order': 2, 'delta_t': 0.05, 'type_evo': 'real', 'E_offset': None, 'tau': 0.05}
2022-11-28 16:44:30 - trunc_params: reading 'chi_max'=2048
2022-11-28 16:44:30 - trunc_params: reading 'svd_min'=1e-14
2022-11-28 16:44:30 - --> time=0.050, max(chi)=11, max(S)=0.00001, avg DeltaS=7.5955e-06, since last update: 0.0s
2022-11-28 16:44:30 - svd, N=5, n=  1, chi=   11, S_vN=[5.03050218e-06 1.01604405e-05], err=1.1090982798594636e-14, time: 0:00:00
2022-11-28 16:44:30 - --> time=0.100, max(chi)=17, max(S)=0.00036, avg DeltaS=3.3026e-04, since last update: 0.0s
2022-11-28 16:44:30 - svd, N=5, n=  2, chi=   17, S_vN=[0.00031072 0.00036499], err=1.9285158304361145e-14, time: 0:00:00
2022-11-28 16:44:30 - --> time=0.150, max(chi)=25, max(S)=0.00297, avg DeltaS=2.5376e-03, since last update: 0.0s
2022-11-28 16:44:30 - svd, N=5, n=  3, chi=   25, S_vN=[0.00278402 0.0029669 ], err=2.5883502836043824e-14, time: 0:00:00
2022-11-28 16:44:30 - --> time=0.200, max(chi)=29, max(S)=0.01234, avg DeltaS=9.2830e-03, since last update: 0.0s
2022-11-28 16:44:30 - svd, N=5, n=  4, chi=   29, S_vN=[0.01197408 0.01234279], err=3.151390471235471e-14, time: 0:00:00
2022-11-28 16:44:30 - --> time=0.250, max(chi)=38, max(S)=0.03494, avg DeltaS=2.2515e-02, since last update: 0.1s
2022-11-28 16:44:30 - svd, N=5, n=  5, chi=   38, S_vN=[0.0344053  0.03494109], err=4.25087537899407e-14, time: 0:00:00
2022-11-28 16:44:30 - --> time=0.300, max(chi)=48, max(S)=0.07682, avg DeltaS=4.1849e-02, since last update: 0.1s
2022-11-28 16:44:30 - svd, N=5, n=  6, chi=   48, S_vN=[0.07622291 0.07682083], err=5.543994677928543e-14, time: 0:00:00
2022-11-28 16:44:30 - --> time=0.350, max(chi)=61, max(S)=0.14108, avg DeltaS=6.4306e-02, since last update: 0.1s
2022-11-28 16:44:30 - svd, N=5, n=  7, chi=   61, S_vN=[0.14057549 0.1410801 ], err=6.85559025457748e-14, time: 0:00:00
2022-11-28 16:44:31 - --> time=0.400, max(chi)=75, max(S)=0.22639, avg DeltaS=8.5428e-02, since last update: 0.1s
2022-11-28 16:44:31 - svd, N=5, n=  8, chi=   75, S_vN=[0.22612457 0.22638644], err=7.667484944575964e-14, time: 0:00:00
2022-11-28 16:44:31 - --> time=0.450, max(chi)=87, max(S)=0.32725, avg DeltaS=1.0096e-01, since last update: 0.1s
2022-11-28 16:44:31 - svd, N=5, n=  9, chi=   87, S_vN=[0.32725429 0.32717809], err=8.832666893406988e-14, time: 0:00:00
2022-11-28 16:44:31 - --> time=0.500, max(chi)=105, max(S)=0.43568, avg DeltaS=1.0825e-01, since last update: 0.2s
2022-11-28 16:44:31 - svd, N=5, n= 10, chi=  105, S_vN=[0.43568026 0.43524846], err=9.975945240373576e-14, time: 0:00:00
2022-11-28 16:44:31 - --> time=0.550, max(chi)=125, max(S)=0.54270, avg DeltaS=1.0687e-01, since last update: 0.3s
2022-11-28 16:44:31 - svd, N=5, n= 11, chi=  125, S_vN=[0.54270241 0.54197277], err=1.1108661196094733e-13, time: 0:00:01
2022-11-28 16:44:32 - --> time=0.600, max(chi)=142, max(S)=0.64132, avg DeltaS=9.8521e-02, since last update: 0.4s
2022-11-28 16:44:32 - svd, N=5, n= 12, chi=  142, S_vN=[0.64131732 0.64040046], err=1.237716659821437e-13, time: 0:00:01
2022-11-28 16:44:32 - --> time=0.650, max(chi)=167, max(S)=0.72761, avg DeltaS=8.6267e-02, since last update: 0.5s
2022-11-28 16:44:32 - svd, N=5, n= 13, chi=  167, S_vN=[0.7276125  0.72663858], err=1.3739281546404586e-13, time: 0:00:02
2022-11-28 16:44:33 - --> time=0.700, max(chi)=195, max(S)=0.80115, avg DeltaS=7.3569e-02, since last update: 0.8s
2022-11-28 16:44:33 - svd, N=5, n= 14, chi=  195, S_vN=[0.80115212 0.80023614], err=1.5349729486844255e-13, time: 0:00:02
2022-11-28 16:44:34 - --> time=0.750, max(chi)=227, max(S)=0.86433, avg DeltaS=6.3248e-02, since last update: 1.3s
2022-11-28 16:44:34 - svd, N=5, n= 15, chi=  227, S_vN=[0.86433489 0.86354967], err=1.7096442587012566e-13, time: 0:00:04
2022-11-28 16:44:36 - --> time=0.800, max(chi)=266, max(S)=0.92096, avg DeltaS=5.6702e-02, since last update: 2.1s
2022-11-28 16:44:36 - svd, N=5, n= 16, chi=  266, S_vN=[0.9209609  0.92032765], err=1.9020465946482642e-13, time: 0:00:06
2022-11-28 16:44:40 - --> time=0.850, max(chi)=311, max(S)=0.97464, avg DeltaS=5.3750e-02, since last update: 3.9s
2022-11-28 16:44:40 - svd, N=5, n= 17, chi=  311, S_vN=[0.97464341 0.97414515], err=2.0859615395202255e-13, time: 0:00:10
2022-11-28 16:44:46 - --> time=0.900, max(chi)=355, max(S)=1.02794, avg DeltaS=5.3345e-02, since last update: 5.4s
2022-11-28 16:44:46 - svd, N=5, n= 18, chi=  355, S_vN=[1.02793673 1.02754183], err=2.288103493281547e-13, time: 0:00:15
2022-11-28 16:44:50 - --> time=0.950, max(chi)=406, max(S)=1.08241, avg DeltaS=5.4508e-02, since last update: 4.1s
2022-11-28 16:44:50 - svd, N=5, n= 19, chi=  406, S_vN=[1.08240907 1.08208558], err=2.4966614150928276e-13, time: 0:00:19
2022-11-28 16:44:56 - --> time=1.000, max(chi)=465, max(S)=1.13907, avg DeltaS=5.6677e-02, since last update: 5.9s
2022-11-28 16:44:56 - svd, N=5, n= 20, chi=  465, S_vN=[1.13906562 1.13878276], err=2.712706513609635e-13, time: 0:00:25
2022-11-28 16:45:04 - --> time=1.050, max(chi)=530, max(S)=1.19852, avg DeltaS=5.9463e-02, since last update: 7.9s
2022-11-28 16:45:04 - svd, N=5, n= 21, chi=  530, S_vN=[1.19852416 1.19825038], err=2.9454827954425317e-13, time: 0:00:33
2022-11-28 16:45:14 - --> time=1.100, max(chi)=605, max(S)=1.26086, avg DeltaS=6.2329e-02, since last update: 10.7s
2022-11-28 16:45:14 - svd, N=5, n= 22, chi=  605, S_vN=[1.26086354 1.26056945], err=3.204532902813914e-13, time: 0:00:44
2022-11-28 16:45:29 - --> time=1.150, max(chi)=692, max(S)=1.32544, avg DeltaS=6.4560e-02, since last update: 14.1s
2022-11-28 16:45:29 - svd, N=5, n= 23, chi=  692, S_vN=[1.32544385 1.32510936], err=3.4633850415276405e-13, time: 0:00:58
2022-11-28 16:45:48 - --> time=1.200, max(chi)=786, max(S)=1.39097, avg DeltaS=6.5507e-02, since last update: 19.1s
2022-11-28 16:45:48 - svd, N=5, n= 24, chi=  786, S_vN=[1.39097293 1.39059332], err=3.740591347003273e-13, time: 0:01:17
2022-11-28 16:46:15 - --> time=1.250, max(chi)=893, max(S)=1.45586, avg DeltaS=6.4871e-02, since last update: 26.9s
2022-11-28 16:46:15 - svd, N=5, n= 25, chi=  893, S_vN=[1.45586118 1.45544777], err=4.042331482880863e-13, time: 0:01:44
2022-11-28 16:46:54 - --> time=1.300, max(chi)=1015, max(S)=1.51871, avg DeltaS=6.2848e-02, since last update: 39.6s
2022-11-28 16:46:55 - svd, N=5, n= 26, chi= 1015, S_vN=[1.51871459 1.51828979], err=4.3694545160002027e-13, time: 0:02:24
2022-11-28 16:47:52 - --> time=1.350, max(chi)=1151, max(S)=1.57874, avg DeltaS=6.0035e-02, since last update: 57.6s
2022-11-28 16:47:53 - svd, N=5, n= 27, chi= 1151, S_vN=[1.57874232 1.57833132], err=4.71376853480907e-13, time: 0:03:22
2022-11-28 16:49:16 - --> time=1.400, max(chi)=1302, max(S)=1.63591, avg DeltaS=5.7189e-02, since last update: 83.5s
2022-11-28 16:49:17 - svd, N=5, n= 28, chi= 1302, S_vN=[1.63591436 1.63553718], err=5.067292936444336e-13, time: 0:04:46
2022-11-28 16:51:19 - --> time=1.450, max(chi)=1466, max(S)=1.69086, avg DeltaS=5.4967e-02, since last update: 122.3s
2022-11-28 16:51:20 - svd, N=5, n= 29, chi= 1466, S_vN=[1.69085887 1.69052596], err=5.442112219595591e-13, time: 0:06:49
2022-11-28 16:54:16 - --> time=1.500, max(chi)=1652, max(S)=1.74462, avg DeltaS=5.3782e-02, since last update: 176.0s
2022-11-28 16:54:17 - svd, N=5, n= 30, chi= 1652, S_vN=[1.74461914 1.74433063], err=5.841302354439776e-13, time: 0:09:46
2022-11-28 16:58:26 - --> time=1.550, max(chi)=1863, max(S)=1.79839, avg DeltaS=5.3789e-02, since last update: 249.4s
2022-11-28 16:58:27 - svd, N=5, n= 31, chi= 1863, S_vN=[1.79839083 1.79813777], err=6.263828049838684e-13, time: 0:13:56
2022-11-28 17:04:17 - --> time=1.600, max(chi)=2048, max(S)=1.85327, avg DeltaS=5.4892e-02, since last update: 350.1s
2022-11-28 17:04:18 - svd, N=5, n= 32, chi= 2048, S_vN=[1.85327332 1.85303972], err=6.856400202227114e-13, time: 0:19:48
2022-11-28 17:11:32 - --> time=1.650, max(chi)=2048, max(S)=1.91003, avg DeltaS=5.6759e-02, since last update: 433.6s
2022-11-28 17:11:33 - svd, N=5, n= 33, chi= 2048, S_vN=[1.9100324  1.90979859], err=1.0954251611751161e-12, time: 0:27:02
2022-11-28 17:18:46 - --> time=1.700, max(chi)=2048, max(S)=1.96892, avg DeltaS=5.8882e-02, since last update: 432.7s
2022-11-28 17:18:47 - svd, N=5, n= 34, chi= 2048, S_vN=[1.96892398 1.96867152], err=2.9275069689280817e-12, time: 0:34:16
2022-11-28 17:26:02 - --> time=1.750, max(chi)=2048, max(S)=2.02966, avg DeltaS=6.0723e-02, since last update: 434.8s
2022-11-28 17:26:03 - svd, N=5, n= 35, chi= 2048, S_vN=[2.02966242 2.0293791 ], err=8.545021494334827e-12, time: 0:41:32
2022-11-28 17:33:16 - --> time=1.800, max(chi)=2048, max(S)=2.09156, avg DeltaS=6.1884e-02, since last update: 433.4s
2022-11-28 17:33:17 - svd, N=5, n= 36, chi= 2048, S_vN=[2.09156372 2.09124628], err=2.4049797463851596e-11, time: 0:48:47
2022-11-28 17:40:32 - --> time=1.850, max(chi)=2048, max(S)=2.15379, avg DeltaS=6.2216e-02, since last update: 434.5s
2022-11-28 17:40:33 - svd, N=5, n= 37, chi= 2048, S_vN=[2.1537948  2.15344819], err=6.471537850093581e-11, time: 0:56:03
2022-11-28 17:47:49 - --> time=1.900, max(chi)=2048, max(S)=2.21561, avg DeltaS=6.1803e-02, since last update: 436.0s
2022-11-28 17:47:50 - svd, N=5, n= 38, chi= 2048, S_vN=[2.21560745 2.21524146], err=1.6688520881856385e-10, time: 1:03:20
2022-11-28 17:55:01 - --> time=1.950, max(chi)=2048, max(S)=2.27647, avg DeltaS=6.0862e-02, since last update: 430.8s
2022-11-28 17:55:02 - svd, N=5, n= 39, chi= 2048, S_vN=[2.27647375 2.2760991 ], err=4.1399106648566324e-10, time: 1:10:32
2022-11-28 18:02:13 - --> time=2.000, max(chi)=2048, max(S)=2.33612, avg DeltaS=5.9644e-02, since last update: 430.4s
2022-11-28 18:02:14 - svd, N=5, n= 40, chi= 2048, S_vN=[2.33611734 2.33574289], err=9.891976277797482e-10, time: 1:17:43
2022-11-28 18:09:28 - --> time=2.050, max(chi)=2048, max(S)=2.39448, avg DeltaS=5.8366e-02, since last update: 433.7s
2022-11-28 18:09:29 - svd, N=5, n= 41, chi= 2048, S_vN=[2.39448075 2.39411228], err=2.273022686014216e-09, time: 1:24:58
2022-11-28 18:16:47 - --> time=2.100, max(chi)=2048, max(S)=2.45168, avg DeltaS=5.7199e-02, since last update: 438.0s
2022-11-28 18:16:48 - svd, N=5, n= 42, chi= 2048, S_vN=[2.45167512 2.45131566], err=5.037341061438734e-09, time: 1:32:17
2022-11-28 18:24:06 - --> time=2.150, max(chi)=2048, max(S)=2.50794, avg DeltaS=5.6275e-02, since last update: 437.5s
2022-11-28 18:24:07 - svd, N=5, n= 43, chi= 2048, S_vN=[2.50794473 2.50759534], err=1.0811557540565993e-08, time: 1:39:36
2022-11-28 18:31:34 - --> time=2.200, max(chi)=2048, max(S)=2.56364, avg DeltaS=5.5705e-02, since last update: 447.0s
2022-11-28 18:31:35 - svd, N=5, n= 44, chi= 2048, S_vN=[2.56364454 2.56330474], err=2.2469565716628426e-08, time: 1:47:05
2022-11-28 18:38:59 - --> time=2.250, max(chi)=2048, max(S)=2.61920, avg DeltaS=5.5556e-02, since last update: 443.7s
2022-11-28 18:39:00 - svd, N=5, n= 45, chi= 2048, S_vN=[2.61919698 2.61886452], err=4.527480535360377e-08, time: 1:54:30
2022-11-28 18:46:27 - --> time=2.300, max(chi)=2048, max(S)=2.67500, avg DeltaS=5.5808e-02, since last update: 446.6s
2022-11-28 18:46:28 - svd, N=5, n= 46, chi= 2048, S_vN=[2.67500376 2.67467458], err=8.851682631750351e-08, time: 2:01:57
2022-11-28 18:53:48 - --> time=2.350, max(chi)=2048, max(S)=2.73134, avg DeltaS=5.6333e-02, since last update: 439.7s
2022-11-28 18:53:49 - svd, N=5, n= 47, chi= 2048, S_vN=[2.73133722 2.73100623], err=1.6789688075487055e-07, time: 2:09:18
2022-11-28 19:01:13 - --> time=2.400, max(chi)=2048, max(S)=2.78827, avg DeltaS=5.6928e-02, since last update: 444.2s
2022-11-28 19:01:14 - svd, N=5, n= 48, chi= 2048, S_vN=[2.78826808 2.78793059], err=3.0953519604260353e-07, time: 2:16:44
2022-11-28 19:08:46 - --> time=2.450, max(chi)=2048, max(S)=2.84567, avg DeltaS=5.7393e-02, since last update: 451.9s
2022-11-28 19:08:47 - svd, N=5, n= 49, chi= 2048, S_vN=[2.84566616 2.84531901], err=5.560049188649214e-07, time: 2:24:17
2022-11-28 19:16:12 - --> time=2.500, max(chi)=2048, max(S)=2.90326, avg DeltaS=5.7591e-02, since last update: 445.0s
2022-11-28 19:16:14 - svd, N=5, n= 50, chi= 2048, S_vN=[2.90326306 2.9029051 ], err=9.748225068435352e-07, time: 2:31:43
2022-11-28 19:23:36 - --> time=2.550, max(chi)=2048, max(S)=2.96074, avg DeltaS=5.7471e-02, since last update: 442.1s
2022-11-28 19:23:37 - svd, N=5, n= 51, chi= 2048, S_vN=[2.96073859 2.96037059], err=1.6684073379526175e-06, time: 2:39:06
2022-11-28 19:31:05 - --> time=2.600, max(chi)=2048, max(S)=3.01780, avg DeltaS=5.7059e-02, since last update: 447.7s
2022-11-28 19:31:06 - svd, N=5, n= 52, chi= 2048, S_vN=[3.01780132 3.0174259 ], err=2.7883322390858534e-06, time: 2:46:35
2022-11-28 19:38:30 - --> time=2.650, max(chi)=2048, max(S)=3.07425, avg DeltaS=5.6451e-02, since last update: 444.2s
2022-11-28 19:38:31 - svd, N=5, n= 53, chi= 2048, S_vN=[3.07425422 3.07387546], err=4.556751622491637e-06, time: 2:54:01
2022-11-28 19:45:54 - --> time=2.700, max(chi)=2048, max(S)=3.13004, avg DeltaS=5.5786e-02, since last update: 443.3s
2022-11-28 19:45:56 - svd, N=5, n= 54, chi= 2048, S_vN=[3.13003915 3.1296618 ], err=7.288573212085542e-06, time: 3:01:25
2022-11-28 19:53:54 - --> time=2.750, max(chi)=2048, max(S)=3.18525, avg DeltaS=5.5210e-02, since last update: 478.3s
2022-11-28 19:53:55 - svd, N=5, n= 55, chi= 2048, S_vN=[3.18524642 3.1848745 ], err=1.1426212152174743e-05, time: 3:09:25
2022-11-28 20:02:15 - --> time=2.800, max(chi)=2048, max(S)=3.24008, avg DeltaS=5.4835e-02, since last update: 499.4s
2022-11-28 20:02:16 - svd, N=5, n= 56, chi= 2048, S_vN=[3.24007802 3.23971358], err=1.757193568124875e-05, time: 3:17:46
2022-11-28 20:10:23 - --> time=2.850, max(chi)=2048, max(S)=3.29477, avg DeltaS=5.4699e-02, since last update: 487.1s
2022-11-28 20:10:25 - svd, N=5, n= 57, chi= 2048, S_vN=[3.29477324 3.29441579], err=2.6534980699036076e-05, time: 3:25:54
2022-11-28 20:19:01 - --> time=2.900, max(chi)=2048, max(S)=3.34952, avg DeltaS=5.4753e-02, since last update: 515.8s
2022-11-28 20:19:02 - svd, N=5, n= 58, chi= 2048, S_vN=[3.3495239  3.34917085], err=3.937388101538495e-05, time: 3:34:31
2022-11-28 20:27:17 - --> time=2.950, max(chi)=2048, max(S)=3.40441, avg DeltaS=5.4887e-02, since last update: 494.7s
2022-11-28 20:27:18 - svd, N=5, n= 59, chi= 2048, S_vN=[3.40441045 3.40405831], err=5.7459345229734516e-05, time: 3:42:48
2022-11-28 20:35:06 - --> time=3.000, max(chi)=2048, max(S)=3.45938, avg DeltaS=5.4971e-02, since last update: 468.1s
2022-11-28 20:35:08 - svd, N=5, n= 60, chi= 2048, S_vN=[3.45938206 3.45902795], err=8.251945475374815e-05, time: 3:50:37
2022-11-28 20:43:36 - --> time=3.050, max(chi)=2048, max(S)=3.51429, avg DeltaS=5.4906e-02, since last update: 507.9s
2022-11-28 20:43:37 - svd, N=5, n= 61, chi= 2048, S_vN=[3.51428927 3.51393206], err=0.00011668662193434937, time: 3:59:06
2022-11-28 20:51:21 - --> time=3.100, max(chi)=2048, max(S)=3.56896, avg DeltaS=5.4666e-02, since last update: 463.5s
2022-11-28 20:51:22 - svd, N=5, n= 62, chi= 2048, S_vN=[3.56895636 3.56859685], err=0.0001626360526324985, time: 4:06:51
2022-11-28 20:59:35 - --> time=3.150, max(chi)=2048, max(S)=3.62326, avg DeltaS=5.4304e-02, since last update: 493.0s
2022-11-28 20:59:36 - svd, N=5, n= 63, chi= 2048, S_vN=[3.62326042 3.62290058], err=0.0002236176809506118, time: 4:15:06
2022-11-28 21:07:51 - --> time=3.200, max(chi)=2048, max(S)=3.67718, avg DeltaS=5.3919e-02, since last update: 494.7s
2022-11-28 21:07:52 - svd, N=5, n= 64, chi= 2048, S_vN=[3.67717853 3.6768202 ], err=0.0003034071924896966, time: 4:23:22
2022-11-28 21:16:29 - --> time=3.250, max(chi)=2048, max(S)=3.73078, avg DeltaS=5.3607e-02, since last update: 516.1s
2022-11-28 21:16:30 - svd, N=5, n= 65, chi= 2048, S_vN=[3.7307839  3.73042788], err=0.00040643832108398054, time: 4:31:59
2022-11-28 21:25:05 - --> time=3.300, max(chi)=2048, max(S)=3.78420, avg DeltaS=5.3420e-02, since last update: 514.8s
2022-11-28 21:25:06 - svd, N=5, n= 66, chi= 2048, S_vN=[3.78420276 3.78384869], err=0.0005378741468102335, time: 4:40:36
2022-11-28 21:33:35 - --> time=3.350, max(chi)=2048, max(S)=3.83756, avg DeltaS=5.3361e-02, since last update: 508.4s
2022-11-28 21:33:36 - svd, N=5, n= 67, chi= 2048, S_vN=[3.83756373 3.83721058], err=0.0007036342048238984, time: 4:49:06
2022-11-28 21:41:45 - --> time=3.400, max(chi)=2048, max(S)=3.89097, avg DeltaS=5.3403e-02, since last update: 488.6s
2022-11-28 21:41:46 - svd, N=5, n= 68, chi= 2048, S_vN=[3.8909671  3.89061375], err=0.0009104087625797925, time: 4:57:16
2022-11-28 21:49:57 - --> time=3.450, max(chi)=2048, max(S)=3.94448, avg DeltaS=5.3512e-02, since last update: 491.2s
2022-11-28 21:49:59 - svd, N=5, n= 69, chi= 2048, S_vN=[3.94448011 3.94412545], err=0.001165384876198839, time: 5:05:28
2022-11-28 21:59:15 - --> time=3.500, max(chi)=2048, max(S)=3.99815, avg DeltaS=5.3664e-02, since last update: 556.3s
2022-11-28 21:59:17 - svd, N=5, n= 70, chi= 2048, S_vN=[3.99814543 3.99778812], err=0.0014762669351763265, time: 5:14:46
2022-11-28 22:07:52 - --> time=3.550, max(chi)=2048, max(S)=4.05199, avg DeltaS=5.3839e-02, since last update: 515.7s
2022-11-28 22:07:54 - svd, N=5, n= 71, chi= 2048, S_vN=[4.05198696 4.05162501], err=0.001851384425027101, time: 5:23:23
2022-11-28 22:17:14 - --> time=3.600, max(chi)=2048, max(S)=4.10601, avg DeltaS=5.4015e-02, since last update: 559.9s
2022-11-28 22:17:15 - svd, N=5, n= 72, chi= 2048, S_vN=[4.10600565 4.10563633], err=0.0022995483916833526, time: 5:32:44
2022-11-28 22:25:38 - --> time=3.650, max(chi)=2048, max(S)=4.16017, avg DeltaS=5.4159e-02, since last update: 503.2s
2022-11-28 22:25:40 - svd, N=5, n= 73, chi= 2048, S_vN=[4.16016987 4.15978988], err=0.00282995996370968, time: 5:41:09
2022-11-28 22:33:49 - --> time=3.700, max(chi)=2048, max(S)=4.21441, avg DeltaS=5.4233e-02, since last update: 489.0s
2022-11-28 22:33:50 - svd, N=5, n= 74, chi= 2048, S_vN=[4.21441042 4.21401631], err=0.003451869085789058, time: 5:49:20
2022-11-28 22:42:36 - --> time=3.750, max(chi)=2048, max(S)=4.26863, avg DeltaS=5.4208e-02, since last update: 526.3s
2022-11-28 22:42:38 - svd, N=5, n= 75, chi= 2048, S_vN=[4.26862739 4.26821591], err=0.0041744332608638, time: 5:58:07
2022-11-28 22:50:38 - --> time=3.800, max(chi)=2048, max(S)=4.32271, avg DeltaS=5.4072e-02, since last update: 480.2s
2022-11-28 22:50:39 - svd, N=5, n= 76, chi= 2048, S_vN=[4.3227094  4.32227758], err=0.005006928838867129, time: 6:06:09
2022-11-28 22:59:03 - --> time=3.850, max(chi)=2048, max(S)=4.37656, avg DeltaS=5.3839e-02, since last update: 503.1s
2022-11-28 22:59:04 - svd, N=5, n= 77, chi= 2048, S_vN=[4.37655996 4.3761049 ], err=0.0059587375380709216, time: 6:14:33
2022-11-28 23:06:59 - --> time=3.900, max(chi)=2048, max(S)=4.43012, avg DeltaS=5.3550e-02, since last update: 475.0s
2022-11-28 23:07:00 - svd, N=5, n= 78, chi= 2048, S_vN=[4.4301233  4.42964155], err=0.007039020597897013, time: 6:22:30
2022-11-28 23:15:03 - --> time=3.950, max(chi)=2048, max(S)=4.48340, avg DeltaS=5.3261e-02, since last update: 483.1s
2022-11-28 23:15:05 - svd, N=5, n= 79, chi= 2048, S_vN=[4.4834001  4.48288688], err=0.008256827441083862, time: 6:30:34
2022-11-28 23:23:12 - --> time=4.000, max(chi)=2048, max(S)=4.53644, avg DeltaS=5.3026e-02, since last update: 487.4s
2022-11-28 23:23:14 - svd, N=5, n= 80, chi= 2048, S_vN=[4.53644477 4.53589323], err=0.009621179816786193, time: 6:38:43
2022-11-28 23:31:53 - --> time=4.050, max(chi)=2048, max(S)=4.58934, avg DeltaS=5.2874e-02, since last update: 518.8s
2022-11-28 23:31:54 - svd, N=5, n= 81, chi= 2048, S_vN=[4.58934234 4.58874318], err=0.011140502516135947, time: 6:47:23
2022-11-28 23:40:29 - --> time=4.100, max(chi)=2048, max(S)=4.64217, avg DeltaS=5.2800e-02, since last update: 515.3s
2022-11-28 23:40:31 - svd, N=5, n= 82, chi= 2048, S_vN=[4.64217241 4.64151399], err=0.012822406609306553, time: 6:56:00
2022-11-28 23:48:57 - --> time=4.150, max(chi)=2048, max(S)=4.69497, avg DeltaS=5.2766e-02, since last update: 506.4s
2022-11-28 23:48:59 - svd, N=5, n= 83, chi= 2048, S_vN=[4.69497459 4.69424352], err=0.014674180425517736, time: 7:04:28
2022-11-28 23:56:52 - --> time=4.200, max(chi)=2048, max(S)=4.74773, avg DeltaS=5.2711e-02, since last update: 473.9s
2022-11-28 23:56:54 - svd, N=5, n= 84, chi= 2048, S_vN=[4.74772887 4.74691067], err=0.016702579883006566, time: 7:12:23
2022-11-29 00:05:36 - --> time=4.250, max(chi)=2048, max(S)=4.80036, avg DeltaS=5.2577e-02, since last update: 522.5s
2022-11-29 00:05:38 - svd, N=5, n= 85, chi= 2048, S_vN=[4.8003573  4.79943707], err=0.018913126663849956, time: 7:21:07
2022-11-29 00:14:06 - --> time=4.300, max(chi)=2048, max(S)=4.85274, avg DeltaS=5.2329e-02, since last update: 507.9s
2022-11-29 00:14:07 - svd, N=5, n= 86, chi= 2048, S_vN=[4.85274434 4.85170709], err=0.0213102112846669, time: 7:29:37
2022-11-29 00:22:44 - --> time=4.350, max(chi)=2048, max(S)=4.90477, avg DeltaS=5.1956e-02, since last update: 516.6s
2022-11-29 00:22:45 - svd, N=5, n= 87, chi= 2048, S_vN=[4.9047668  4.90359754], err=0.02389705859726654, time: 7:38:15
2022-11-29 00:31:03 - --> time=4.400, max(chi)=2048, max(S)=4.95632, avg DeltaS=5.1482e-02, since last update: 497.5s
2022-11-29 00:31:04 - svd, N=5, n= 88, chi= 2048, S_vN=[4.95632261 4.95500622], err=0.026675126987863368, time: 7:46:34
2022-11-29 00:39:31 - --> time=4.450, max(chi)=2048, max(S)=5.00735, avg DeltaS=5.0945e-02, since last update: 507.2s
2022-11-29 00:39:33 - svd, N=5, n= 89, chi= 2048, S_vN=[5.00734919 5.00587034], err=0.029643990515684164, time: 7:55:02
2022-11-29 00:48:12 - --> time=4.500, max(chi)=2048, max(S)=5.05783, avg DeltaS=5.0389e-02, since last update: 519.2s
2022-11-29 00:48:13 - svd, N=5, n= 90, chi= 2048, S_vN=[5.05782685 5.05616993], err=0.03280169888275239, time: 8:03:43
2022-11-29 00:56:35 - --> time=4.550, max(chi)=2048, max(S)=5.10777, avg DeltaS=4.9845e-02, since last update: 501.3s
2022-11-29 00:56:36 - svd, N=5, n= 91, chi= 2048, S_vN=[5.10776867 5.10591778], err=0.03614470818646294, time: 8:12:06
2022-11-29 01:04:50 - --> time=4.600, max(chi)=2048, max(S)=5.15720, avg DeltaS=4.9329e-02, since last update: 493.4s
2022-11-29 01:04:51 - svd, N=5, n= 92, chi= 2048, S_vN=[5.15720219 5.15514147], err=0.03966770487397657, time: 8:20:20
2022-11-29 01:13:37 - --> time=4.650, max(chi)=2048, max(S)=5.20615, avg DeltaS=4.8835e-02, since last update: 525.7s
2022-11-29 01:13:38 - svd, N=5, n= 93, chi= 2048, S_vN=[5.20614959 5.20386367], err=0.043364399628476026, time: 8:29:08
2022-11-29 01:22:04 - --> time=4.700, max(chi)=2048, max(S)=5.25461, avg DeltaS=4.8342e-02, since last update: 505.4s
2022-11-29 01:22:05 - svd, N=5, n= 94, chi= 2048, S_vN=[5.25461173 5.25208628], err=0.04722871017782363, time: 8:37:34
2022-11-29 01:30:12 - --> time=4.750, max(chi)=2048, max(S)=5.30256, avg DeltaS=4.7823e-02, since last update: 486.9s
2022-11-29 01:30:13 - svd, N=5, n= 95, chi= 2048, S_vN=[5.30256062 5.29978272], err=0.051255173452818915, time: 8:45:43
2022-11-29 01:38:44 - --> time=4.800, max(chi)=2048, max(S)=5.34994, avg DeltaS=4.7249e-02, since last update: 510.6s
2022-11-29 01:38:45 - svd, N=5, n= 96, chi= 2048, S_vN=[5.34994191 5.34690019], err=0.055438842987919616, time: 8:54:15
2022-11-29 01:47:13 - --> time=4.850, max(chi)=2048, max(S)=5.39669, avg DeltaS=4.6607e-02, since last update: 507.6s
2022-11-29 01:47:14 - svd, N=5, n= 97, chi= 2048, S_vN=[5.39668603 5.39337072], err=0.059775301757722867, time: 9:02:44
2022-11-29 01:56:16 - --> time=4.900, max(chi)=2048, max(S)=5.44272, avg DeltaS=4.5896e-02, since last update: 541.5s
2022-11-29 01:56:17 - svd, N=5, n= 98, chi= 2048, S_vN=[5.44272286 5.43912567], err=0.06426079458756184, time: 9:11:47
2022-11-29 02:04:53 - --> time=4.950, max(chi)=2048, max(S)=5.48799, avg DeltaS=4.5126e-02, since last update: 515.6s
2022-11-29 02:04:54 - svd, N=5, n= 99, chi= 2048, S_vN=[5.4879937  5.48410761], err=0.06889205940794381, time: 9:20:24
2022-11-29 02:14:18 - --> time=5.000, max(chi)=2048, max(S)=5.53246, avg DeltaS=4.4315e-02, since last update: 564.1s
2022-11-29 02:14:20 - svd, N=5, n=100, chi= 2048, S_vN=[5.53245646 5.5282754 ], err=0.07366589698239233, time: 9:29:49
2022-11-29 02:22:56 - --> time=5.050, max(chi)=2048, max(S)=5.57608, avg DeltaS=4.3477e-02, since last update: 515.8s
2022-11-29 02:22:57 - svd, N=5, n=101, chi= 2048, S_vN=[5.57608347 5.57160222], err=0.0785787485554601, time: 9:38:26
2022-11-29 02:31:55 - --> time=5.100, max(chi)=2048, max(S)=5.61886, avg DeltaS=4.2620e-02, since last update: 538.3s
2022-11-29 02:31:57 - svd, N=5, n=102, chi= 2048, S_vN=[5.61885609 5.61407044], err=0.08362633534066014, time: 9:47:26
2022-11-29 02:40:41 - --> time=5.150, max(chi)=2048, max(S)=5.66076, avg DeltaS=4.1751e-02, since last update: 523.8s
2022-11-29 02:40:42 - svd, N=5, n=103, chi= 2048, S_vN=[5.66076095 5.65566784], err=0.08880320487985634, time: 9:56:11
2022-11-29 02:49:57 - --> time=5.200, max(chi)=2048, max(S)=5.70179, avg DeltaS=4.0874e-02, since last update: 554.7s
2022-11-29 02:49:58 - svd, N=5, n=104, chi= 2048, S_vN=[5.70178984 5.69638749], err=0.09410226173435848, time: 10:05:28
2022-11-29 02:58:20 - --> time=5.250, max(chi)=2048, max(S)=5.74194, avg DeltaS=3.9997e-02, since last update: 501.6s
2022-11-29 02:58:21 - svd, N=5, n=105, chi= 2048, S_vN=[5.74194191 5.73622994], err=0.09951478646416002, time: 10:13:51
2022-11-29 03:07:32 - --> time=5.300, max(chi)=2048, max(S)=5.78122, avg DeltaS=3.9129e-02, since last update: 551.4s
2022-11-29 03:07:34 - svd, N=5, n=106, chi= 2048, S_vN=[5.78122494 5.77520456], err=0.10503093544616963, time: 10:23:03
2022-11-29 03:16:25 - --> time=5.350, max(chi)=2048, max(S)=5.81965, avg DeltaS=3.8276e-02, since last update: 531.4s
2022-11-29 03:16:27 - svd, N=5, n=107, chi= 2048, S_vN=[5.81965391 5.81332822], err=0.11064040428636698, time: 10:31:56
2022-11-29 03:25:28 - --> time=5.400, max(chi)=2048, max(S)=5.85725, avg DeltaS=3.7443e-02, since last update: 541.1s
2022-11-29 03:25:29 - svd, N=5, n=108, chi= 2048, S_vN=[5.85724708 5.85062126], err=0.11633315644298592, time: 10:40:59
2022-11-29 03:34:29 - --> time=5.450, max(chi)=2048, max(S)=5.89402, avg DeltaS=3.6628e-02, since last update: 540.2s
2022-11-29 03:34:31 - svd, N=5, n=109, chi= 2048, S_vN=[5.89402116 5.88710244], err=0.122100149370364, time: 10:50:00
2022-11-29 03:43:44 - --> time=5.500, max(chi)=2048, max(S)=5.92999, avg DeltaS=3.5824e-02, since last update: 553.5s
2022-11-29 03:43:46 - svd, N=5, n=110, chi= 2048, S_vN=[5.92998733 5.92278466], err=0.12793379372187041, time: 10:59:15
2022-11-29 03:52:52 - --> time=5.550, max(chi)=2048, max(S)=5.96515, avg DeltaS=3.5025e-02, since last update: 545.9s
2022-11-29 03:52:53 - svd, N=5, n=111, chi= 2048, S_vN=[5.96514936 5.95767279], err=0.13382781073363736, time: 11:08:23
2022-11-29 04:01:26 - --> time=5.600, max(chi)=2048, max(S)=5.99950, avg DeltaS=3.4223e-02, since last update: 512.6s
2022-11-29 04:01:27 - svd, N=5, n=112, chi= 2048, S_vN=[5.99950358 5.99176374], err=0.13977683073251165, time: 11:16:56
2022-11-29 04:09:49 - --> time=5.650, max(chi)=2048, max(S)=6.03304, avg DeltaS=3.3411e-02, since last update: 501.8s
2022-11-29 04:09:50 - svd, N=5, n=113, chi= 2048, S_vN=[6.03304045 6.02504805], err=0.14577640607026987, time: 11:25:20
2022-11-29 04:18:31 - --> time=5.700, max(chi)=2048, max(S)=6.06575, avg DeltaS=3.2586e-02, since last update: 520.3s
2022-11-29 04:18:32 - svd, N=5, n=114, chi= 2048, S_vN=[6.06574708 6.05751262], err=0.1518234983864697, time: 11:34:01
2022-11-29 04:26:33 - --> time=5.750, max(chi)=2048, max(S)=6.09761, avg DeltaS=3.1748e-02, since last update: 480.5s
2022-11-29 04:26:34 - svd, N=5, n=115, chi= 2048, S_vN=[6.09761088 6.08914444], err=0.15791685358227187, time: 11:42:03
2022-11-29 04:34:24 - --> time=5.800, max(chi)=2048, max(S)=6.12862, avg DeltaS=3.0902e-02, since last update: 469.6s
2022-11-29 04:34:25 - svd, N=5, n=116, chi= 2048, S_vN=[6.12862373 6.11993495], err=0.16405657461713893, time: 11:49:54
2022-11-29 04:42:19 - --> time=5.850, max(chi)=2048, max(S)=6.15879, avg DeltaS=3.0055e-02, since last update: 474.4s
2022-11-29 04:42:21 - svd, N=5, n=117, chi= 2048, S_vN=[6.15878552 6.14988382], err=0.17024280021957125, time: 11:57:50
2022-11-29 04:50:38 - --> time=5.900, max(chi)=2048, max(S)=6.18811, avg DeltaS=2.9219e-02, since last update: 497.1s
2022-11-29 04:50:39 - svd, N=5, n=118, chi= 2048, S_vN=[6.18810585 6.17900061], err=0.17647419545360524, time: 12:06:09
2022-11-29 04:59:18 - --> time=5.950, max(chi)=2048, max(S)=6.21660, avg DeltaS=2.8400e-02, since last update: 518.8s
2022-11-29 04:59:20 - svd, N=5, n=119, chi= 2048, S_vN=[6.21660308 6.207304  ], err=0.1827471189152387, time: 12:14:49
2022-11-29 05:07:54 - --> time=6.000, max(chi)=2048, max(S)=6.24430, avg DeltaS=2.7607e-02, since last update: 514.0s
2022-11-29 05:07:55 - svd, N=5, n=120, chi= 2048, S_vN=[6.24430199 6.23481909], err=0.18905572827764439, time: 12:23:25
2022-11-29 05:16:20 - --> time=6.050, max(chi)=2048, max(S)=6.27123, avg DeltaS=2.6842e-02, since last update: 505.2s
2022-11-29 05:16:22 - svd, N=5, n=121, chi= 2048, S_vN=[6.27123129 6.26157473], err=0.19539270243444581, time: 12:31:51
2022-11-29 05:24:32 - --> time=6.100, max(chi)=2048, max(S)=6.29742, avg DeltaS=2.6109e-02, since last update: 490.5s
2022-11-29 05:24:34 - svd, N=5, n=122, chi= 2048, S_vN=[6.29742228 6.28760178], err=0.20175017206913617, time: 12:40:03
2022-11-29 05:33:16 - --> time=6.150, max(chi)=2048, max(S)=6.32291, avg DeltaS=2.5408e-02, since last update: 521.9s
2022-11-29 05:33:17 - svd, N=5, n=123, chi= 2048, S_vN=[6.32290761 6.31293194], err=0.20812057109214738, time: 12:48:47
2022-11-29 05:42:06 - --> time=6.200, max(chi)=2048, max(S)=6.34772, avg DeltaS=2.4738e-02, since last update: 528.4s
2022-11-29 05:42:07 - svd, N=5, n=124, chi= 2048, S_vN=[6.34771942 6.33759625], err=0.21449722379325742, time: 12:57:37
2022-11-29 05:50:42 - --> time=6.250, max(chi)=2048, max(S)=6.37189, avg DeltaS=2.4097e-02, since last update: 514.9s
2022-11-29 05:50:44 - svd, N=5, n=125, chi= 2048, S_vN=[6.37188641 6.36162266], err=0.2208746135588252, time: 13:06:13
2022-11-29 05:58:53 - --> time=6.300, max(chi)=2048, max(S)=6.39543, avg DeltaS=2.3477e-02, since last update: 488.9s
2022-11-29 05:58:54 - svd, N=5, n=126, chi= 2048, S_vN=[6.39543062 6.38503338], err=0.22724842944960447, time: 13:14:24
2022-11-29 06:07:21 - --> time=6.350, max(chi)=2048, max(S)=6.41837, avg DeltaS=2.2872e-02, since last update: 506.7s
2022-11-29 06:07:22 - svd, N=5, n=127, chi= 2048, S_vN=[6.41836554 6.40784321], err=0.23361554510074276, time: 13:22:52
2022-11-29 06:15:54 - --> time=6.400, max(chi)=2048, max(S)=6.44070, avg DeltaS=2.2273e-02, since last update: 511.8s
2022-11-29 06:15:56 - svd, N=5, n=128, chi= 2048, S_vN=[6.44069631 6.43005936], err=0.23997403639234843, time: 13:31:25
2022-11-29 06:23:43 - --> time=6.450, max(chi)=2048, max(S)=6.46242, avg DeltaS=2.1675e-02, since last update: 467.8s
2022-11-29 06:23:45 - svd, N=5, n=129, chi= 2048, S_vN=[6.46242209 6.45168295], err=0.24632324951673074, time: 13:39:14
2022-11-29 06:32:07 - --> time=6.500, max(chi)=2048, max(S)=6.48354, avg DeltaS=2.1073e-02, since last update: 501.5s
2022-11-29 06:32:08 - svd, N=5, n=130, chi= 2048, S_vN=[6.48353947 6.47271144], err=0.25266376448401834, time: 13:47:37
2022-11-29 06:40:31 - --> time=6.550, max(chi)=2048, max(S)=6.50405, avg DeltaS=2.0468e-02, since last update: 503.2s
2022-11-29 06:40:33 - svd, N=5, n=131, chi= 2048, S_vN=[6.50404557 6.49314124], err=0.258996993454644, time: 13:56:02
2022-11-29 06:48:54 - --> time=6.600, max(chi)=2048, max(S)=6.52394, avg DeltaS=1.9862e-02, since last update: 501.6s
2022-11-29 06:48:56 - svd, N=5, n=132, chi= 2048, S_vN=[6.52394058 6.51297019], err=0.26532438554989374, time: 14:04:25
2022-11-29 06:57:07 - --> time=6.650, max(chi)=2048, max(S)=6.54323, avg DeltaS=1.9259e-02, since last update: 491.6s
2022-11-29 06:57:09 - svd, N=5, n=133, chi= 2048, S_vN=[6.54322937 6.53219991], err=0.27164660473206015, time: 14:12:38
2022-11-29 07:05:08 - --> time=6.700, max(chi)=2048, max(S)=6.56192, avg DeltaS=1.8666e-02, since last update: 479.1s
2022-11-29 07:05:09 - svd, N=5, n=134, chi= 2048, S_vN=[6.5619225  6.55083785], err=0.27796309219302745, time: 14:20:39
2022-11-29 07:13:36 - --> time=6.750, max(chi)=2048, max(S)=6.58004, avg DeltaS=1.8088e-02, since last update: 506.7s
2022-11-29 07:13:38 - svd, N=5, n=135, chi= 2048, S_vN=[6.58003689 6.56889898], err=0.28427206889351786, time: 14:29:07
2022-11-29 07:22:25 - --> time=6.800, max(chi)=2048, max(S)=6.59760, avg DeltaS=1.7533e-02, since last update: 527.1s
2022-11-29 07:22:26 - svd, N=5, n=136, chi= 2048, S_vN=[6.59759619 6.58640662], err=0.29057074989505605, time: 14:37:56
2022-11-29 07:31:48 - --> time=6.850, max(chi)=2048, max(S)=6.61463, avg DeltaS=1.7010e-02, since last update: 562.0s
2022-11-29 07:31:50 - svd, N=5, n=137, chi= 2048, S_vN=[6.61463072 6.60339226], err=0.2968556192073965, time: 14:47:19
2022-11-29 07:40:34 - --> time=6.900, max(chi)=2048, max(S)=6.63118, avg DeltaS=1.6523e-02, since last update: 523.7s
2022-11-29 07:40:35 - svd, N=5, n=138, chi= 2048, S_vN=[6.63117614 6.61989368], err=0.3031227933709924, time: 14:56:05
2022-11-29 07:49:24 - --> time=6.950, max(chi)=2048, max(S)=6.64727, avg DeltaS=1.6076e-02, since last update: 529.0s
2022-11-29 07:49:26 - svd, N=5, n=139, chi= 2048, S_vN=[6.6472706  6.63595133], err=0.30936846890316516, time: 15:04:55
2022-11-29 07:58:11 - --> time=7.000, max(chi)=2048, max(S)=6.66295, avg DeltaS=1.5666e-02, since last update: 525.0s
2022-11-29 07:58:12 - svd, N=5, n=140, chi= 2048, S_vN=[6.66295013 6.65160317], err=0.3155893250004662, time: 15:13:42
2022-11-29 08:05:55 - --> time=7.050, max(chi)=2048, max(S)=6.67824, avg DeltaS=1.5285e-02, since last update: 463.1s
2022-11-29 08:05:57 - svd, N=5, n=141, chi= 2048, S_vN=[6.67824385 6.66687951], err=0.32178275172914667, time: 15:21:26
2022-11-29 08:14:07 - --> time=7.100, max(chi)=2048, max(S)=6.69317, avg DeltaS=1.4923e-02, since last update: 489.6s
2022-11-29 08:14:08 - svd, N=5, n=142, chi= 2048, S_vN=[6.69317019 6.68179918], err=0.3279468665983009, time: 15:29:37
2022-11-29 08:22:53 - --> time=7.150, max(chi)=2048, max(S)=6.70774, avg DeltaS=1.4567e-02, since last update: 525.2s
2022-11-29 08:22:55 - svd, N=5, n=143, chi= 2048, S_vN=[6.70773559 6.69636833], err=0.33408039644367044, time: 15:38:24
2022-11-29 08:31:49 - --> time=7.200, max(chi)=2048, max(S)=6.72194, avg DeltaS=1.4207e-02, since last update: 534.4s
2022-11-29 08:31:51 - svd, N=5, n=144, chi= 2048, S_vN=[6.72193582 6.71058202], err=0.34018257641958244, time: 15:47:20
2022-11-29 08:41:06 - --> time=7.250, max(chi)=2048, max(S)=6.73576, avg DeltaS=1.3835e-02, since last update: 555.4s
2022-11-29 08:41:08 - svd, N=5, n=145, chi= 2048, S_vN=[6.73575954 6.724428  ], err=0.34625317525512705, time: 15:56:37
2022-11-29 08:49:53 - --> time=7.300, max(chi)=2048, max(S)=6.74919, avg DeltaS=1.3449e-02, since last update: 525.3s
2022-11-29 08:49:54 - svd, N=5, n=146, chi= 2048, S_vN=[6.74919331 6.73789173], err=0.3522925910911895, time: 16:05:24
2022-11-29 08:58:54 - --> time=7.350, max(chi)=2048, max(S)=6.76223, avg DeltaS=1.3052e-02, since last update: 539.5s
2022-11-29 08:58:55 - svd, N=5, n=147, chi= 2048, S_vN=[6.76222722 6.7509618 ], err=0.3583018235705451, time: 16:14:25
2022-11-29 09:07:25 - --> time=7.400, max(chi)=2048, max(S)=6.77486, avg DeltaS=1.2653e-02, since last update: 509.6s
2022-11-29 09:07:27 - svd, N=5, n=148, chi= 2048, S_vN=[6.7748603  6.76363518], err=0.36428220153398416, time: 16:22:56
2022-11-29 09:15:43 - --> time=7.450, max(chi)=2048, max(S)=6.78710, avg DeltaS=1.2265e-02, since last update: 496.8s
2022-11-29 09:15:45 - svd, N=5, n=149, chi= 2048, S_vN=[6.78710456 6.77592147], err=0.37023495936507034, time: 16:31:14
2022-11-29 09:24:14 - --> time=7.500, max(chi)=2048, max(S)=6.79899, avg DeltaS=1.1902e-02, since last update: 508.8s
2022-11-29 09:24:15 - svd, N=5, n=150, chi= 2048, S_vN=[6.79898616 6.78784458], err=0.37616085804889626, time: 16:39:45
2022-11-29 09:33:15 - --> time=7.550, max(chi)=2048, max(S)=6.81054, avg DeltaS=1.1577e-02, since last update: 539.9s
2022-11-29 09:33:17 - svd, N=5, n=151, chi= 2048, S_vN=[6.81054303 6.79944084], err=0.3820599754542535, time: 16:48:46
2022-11-29 09:41:56 - --> time=7.600, max(chi)=2048, max(S)=6.82182, avg DeltaS=1.1294e-02, since last update: 519.5s
2022-11-29 09:41:58 - svd, N=5, n=152, chi= 2048, S_vN=[6.82181922 6.8107535 ], err=0.38793169038113345, time: 16:57:27
2022-11-29 09:50:45 - --> time=7.650, max(chi)=2048, max(S)=6.83286, avg DeltaS=1.1055e-02, since last update: 526.8s
2022-11-29 09:50:46 - svd, N=5, n=153, chi= 2048, S_vN=[6.83285753 6.82182522], err=0.39377485941014717, time: 17:06:16
2022-11-29 09:59:38 - --> time=7.700, max(chi)=2048, max(S)=6.84369, avg DeltaS=1.0850e-02, since last update: 532.2s
2022-11-29 09:59:40 - svd, N=5, n=154, chi= 2048, S_vN=[6.84369243 6.83269095], err=0.39958816612415576, time: 17:15:09
2022-11-29 10:08:09 - --> time=7.750, max(chi)=2048, max(S)=6.85435, avg DeltaS=1.0667e-02, since last update: 508.6s
2022-11-29 10:08:10 - svd, N=5, n=155, chi= 2048, S_vN=[6.85434519 6.84337283], err=0.40537052904932735, time: 17:23:40
2022-11-29 10:16:55 - --> time=7.800, max(chi)=2048, max(S)=6.86482, avg DeltaS=1.0491e-02, since last update: 524.9s
2022-11-29 10:16:57 - svd, N=5, n=156, chi= 2048, S_vN=[6.86482188 6.85387812], err=0.41112137556749917, time: 17:32:26
2022-11-29 10:25:39 - --> time=7.850, max(chi)=2048, max(S)=6.87511, avg DeltaS=1.0307e-02, since last update: 522.5s
2022-11-29 10:25:41 - svd, N=5, n=157, chi= 2048, S_vN=[6.87511441 6.86419994], err=0.4168406594563682, time: 17:41:10
2022-11-29 10:34:18 - --> time=7.900, max(chi)=2048, max(S)=6.88520, avg DeltaS=1.0105e-02, since last update: 517.5s
2022-11-29 10:34:20 - svd, N=5, n=158, chi= 2048, S_vN=[6.88520396 6.87432048], err=0.42252868544787947, time: 17:49:49
2022-11-29 10:42:44 - --> time=7.950, max(chi)=2048, max(S)=6.89507, avg DeltaS=9.8785e-03, since last update: 504.1s
2022-11-29 10:42:45 - svd, N=5, n=159, chi= 2048, S_vN=[6.89506577 6.88421569], err=0.42818592198325545, time: 17:58:15
2022-11-29 10:51:04 - --> time=8.000, max(chi)=2048, max(S)=6.90467, avg DeltaS=9.6268e-03, since last update: 499.3s
2022-11-29 10:51:06 - svd, N=5, n=160, chi= 2048, S_vN=[6.90467438 6.89386062], err=0.43381293028786627, time: 18:06:35
2022-11-29 11:00:02 - --> time=8.050, max(chi)=2048, max(S)=6.91401, avg DeltaS=9.3540e-03, since last update: 536.3s
2022-11-29 11:00:04 - svd, N=5, n=161, chi= 2048, S_vN=[6.91400853 6.9032345 ], err=0.43941039706577134, time: 18:15:33
2022-11-29 11:08:34 - --> time=8.100, max(chi)=2048, max(S)=6.92306, avg DeltaS=9.0684e-03, since last update: 510.4s
2022-11-29 11:08:36 - svd, N=5, n=162, chi= 2048, S_vN=[6.92305507 6.9123247 ], err=0.4449791601577279, time: 18:24:05
2022-11-29 11:16:25 - --> time=8.150, max(chi)=2048, max(S)=6.93181, avg DeltaS=8.7806e-03, since last update: 469.3s
2022-11-29 11:16:27 - svd, N=5, n=163, chi= 2048, S_vN=[6.9318117  6.92112929], err=0.45052012371616856, time: 18:31:56
2022-11-29 11:25:14 - --> time=8.200, max(chi)=2048, max(S)=6.94029, avg DeltaS=8.5024e-03, since last update: 527.5s
2022-11-29 11:25:16 - svd, N=5, n=164, chi= 2048, S_vN=[6.94028794 6.92965782], err=0.4560340515865011, time: 18:40:45
2022-11-29 11:33:34 - --> time=8.250, max(chi)=2048, max(S)=6.94850, avg DeltaS=8.2445e-03, since last update: 498.5s
2022-11-29 11:33:35 - svd, N=5, n=165, chi= 2048, S_vN=[6.94850428 6.93793043], err=0.46152132750656205, time: 18:49:05
2022-11-29 11:42:09 - --> time=8.300, max(chi)=2048, max(S)=6.95649, avg DeltaS=8.0150e-03, since last update: 513.4s
2022-11-29 11:42:10 - svd, N=5, n=166, chi= 2048, S_vN=[6.95648957 6.94597515], err=0.4669818123490043, time: 18:57:40
2022-11-29 11:50:13 - --> time=8.350, max(chi)=2048, max(S)=6.96428, avg DeltaS=7.8180e-03, since last update: 482.4s
2022-11-29 11:50:14 - svd, N=5, n=167, chi= 2048, S_vN=[6.96427687 6.95382394], err=0.4724148911201152, time: 19:05:44
2022-11-29 11:58:43 - --> time=8.400, max(chi)=2048, max(S)=6.97190, avg DeltaS=7.6529e-03, since last update: 508.4s
2022-11-29 11:58:44 - svd, N=5, n=168, chi= 2048, S_vN=[6.97189864 6.96150788], err=0.47781970206817953, time: 19:14:14
2022-11-29 12:07:17 - --> time=8.450, max(chi)=2048, max(S)=6.97938, avg DeltaS=7.5140e-03, since last update: 513.2s
2022-11-29 12:07:19 - svd, N=5, n=169, chi= 2048, S_vN=[6.97938201 6.96905255], err=0.4831954403234959, time: 19:22:48
2022-11-29 12:15:44 - --> time=8.500, max(chi)=2048, max(S)=6.98674, avg DeltaS=7.3923e-03, since last update: 504.9s
2022-11-29 12:15:45 - svd, N=5, n=170, chi= 2048, S_vN=[6.98674482 6.97647435], err=0.4885415928427954, time: 19:31:15
2022-11-29 12:24:31 - --> time=8.550, max(chi)=2048, max(S)=6.99399, avg DeltaS=7.2763e-03, since last update: 525.9s
2022-11-29 12:24:33 - svd, N=5, n=171, chi= 2048, S_vN=[6.99399331 6.98377839], err=0.49385800511124245, time: 19:40:02
2022-11-29 12:33:13 - --> time=8.600, max(chi)=2048, max(S)=7.00112, avg DeltaS=7.1542e-03, since last update: 519.8s
2022-11-29 12:33:14 - svd, N=5, n=172, chi= 2048, S_vN=[7.00112168 6.9909584 ], err=0.49914479372009457, time: 19:48:44
2022-11-29 12:41:31 - --> time=8.650, max(chi)=2048, max(S)=7.00811, avg DeltaS=7.0162e-03, since last update: 497.1s
2022-11-29 12:41:33 - svd, N=5, n=173, chi= 2048, S_vN=[7.00811382 6.99799862], err=0.5044022386204033, time: 19:57:02
2022-11-29 12:49:43 - --> time=8.700, max(chi)=2048, max(S)=7.01495, avg DeltaS=6.8559e-03, since last update: 490.5s
2022-11-29 12:49:45 - svd, N=5, n=174, chi= 2048, S_vN=[7.01494685 7.00487735], err=0.5096307886936152, time: 20:05:14
2022-11-29 12:58:43 - --> time=8.750, max(chi)=2048, max(S)=7.02160, avg DeltaS=6.6717e-03, since last update: 538.0s
2022-11-29 12:58:44 - svd, N=5, n=175, chi= 2048, S_vN=[7.02159601 7.01157166], err=0.5148311675687662, time: 20:14:14
2022-11-29 13:08:06 - --> time=8.800, max(chi)=2048, max(S)=7.02804, avg DeltaS=6.4673e-03, since last update: 561.9s
2022-11-29 13:08:08 - svd, N=5, n=176, chi= 2048, S_vN=[7.02804    7.01806227], err=0.5200044293595452, time: 20:23:37
2022-11-29 13:15:55 - --> time=8.850, max(chi)=2048, max(S)=7.03427, avg DeltaS=6.2507e-03, since last update: 467.4s
2022-11-29 13:15:57 - svd, N=5, n=177, chi= 2048, S_vN=[7.03426581 7.02433782], err=0.5251518327840482, time: 20:31:26
2022-11-29 13:24:28 - --> time=8.900, max(chi)=2048, max(S)=7.04027, avg DeltaS=6.0331e-03, since last update: 511.4s
2022-11-29 13:24:30 - svd, N=5, n=178, chi= 2048, S_vN=[7.04027205 7.03039778], err=0.5302745452497857, time: 20:39:59
2022-11-29 13:33:00 - --> time=8.950, max(chi)=2048, max(S)=7.04607, avg DeltaS=5.8267e-03, since last update: 510.2s
2022-11-29 13:33:02 - svd, N=5, n=179, chi= 2048, S_vN=[7.04607002 7.03625324], err=0.5353733284758793, time: 20:48:31
2022-11-29 13:41:11 - --> time=9.000, max(chi)=2048, max(S)=7.05168, avg DeltaS=5.6421e-03, since last update: 489.7s
2022-11-29 13:41:13 - svd, N=5, n=180, chi= 2048, S_vN=[7.05168209 7.04192531], err=0.5404483959193508, time: 20:56:42
2022-11-29 13:49:57 - --> time=9.050, max(chi)=2048, max(S)=7.05714, avg DeltaS=5.4858e-03, since last update: 523.8s
2022-11-29 13:49:58 - svd, N=5, n=181, chi= 2048, S_vN=[7.05713751 7.04744145], err=0.5454995336080094, time: 21:05:28
2022-11-29 13:58:43 - --> time=9.100, max(chi)=2048, max(S)=7.06247, avg DeltaS=5.3591e-03, since last update: 524.7s
2022-11-29 13:58:44 - svd, N=5, n=182, chi= 2048, S_vN=[7.06246671 7.05283041], err=0.5505263960231176, time: 21:14:14
2022-11-29 14:06:51 - --> time=9.150, max(chi)=2048, max(S)=7.06770, avg DeltaS=5.2577e-03, since last update: 486.4s
2022-11-29 14:06:52 - svd, N=5, n=183, chi= 2048, S_vN=[7.06769549 7.05811709], err=0.5555287743009892, time: 21:22:22
2022-11-29 14:15:02 - --> time=9.200, max(chi)=2048, max(S)=7.07284, avg DeltaS=5.1732e-03, since last update: 489.9s
2022-11-29 14:15:04 - svd, N=5, n=184, chi= 2048, S_vN=[7.07284054 7.06331839], err=0.5605066860299479, time: 21:30:33
2022-11-29 14:24:00 - --> time=9.250, max(chi)=2048, max(S)=7.07791, avg DeltaS=5.0947e-03, since last update: 536.2s
2022-11-29 14:24:01 - svd, N=5, n=185, chi= 2048, S_vN=[7.07790736 7.06844106], err=0.5654602848979081, time: 21:39:31
2022-11-29 14:32:47 - --> time=9.300, max(chi)=2048, max(S)=7.08289, avg DeltaS=5.0119e-03, since last update: 525.5s
2022-11-29 14:32:48 - svd, N=5, n=186, chi= 2048, S_vN=[7.08289061 7.07348164], err=0.5703896942838258, time: 21:48:18
2022-11-29 14:42:18 - --> time=9.350, max(chi)=2048, max(S)=7.08778, avg DeltaS=4.9164e-03, since last update: 569.2s
2022-11-29 14:42:19 - svd, N=5, n=187, chi= 2048, S_vN=[7.08777665 7.07842845], err=0.5752948843543759, time: 21:57:49
2022-11-29 14:51:21 - --> time=9.400, max(chi)=2048, max(S)=7.09255, avg DeltaS=4.8035e-03, since last update: 541.6s
2022-11-29 14:51:22 - svd, N=5, n=188, chi= 2048, S_vN=[7.09254741 7.08326479], err=0.5801756662200125, time: 22:06:52
2022-11-29 14:59:45 - --> time=9.450, max(chi)=2048, max(S)=7.09718, avg DeltaS=4.6726e-03, since last update: 502.7s
2022-11-29 14:59:46 - svd, N=5, n=189, chi= 2048, S_vN=[7.09718465 7.08797276], err=0.5850318015601619, time: 22:15:16
2022-11-29 15:08:22 - --> time=9.500, max(chi)=2048, max(S)=7.10167, avg DeltaS=4.5265e-03, since last update: 515.6s
2022-11-29 15:08:24 - svd, N=5, n=190, chi= 2048, S_vN=[7.10167368 7.09253677], err=0.5898631612056509, time: 22:23:53
2022-11-29 15:16:46 - --> time=9.550, max(chi)=2048, max(S)=7.10601, avg DeltaS=4.3710e-03, since last update: 502.6s
2022-11-29 15:16:48 - svd, N=5, n=191, chi= 2048, S_vN=[7.10600605 7.09694636], err=0.59466984341302, time: 22:32:17
2022-11-29 15:25:37 - --> time=9.600, max(chi)=2048, max(S)=7.11018, avg DeltaS=4.2134e-03, since last update: 529.2s
2022-11-29 15:25:38 - svd, N=5, n=192, chi= 2048, S_vN=[7.11018113 7.10119807], err=0.5994521868289495, time: 22:41:08
2022-11-29 15:33:38 - --> time=9.650, max(chi)=2048, max(S)=7.11421, avg DeltaS=4.0618e-03, since last update: 480.0s
2022-11-29 15:33:40 - svd, N=5, n=193, chi= 2048, S_vN=[7.11420646 7.10529632], err=0.604210676570202, time: 22:49:09
2022-11-29 15:42:13 - --> time=9.700, max(chi)=2048, max(S)=7.11810, avg DeltaS=3.9239e-03, since last update: 513.5s
2022-11-29 15:42:15 - svd, N=5, n=194, chi= 2048, S_vN=[7.11809715 7.10925338], err=0.6089458082884641, time: 22:57:44
2022-11-29 15:50:35 - --> time=9.750, max(chi)=2048, max(S)=7.12187, avg DeltaS=3.8059e-03, since last update: 500.0s
2022-11-29 15:50:36 - svd, N=5, n=195, chi= 2048, S_vN=[7.1218741  7.11308818], err=0.6136579864972284, time: 23:06:06
2022-11-29 15:58:57 - --> time=9.800, max(chi)=2048, max(S)=7.12556, avg DeltaS=3.7114e-03, since last update: 500.7s
2022-11-29 15:58:59 - svd, N=5, n=196, chi= 2048, S_vN=[7.12556112 7.11682392], err=0.6183474858905411, time: 23:14:28
2022-11-29 16:07:35 - --> time=9.850, max(chi)=2048, max(S)=7.12918, avg DeltaS=3.6401e-03, since last update: 516.8s
2022-11-29 16:07:37 - svd, N=5, n=197, chi= 2048, S_vN=[7.12918091 7.12048437], err=0.6230144553154041, time: 23:23:06
2022-11-29 16:16:07 - --> time=9.900, max(chi)=2048, max(S)=7.13275, avg DeltaS=3.5875e-03, since last update: 510.5s
2022-11-29 16:16:09 - svd, N=5, n=198, chi= 2048, S_vN=[7.13275075 7.12408956], err=0.6276589328912886, time: 23:31:38
2022-11-29 16:24:55 - --> time=9.950, max(chi)=2048, max(S)=7.13628, avg DeltaS=3.5453e-03, since last update: 526.0s
2022-11-29 16:24:57 - svd, N=5, n=199, chi= 2048, S_vN=[7.13627912 7.12765184], err=0.6322808609946466, time: 23:40:26
2022-11-29 16:33:39 - --> time=10.000, max(chi)=2048, max(S)=7.13976, avg DeltaS=3.5034e-03, since last update: 522.9s
2022-11-29 16:33:41 - svd, N=5, n=200, chi= 2048, S_vN=[7.13976426 7.13117356], err=0.6368801133507531, time: 23:49:10
